<?xml version="1.0" encoding="UTF-8" ?>
<testsuite tests="2" failures="0" name="NewsDaoTest" time="0.539" errors="2" skipped="0">
  <properties>
    <property name="java.runtime.name" value="Java(TM) SE Runtime Environment"/>
    <property name="sun.boot.library.path" value="C:\Program Files\Java\jdk1.8.0_25\jre\bin"/>
    <property name="java.vm.version" value="25.25-b02"/>
    <property name="java.vm.vendor" value="Oracle Corporation"/>
    <property name="java.vendor.url" value="http://java.oracle.com/"/>
    <property name="path.separator" value=";"/>
    <property name="guice.disable.misplaced.annotation.check" value="true"/>
    <property name="java.vm.name" value="Java HotSpot(TM) 64-Bit Server VM"/>
    <property name="file.encoding.pkg" value="sun.io"/>
    <property name="user.script" value=""/>
    <property name="user.country" value="RU"/>
    <property name="sun.java.launcher" value="SUN_STANDARD"/>
    <property name="sun.os.patch.level" value="Service Pack 1"/>
    <property name="java.vm.specification.name" value="Java Virtual Machine Specification"/>
    <property name="user.dir" value="C:\JavaProjects\newspaperSpring"/>
    <property name="java.runtime.version" value="1.8.0_25-b18"/>
    <property name="java.awt.graphicsenv" value="sun.awt.Win32GraphicsEnvironment"/>
    <property name="java.endorsed.dirs" value="C:\Program Files\Java\jdk1.8.0_25\jre\lib\endorsed"/>
    <property name="os.arch" value="amd64"/>
    <property name="java.io.tmpdir" value="C:\Users\NotePad.by\AppData\Local\Temp\"/>
    <property name="line.separator" value="
"/>
    <property name="java.vm.specification.vendor" value="Oracle Corporation"/>
    <property name="user.variant" value=""/>
    <property name="os.name" value="Windows 7"/>
    <property name="classworlds.conf" value="C:\Program Files\Eclipse\JavaProjects\.metadata\.plugins\org.eclipse.m2e.launching\launches\m2conf2271183951461215703.tmp"/>
    <property name="sun.jnu.encoding" value="Cp1252"/>
    <property name="java.library.path" value="C:\Program Files\Java\jdk1.8.0_25\bin;C:\Windows\Sun\Java\bin;C:\Windows\system32;C:\Windows;c:/Program Files/Java/jdk1.8.0_25/bin/../jre/bin/server;c:/Program Files/Java/jdk1.8.0_25/bin/../jre/bin;c:/Program Files/Java/jdk1.8.0_25/bin/../jre/lib/amd64;&quot;c:\Program Files\Java\jdk1.8.0_25\bin&quot;;C:\Program Files (x86)\Intel\iCLS Client\;C:\Program Files\Intel\iCLS Client\;C:\Program Files (x86)\NVIDIA Corporation\PhysX\Common;C:\Windows\system32;C:\Windows;C:\Windows\System32\Wbem;C:\Windows\System32\WindowsPowerShell\v1.0\;C:\Program Files\Intel\Intel(R) Management Engine Components\DAL;C:\Program Files\Intel\Intel(R) Management Engine Components\IPT;C:\Program Files (x86)\Intel\Intel(R) Management Engine Components\DAL;C:\Program Files (x86)\Intel\Intel(R) Management Engine Components\IPT;c:\apache-maven-3.2.5\bin\;C:\Program Files\VisualSVN Server\bin;C:\Program Files\TortoiseSVN\bin;C:\Program Files\Eclipse;;."/>
    <property name="java.specification.name" value="Java Platform API Specification"/>
    <property name="java.class.version" value="52.0"/>
    <property name="sun.management.compiler" value="HotSpot 64-Bit Tiered Compilers"/>
    <property name="os.version" value="6.1"/>
    <property name="user.home" value="C:\Users\NotePad.by"/>
    <property name="user.timezone" value="Europe/Kaliningrad"/>
    <property name="java.awt.printerjob" value="sun.awt.windows.WPrinterJob"/>
    <property name="java.specification.version" value="1.8"/>
    <property name="file.encoding" value="Cp1252"/>
    <property name="user.name" value="NotePad.by"/>
    <property name="java.class.path" value="/C:/Program Files/Eclipse/plugins/org.eclipse.m2e.maven.runtime_1.5.0.20140605-2032/jars/plexus-classworlds-2.5.1.jar"/>
    <property name="org.slf4j.simpleLogger.defaultLogLevel" value="info"/>
    <property name="java.vm.specification.version" value="1.8"/>
    <property name="sun.arch.data.model" value="64"/>
    <property name="java.home" value="C:\Program Files\Java\jdk1.8.0_25\jre"/>
    <property name="sun.java.command" value="org.codehaus.plexus.classworlds.launcher.Launcher -B install"/>
    <property name="java.specification.vendor" value="Oracle Corporation"/>
    <property name="user.language" value="ru"/>
    <property name="awt.toolkit" value="sun.awt.windows.WToolkit"/>
    <property name="java.vm.info" value="mixed mode"/>
    <property name="java.version" value="1.8.0_25"/>
    <property name="java.ext.dirs" value="C:\Program Files\Java\jdk1.8.0_25\jre\lib\ext;C:\Windows\Sun\Java\lib\ext"/>
    <property name="sun.boot.class.path" value="C:\Program Files\Java\jdk1.8.0_25\jre\lib\resources.jar;C:\Program Files\Java\jdk1.8.0_25\jre\lib\rt.jar;C:\Program Files\Java\jdk1.8.0_25\jre\lib\sunrsasign.jar;C:\Program Files\Java\jdk1.8.0_25\jre\lib\jsse.jar;C:\Program Files\Java\jdk1.8.0_25\jre\lib\jce.jar;C:\Program Files\Java\jdk1.8.0_25\jre\lib\charsets.jar;C:\Program Files\Java\jdk1.8.0_25\jre\lib\jfr.jar;C:\Program Files\Java\jdk1.8.0_25\jre\classes"/>
    <property name="java.vendor" value="Oracle Corporation"/>
    <property name="maven.home" value="C:\JavaProjects\newspaperSpring\EMBEDDED"/>
    <property name="file.separator" value="\"/>
    <property name="java.vendor.url.bug" value="http://bugreport.sun.com/bugreport/"/>
    <property name="sun.cpu.endian" value="little"/>
    <property name="sun.io.unicode.encoding" value="UnicodeLittle"/>
    <property name="sun.desktop" value="windows"/>
    <property name="sun.cpu.isalist" value="amd64"/>
  </properties>
  <testcase classname="NewsDaoTest" name="deleteNews" time="0.519">
    <error message="Unresolved compilation problem: 
	The method delete(T) of type BaseDao&lt;T&gt; must override a superclass method
" type="java.lang.Error">java.lang.Error: Unresolved compilation problem: 
	The method delete(T) of type BaseDao&lt;T&gt; must override a superclass method

	at db.BaseDao.delete(BaseDao.java:75)
	at NewsDaoTest.deleteNews(NewsDaoTest.java:56)
	at sun.reflect.NativeMethodAccessorImpl.invoke0(Native Method)
	at sun.reflect.NativeMethodAccessorImpl.invoke(NativeMethodAccessorImpl.java:62)
	at sun.reflect.DelegatingMethodAccessorImpl.invoke(DelegatingMethodAccessorImpl.java:43)
	at java.lang.reflect.Method.invoke(Method.java:483)
	at org.junit.runners.model.FrameworkMethod$1.runReflectiveCall(FrameworkMethod.java:45)
	at org.junit.internal.runners.model.ReflectiveCallable.run(ReflectiveCallable.java:15)
	at org.junit.runners.model.FrameworkMethod.invokeExplosively(FrameworkMethod.java:42)
	at org.junit.internal.runners.statements.InvokeMethod.evaluate(InvokeMethod.java:20)
	at org.springframework.test.context.junit4.statements.RunBeforeTestMethodCallbacks.evaluate(RunBeforeTestMethodCallbacks.java:73)
	at org.springframework.test.context.junit4.statements.RunAfterTestMethodCallbacks.evaluate(RunAfterTestMethodCallbacks.java:82)
	at org.springframework.test.context.junit4.statements.SpringRepeat.evaluate(SpringRepeat.java:73)
	at org.junit.runners.ParentRunner.runLeaf(ParentRunner.java:263)
	at org.springframework.test.context.junit4.SpringJUnit4ClassRunner.runChild(SpringJUnit4ClassRunner.java:224)
	at org.springframework.test.context.junit4.SpringJUnit4ClassRunner.runChild(SpringJUnit4ClassRunner.java:83)
	at org.junit.runners.ParentRunner$3.run(ParentRunner.java:231)
	at org.junit.runners.ParentRunner$1.schedule(ParentRunner.java:60)
	at org.junit.runners.ParentRunner.runChildren(ParentRunner.java:229)
	at org.junit.runners.ParentRunner.access$000(ParentRunner.java:50)
	at org.junit.runners.ParentRunner$2.evaluate(ParentRunner.java:222)
	at org.springframework.test.context.junit4.statements.RunBeforeTestClassCallbacks.evaluate(RunBeforeTestClassCallbacks.java:61)
	at org.springframework.test.context.junit4.statements.RunAfterTestClassCallbacks.evaluate(RunAfterTestClassCallbacks.java:68)
	at org.junit.runners.ParentRunner.run(ParentRunner.java:300)
	at org.springframework.test.context.junit4.SpringJUnit4ClassRunner.run(SpringJUnit4ClassRunner.java:163)
	at org.apache.maven.surefire.junit4.JUnit4Provider.execute(JUnit4Provider.java:252)
	at org.apache.maven.surefire.junit4.JUnit4Provider.executeTestSet(JUnit4Provider.java:141)
	at org.apache.maven.surefire.junit4.JUnit4Provider.invoke(JUnit4Provider.java:112)
	at sun.reflect.NativeMethodAccessorImpl.invoke0(Native Method)
	at sun.reflect.NativeMethodAccessorImpl.invoke(NativeMethodAccessorImpl.java:62)
	at sun.reflect.DelegatingMethodAccessorImpl.invoke(DelegatingMethodAccessorImpl.java:43)
	at java.lang.reflect.Method.invoke(Method.java:483)
	at org.apache.maven.surefire.util.ReflectionUtils.invokeMethodWithArray(ReflectionUtils.java:189)
	at org.apache.maven.surefire.booter.ProviderFactory$ProviderProxy.invoke(ProviderFactory.java:165)
	at org.apache.maven.surefire.booter.ProviderFactory.invokeProvider(ProviderFactory.java:85)
	at org.apache.maven.surefire.booter.ForkedBooter.runSuitesInProcess(ForkedBooter.java:115)
	at org.apache.maven.surefire.booter.ForkedBooter.main(ForkedBooter.java:75)
</error>
    <system-out>Hibernate: select news0_.newsId as newsId1_1_, news0_.author as author2_1_, news0_.category as category7_1_, news0_.mainText as mainText3_1_, news0_.postDay as postDay4_1_, news0_.title as title5_1_, news0_.title4ann as title6_1_, news0_.user as user8_1_ from News news0_
Hibernate: select category0_.categoryId as category1_0_0_, category0_.categoryName as category2_0_0_ from Category category0_ where category0_.categoryId=?
Hibernate: select category0_.categoryId as category1_0_0_, category0_.categoryName as category2_0_0_ from Category category0_ where category0_.categoryId=?
Hibernate: select category0_.categoryId as category1_0_0_, category0_.categoryName as category2_0_0_ from Category category0_ where category0_.categoryId=?
</system-out>
    <system-err>org.springframework.test.context.junit4.SpringJUnit4ClassRunner 2015-04-14 23:23:09,753 DEBUG - SpringJUnit4ClassRunner constructor called with [class NewsDaoTest].
org.springframework.test.context.BootstrapUtils 2015-04-14 23:23:09,784 DEBUG - Instantiating TestContextBootstrapper from class [org.springframework.test.context.support.DefaultTestContextBootstrapper]
org.springframework.test.context.support.ContextLoaderUtils 2015-04-14 23:23:09,794 TRACE - Retrieved @ContextConfiguration attributes [{name=, value=[/entities-hib-test.xml], classes=[], loader=interface org.springframework.test.context.ContextLoader, locations=[], inheritLocations=true, initializers=[], inheritInitializers=true}] for declaring class [NewsDaoTest].
org.springframework.test.context.support.ContextLoaderUtils 2015-04-14 23:23:09,804 TRACE - Resolved context configuration attributes: [ContextConfigurationAttributes@5315b42e declaringClass = &apos;NewsDaoTest&apos;, classes = &apos;{}&apos;, locations = &apos;{/entities-hib-test.xml}&apos;, inheritLocations = true, initializers = &apos;{}&apos;, inheritInitializers = true, name = [null], contextLoaderClass = &apos;org.springframework.test.context.ContextLoader&apos;]
org.springframework.test.context.support.AbstractTestContextBootstrapper 2015-04-14 23:23:09,804 TRACE - Resolving ContextLoader for context configuration attributes [ContextConfigurationAttributes@5315b42e declaringClass = &apos;NewsDaoTest&apos;, classes = &apos;{}&apos;, locations = &apos;{/entities-hib-test.xml}&apos;, inheritLocations = true, initializers = &apos;{}&apos;, inheritInitializers = true, name = [null], contextLoaderClass = &apos;org.springframework.test.context.ContextLoader&apos;]
org.springframework.test.context.support.AbstractTestContextBootstrapper 2015-04-14 23:23:09,814 TRACE - Using ContextLoader class [org.springframework.test.context.support.DelegatingSmartContextLoader] for test class [NewsDaoTest]
org.springframework.test.context.support.AbstractTestContextBootstrapper 2015-04-14 23:23:09,824 TRACE - Processing locations and classes for context configuration attributes [ContextConfigurationAttributes@5315b42e declaringClass = &apos;NewsDaoTest&apos;, classes = &apos;{}&apos;, locations = &apos;{/entities-hib-test.xml}&apos;, inheritLocations = true, initializers = &apos;{}&apos;, inheritInitializers = true, name = [null], contextLoaderClass = &apos;org.springframework.test.context.ContextLoader&apos;]
org.springframework.test.context.support.AbstractDelegatingSmartContextLoader 2015-04-14 23:23:09,824 DEBUG - Delegating to GenericXmlContextLoader to process context configuration [ContextConfigurationAttributes@5315b42e declaringClass = &apos;NewsDaoTest&apos;, classes = &apos;{}&apos;, locations = &apos;{/entities-hib-test.xml}&apos;, inheritLocations = true, initializers = &apos;{}&apos;, inheritInitializers = true, name = [null], contextLoaderClass = &apos;org.springframework.test.context.ContextLoader&apos;].
org.springframework.test.context.support.ApplicationContextInitializerUtils 2015-04-14 23:23:09,824 TRACE - Processing context initializers for context configuration attributes [ContextConfigurationAttributes@5315b42e declaringClass = &apos;NewsDaoTest&apos;, classes = &apos;{}&apos;, locations = &apos;{classpath:/entities-hib-test.xml}&apos;, inheritLocations = true, initializers = &apos;{}&apos;, inheritInitializers = true, name = [null], contextLoaderClass = &apos;org.springframework.test.context.ContextLoader&apos;]
org.springframework.test.context.support.ActiveProfilesUtils 2015-04-14 23:23:09,834 DEBUG - Could not find an &apos;annotation declaring class&apos; for annotation type [org.springframework.test.context.ActiveProfiles] and class [NewsDaoTest]
org.springframework.test.context.support.AbstractTestContextBootstrapper 2015-04-14 23:23:09,844 DEBUG - @TestExecutionListeners is not present for class [NewsDaoTest]: using defaults.
org.springframework.test.context.support.AbstractTestContextBootstrapper 2015-04-14 23:23:09,844 INFO  - Loaded default TestExecutionListener class names from location [META-INF/spring.factories]: [org.springframework.test.context.web.ServletTestExecutionListener, org.springframework.test.context.support.DependencyInjectionTestExecutionListener, org.springframework.test.context.support.DirtiesContextTestExecutionListener, org.springframework.test.context.transaction.TransactionalTestExecutionListener, org.springframework.test.context.jdbc.SqlScriptsTestExecutionListener]
org.springframework.test.context.support.AbstractTestContextBootstrapper 2015-04-14 23:23:09,854 INFO  - Could not instantiate TestExecutionListener [org.springframework.test.context.web.ServletTestExecutionListener]. Specify custom listener classes or make the default listener classes (and their required dependencies) available. Offending class: [javax/servlet/ServletContext]
org.springframework.test.context.support.AbstractTestContextBootstrapper 2015-04-14 23:23:09,864 INFO  - Using TestExecutionListeners: [org.springframework.test.context.support.DependencyInjectionTestExecutionListener@5e5792a0, org.springframework.test.context.support.DirtiesContextTestExecutionListener@26653222, org.springframework.test.context.transaction.TransactionalTestExecutionListener@3532ec19, org.springframework.test.context.jdbc.SqlScriptsTestExecutionListener@68c4039c]
org.springframework.test.context.TestContextManager 2015-04-14 23:23:09,864 TRACE - Registering TestExecutionListener: org.springframework.test.context.support.DependencyInjectionTestExecutionListener@5e5792a0
org.springframework.test.context.TestContextManager 2015-04-14 23:23:09,864 TRACE - Registering TestExecutionListener: org.springframework.test.context.support.DirtiesContextTestExecutionListener@26653222
org.springframework.test.context.TestContextManager 2015-04-14 23:23:09,874 TRACE - Registering TestExecutionListener: org.springframework.test.context.transaction.TransactionalTestExecutionListener@3532ec19
org.springframework.test.context.TestContextManager 2015-04-14 23:23:09,874 TRACE - Registering TestExecutionListener: org.springframework.test.context.jdbc.SqlScriptsTestExecutionListener@68c4039c
org.springframework.test.annotation.ProfileValueUtils 2015-04-14 23:23:09,874 DEBUG - Retrieved @ProfileValueSourceConfiguration [null] for test class [NewsDaoTest]
org.springframework.test.annotation.ProfileValueUtils 2015-04-14 23:23:09,874 DEBUG - Retrieved ProfileValueSource type [class org.springframework.test.annotation.SystemProfileValueSource] for class [NewsDaoTest]
org.springframework.test.annotation.ProfileValueUtils 2015-04-14 23:23:09,874 DEBUG - Retrieved @ProfileValueSourceConfiguration [null] for test class [NewsDaoTest]
org.springframework.test.annotation.ProfileValueUtils 2015-04-14 23:23:09,874 DEBUG - Retrieved ProfileValueSource type [class org.springframework.test.annotation.SystemProfileValueSource] for class [NewsDaoTest]
org.springframework.test.context.TestContextManager 2015-04-14 23:23:09,874 TRACE - beforeTestClass(): class [NewsDaoTest]
org.springframework.test.annotation.ProfileValueUtils 2015-04-14 23:23:09,874 DEBUG - Retrieved @ProfileValueSourceConfiguration [null] for test class [NewsDaoTest]
org.springframework.test.annotation.ProfileValueUtils 2015-04-14 23:23:09,884 DEBUG - Retrieved ProfileValueSource type [class org.springframework.test.annotation.SystemProfileValueSource] for class [NewsDaoTest]
org.springframework.test.context.TestContextManager 2015-04-14 23:23:09,884 TRACE - prepareTestInstance(): instance [NewsDaoTest@53b32d7]
org.springframework.test.context.support.DependencyInjectionTestExecutionListener 2015-04-14 23:23:09,884 DEBUG - Performing dependency injection for test context [[DefaultTestContext@5442a311 testClass = NewsDaoTest, testInstance = NewsDaoTest@53b32d7, testMethod = [null], testException = [null], mergedContextConfiguration = [MergedContextConfiguration@548e7350 testClass = NewsDaoTest, locations = &apos;{classpath:/entities-hib-test.xml}&apos;, classes = &apos;{}&apos;, contextInitializerClasses = &apos;[]&apos;, activeProfiles = &apos;{}&apos;, propertySourceLocations = &apos;{}&apos;, propertySourceProperties = &apos;{}&apos;, contextLoader = &apos;org.springframework.test.context.support.DelegatingSmartContextLoader&apos;, parent = [null]]]].
org.springframework.test.context.support.AbstractDelegatingSmartContextLoader 2015-04-14 23:23:09,884 DEBUG - Delegating to GenericXmlContextLoader to load context from [MergedContextConfiguration@548e7350 testClass = NewsDaoTest, locations = &apos;{classpath:/entities-hib-test.xml}&apos;, classes = &apos;{}&apos;, contextInitializerClasses = &apos;[]&apos;, activeProfiles = &apos;{}&apos;, propertySourceLocations = &apos;{}&apos;, propertySourceProperties = &apos;{}&apos;, contextLoader = &apos;org.springframework.test.context.support.DelegatingSmartContextLoader&apos;, parent = [null]].
org.springframework.test.context.support.AbstractGenericContextLoader 2015-04-14 23:23:09,884 DEBUG - Loading ApplicationContext for merged context configuration [[MergedContextConfiguration@548e7350 testClass = NewsDaoTest, locations = &apos;{classpath:/entities-hib-test.xml}&apos;, classes = &apos;{}&apos;, contextInitializerClasses = &apos;[]&apos;, activeProfiles = &apos;{}&apos;, propertySourceLocations = &apos;{}&apos;, propertySourceProperties = &apos;{}&apos;, contextLoader = &apos;org.springframework.test.context.support.DelegatingSmartContextLoader&apos;, parent = [null]]].
org.springframework.core.env.MutablePropertySources 2015-04-14 23:23:09,994 DEBUG - Adding [systemProperties] PropertySource with lowest search precedence
org.springframework.core.env.MutablePropertySources 2015-04-14 23:23:09,994 DEBUG - Adding [systemEnvironment] PropertySource with lowest search precedence
org.springframework.core.env.AbstractEnvironment 2015-04-14 23:23:09,994 DEBUG - Initialized StandardEnvironment with PropertySources [systemProperties,systemEnvironment]
org.springframework.beans.factory.xml.XmlBeanDefinitionReader 2015-04-14 23:23:10,014 INFO  - Loading XML bean definitions from class path resource [entities-hib-test.xml]
org.springframework.beans.factory.xml.DefaultDocumentLoader 2015-04-14 23:23:10,065 DEBUG - Using JAXP provider [com.sun.org.apache.xerces.internal.jaxp.DocumentBuilderFactoryImpl]
org.springframework.beans.factory.xml.PluggableSchemaResolver 2015-04-14 23:23:10,086 TRACE - Trying to resolve XML entity with public id [null] and system id [http://www.springframework.org/schema/beans/spring-beans-3.0.xsd]
org.springframework.beans.factory.xml.PluggableSchemaResolver 2015-04-14 23:23:10,086 DEBUG - Loading schema mappings from [META-INF/spring.schemas]
org.springframework.beans.factory.xml.PluggableSchemaResolver 2015-04-14 23:23:10,096 DEBUG - Loaded schema mappings: {http://www.springframework.org/schema/tx/spring-tx-2.5.xsd=org/springframework/transaction/config/spring-tx-2.5.xsd, http://www.springframework.org/schema/aop/spring-aop-4.1.xsd=org/springframework/aop/config/spring-aop-4.1.xsd, http://www.springframework.org/schema/context/spring-context-3.1.xsd=org/springframework/context/config/spring-context-3.1.xsd, http://www.springframework.org/schema/jdbc/spring-jdbc-4.1.xsd=org/springframework/jdbc/config/spring-jdbc-4.1.xsd, http://www.springframework.org/schema/util/spring-util-3.0.xsd=org/springframework/beans/factory/xml/spring-util-3.0.xsd, http://www.springframework.org/schema/aop/spring-aop-3.2.xsd=org/springframework/aop/config/spring-aop-3.2.xsd, http://www.springframework.org/schema/tool/spring-tool.xsd=org/springframework/beans/factory/xml/spring-tool-4.1.xsd, http://www.springframework.org/schema/lang/spring-lang-4.1.xsd=org/springframework/scripting/config/spring-lang-4.1.xsd, http://www.springframework.org/schema/context/spring-context-4.0.xsd=org/springframework/context/config/spring-context-4.0.xsd, http://www.springframework.org/schema/tool/spring-tool-4.1.xsd=org/springframework/beans/factory/xml/spring-tool-4.1.xsd, http://www.springframework.org/schema/lang/spring-lang-3.2.xsd=org/springframework/scripting/config/spring-lang-3.2.xsd, http://www.springframework.org/schema/cache/spring-cache-3.2.xsd=org/springframework/cache/config/spring-cache-3.2.xsd, http://www.springframework.org/schema/jee/spring-jee-4.1.xsd=org/springframework/ejb/config/spring-jee-4.1.xsd, http://www.springframework.org/schema/jdbc/spring-jdbc-3.1.xsd=org/springframework/jdbc/config/spring-jdbc-3.1.xsd, http://www.springframework.org/schema/util/spring-util-2.0.xsd=org/springframework/beans/factory/xml/spring-util-2.0.xsd, http://www.springframework.org/schema/tool/spring-tool-3.2.xsd=org/springframework/beans/factory/xml/spring-tool-3.2.xsd, http://www.springframework.org/schema/context/spring-context.xsd=org/springframework/context/config/spring-context-4.1.xsd, http://www.springframework.org/schema/cache/spring-cache-4.1.xsd=org/springframework/cache/config/spring-cache-4.1.xsd, http://www.springframework.org/schema/aop/spring-aop-4.0.xsd=org/springframework/aop/config/spring-aop-4.0.xsd, http://www.springframework.org/schema/jee/spring-jee-3.2.xsd=org/springframework/ejb/config/spring-jee-3.2.xsd, http://www.springframework.org/schema/context/spring-context-3.0.xsd=org/springframework/context/config/spring-context-3.0.xsd, http://www.springframework.org/schema/jdbc/spring-jdbc-4.0.xsd=org/springframework/jdbc/config/spring-jdbc-4.0.xsd, http://www.springframework.org/schema/util/spring-util-2.5.xsd=org/springframework/beans/factory/xml/spring-util-2.5.xsd, http://www.springframework.org/schema/beans/spring-beans-3.2.xsd=org/springframework/beans/factory/xml/spring-beans-3.2.xsd, http://www.springframework.org/schema/aop/spring-aop-3.1.xsd=org/springframework/aop/config/spring-aop-3.1.xsd, http://www.springframework.org/schema/lang/spring-lang-4.0.xsd=org/springframework/scripting/config/spring-lang-4.0.xsd, http://www.springframework.org/schema/beans/spring-beans-4.1.xsd=org/springframework/beans/factory/xml/spring-beans-4.1.xsd, http://www.springframework.org/schema/tool/spring-tool-4.0.xsd=org/springframework/beans/factory/xml/spring-tool-4.0.xsd, http://www.springframework.org/schema/lang/spring-lang-3.1.xsd=org/springframework/scripting/config/spring-lang-3.1.xsd, http://www.springframework.org/schema/tx/spring-tx-3.2.xsd=org/springframework/transaction/config/spring-tx-3.2.xsd, http://www.springframework.org/schema/cache/spring-cache-3.1.xsd=org/springframework/cache/config/spring-cache-3.1.xsd, http://www.springframework.org/schema/jee/spring-jee-4.0.xsd=org/springframework/ejb/config/spring-jee-4.0.xsd, http://www.springframework.org/schema/jdbc/spring-jdbc-3.0.xsd=org/springframework/jdbc/config/spring-jdbc-3.0.xsd, http://www.springframework.org/schema/task/spring-task-4.1.xsd=org/springframework/scheduling/config/spring-task-4.1.xsd, http://www.springframework.org/schema/jdbc/spring-jdbc.xsd=org/springframework/jdbc/config/spring-jdbc-4.1.xsd, http://www.springframework.org/schema/tool/spring-tool-3.1.xsd=org/springframework/beans/factory/xml/spring-tool-3.1.xsd, http://www.springframework.org/schema/tx/spring-tx-4.1.xsd=org/springframework/transaction/config/spring-tx-4.1.xsd, http://www.springframework.org/schema/cache/spring-cache-4.0.xsd=org/springframework/cache/config/spring-cache-4.0.xsd, http://www.springframework.org/schema/jee/spring-jee-3.1.xsd=org/springframework/ejb/config/spring-jee-3.1.xsd, http://www.springframework.org/schema/task/spring-task-3.2.xsd=org/springframework/scheduling/config/spring-task-3.2.xsd, http://www.springframework.org/schema/beans/spring-beans-3.1.xsd=org/springframework/beans/factory/xml/spring-beans-3.1.xsd, http://www.springframework.org/schema/util/spring-util.xsd=org/springframework/beans/factory/xml/spring-util-4.1.xsd, http://www.springframework.org/schema/aop/spring-aop-3.0.xsd=org/springframework/aop/config/spring-aop-3.0.xsd, http://www.springframework.org/schema/beans/spring-beans-4.0.xsd=org/springframework/beans/factory/xml/spring-beans-4.0.xsd, http://www.springframework.org/schema/beans/spring-beans.xsd=org/springframework/beans/factory/xml/spring-beans-4.1.xsd, http://www.springframework.org/schema/lang/spring-lang-3.0.xsd=org/springframework/scripting/config/spring-lang-3.0.xsd, http://www.springframework.org/schema/tx/spring-tx-3.1.xsd=org/springframework/transaction/config/spring-tx-3.1.xsd, http://www.springframework.org/schema/context/spring-context-2.5.xsd=org/springframework/context/config/spring-context-2.5.xsd, http://www.springframework.org/schema/task/spring-task-4.0.xsd=org/springframework/scheduling/config/spring-task-4.0.xsd, http://www.springframework.org/schema/tool/spring-tool-3.0.xsd=org/springframework/beans/factory/xml/spring-tool-3.0.xsd, http://www.springframework.org/schema/tx/spring-tx-4.0.xsd=org/springframework/transaction/config/spring-tx-4.0.xsd, http://www.springframework.org/schema/aop/spring-aop-2.0.xsd=org/springframework/aop/config/spring-aop-2.0.xsd, http://www.springframework.org/schema/jee/spring-jee-3.0.xsd=org/springframework/ejb/config/spring-jee-3.0.xsd, http://www.springframework.org/schema/util/spring-util-4.1.xsd=org/springframework/beans/factory/xml/spring-util-4.1.xsd, http://www.springframework.org/schema/task/spring-task-3.1.xsd=org/springframework/scheduling/config/spring-task-3.1.xsd, http://www.springframework.org/schema/beans/spring-beans-3.0.xsd=org/springframework/beans/factory/xml/spring-beans-3.0.xsd, http://www.springframework.org/schema/jee/spring-jee.xsd=org/springframework/ejb/config/spring-jee-4.1.xsd, http://www.springframework.org/schema/aop/spring-aop-2.5.xsd=org/springframework/aop/config/spring-aop-2.5.xsd, http://www.springframework.org/schema/lang/spring-lang-2.0.xsd=org/springframework/scripting/config/spring-lang-2.0.xsd, http://www.springframework.org/schema/util/spring-util-3.2.xsd=org/springframework/beans/factory/xml/spring-util-3.2.xsd, http://www.springframework.org/schema/task/spring-task.xsd=org/springframework/scheduling/config/spring-task-4.1.xsd, http://www.springframework.org/schema/tool/spring-tool-2.0.xsd=org/springframework/beans/factory/xml/spring-tool-2.0.xsd, http://www.springframework.org/schema/tx/spring-tx-3.0.xsd=org/springframework/transaction/config/spring-tx-3.0.xsd, http://www.springframework.org/schema/lang/spring-lang-2.5.xsd=org/springframework/scripting/config/spring-lang-2.5.xsd, http://www.springframework.org/schema/jee/spring-jee-2.0.xsd=org/springframework/ejb/config/spring-jee-2.0.xsd, http://www.springframework.org/schema/tool/spring-tool-2.5.xsd=org/springframework/beans/factory/xml/spring-tool-2.5.xsd, http://www.springframework.org/schema/jee/spring-jee-2.5.xsd=org/springframework/ejb/config/spring-jee-2.5.xsd, http://www.springframework.org/schema/util/spring-util-4.0.xsd=org/springframework/beans/factory/xml/spring-util-4.0.xsd, http://www.springframework.org/schema/task/spring-task-3.0.xsd=org/springframework/scheduling/config/spring-task-3.0.xsd, http://www.springframework.org/schema/lang/spring-lang.xsd=org/springframework/scripting/config/spring-lang-4.1.xsd, http://www.springframework.org/schema/context/spring-context-3.2.xsd=org/springframework/context/config/spring-context-3.2.xsd, http://www.springframework.org/schema/util/spring-util-3.1.xsd=org/springframework/beans/factory/xml/spring-util-3.1.xsd, http://www.springframework.org/schema/beans/spring-beans-2.0.xsd=org/springframework/beans/factory/xml/spring-beans-2.0.xsd, http://www.springframework.org/schema/cache/spring-cache.xsd=org/springframework/cache/config/spring-cache-4.1.xsd, http://www.springframework.org/schema/tx/spring-tx.xsd=org/springframework/transaction/config/spring-tx-4.1.xsd, http://www.springframework.org/schema/context/spring-context-4.1.xsd=org/springframework/context/config/spring-context-4.1.xsd, http://www.springframework.org/schema/beans/spring-beans-2.5.xsd=org/springframework/beans/factory/xml/spring-beans-2.5.xsd, http://www.springframework.org/schema/tx/spring-tx-2.0.xsd=org/springframework/transaction/config/spring-tx-2.0.xsd, http://www.springframework.org/schema/jdbc/spring-jdbc-3.2.xsd=org/springframework/jdbc/config/spring-jdbc-3.2.xsd, http://www.springframework.org/schema/aop/spring-aop.xsd=org/springframework/aop/config/spring-aop-4.1.xsd}
org.springframework.beans.factory.xml.PluggableSchemaResolver 2015-04-14 23:23:10,096 DEBUG - Found XML schema [http://www.springframework.org/schema/beans/spring-beans-3.0.xsd] in classpath: org/springframework/beans/factory/xml/spring-beans-3.0.xsd
org.springframework.beans.factory.xml.PluggableSchemaResolver 2015-04-14 23:23:10,146 TRACE - Trying to resolve XML entity with public id [null] and system id [http://www.springframework.org/schema/context/spring-context-3.0.xsd]
org.springframework.beans.factory.xml.PluggableSchemaResolver 2015-04-14 23:23:10,146 DEBUG - Found XML schema [http://www.springframework.org/schema/context/spring-context-3.0.xsd] in classpath: org/springframework/context/config/spring-context-3.0.xsd
org.springframework.beans.factory.xml.PluggableSchemaResolver 2015-04-14 23:23:10,156 TRACE - Trying to resolve XML entity with public id [null] and system id [http://www.springframework.org/schema/tool/spring-tool-3.0.xsd]
org.springframework.beans.factory.xml.PluggableSchemaResolver 2015-04-14 23:23:10,156 DEBUG - Found XML schema [http://www.springframework.org/schema/tool/spring-tool-3.0.xsd] in classpath: org/springframework/beans/factory/xml/spring-tool-3.0.xsd
org.springframework.beans.factory.xml.PluggableSchemaResolver 2015-04-14 23:23:10,166 TRACE - Trying to resolve XML entity with public id [null] and system id [http://www.springframework.org/schema/tx/spring-tx.xsd]
org.springframework.beans.factory.xml.PluggableSchemaResolver 2015-04-14 23:23:10,166 DEBUG - Found XML schema [http://www.springframework.org/schema/tx/spring-tx.xsd] in classpath: org/springframework/transaction/config/spring-tx-4.1.xsd
org.springframework.beans.factory.xml.DefaultBeanDefinitionDocumentReader 2015-04-14 23:23:10,176 DEBUG - Loading bean definitions
org.springframework.beans.factory.xml.DefaultNamespaceHandlerResolver 2015-04-14 23:23:10,186 DEBUG - Loaded NamespaceHandler mappings: {http://www.springframework.org/schema/p=org.springframework.beans.factory.xml.SimplePropertyNamespaceHandler, http://www.springframework.org/schema/util=org.springframework.beans.factory.xml.UtilNamespaceHandler, http://www.springframework.org/schema/jee=org.springframework.ejb.config.JeeNamespaceHandler, http://www.springframework.org/schema/aop=org.springframework.aop.config.AopNamespaceHandler, http://www.springframework.org/schema/jdbc=org.springframework.jdbc.config.JdbcNamespaceHandler, http://www.springframework.org/schema/cache=org.springframework.cache.config.CacheNamespaceHandler, http://www.springframework.org/schema/c=org.springframework.beans.factory.xml.SimpleConstructorNamespaceHandler, http://www.springframework.org/schema/tx=org.springframework.transaction.config.TxNamespaceHandler, http://www.springframework.org/schema/task=org.springframework.scheduling.config.TaskNamespaceHandler, http://www.springframework.org/schema/lang=org.springframework.scripting.config.LangNamespaceHandler, http://www.springframework.org/schema/context=org.springframework.context.config.ContextNamespaceHandler}
org.springframework.beans.factory.support.AbstractBeanDefinitionReader 2015-04-14 23:23:10,246 DEBUG - Loaded 13 bean definitions from location pattern [classpath:/entities-hib-test.xml]
org.springframework.context.support.AbstractApplicationContext 2015-04-14 23:23:10,246 INFO  - Refreshing org.springframework.context.support.GenericApplicationContext@1ed4004b: startup date [Tue Apr 14 23:23:10 FET 2015]; root of context hierarchy
org.springframework.context.support.AbstractApplicationContext 2015-04-14 23:23:10,246 DEBUG - Bean factory for org.springframework.context.support.GenericApplicationContext@1ed4004b: org.springframework.beans.factory.support.DefaultListableBeanFactory@709ba3fb: defining beans [org.springframework.context.annotation.internalConfigurationAnnotationProcessor,org.springframework.context.annotation.internalAutowiredAnnotationProcessor,org.springframework.context.annotation.internalRequiredAnnotationProcessor,org.springframework.context.annotation.internalCommonAnnotationProcessor,org.springframework.context.annotation.internalPersistenceAnnotationProcessor,dataSource,sessionFactory,newsDao,transactionManager,org.springframework.aop.config.internalAutoProxyCreator,org.springframework.transaction.annotation.AnnotationTransactionAttributeSource#0,org.springframework.transaction.interceptor.TransactionInterceptor#0,org.springframework.transaction.config.internalTransactionAdvisor]; root of factory hierarchy
org.springframework.beans.factory.support.DefaultSingletonBeanRegistry 2015-04-14 23:23:10,266 DEBUG - Creating shared instance of singleton bean &apos;org.springframework.context.annotation.internalConfigurationAnnotationProcessor&apos;
org.springframework.beans.factory.support.AbstractAutowireCapableBeanFactory 2015-04-14 23:23:10,266 DEBUG - Creating instance of bean &apos;org.springframework.context.annotation.internalConfigurationAnnotationProcessor&apos;
org.springframework.beans.factory.support.AbstractAutowireCapableBeanFactory 2015-04-14 23:23:10,286 DEBUG - Eagerly caching bean &apos;org.springframework.context.annotation.internalConfigurationAnnotationProcessor&apos; to allow for resolving potential circular references
org.springframework.beans.factory.support.AbstractAutowireCapableBeanFactory 2015-04-14 23:23:10,296 DEBUG - Finished creating instance of bean &apos;org.springframework.context.annotation.internalConfigurationAnnotationProcessor&apos;
org.springframework.beans.factory.support.DefaultSingletonBeanRegistry 2015-04-14 23:23:10,366 DEBUG - Creating shared instance of singleton bean &apos;org.springframework.context.annotation.internalAutowiredAnnotationProcessor&apos;
org.springframework.beans.factory.support.AbstractAutowireCapableBeanFactory 2015-04-14 23:23:10,366 DEBUG - Creating instance of bean &apos;org.springframework.context.annotation.internalAutowiredAnnotationProcessor&apos;
org.springframework.beans.factory.support.AbstractAutowireCapableBeanFactory 2015-04-14 23:23:10,376 DEBUG - Eagerly caching bean &apos;org.springframework.context.annotation.internalAutowiredAnnotationProcessor&apos; to allow for resolving potential circular references
org.springframework.beans.factory.support.AbstractAutowireCapableBeanFactory 2015-04-14 23:23:10,376 DEBUG - Finished creating instance of bean &apos;org.springframework.context.annotation.internalAutowiredAnnotationProcessor&apos;
org.springframework.beans.factory.support.DefaultSingletonBeanRegistry 2015-04-14 23:23:10,376 DEBUG - Creating shared instance of singleton bean &apos;org.springframework.context.annotation.internalRequiredAnnotationProcessor&apos;
org.springframework.beans.factory.support.AbstractAutowireCapableBeanFactory 2015-04-14 23:23:10,376 DEBUG - Creating instance of bean &apos;org.springframework.context.annotation.internalRequiredAnnotationProcessor&apos;
org.springframework.beans.factory.support.AbstractAutowireCapableBeanFactory 2015-04-14 23:23:10,376 DEBUG - Eagerly caching bean &apos;org.springframework.context.annotation.internalRequiredAnnotationProcessor&apos; to allow for resolving potential circular references
org.springframework.beans.factory.support.AbstractAutowireCapableBeanFactory 2015-04-14 23:23:10,376 DEBUG - Finished creating instance of bean &apos;org.springframework.context.annotation.internalRequiredAnnotationProcessor&apos;
org.springframework.beans.factory.support.DefaultSingletonBeanRegistry 2015-04-14 23:23:10,376 DEBUG - Creating shared instance of singleton bean &apos;org.springframework.context.annotation.internalCommonAnnotationProcessor&apos;
org.springframework.beans.factory.support.AbstractAutowireCapableBeanFactory 2015-04-14 23:23:10,376 DEBUG - Creating instance of bean &apos;org.springframework.context.annotation.internalCommonAnnotationProcessor&apos;
org.springframework.beans.factory.support.AbstractAutowireCapableBeanFactory 2015-04-14 23:23:10,386 DEBUG - Eagerly caching bean &apos;org.springframework.context.annotation.internalCommonAnnotationProcessor&apos; to allow for resolving potential circular references
org.springframework.beans.factory.support.AbstractAutowireCapableBeanFactory 2015-04-14 23:23:10,386 DEBUG - Finished creating instance of bean &apos;org.springframework.context.annotation.internalCommonAnnotationProcessor&apos;
org.springframework.beans.factory.support.DefaultSingletonBeanRegistry 2015-04-14 23:23:10,386 DEBUG - Creating shared instance of singleton bean &apos;org.springframework.context.annotation.internalPersistenceAnnotationProcessor&apos;
org.springframework.beans.factory.support.AbstractAutowireCapableBeanFactory 2015-04-14 23:23:10,386 DEBUG - Creating instance of bean &apos;org.springframework.context.annotation.internalPersistenceAnnotationProcessor&apos;
org.springframework.beans.factory.support.AbstractAutowireCapableBeanFactory 2015-04-14 23:23:10,386 DEBUG - Eagerly caching bean &apos;org.springframework.context.annotation.internalPersistenceAnnotationProcessor&apos; to allow for resolving potential circular references
org.springframework.beans.factory.support.AbstractAutowireCapableBeanFactory 2015-04-14 23:23:10,386 DEBUG - Finished creating instance of bean &apos;org.springframework.context.annotation.internalPersistenceAnnotationProcessor&apos;
org.springframework.beans.factory.support.DefaultSingletonBeanRegistry 2015-04-14 23:23:10,386 DEBUG - Creating shared instance of singleton bean &apos;org.springframework.context.annotation.ConfigurationClassPostProcessor.importAwareProcessor&apos;
org.springframework.beans.factory.support.AbstractAutowireCapableBeanFactory 2015-04-14 23:23:10,386 DEBUG - Creating instance of bean &apos;org.springframework.context.annotation.ConfigurationClassPostProcessor.importAwareProcessor&apos;
org.springframework.beans.factory.support.AbstractAutowireCapableBeanFactory 2015-04-14 23:23:10,386 DEBUG - Eagerly caching bean &apos;org.springframework.context.annotation.ConfigurationClassPostProcessor.importAwareProcessor&apos; to allow for resolving potential circular references
org.springframework.beans.factory.support.AbstractAutowireCapableBeanFactory 2015-04-14 23:23:10,386 DEBUG - Finished creating instance of bean &apos;org.springframework.context.annotation.ConfigurationClassPostProcessor.importAwareProcessor&apos;
org.springframework.beans.factory.support.DefaultSingletonBeanRegistry 2015-04-14 23:23:10,386 DEBUG - Creating shared instance of singleton bean &apos;org.springframework.context.annotation.ConfigurationClassPostProcessor.enhancedConfigurationProcessor&apos;
org.springframework.beans.factory.support.AbstractAutowireCapableBeanFactory 2015-04-14 23:23:10,386 DEBUG - Creating instance of bean &apos;org.springframework.context.annotation.ConfigurationClassPostProcessor.enhancedConfigurationProcessor&apos;
org.springframework.beans.factory.support.AbstractAutowireCapableBeanFactory 2015-04-14 23:23:10,386 DEBUG - Eagerly caching bean &apos;org.springframework.context.annotation.ConfigurationClassPostProcessor.enhancedConfigurationProcessor&apos; to allow for resolving potential circular references
org.springframework.beans.factory.support.AbstractAutowireCapableBeanFactory 2015-04-14 23:23:10,386 DEBUG - Finished creating instance of bean &apos;org.springframework.context.annotation.ConfigurationClassPostProcessor.enhancedConfigurationProcessor&apos;
org.springframework.beans.factory.support.DefaultSingletonBeanRegistry 2015-04-14 23:23:10,396 DEBUG - Creating shared instance of singleton bean &apos;org.springframework.aop.config.internalAutoProxyCreator&apos;
org.springframework.beans.factory.support.AbstractAutowireCapableBeanFactory 2015-04-14 23:23:10,396 DEBUG - Creating instance of bean &apos;org.springframework.aop.config.internalAutoProxyCreator&apos;
org.springframework.beans.factory.support.AbstractAutowireCapableBeanFactory 2015-04-14 23:23:10,406 DEBUG - Eagerly caching bean &apos;org.springframework.aop.config.internalAutoProxyCreator&apos; to allow for resolving potential circular references
org.springframework.core.io.support.SpringFactoriesLoader 2015-04-14 23:23:10,416 TRACE - Loaded [org.springframework.beans.BeanInfoFactory] names: [org.springframework.beans.ExtendedBeanInfoFactory]
org.springframework.beans.CachedIntrospectionResults 2015-04-14 23:23:10,416 TRACE - Getting BeanInfo for class [org.springframework.aop.framework.autoproxy.InfrastructureAdvisorAutoProxyCreator]
org.springframework.beans.CachedIntrospectionResults 2015-04-14 23:23:10,426 TRACE - Caching PropertyDescriptors for class [org.springframework.aop.framework.autoproxy.InfrastructureAdvisorAutoProxyCreator]
org.springframework.beans.CachedIntrospectionResults 2015-04-14 23:23:10,426 TRACE - Found bean property &apos;advisorAdapterRegistry&apos; of type [org.springframework.aop.framework.adapter.AdvisorAdapterRegistry]
org.springframework.beans.CachedIntrospectionResults 2015-04-14 23:23:10,436 TRACE - Found bean property &apos;applyCommonInterceptorsFirst&apos; of type [boolean]
org.springframework.beans.CachedIntrospectionResults 2015-04-14 23:23:10,436 TRACE - Found bean property &apos;beanClassLoader&apos; of type [java.lang.ClassLoader]
org.springframework.beans.CachedIntrospectionResults 2015-04-14 23:23:10,436 TRACE - Found bean property &apos;beanFactory&apos; of type [org.springframework.beans.factory.BeanFactory]
org.springframework.beans.CachedIntrospectionResults 2015-04-14 23:23:10,436 TRACE - Found bean property &apos;class&apos; of type [java.lang.Class]
org.springframework.beans.CachedIntrospectionResults 2015-04-14 23:23:10,436 TRACE - Found bean property &apos;customTargetSourceCreators&apos; of type [[Lorg.springframework.aop.framework.autoproxy.TargetSourceCreator;]
org.springframework.beans.CachedIntrospectionResults 2015-04-14 23:23:10,436 TRACE - Found bean property &apos;exposeProxy&apos; of type [boolean]
org.springframework.beans.CachedIntrospectionResults 2015-04-14 23:23:10,436 TRACE - Found bean property &apos;frozen&apos; of type [boolean]
org.springframework.beans.CachedIntrospectionResults 2015-04-14 23:23:10,436 TRACE - Found bean property &apos;interceptorNames&apos; of type [[Ljava.lang.String;]
org.springframework.beans.CachedIntrospectionResults 2015-04-14 23:23:10,436 TRACE - Found bean property &apos;opaque&apos; of type [boolean]
org.springframework.beans.CachedIntrospectionResults 2015-04-14 23:23:10,436 TRACE - Found bean property &apos;optimize&apos; of type [boolean]
org.springframework.beans.CachedIntrospectionResults 2015-04-14 23:23:10,436 TRACE - Found bean property &apos;order&apos; of type [int]
org.springframework.beans.CachedIntrospectionResults 2015-04-14 23:23:10,436 TRACE - Found bean property &apos;proxyClassLoader&apos; of type [java.lang.ClassLoader]
org.springframework.beans.CachedIntrospectionResults 2015-04-14 23:23:10,436 TRACE - Found bean property &apos;proxyTargetClass&apos; of type [boolean]
org.springframework.beans.factory.support.AbstractAutowireCapableBeanFactory 2015-04-14 23:23:10,446 DEBUG - Finished creating instance of bean &apos;org.springframework.aop.config.internalAutoProxyCreator&apos;
org.springframework.context.support.AbstractApplicationContext 2015-04-14 23:23:10,446 DEBUG - Unable to locate MessageSource with name &apos;messageSource&apos;: using default [org.springframework.context.support.DelegatingMessageSource@16ec5519]
org.springframework.context.support.AbstractApplicationContext 2015-04-14 23:23:10,446 DEBUG - Unable to locate ApplicationEventMulticaster with name &apos;applicationEventMulticaster&apos;: using default [org.springframework.context.event.SimpleApplicationEventMulticaster@20ce78ec]
org.springframework.beans.factory.support.DefaultListableBeanFactory 2015-04-14 23:23:10,456 DEBUG - Pre-instantiating singletons in org.springframework.beans.factory.support.DefaultListableBeanFactory@709ba3fb: defining beans [org.springframework.context.annotation.internalConfigurationAnnotationProcessor,org.springframework.context.annotation.internalAutowiredAnnotationProcessor,org.springframework.context.annotation.internalRequiredAnnotationProcessor,org.springframework.context.annotation.internalCommonAnnotationProcessor,org.springframework.context.annotation.internalPersistenceAnnotationProcessor,dataSource,sessionFactory,newsDao,transactionManager,org.springframework.aop.config.internalAutoProxyCreator,org.springframework.transaction.annotation.AnnotationTransactionAttributeSource#0,org.springframework.transaction.interceptor.TransactionInterceptor#0,org.springframework.transaction.config.internalTransactionAdvisor,org.springframework.context.annotation.ConfigurationClassPostProcessor.importAwareProcessor,org.springframework.context.annotation.ConfigurationClassPostProcessor.enhancedConfigurationProcessor]; root of factory hierarchy
org.springframework.beans.factory.support.AbstractBeanFactory 2015-04-14 23:23:10,456 DEBUG - Returning cached instance of singleton bean &apos;org.springframework.context.annotation.internalConfigurationAnnotationProcessor&apos;
org.springframework.beans.factory.support.AbstractBeanFactory 2015-04-14 23:23:10,456 DEBUG - Returning cached instance of singleton bean &apos;org.springframework.context.annotation.internalAutowiredAnnotationProcessor&apos;
org.springframework.beans.factory.support.AbstractBeanFactory 2015-04-14 23:23:10,456 DEBUG - Returning cached instance of singleton bean &apos;org.springframework.context.annotation.internalRequiredAnnotationProcessor&apos;
org.springframework.beans.factory.support.AbstractBeanFactory 2015-04-14 23:23:10,456 DEBUG - Returning cached instance of singleton bean &apos;org.springframework.context.annotation.internalCommonAnnotationProcessor&apos;
org.springframework.beans.factory.support.AbstractBeanFactory 2015-04-14 23:23:10,456 DEBUG - Returning cached instance of singleton bean &apos;org.springframework.context.annotation.internalPersistenceAnnotationProcessor&apos;
org.springframework.beans.factory.support.DefaultSingletonBeanRegistry 2015-04-14 23:23:10,456 DEBUG - Creating shared instance of singleton bean &apos;dataSource&apos;
org.springframework.beans.factory.support.AbstractAutowireCapableBeanFactory 2015-04-14 23:23:10,456 DEBUG - Creating instance of bean &apos;dataSource&apos;
org.springframework.beans.factory.support.AbstractAutowireCapableBeanFactory 2015-04-14 23:23:10,466 DEBUG - Eagerly caching bean &apos;dataSource&apos; to allow for resolving potential circular references
org.springframework.beans.CachedIntrospectionResults 2015-04-14 23:23:10,466 TRACE - Getting BeanInfo for class [org.apache.commons.dbcp.BasicDataSource]
org.springframework.beans.CachedIntrospectionResults 2015-04-14 23:23:10,486 TRACE - Caching PropertyDescriptors for class [org.apache.commons.dbcp.BasicDataSource]
org.springframework.beans.CachedIntrospectionResults 2015-04-14 23:23:10,486 TRACE - Found bean property &apos;accessToUnderlyingConnectionAllowed&apos; of type [boolean]
org.springframework.beans.CachedIntrospectionResults 2015-04-14 23:23:10,486 TRACE - Found bean property &apos;class&apos; of type [java.lang.Class]
org.springframework.beans.CachedIntrospectionResults 2015-04-14 23:23:10,486 TRACE - Found bean property &apos;closed&apos; of type [boolean]
org.springframework.beans.CachedIntrospectionResults 2015-04-14 23:23:10,486 TRACE - Found bean property &apos;connection&apos; of type [java.sql.Connection]
org.springframework.beans.CachedIntrospectionResults 2015-04-14 23:23:10,486 TRACE - Found bean property &apos;connectionInitSqls&apos; of type [java.util.Collection]
org.springframework.beans.CachedIntrospectionResults 2015-04-14 23:23:10,486 TRACE - Found bean property &apos;connectionProperties&apos; of type [java.lang.String]
org.springframework.beans.CachedIntrospectionResults 2015-04-14 23:23:10,496 TRACE - Found bean property &apos;defaultAutoCommit&apos; of type [boolean]
org.springframework.beans.CachedIntrospectionResults 2015-04-14 23:23:10,496 TRACE - Found bean property &apos;defaultCatalog&apos; of type [java.lang.String]
org.springframework.beans.CachedIntrospectionResults 2015-04-14 23:23:10,496 TRACE - Found bean property &apos;defaultReadOnly&apos; of type [boolean]
org.springframework.beans.CachedIntrospectionResults 2015-04-14 23:23:10,496 TRACE - Found bean property &apos;defaultTransactionIsolation&apos; of type [int]
org.springframework.beans.CachedIntrospectionResults 2015-04-14 23:23:10,496 TRACE - Found bean property &apos;driverClassLoader&apos; of type [java.lang.ClassLoader]
org.springframework.beans.CachedIntrospectionResults 2015-04-14 23:23:10,496 TRACE - Found bean property &apos;driverClassName&apos; of type [java.lang.String]
org.springframework.beans.CachedIntrospectionResults 2015-04-14 23:23:10,496 TRACE - Found bean property &apos;initialSize&apos; of type [int]
org.springframework.beans.CachedIntrospectionResults 2015-04-14 23:23:10,496 TRACE - Found bean property &apos;logAbandoned&apos; of type [boolean]
org.springframework.beans.CachedIntrospectionResults 2015-04-14 23:23:10,496 TRACE - Found bean property &apos;logWriter&apos; of type [java.io.PrintWriter]
org.springframework.beans.CachedIntrospectionResults 2015-04-14 23:23:10,496 TRACE - Found bean property &apos;loginTimeout&apos; of type [int]
org.springframework.beans.CachedIntrospectionResults 2015-04-14 23:23:10,496 TRACE - Found bean property &apos;maxActive&apos; of type [int]
org.springframework.beans.CachedIntrospectionResults 2015-04-14 23:23:10,496 TRACE - Found bean property &apos;maxIdle&apos; of type [int]
org.springframework.beans.CachedIntrospectionResults 2015-04-14 23:23:10,496 TRACE - Found bean property &apos;maxOpenPreparedStatements&apos; of type [int]
org.springframework.beans.CachedIntrospectionResults 2015-04-14 23:23:10,496 TRACE - Found bean property &apos;maxWait&apos; of type [long]
org.springframework.beans.CachedIntrospectionResults 2015-04-14 23:23:10,496 TRACE - Found bean property &apos;minEvictableIdleTimeMillis&apos; of type [long]
org.springframework.beans.CachedIntrospectionResults 2015-04-14 23:23:10,496 TRACE - Found bean property &apos;minIdle&apos; of type [int]
org.springframework.beans.CachedIntrospectionResults 2015-04-14 23:23:10,496 TRACE - Found bean property &apos;numActive&apos; of type [int]
org.springframework.beans.CachedIntrospectionResults 2015-04-14 23:23:10,496 TRACE - Found bean property &apos;numIdle&apos; of type [int]
org.springframework.beans.CachedIntrospectionResults 2015-04-14 23:23:10,496 TRACE - Found bean property &apos;numTestsPerEvictionRun&apos; of type [int]
org.springframework.beans.CachedIntrospectionResults 2015-04-14 23:23:10,496 TRACE - Found bean property &apos;password&apos; of type [java.lang.String]
org.springframework.beans.CachedIntrospectionResults 2015-04-14 23:23:10,506 TRACE - Found bean property &apos;poolPreparedStatements&apos; of type [boolean]
org.springframework.beans.CachedIntrospectionResults 2015-04-14 23:23:10,506 TRACE - Found bean property &apos;removeAbandoned&apos; of type [boolean]
org.springframework.beans.CachedIntrospectionResults 2015-04-14 23:23:10,506 TRACE - Found bean property &apos;removeAbandonedTimeout&apos; of type [int]
org.springframework.beans.CachedIntrospectionResults 2015-04-14 23:23:10,506 TRACE - Found bean property &apos;testOnBorrow&apos; of type [boolean]
org.springframework.beans.CachedIntrospectionResults 2015-04-14 23:23:10,506 TRACE - Found bean property &apos;testOnReturn&apos; of type [boolean]
org.springframework.beans.CachedIntrospectionResults 2015-04-14 23:23:10,506 TRACE - Found bean property &apos;testWhileIdle&apos; of type [boolean]
org.springframework.beans.CachedIntrospectionResults 2015-04-14 23:23:10,506 TRACE - Found bean property &apos;timeBetweenEvictionRunsMillis&apos; of type [long]
org.springframework.beans.CachedIntrospectionResults 2015-04-14 23:23:10,506 TRACE - Found bean property &apos;url&apos; of type [java.lang.String]
org.springframework.beans.CachedIntrospectionResults 2015-04-14 23:23:10,506 TRACE - Found bean property &apos;username&apos; of type [java.lang.String]
org.springframework.beans.CachedIntrospectionResults 2015-04-14 23:23:10,506 TRACE - Found bean property &apos;validationQuery&apos; of type [java.lang.String]
org.springframework.beans.CachedIntrospectionResults 2015-04-14 23:23:10,506 TRACE - Found bean property &apos;validationQueryTimeout&apos; of type [int]
org.springframework.beans.factory.support.DefaultSingletonBeanRegistry 2015-04-14 23:23:10,526 DEBUG - Creating shared instance of singleton bean &apos;org.springframework.transaction.config.internalTransactionAdvisor&apos;
org.springframework.beans.factory.support.AbstractAutowireCapableBeanFactory 2015-04-14 23:23:10,526 DEBUG - Creating instance of bean &apos;org.springframework.transaction.config.internalTransactionAdvisor&apos;
org.springframework.aop.framework.autoproxy.AbstractAutoProxyCreator 2015-04-14 23:23:10,526 TRACE - Did not attempt to auto-proxy infrastructure class [org.springframework.transaction.interceptor.BeanFactoryTransactionAttributeSourceAdvisor]
org.springframework.beans.factory.support.AbstractAutowireCapableBeanFactory 2015-04-14 23:23:10,526 DEBUG - Eagerly caching bean &apos;org.springframework.transaction.config.internalTransactionAdvisor&apos; to allow for resolving potential circular references
org.springframework.beans.CachedIntrospectionResults 2015-04-14 23:23:10,526 TRACE - Getting BeanInfo for class [org.springframework.transaction.interceptor.BeanFactoryTransactionAttributeSourceAdvisor]
org.springframework.beans.CachedIntrospectionResults 2015-04-14 23:23:10,536 TRACE - Caching PropertyDescriptors for class [org.springframework.transaction.interceptor.BeanFactoryTransactionAttributeSourceAdvisor]
org.springframework.beans.CachedIntrospectionResults 2015-04-14 23:23:10,536 TRACE - Found bean property &apos;advice&apos; of type [org.aopalliance.aop.Advice]
org.springframework.beans.CachedIntrospectionResults 2015-04-14 23:23:10,537 TRACE - Found bean property &apos;adviceBeanName&apos; of type [java.lang.String]
org.springframework.beans.CachedIntrospectionResults 2015-04-14 23:23:10,537 TRACE - Found bean property &apos;beanFactory&apos; of type [org.springframework.beans.factory.BeanFactory]
org.springframework.beans.CachedIntrospectionResults 2015-04-14 23:23:10,538 TRACE - Found bean property &apos;class&apos; of type [java.lang.Class]
org.springframework.beans.CachedIntrospectionResults 2015-04-14 23:23:10,538 TRACE - Found bean property &apos;classFilter&apos; of type [org.springframework.aop.ClassFilter]
org.springframework.beans.CachedIntrospectionResults 2015-04-14 23:23:10,539 TRACE - Found bean property &apos;order&apos; of type [int]
org.springframework.beans.CachedIntrospectionResults 2015-04-14 23:23:10,539 TRACE - Found bean property &apos;perInstance&apos; of type [boolean]
org.springframework.beans.CachedIntrospectionResults 2015-04-14 23:23:10,539 TRACE - Found bean property &apos;pointcut&apos; of type [org.springframework.aop.Pointcut]
org.springframework.beans.CachedIntrospectionResults 2015-04-14 23:23:10,540 TRACE - Found bean property &apos;transactionAttributeSource&apos; of type [org.springframework.transaction.interceptor.TransactionAttributeSource]
org.springframework.beans.factory.support.DefaultSingletonBeanRegistry 2015-04-14 23:23:10,540 DEBUG - Creating shared instance of singleton bean &apos;org.springframework.transaction.annotation.AnnotationTransactionAttributeSource#0&apos;
org.springframework.beans.factory.support.AbstractAutowireCapableBeanFactory 2015-04-14 23:23:10,541 DEBUG - Creating instance of bean &apos;org.springframework.transaction.annotation.AnnotationTransactionAttributeSource#0&apos;
org.springframework.beans.factory.support.AbstractAutowireCapableBeanFactory 2015-04-14 23:23:10,542 DEBUG - Eagerly caching bean &apos;org.springframework.transaction.annotation.AnnotationTransactionAttributeSource#0&apos; to allow for resolving potential circular references
org.springframework.beans.CachedIntrospectionResults 2015-04-14 23:23:10,542 TRACE - Getting BeanInfo for class [org.springframework.transaction.annotation.AnnotationTransactionAttributeSource]
org.springframework.beans.CachedIntrospectionResults 2015-04-14 23:23:10,546 TRACE - Caching PropertyDescriptors for class [org.springframework.transaction.annotation.AnnotationTransactionAttributeSource]
org.springframework.beans.CachedIntrospectionResults 2015-04-14 23:23:10,547 TRACE - Found bean property &apos;class&apos; of type [java.lang.Class]
org.springframework.aop.framework.autoproxy.BeanFactoryAdvisorRetrievalHelper 2015-04-14 23:23:10,547 DEBUG - Skipping currently created advisor &apos;org.springframework.transaction.config.internalTransactionAdvisor&apos;
org.springframework.beans.factory.support.AbstractAutowireCapableBeanFactory 2015-04-14 23:23:10,550 DEBUG - Finished creating instance of bean &apos;org.springframework.transaction.annotation.AnnotationTransactionAttributeSource#0&apos;
org.springframework.beans.factory.support.AbstractAutowireCapableBeanFactory 2015-04-14 23:23:10,551 DEBUG - Finished creating instance of bean &apos;org.springframework.transaction.config.internalTransactionAdvisor&apos;
org.springframework.beans.factory.support.AbstractAutowireCapableBeanFactory 2015-04-14 23:23:10,556 DEBUG - Finished creating instance of bean &apos;dataSource&apos;
org.springframework.beans.factory.support.DefaultSingletonBeanRegistry 2015-04-14 23:23:10,556 DEBUG - Creating shared instance of singleton bean &apos;sessionFactory&apos;
org.springframework.beans.factory.support.AbstractAutowireCapableBeanFactory 2015-04-14 23:23:10,557 DEBUG - Creating instance of bean &apos;sessionFactory&apos;
org.springframework.beans.factory.support.AbstractAutowireCapableBeanFactory 2015-04-14 23:23:10,558 DEBUG - Eagerly caching bean &apos;sessionFactory&apos; to allow for resolving potential circular references
org.springframework.beans.CachedIntrospectionResults 2015-04-14 23:23:10,558 TRACE - Getting BeanInfo for class [org.springframework.orm.hibernate4.LocalSessionFactoryBean]
org.springframework.beans.CachedIntrospectionResults 2015-04-14 23:23:10,568 TRACE - Caching PropertyDescriptors for class [org.springframework.orm.hibernate4.LocalSessionFactoryBean]
org.springframework.beans.CachedIntrospectionResults 2015-04-14 23:23:10,568 TRACE - Found bean property &apos;annotatedClasses&apos; of type [[Ljava.lang.Class;]
org.springframework.beans.CachedIntrospectionResults 2015-04-14 23:23:10,568 TRACE - Found bean property &apos;annotatedPackages&apos; of type [[Ljava.lang.String;]
org.springframework.beans.CachedIntrospectionResults 2015-04-14 23:23:10,568 TRACE - Found bean property &apos;cacheRegionFactory&apos; of type [org.hibernate.cache.spi.RegionFactory]
org.springframework.beans.CachedIntrospectionResults 2015-04-14 23:23:10,568 TRACE - Found bean property &apos;cacheableMappingLocations&apos; of type [[Lorg.springframework.core.io.Resource;]
org.springframework.beans.CachedIntrospectionResults 2015-04-14 23:23:10,568 TRACE - Found bean property &apos;class&apos; of type [java.lang.Class]
org.springframework.beans.CachedIntrospectionResults 2015-04-14 23:23:10,568 TRACE - Found bean property &apos;configLocation&apos; of type [org.springframework.core.io.Resource]
org.springframework.beans.CachedIntrospectionResults 2015-04-14 23:23:10,568 TRACE - Found bean property &apos;configLocations&apos; of type [[Lorg.springframework.core.io.Resource;]
org.springframework.beans.CachedIntrospectionResults 2015-04-14 23:23:10,568 TRACE - Found bean property &apos;configuration&apos; of type [org.hibernate.cfg.Configuration]
org.springframework.beans.CachedIntrospectionResults 2015-04-14 23:23:10,568 TRACE - Found bean property &apos;currentTenantIdentifierResolver&apos; of type [java.lang.Object]
org.springframework.beans.CachedIntrospectionResults 2015-04-14 23:23:10,568 TRACE - Found bean property &apos;dataSource&apos; of type [javax.sql.DataSource]
org.springframework.beans.CachedIntrospectionResults 2015-04-14 23:23:10,568 TRACE - Found bean property &apos;entityInterceptor&apos; of type [org.hibernate.Interceptor]
org.springframework.beans.CachedIntrospectionResults 2015-04-14 23:23:10,568 TRACE - Found bean property &apos;entityTypeFilters&apos; of type [[Lorg.springframework.core.type.filter.TypeFilter;]
org.springframework.beans.CachedIntrospectionResults 2015-04-14 23:23:10,568 TRACE - Found bean property &apos;hibernateProperties&apos; of type [java.util.Properties]
org.springframework.beans.CachedIntrospectionResults 2015-04-14 23:23:10,568 TRACE - Found bean property &apos;jtaTransactionManager&apos; of type [java.lang.Object]
org.springframework.beans.CachedIntrospectionResults 2015-04-14 23:23:10,568 TRACE - Found bean property &apos;mappingDirectoryLocations&apos; of type [[Lorg.springframework.core.io.Resource;]
org.springframework.beans.CachedIntrospectionResults 2015-04-14 23:23:10,568 TRACE - Found bean property &apos;mappingJarLocations&apos; of type [[Lorg.springframework.core.io.Resource;]
org.springframework.beans.CachedIntrospectionResults 2015-04-14 23:23:10,568 TRACE - Found bean property &apos;mappingLocations&apos; of type [[Lorg.springframework.core.io.Resource;]
org.springframework.beans.CachedIntrospectionResults 2015-04-14 23:23:10,578 TRACE - Found bean property &apos;mappingResources&apos; of type [[Ljava.lang.String;]
org.springframework.beans.CachedIntrospectionResults 2015-04-14 23:23:10,578 TRACE - Found bean property &apos;multiTenantConnectionProvider&apos; of type [java.lang.Object]
org.springframework.beans.CachedIntrospectionResults 2015-04-14 23:23:10,578 TRACE - Found bean property &apos;namingStrategy&apos; of type [org.hibernate.cfg.NamingStrategy]
org.springframework.beans.CachedIntrospectionResults 2015-04-14 23:23:10,578 TRACE - Found bean property &apos;object&apos; of type [org.hibernate.SessionFactory]
org.springframework.beans.CachedIntrospectionResults 2015-04-14 23:23:10,578 TRACE - Found bean property &apos;objectType&apos; of type [java.lang.Class]
org.springframework.beans.CachedIntrospectionResults 2015-04-14 23:23:10,578 TRACE - Found bean property &apos;packagesToScan&apos; of type [[Ljava.lang.String;]
org.springframework.beans.CachedIntrospectionResults 2015-04-14 23:23:10,578 TRACE - Found bean property &apos;resourceLoader&apos; of type [org.springframework.core.io.ResourceLoader]
org.springframework.beans.CachedIntrospectionResults 2015-04-14 23:23:10,578 TRACE - Found bean property &apos;singleton&apos; of type [boolean]
org.springframework.beans.factory.support.AbstractBeanFactory 2015-04-14 23:23:10,578 DEBUG - Returning cached instance of singleton bean &apos;dataSource&apos;
org.springframework.beans.TypeConverterDelegate 2015-04-14 23:23:10,578 TRACE - Converting String to [class java.lang.Class] using property editor [org.springframework.beans.propertyeditors.ClassEditor@4f83df68]
org.springframework.beans.TypeConverterDelegate 2015-04-14 23:23:10,578 TRACE - Converting String to [class java.lang.Class] using property editor [org.springframework.beans.propertyeditors.ClassEditor@4f83df68]
org.springframework.beans.TypeConverterDelegate 2015-04-14 23:23:10,588 TRACE - Converting String to [class java.lang.Class] using property editor [org.springframework.beans.propertyeditors.ClassEditor@4f83df68]
org.springframework.beans.TypeConverterDelegate 2015-04-14 23:23:10,588 TRACE - Converting String to [class java.lang.Class] using property editor [org.springframework.beans.propertyeditors.ClassEditor@4f83df68]
org.springframework.beans.TypeConverterDelegate 2015-04-14 23:23:10,588 TRACE - Converting String to [class java.lang.Class] using property editor [org.springframework.beans.propertyeditors.ClassEditor@4f83df68]
org.springframework.beans.factory.support.AbstractAutowireCapableBeanFactory 2015-04-14 23:23:10,598 DEBUG - Invoking afterPropertiesSet() on bean with name &apos;sessionFactory&apos;
org.hibernate.cfg.Configuration 2015-04-14 23:23:10,648 DEBUG - Logging Provider: org.jboss.logging.Log4jLoggerProvider
org.hibernate.type.BasicTypeRegistry 2015-04-14 23:23:10,678 DEBUG - Adding type registration boolean -&gt; org.hibernate.type.BooleanType@b2c9a9c
org.hibernate.type.BasicTypeRegistry 2015-04-14 23:23:10,678 DEBUG - Adding type registration boolean -&gt; org.hibernate.type.BooleanType@b2c9a9c
org.hibernate.type.BasicTypeRegistry 2015-04-14 23:23:10,678 DEBUG - Adding type registration java.lang.Boolean -&gt; org.hibernate.type.BooleanType@b2c9a9c
org.hibernate.type.BasicTypeRegistry 2015-04-14 23:23:10,678 DEBUG - Adding type registration numeric_boolean -&gt; org.hibernate.type.NumericBooleanType@247bddad
org.hibernate.type.BasicTypeRegistry 2015-04-14 23:23:10,678 DEBUG - Adding type registration true_false -&gt; org.hibernate.type.TrueFalseType@41a2befb
org.hibernate.type.BasicTypeRegistry 2015-04-14 23:23:10,678 DEBUG - Adding type registration yes_no -&gt; org.hibernate.type.YesNoType@131ef10
org.hibernate.type.BasicTypeRegistry 2015-04-14 23:23:10,688 DEBUG - Adding type registration byte -&gt; org.hibernate.type.ByteType@7c9d8e2
org.hibernate.type.BasicTypeRegistry 2015-04-14 23:23:10,688 DEBUG - Adding type registration byte -&gt; org.hibernate.type.ByteType@7c9d8e2
org.hibernate.type.BasicTypeRegistry 2015-04-14 23:23:10,688 DEBUG - Adding type registration java.lang.Byte -&gt; org.hibernate.type.ByteType@7c9d8e2
org.hibernate.type.BasicTypeRegistry 2015-04-14 23:23:10,688 DEBUG - Adding type registration character -&gt; org.hibernate.type.CharacterType@6f4a47c7
org.hibernate.type.BasicTypeRegistry 2015-04-14 23:23:10,688 DEBUG - Adding type registration char -&gt; org.hibernate.type.CharacterType@6f4a47c7
org.hibernate.type.BasicTypeRegistry 2015-04-14 23:23:10,688 DEBUG - Adding type registration java.lang.Character -&gt; org.hibernate.type.CharacterType@6f4a47c7
org.hibernate.type.BasicTypeRegistry 2015-04-14 23:23:10,688 DEBUG - Adding type registration short -&gt; org.hibernate.type.ShortType@22fcf7ab
org.hibernate.type.BasicTypeRegistry 2015-04-14 23:23:10,688 DEBUG - Adding type registration short -&gt; org.hibernate.type.ShortType@22fcf7ab
org.hibernate.type.BasicTypeRegistry 2015-04-14 23:23:10,688 DEBUG - Adding type registration java.lang.Short -&gt; org.hibernate.type.ShortType@22fcf7ab
org.hibernate.type.BasicTypeRegistry 2015-04-14 23:23:10,688 DEBUG - Adding type registration integer -&gt; org.hibernate.type.IntegerType@305b7c14
org.hibernate.type.BasicTypeRegistry 2015-04-14 23:23:10,698 DEBUG - Adding type registration int -&gt; org.hibernate.type.IntegerType@305b7c14
org.hibernate.type.BasicTypeRegistry 2015-04-14 23:23:10,698 DEBUG - Adding type registration java.lang.Integer -&gt; org.hibernate.type.IntegerType@305b7c14
org.hibernate.type.BasicTypeRegistry 2015-04-14 23:23:10,698 DEBUG - Adding type registration long -&gt; org.hibernate.type.LongType@13b6aecc
org.hibernate.type.BasicTypeRegistry 2015-04-14 23:23:10,698 DEBUG - Adding type registration long -&gt; org.hibernate.type.LongType@13b6aecc
org.hibernate.type.BasicTypeRegistry 2015-04-14 23:23:10,698 DEBUG - Adding type registration java.lang.Long -&gt; org.hibernate.type.LongType@13b6aecc
org.hibernate.type.BasicTypeRegistry 2015-04-14 23:23:10,698 DEBUG - Adding type registration float -&gt; org.hibernate.type.FloatType@71e9ddb4
org.hibernate.type.BasicTypeRegistry 2015-04-14 23:23:10,698 DEBUG - Adding type registration float -&gt; org.hibernate.type.FloatType@71e9ddb4
org.hibernate.type.BasicTypeRegistry 2015-04-14 23:23:10,698 DEBUG - Adding type registration java.lang.Float -&gt; org.hibernate.type.FloatType@71e9ddb4
org.hibernate.type.BasicTypeRegistry 2015-04-14 23:23:10,698 DEBUG - Adding type registration double -&gt; org.hibernate.type.DoubleType@707194ba
org.hibernate.type.BasicTypeRegistry 2015-04-14 23:23:10,698 DEBUG - Adding type registration double -&gt; org.hibernate.type.DoubleType@707194ba
org.hibernate.type.BasicTypeRegistry 2015-04-14 23:23:10,698 DEBUG - Adding type registration java.lang.Double -&gt; org.hibernate.type.DoubleType@707194ba
org.hibernate.type.BasicTypeRegistry 2015-04-14 23:23:10,708 DEBUG - Adding type registration big_decimal -&gt; org.hibernate.type.BigDecimalType@f79e
org.hibernate.type.BasicTypeRegistry 2015-04-14 23:23:10,708 DEBUG - Adding type registration java.math.BigDecimal -&gt; org.hibernate.type.BigDecimalType@f79e
org.hibernate.type.BasicTypeRegistry 2015-04-14 23:23:10,708 DEBUG - Adding type registration big_integer -&gt; org.hibernate.type.BigIntegerType@7494f96a
org.hibernate.type.BasicTypeRegistry 2015-04-14 23:23:10,708 DEBUG - Adding type registration java.math.BigInteger -&gt; org.hibernate.type.BigIntegerType@7494f96a
org.hibernate.type.BasicTypeRegistry 2015-04-14 23:23:10,708 DEBUG - Adding type registration string -&gt; org.hibernate.type.StringType@49e5f737
org.hibernate.type.BasicTypeRegistry 2015-04-14 23:23:10,708 DEBUG - Adding type registration java.lang.String -&gt; org.hibernate.type.StringType@49e5f737
org.hibernate.type.BasicTypeRegistry 2015-04-14 23:23:10,708 DEBUG - Adding type registration nstring -&gt; org.hibernate.type.StringNVarcharType@6aaceffd
org.hibernate.type.BasicTypeRegistry 2015-04-14 23:23:10,708 DEBUG - Adding type registration ncharacter -&gt; org.hibernate.type.CharacterNCharType@ed7f8b4
org.hibernate.type.BasicTypeRegistry 2015-04-14 23:23:10,708 DEBUG - Adding type registration url -&gt; org.hibernate.type.UrlType@4e3958e7
org.hibernate.type.BasicTypeRegistry 2015-04-14 23:23:10,718 DEBUG - Adding type registration java.net.URL -&gt; org.hibernate.type.UrlType@4e3958e7
org.hibernate.type.BasicTypeRegistry 2015-04-14 23:23:10,718 DEBUG - Adding type registration date -&gt; org.hibernate.type.DateType@2d2ffcb7
org.hibernate.type.BasicTypeRegistry 2015-04-14 23:23:10,718 DEBUG - Adding type registration java.sql.Date -&gt; org.hibernate.type.DateType@2d2ffcb7
org.hibernate.type.BasicTypeRegistry 2015-04-14 23:23:10,718 DEBUG - Adding type registration time -&gt; org.hibernate.type.TimeType@5f8edcc5
org.hibernate.type.BasicTypeRegistry 2015-04-14 23:23:10,718 DEBUG - Adding type registration java.sql.Time -&gt; org.hibernate.type.TimeType@5f8edcc5
org.hibernate.type.BasicTypeRegistry 2015-04-14 23:23:10,718 DEBUG - Adding type registration timestamp -&gt; org.hibernate.type.TimestampType@6e509ffa
org.hibernate.type.BasicTypeRegistry 2015-04-14 23:23:10,718 DEBUG - Adding type registration java.sql.Timestamp -&gt; org.hibernate.type.TimestampType@6e509ffa
org.hibernate.type.BasicTypeRegistry 2015-04-14 23:23:10,718 DEBUG - Adding type registration java.util.Date -&gt; org.hibernate.type.TimestampType@6e509ffa
org.hibernate.type.BasicTypeRegistry 2015-04-14 23:23:10,728 DEBUG - Adding type registration dbtimestamp -&gt; org.hibernate.type.DbTimestampType@68267da0
org.hibernate.type.BasicTypeRegistry 2015-04-14 23:23:10,728 DEBUG - Adding type registration calendar -&gt; org.hibernate.type.CalendarType@2f465398
org.hibernate.type.BasicTypeRegistry 2015-04-14 23:23:10,728 DEBUG - Adding type registration java.util.Calendar -&gt; org.hibernate.type.CalendarType@2f465398
org.hibernate.type.BasicTypeRegistry 2015-04-14 23:23:10,728 DEBUG - Adding type registration java.util.GregorianCalendar -&gt; org.hibernate.type.CalendarType@2f465398
org.hibernate.type.BasicTypeRegistry 2015-04-14 23:23:10,728 DEBUG - Adding type registration calendar_date -&gt; org.hibernate.type.CalendarDateType@a1cdc6d
org.hibernate.type.BasicTypeRegistry 2015-04-14 23:23:10,728 DEBUG - Adding type registration locale -&gt; org.hibernate.type.LocaleType@21b2e768
org.hibernate.type.BasicTypeRegistry 2015-04-14 23:23:10,728 DEBUG - Adding type registration java.util.Locale -&gt; org.hibernate.type.LocaleType@21b2e768
org.hibernate.type.BasicTypeRegistry 2015-04-14 23:23:10,728 DEBUG - Adding type registration currency -&gt; org.hibernate.type.CurrencyType@76ed1b7c
org.hibernate.type.BasicTypeRegistry 2015-04-14 23:23:10,728 DEBUG - Adding type registration java.util.Currency -&gt; org.hibernate.type.CurrencyType@76ed1b7c
org.hibernate.type.BasicTypeRegistry 2015-04-14 23:23:10,738 DEBUG - Adding type registration timezone -&gt; org.hibernate.type.TimeZoneType@fa36558
org.hibernate.type.BasicTypeRegistry 2015-04-14 23:23:10,738 DEBUG - Adding type registration java.util.TimeZone -&gt; org.hibernate.type.TimeZoneType@fa36558
org.hibernate.type.BasicTypeRegistry 2015-04-14 23:23:10,738 DEBUG - Adding type registration class -&gt; org.hibernate.type.ClassType@fd07cbb
org.hibernate.type.BasicTypeRegistry 2015-04-14 23:23:10,738 DEBUG - Adding type registration java.lang.Class -&gt; org.hibernate.type.ClassType@fd07cbb
org.hibernate.type.BasicTypeRegistry 2015-04-14 23:23:10,738 DEBUG - Adding type registration uuid-binary -&gt; org.hibernate.type.UUIDBinaryType@55740540
org.hibernate.type.BasicTypeRegistry 2015-04-14 23:23:10,738 DEBUG - Adding type registration java.util.UUID -&gt; org.hibernate.type.UUIDBinaryType@55740540
org.hibernate.type.BasicTypeRegistry 2015-04-14 23:23:10,738 DEBUG - Adding type registration uuid-char -&gt; org.hibernate.type.UUIDCharType@1018bde2
org.hibernate.type.BasicTypeRegistry 2015-04-14 23:23:10,738 DEBUG - Adding type registration pg-uuid -&gt; org.hibernate.type.PostgresUUIDType@2a266d09
org.hibernate.type.BasicTypeRegistry 2015-04-14 23:23:10,748 DEBUG - Adding type registration binary -&gt; org.hibernate.type.BinaryType@11c9af63
org.hibernate.type.BasicTypeRegistry 2015-04-14 23:23:10,748 DEBUG - Adding type registration byte[] -&gt; org.hibernate.type.BinaryType@11c9af63
org.hibernate.type.BasicTypeRegistry 2015-04-14 23:23:10,748 DEBUG - Adding type registration [B -&gt; org.hibernate.type.BinaryType@11c9af63
org.hibernate.type.BasicTypeRegistry 2015-04-14 23:23:10,748 DEBUG - Adding type registration wrapper-binary -&gt; org.hibernate.type.WrapperBinaryType@3943a2be
org.hibernate.type.BasicTypeRegistry 2015-04-14 23:23:10,748 DEBUG - Adding type registration Byte[] -&gt; org.hibernate.type.WrapperBinaryType@3943a2be
org.hibernate.type.BasicTypeRegistry 2015-04-14 23:23:10,748 DEBUG - Adding type registration [Ljava.lang.Byte; -&gt; org.hibernate.type.WrapperBinaryType@3943a2be
org.hibernate.type.BasicTypeRegistry 2015-04-14 23:23:10,748 DEBUG - Adding type registration image -&gt; org.hibernate.type.ImageType@3cc1435c
org.hibernate.type.BasicTypeRegistry 2015-04-14 23:23:10,758 DEBUG - Adding type registration characters -&gt; org.hibernate.type.CharArrayType@36d585c
org.hibernate.type.BasicTypeRegistry 2015-04-14 23:23:10,758 DEBUG - Adding type registration char[] -&gt; org.hibernate.type.CharArrayType@36d585c
org.hibernate.type.BasicTypeRegistry 2015-04-14 23:23:10,758 DEBUG - Adding type registration [C -&gt; org.hibernate.type.CharArrayType@36d585c
org.hibernate.type.BasicTypeRegistry 2015-04-14 23:23:10,758 DEBUG - Adding type registration wrapper-characters -&gt; org.hibernate.type.CharacterArrayType@55f616cf
org.hibernate.type.BasicTypeRegistry 2015-04-14 23:23:10,758 DEBUG - Adding type registration [Ljava.lang.Character; -&gt; org.hibernate.type.CharacterArrayType@55f616cf
org.hibernate.type.BasicTypeRegistry 2015-04-14 23:23:10,758 DEBUG - Adding type registration Character[] -&gt; org.hibernate.type.CharacterArrayType@55f616cf
org.hibernate.type.BasicTypeRegistry 2015-04-14 23:23:10,758 DEBUG - Adding type registration text -&gt; org.hibernate.type.TextType@41c2284a
org.hibernate.type.BasicTypeRegistry 2015-04-14 23:23:10,758 DEBUG - Adding type registration ntext -&gt; org.hibernate.type.NTextType@4a668b6e
org.hibernate.type.BasicTypeRegistry 2015-04-14 23:23:10,768 DEBUG - Adding type registration blob -&gt; org.hibernate.type.BlobType@3541cb24
org.hibernate.type.BasicTypeRegistry 2015-04-14 23:23:10,768 DEBUG - Adding type registration java.sql.Blob -&gt; org.hibernate.type.BlobType@3541cb24
org.hibernate.type.BasicTypeRegistry 2015-04-14 23:23:10,768 DEBUG - Adding type registration materialized_blob -&gt; org.hibernate.type.MaterializedBlobType@13b13b5d
org.hibernate.type.BasicTypeRegistry 2015-04-14 23:23:10,778 DEBUG - Adding type registration clob -&gt; org.hibernate.type.ClobType@26275bef
org.hibernate.type.BasicTypeRegistry 2015-04-14 23:23:10,778 DEBUG - Adding type registration java.sql.Clob -&gt; org.hibernate.type.ClobType@26275bef
org.hibernate.type.BasicTypeRegistry 2015-04-14 23:23:10,778 DEBUG - Adding type registration nclob -&gt; org.hibernate.type.NClobType@2cd2a21f
org.hibernate.type.BasicTypeRegistry 2015-04-14 23:23:10,778 DEBUG - Adding type registration java.sql.NClob -&gt; org.hibernate.type.NClobType@2cd2a21f
org.hibernate.type.BasicTypeRegistry 2015-04-14 23:23:10,778 DEBUG - Adding type registration materialized_clob -&gt; org.hibernate.type.MaterializedClobType@e7edb54
org.hibernate.type.BasicTypeRegistry 2015-04-14 23:23:10,778 DEBUG - Adding type registration materialized_nclob -&gt; org.hibernate.type.MaterializedNClobType@69e1dd28
org.hibernate.type.BasicTypeRegistry 2015-04-14 23:23:10,778 DEBUG - Adding type registration serializable -&gt; org.hibernate.type.SerializableType@67080771
org.hibernate.type.BasicTypeRegistry 2015-04-14 23:23:10,789 DEBUG - Adding type registration object -&gt; org.hibernate.type.ObjectType@a3d8174
org.hibernate.type.BasicTypeRegistry 2015-04-14 23:23:10,789 DEBUG - Adding type registration java.lang.Object -&gt; org.hibernate.type.ObjectType@a3d8174
org.hibernate.type.BasicTypeRegistry 2015-04-14 23:23:10,789 DEBUG - Adding type registration imm_date -&gt; org.hibernate.type.AdaptedImmutableType@272ed83b
org.hibernate.type.BasicTypeRegistry 2015-04-14 23:23:10,789 DEBUG - Adding type registration imm_time -&gt; org.hibernate.type.AdaptedImmutableType@41fecb8b
org.hibernate.type.BasicTypeRegistry 2015-04-14 23:23:10,789 DEBUG - Adding type registration imm_timestamp -&gt; org.hibernate.type.AdaptedImmutableType@120f102b
org.hibernate.type.BasicTypeRegistry 2015-04-14 23:23:10,789 DEBUG - Adding type registration imm_dbtimestamp -&gt; org.hibernate.type.AdaptedImmutableType@625732
org.hibernate.type.BasicTypeRegistry 2015-04-14 23:23:10,789 DEBUG - Adding type registration imm_calendar -&gt; org.hibernate.type.AdaptedImmutableType@51dcb805
org.hibernate.type.BasicTypeRegistry 2015-04-14 23:23:10,789 DEBUG - Adding type registration imm_calendar_date -&gt; org.hibernate.type.AdaptedImmutableType@66498326
org.hibernate.type.BasicTypeRegistry 2015-04-14 23:23:10,789 DEBUG - Adding type registration imm_binary -&gt; org.hibernate.type.AdaptedImmutableType@cad498c
org.hibernate.type.BasicTypeRegistry 2015-04-14 23:23:10,789 DEBUG - Adding type registration imm_serializable -&gt; org.hibernate.type.AdaptedImmutableType@1e6454ec
org.hibernate.annotations.common.reflection.java.JavaReflectionManager 2015-04-14 23:23:10,819 INFO  - HCANN000001: Hibernate Commons Annotations {4.0.5.Final}
org.hibernate.Version 2015-04-14 23:23:10,829 INFO  - HHH000412: Hibernate Core {4.3.8.Final}
org.hibernate.cfg.Environment 2015-04-14 23:23:10,839 INFO  - HHH000206: hibernate.properties not found
org.hibernate.cfg.Environment 2015-04-14 23:23:10,839 INFO  - HHH000021: Bytecode provider name : javassist
org.hibernate.id.factory.internal.DefaultIdentifierGeneratorFactory 2015-04-14 23:23:10,859 DEBUG - Registering IdentifierGenerator strategy [uuid2] -&gt; [org.hibernate.id.UUIDGenerator]
org.hibernate.id.factory.internal.DefaultIdentifierGeneratorFactory 2015-04-14 23:23:10,859 DEBUG - Registering IdentifierGenerator strategy [guid] -&gt; [org.hibernate.id.GUIDGenerator]
org.hibernate.id.factory.internal.DefaultIdentifierGeneratorFactory 2015-04-14 23:23:10,859 DEBUG - Registering IdentifierGenerator strategy [uuid] -&gt; [org.hibernate.id.UUIDHexGenerator]
org.hibernate.id.factory.internal.DefaultIdentifierGeneratorFactory 2015-04-14 23:23:10,859 DEBUG - Registering IdentifierGenerator strategy [uuid.hex] -&gt; [org.hibernate.id.UUIDHexGenerator]
org.hibernate.id.factory.internal.DefaultIdentifierGeneratorFactory 2015-04-14 23:23:10,859 DEBUG - Registering IdentifierGenerator strategy [hilo] -&gt; [org.hibernate.id.TableHiLoGenerator]
org.hibernate.id.factory.internal.DefaultIdentifierGeneratorFactory 2015-04-14 23:23:10,869 DEBUG - Registering IdentifierGenerator strategy [assigned] -&gt; [org.hibernate.id.Assigned]
org.hibernate.id.factory.internal.DefaultIdentifierGeneratorFactory 2015-04-14 23:23:10,869 DEBUG - Registering IdentifierGenerator strategy [identity] -&gt; [org.hibernate.id.IdentityGenerator]
org.hibernate.id.factory.internal.DefaultIdentifierGeneratorFactory 2015-04-14 23:23:10,869 DEBUG - Registering IdentifierGenerator strategy [select] -&gt; [org.hibernate.id.SelectGenerator]
org.hibernate.id.factory.internal.DefaultIdentifierGeneratorFactory 2015-04-14 23:23:10,879 DEBUG - Registering IdentifierGenerator strategy [sequence] -&gt; [org.hibernate.id.SequenceGenerator]
org.hibernate.id.factory.internal.DefaultIdentifierGeneratorFactory 2015-04-14 23:23:10,889 DEBUG - Registering IdentifierGenerator strategy [seqhilo] -&gt; [org.hibernate.id.SequenceHiLoGenerator]
org.hibernate.id.factory.internal.DefaultIdentifierGeneratorFactory 2015-04-14 23:23:10,889 DEBUG - Registering IdentifierGenerator strategy [increment] -&gt; [org.hibernate.id.IncrementGenerator]
org.hibernate.id.factory.internal.DefaultIdentifierGeneratorFactory 2015-04-14 23:23:10,889 DEBUG - Registering IdentifierGenerator strategy [foreign] -&gt; [org.hibernate.id.ForeignGenerator]
org.hibernate.id.factory.internal.DefaultIdentifierGeneratorFactory 2015-04-14 23:23:10,889 DEBUG - Registering IdentifierGenerator strategy [sequence-identity] -&gt; [org.hibernate.id.SequenceIdentityGenerator]
org.hibernate.id.factory.internal.DefaultIdentifierGeneratorFactory 2015-04-14 23:23:10,889 DEBUG - Registering IdentifierGenerator strategy [enhanced-sequence] -&gt; [org.hibernate.id.enhanced.SequenceStyleGenerator]
org.hibernate.id.factory.internal.DefaultIdentifierGeneratorFactory 2015-04-14 23:23:10,889 DEBUG - Registering IdentifierGenerator strategy [enhanced-table] -&gt; [org.hibernate.id.enhanced.TableGenerator]
org.hibernate.integrator.internal.IntegratorServiceImpl 2015-04-14 23:23:10,939 DEBUG - Adding Integrator [org.hibernate.cfg.beanvalidation.BeanValidationIntegrator].
org.hibernate.integrator.internal.IntegratorServiceImpl 2015-04-14 23:23:10,941 DEBUG - Adding Integrator [org.hibernate.secure.spi.JaccIntegrator].
org.hibernate.integrator.internal.IntegratorServiceImpl 2015-04-14 23:23:10,941 DEBUG - Adding Integrator [org.hibernate.cache.internal.CollectionCacheInvalidator].
org.hibernate.boot.registry.selector.internal.StrategySelectorImpl 2015-04-14 23:23:10,951 TRACE - Registering named strategy selector [org.hibernate.dialect.Dialect] : [Cache71] -&gt; [org.hibernate.dialect.Cache71Dialect]
org.hibernate.boot.registry.selector.internal.StrategySelectorImpl 2015-04-14 23:23:10,951 TRACE - Registering named strategy selector [org.hibernate.dialect.Dialect] : [CUBRID] -&gt; [org.hibernate.dialect.CUBRIDDialect]
org.hibernate.boot.registry.selector.internal.StrategySelectorImpl 2015-04-14 23:23:10,951 TRACE - Registering named strategy selector [org.hibernate.dialect.Dialect] : [DB2] -&gt; [org.hibernate.dialect.DB2Dialect]
org.hibernate.boot.registry.selector.internal.StrategySelectorImpl 2015-04-14 23:23:10,951 TRACE - Registering named strategy selector [org.hibernate.dialect.Dialect] : [DB2390] -&gt; [org.hibernate.dialect.DB2390Dialect]
org.hibernate.boot.registry.selector.internal.StrategySelectorImpl 2015-04-14 23:23:10,961 TRACE - Registering named strategy selector [org.hibernate.dialect.Dialect] : [DB2400] -&gt; [org.hibernate.dialect.DB2400Dialect]
org.hibernate.boot.registry.selector.internal.StrategySelectorImpl 2015-04-14 23:23:10,961 TRACE - Registering named strategy selector [org.hibernate.dialect.Dialect] : [DerbyTenFive] -&gt; [org.hibernate.dialect.DerbyTenFiveDialect]
org.hibernate.boot.registry.selector.internal.StrategySelectorImpl 2015-04-14 23:23:10,961 TRACE - Registering named strategy selector [org.hibernate.dialect.Dialect] : [DerbyTenSix] -&gt; [org.hibernate.dialect.DerbyTenSixDialect]
org.hibernate.boot.registry.selector.internal.StrategySelectorImpl 2015-04-14 23:23:10,961 TRACE - Registering named strategy selector [org.hibernate.dialect.Dialect] : [DerbyTenSeven] -&gt; [org.hibernate.dialect.DerbyTenSevenDialect]
org.hibernate.boot.registry.selector.internal.StrategySelectorImpl 2015-04-14 23:23:10,961 TRACE - Registering named strategy selector [org.hibernate.dialect.Dialect] : [Firebird] -&gt; [org.hibernate.dialect.FirebirdDialect]
org.hibernate.boot.registry.selector.internal.StrategySelectorImpl 2015-04-14 23:23:10,961 TRACE - Registering named strategy selector [org.hibernate.dialect.Dialect] : [FrontBase] -&gt; [org.hibernate.dialect.FrontBaseDialect]
org.hibernate.boot.registry.selector.internal.StrategySelectorImpl 2015-04-14 23:23:10,971 TRACE - Registering named strategy selector [org.hibernate.dialect.Dialect] : [H2] -&gt; [org.hibernate.dialect.H2Dialect]
org.hibernate.boot.registry.selector.internal.StrategySelectorImpl 2015-04-14 23:23:10,971 TRACE - Registering named strategy selector [org.hibernate.dialect.Dialect] : [HSQL] -&gt; [org.hibernate.dialect.HSQLDialect]
org.hibernate.boot.registry.selector.internal.StrategySelectorImpl 2015-04-14 23:23:10,971 TRACE - Registering named strategy selector [org.hibernate.dialect.Dialect] : [Informix] -&gt; [org.hibernate.dialect.InformixDialect]
org.hibernate.boot.registry.selector.internal.StrategySelectorImpl 2015-04-14 23:23:10,981 TRACE - Registering named strategy selector [org.hibernate.dialect.Dialect] : [Ingres] -&gt; [org.hibernate.dialect.IngresDialect]
org.hibernate.boot.registry.selector.internal.StrategySelectorImpl 2015-04-14 23:23:10,981 TRACE - Registering named strategy selector [org.hibernate.dialect.Dialect] : [Ingres9] -&gt; [org.hibernate.dialect.Ingres9Dialect]
org.hibernate.boot.registry.selector.internal.StrategySelectorImpl 2015-04-14 23:23:10,981 TRACE - Registering named strategy selector [org.hibernate.dialect.Dialect] : [Ingres10] -&gt; [org.hibernate.dialect.Ingres10Dialect]
org.hibernate.boot.registry.selector.internal.StrategySelectorImpl 2015-04-14 23:23:10,981 TRACE - Registering named strategy selector [org.hibernate.dialect.Dialect] : [Interbase] -&gt; [org.hibernate.dialect.InterbaseDialect]
org.hibernate.boot.registry.selector.internal.StrategySelectorImpl 2015-04-14 23:23:10,981 TRACE - Registering named strategy selector [org.hibernate.dialect.Dialect] : [JDataStore] -&gt; [org.hibernate.dialect.JDataStoreDialect]
org.hibernate.boot.registry.selector.internal.StrategySelectorImpl 2015-04-14 23:23:10,981 TRACE - Registering named strategy selector [org.hibernate.dialect.Dialect] : [Mckoi] -&gt; [org.hibernate.dialect.MckoiDialect]
org.hibernate.boot.registry.selector.internal.StrategySelectorImpl 2015-04-14 23:23:10,981 TRACE - Registering named strategy selector [org.hibernate.dialect.Dialect] : [MimerSQL] -&gt; [org.hibernate.dialect.MimerSQLDialect]
org.hibernate.boot.registry.selector.internal.StrategySelectorImpl 2015-04-14 23:23:10,991 TRACE - Registering named strategy selector [org.hibernate.dialect.Dialect] : [MySQL5] -&gt; [org.hibernate.dialect.MySQL5Dialect]
org.hibernate.boot.registry.selector.internal.StrategySelectorImpl 2015-04-14 23:23:10,991 TRACE - Registering named strategy selector [org.hibernate.dialect.Dialect] : [MySQL5InnoDB] -&gt; [org.hibernate.dialect.MySQL5InnoDBDialect]
org.hibernate.boot.registry.selector.internal.StrategySelectorImpl 2015-04-14 23:23:10,991 DEBUG - Registering named strategy selector [org.hibernate.dialect.Dialect] : [MySQL5] -&gt; [org.hibernate.dialect.MySQL5Dialect] (replacing [org.hibernate.dialect.MySQL5Dialect])
org.hibernate.boot.registry.selector.internal.StrategySelectorImpl 2015-04-14 23:23:10,991 DEBUG - Registering named strategy selector [org.hibernate.dialect.Dialect] : [MySQL5InnoDB] -&gt; [org.hibernate.dialect.MySQL5InnoDBDialect] (replacing [org.hibernate.dialect.MySQL5InnoDBDialect])
org.hibernate.boot.registry.selector.internal.StrategySelectorImpl 2015-04-14 23:23:10,991 TRACE - Registering named strategy selector [org.hibernate.dialect.Dialect] : [Oracle8i] -&gt; [org.hibernate.dialect.Oracle8iDialect]
org.hibernate.boot.registry.selector.internal.StrategySelectorImpl 2015-04-14 23:23:11,002 TRACE - Registering named strategy selector [org.hibernate.dialect.Dialect] : [Oracle9i] -&gt; [org.hibernate.dialect.Oracle9iDialect]
org.hibernate.boot.registry.selector.internal.StrategySelectorImpl 2015-04-14 23:23:11,004 TRACE - Registering named strategy selector [org.hibernate.dialect.Dialect] : [Oracle10g] -&gt; [org.hibernate.dialect.Oracle10gDialect]
org.hibernate.boot.registry.selector.internal.StrategySelectorImpl 2015-04-14 23:23:11,005 TRACE - Registering named strategy selector [org.hibernate.dialect.Dialect] : [Pointbase] -&gt; [org.hibernate.dialect.PointbaseDialect]
org.hibernate.boot.registry.selector.internal.StrategySelectorImpl 2015-04-14 23:23:11,008 TRACE - Registering named strategy selector [org.hibernate.dialect.Dialect] : [PostgresPlus] -&gt; [org.hibernate.dialect.PostgresPlusDialect]
org.hibernate.boot.registry.selector.internal.StrategySelectorImpl 2015-04-14 23:23:11,008 TRACE - Registering named strategy selector [org.hibernate.dialect.Dialect] : [PostgreSQL81] -&gt; [org.hibernate.dialect.PostgreSQL81Dialect]
org.hibernate.boot.registry.selector.internal.StrategySelectorImpl 2015-04-14 23:23:11,009 TRACE - Registering named strategy selector [org.hibernate.dialect.Dialect] : [PostgreSQL82] -&gt; [org.hibernate.dialect.PostgreSQL82Dialect]
org.hibernate.boot.registry.selector.internal.StrategySelectorImpl 2015-04-14 23:23:11,010 TRACE - Registering named strategy selector [org.hibernate.dialect.Dialect] : [PostgreSQL9] -&gt; [org.hibernate.dialect.PostgreSQL9Dialect]
org.hibernate.boot.registry.selector.internal.StrategySelectorImpl 2015-04-14 23:23:11,011 TRACE - Registering named strategy selector [org.hibernate.dialect.Dialect] : [Progress] -&gt; [org.hibernate.dialect.ProgressDialect]
org.hibernate.boot.registry.selector.internal.StrategySelectorImpl 2015-04-14 23:23:11,012 TRACE - Registering named strategy selector [org.hibernate.dialect.Dialect] : [SAPDB] -&gt; [org.hibernate.dialect.SAPDBDialect]
org.hibernate.boot.registry.selector.internal.StrategySelectorImpl 2015-04-14 23:23:11,015 TRACE - Registering named strategy selector [org.hibernate.dialect.Dialect] : [SQLServer] -&gt; [org.hibernate.dialect.SQLServerDialect]
org.hibernate.boot.registry.selector.internal.StrategySelectorImpl 2015-04-14 23:23:11,017 TRACE - Registering named strategy selector [org.hibernate.dialect.Dialect] : [SQLServer2005] -&gt; [org.hibernate.dialect.SQLServer2005Dialect]
org.hibernate.boot.registry.selector.internal.StrategySelectorImpl 2015-04-14 23:23:11,018 TRACE - Registering named strategy selector [org.hibernate.dialect.Dialect] : [SQLServer2008] -&gt; [org.hibernate.dialect.SQLServer2008Dialect]
org.hibernate.boot.registry.selector.internal.StrategySelectorImpl 2015-04-14 23:23:11,020 TRACE - Registering named strategy selector [org.hibernate.dialect.Dialect] : [Sybase11] -&gt; [org.hibernate.dialect.Sybase11Dialect]
org.hibernate.boot.registry.selector.internal.StrategySelectorImpl 2015-04-14 23:23:11,021 TRACE - Registering named strategy selector [org.hibernate.dialect.Dialect] : [SybaseAnywhere] -&gt; [org.hibernate.dialect.SybaseAnywhereDialect]
org.hibernate.boot.registry.selector.internal.StrategySelectorImpl 2015-04-14 23:23:11,023 TRACE - Registering named strategy selector [org.hibernate.dialect.Dialect] : [SybaseASE15] -&gt; [org.hibernate.dialect.SybaseASE15Dialect]
org.hibernate.boot.registry.selector.internal.StrategySelectorImpl 2015-04-14 23:23:11,024 TRACE - Registering named strategy selector [org.hibernate.dialect.Dialect] : [SybaseASE157] -&gt; [org.hibernate.dialect.SybaseASE157Dialect]
org.hibernate.boot.registry.selector.internal.StrategySelectorImpl 2015-04-14 23:23:11,026 TRACE - Registering named strategy selector [org.hibernate.dialect.Dialect] : [Teradata] -&gt; [org.hibernate.dialect.TeradataDialect]
org.hibernate.boot.registry.selector.internal.StrategySelectorImpl 2015-04-14 23:23:11,076 TRACE - Registering named strategy selector [org.hibernate.dialect.Dialect] : [TimesTen] -&gt; [org.hibernate.dialect.TimesTenDialect]
org.hibernate.boot.registry.selector.internal.StrategySelectorImpl 2015-04-14 23:23:11,130 TRACE - Registering named strategy selector [org.hibernate.engine.transaction.jta.platform.spi.JtaPlatform] : [Borland] -&gt; [org.hibernate.engine.transaction.jta.platform.internal.BorlandEnterpriseServerJtaPlatform]
org.hibernate.boot.registry.selector.internal.StrategySelectorImpl 2015-04-14 23:23:11,131 TRACE - Registering named strategy selector [org.hibernate.engine.transaction.jta.platform.spi.JtaPlatform] : [org.hibernate.service.jta.platform.internal.BorlandEnterpriseServerJtaPlatform] -&gt; [org.hibernate.engine.transaction.jta.platform.internal.BorlandEnterpriseServerJtaPlatform]
org.hibernate.boot.registry.selector.internal.StrategySelectorImpl 2015-04-14 23:23:11,132 TRACE - Registering named strategy selector [org.hibernate.engine.transaction.jta.platform.spi.JtaPlatform] : [Bitronix] -&gt; [org.hibernate.engine.transaction.jta.platform.internal.BitronixJtaPlatform]
org.hibernate.boot.registry.selector.internal.StrategySelectorImpl 2015-04-14 23:23:11,133 TRACE - Registering named strategy selector [org.hibernate.engine.transaction.jta.platform.spi.JtaPlatform] : [org.hibernate.service.jta.platform.internal.BitronixJtaPlatform] -&gt; [org.hibernate.engine.transaction.jta.platform.internal.BitronixJtaPlatform]
org.hibernate.boot.registry.selector.internal.StrategySelectorImpl 2015-04-14 23:23:11,135 TRACE - Registering named strategy selector [org.hibernate.engine.transaction.jta.platform.spi.JtaPlatform] : [JBossAS] -&gt; [org.hibernate.engine.transaction.jta.platform.internal.JBossAppServerJtaPlatform]
org.hibernate.boot.registry.selector.internal.StrategySelectorImpl 2015-04-14 23:23:11,136 TRACE - Registering named strategy selector [org.hibernate.engine.transaction.jta.platform.spi.JtaPlatform] : [org.hibernate.service.jta.platform.internal.JBossAppServerJtaPlatform] -&gt; [org.hibernate.engine.transaction.jta.platform.internal.JBossAppServerJtaPlatform]
org.hibernate.boot.registry.selector.internal.StrategySelectorImpl 2015-04-14 23:23:11,138 TRACE - Registering named strategy selector [org.hibernate.engine.transaction.jta.platform.spi.JtaPlatform] : [JBossTS] -&gt; [org.hibernate.engine.transaction.jta.platform.internal.JBossStandAloneJtaPlatform]
org.hibernate.boot.registry.selector.internal.StrategySelectorImpl 2015-04-14 23:23:11,139 TRACE - Registering named strategy selector [org.hibernate.engine.transaction.jta.platform.spi.JtaPlatform] : [org.hibernate.service.jta.platform.internal.JBossStandAloneJtaPlatform] -&gt; [org.hibernate.engine.transaction.jta.platform.internal.JBossStandAloneJtaPlatform]
org.hibernate.boot.registry.selector.internal.StrategySelectorImpl 2015-04-14 23:23:11,140 TRACE - Registering named strategy selector [org.hibernate.engine.transaction.jta.platform.spi.JtaPlatform] : [JOnAS] -&gt; [org.hibernate.engine.transaction.jta.platform.internal.JOnASJtaPlatform]
org.hibernate.boot.registry.selector.internal.StrategySelectorImpl 2015-04-14 23:23:11,140 TRACE - Registering named strategy selector [org.hibernate.engine.transaction.jta.platform.spi.JtaPlatform] : [org.hibernate.service.jta.platform.internal.JOnASJtaPlatform] -&gt; [org.hibernate.engine.transaction.jta.platform.internal.JOnASJtaPlatform]
org.hibernate.boot.registry.selector.internal.StrategySelectorImpl 2015-04-14 23:23:11,142 TRACE - Registering named strategy selector [org.hibernate.engine.transaction.jta.platform.spi.JtaPlatform] : [JOTM] -&gt; [org.hibernate.engine.transaction.jta.platform.internal.JOTMJtaPlatform]
org.hibernate.boot.registry.selector.internal.StrategySelectorImpl 2015-04-14 23:23:11,143 TRACE - Registering named strategy selector [org.hibernate.engine.transaction.jta.platform.spi.JtaPlatform] : [org.hibernate.service.jta.platform.internal.JOTMJtaPlatform] -&gt; [org.hibernate.engine.transaction.jta.platform.internal.JOTMJtaPlatform]
org.hibernate.boot.registry.selector.internal.StrategySelectorImpl 2015-04-14 23:23:11,143 TRACE - Registering named strategy selector [org.hibernate.engine.transaction.jta.platform.spi.JtaPlatform] : [JRun4] -&gt; [org.hibernate.engine.transaction.jta.platform.internal.JRun4JtaPlatform]
org.hibernate.boot.registry.selector.internal.StrategySelectorImpl 2015-04-14 23:23:11,143 TRACE - Registering named strategy selector [org.hibernate.engine.transaction.jta.platform.spi.JtaPlatform] : [org.hibernate.service.jta.platform.internal.JRun4JtaPlatform] -&gt; [org.hibernate.engine.transaction.jta.platform.internal.JRun4JtaPlatform]
org.hibernate.boot.registry.selector.internal.StrategySelectorImpl 2015-04-14 23:23:11,143 TRACE - Registering named strategy selector [org.hibernate.engine.transaction.jta.platform.spi.JtaPlatform] : [OC4J] -&gt; [org.hibernate.engine.transaction.jta.platform.internal.OC4JJtaPlatform]
org.hibernate.boot.registry.selector.internal.StrategySelectorImpl 2015-04-14 23:23:11,153 TRACE - Registering named strategy selector [org.hibernate.engine.transaction.jta.platform.spi.JtaPlatform] : [org.hibernate.service.jta.platform.internal.OC4JJtaPlatform] -&gt; [org.hibernate.engine.transaction.jta.platform.internal.OC4JJtaPlatform]
org.hibernate.boot.registry.selector.internal.StrategySelectorImpl 2015-04-14 23:23:11,153 TRACE - Registering named strategy selector [org.hibernate.engine.transaction.jta.platform.spi.JtaPlatform] : [Orion] -&gt; [org.hibernate.engine.transaction.jta.platform.internal.OrionJtaPlatform]
org.hibernate.boot.registry.selector.internal.StrategySelectorImpl 2015-04-14 23:23:11,153 TRACE - Registering named strategy selector [org.hibernate.engine.transaction.jta.platform.spi.JtaPlatform] : [org.hibernate.service.jta.platform.internal.OrionJtaPlatform] -&gt; [org.hibernate.engine.transaction.jta.platform.internal.OrionJtaPlatform]
org.hibernate.boot.registry.selector.internal.StrategySelectorImpl 2015-04-14 23:23:11,153 TRACE - Registering named strategy selector [org.hibernate.engine.transaction.jta.platform.spi.JtaPlatform] : [Resin] -&gt; [org.hibernate.engine.transaction.jta.platform.internal.ResinJtaPlatform]
org.hibernate.boot.registry.selector.internal.StrategySelectorImpl 2015-04-14 23:23:11,153 TRACE - Registering named strategy selector [org.hibernate.engine.transaction.jta.platform.spi.JtaPlatform] : [org.hibernate.service.jta.platform.internal.ResinJtaPlatform] -&gt; [org.hibernate.engine.transaction.jta.platform.internal.ResinJtaPlatform]
org.hibernate.boot.registry.selector.internal.StrategySelectorImpl 2015-04-14 23:23:11,153 TRACE - Registering named strategy selector [org.hibernate.engine.transaction.jta.platform.spi.JtaPlatform] : [SunOne] -&gt; [org.hibernate.engine.transaction.jta.platform.internal.SunOneJtaPlatform]
org.hibernate.boot.registry.selector.internal.StrategySelectorImpl 2015-04-14 23:23:11,153 TRACE - Registering named strategy selector [org.hibernate.engine.transaction.jta.platform.spi.JtaPlatform] : [org.hibernate.service.jta.platform.internal.SunOneJtaPlatform] -&gt; [org.hibernate.engine.transaction.jta.platform.internal.SunOneJtaPlatform]
org.hibernate.boot.registry.selector.internal.StrategySelectorImpl 2015-04-14 23:23:11,153 TRACE - Registering named strategy selector [org.hibernate.engine.transaction.jta.platform.spi.JtaPlatform] : [Weblogic] -&gt; [org.hibernate.engine.transaction.jta.platform.internal.WeblogicJtaPlatform]
org.hibernate.boot.registry.selector.internal.StrategySelectorImpl 2015-04-14 23:23:11,153 TRACE - Registering named strategy selector [org.hibernate.engine.transaction.jta.platform.spi.JtaPlatform] : [org.hibernate.service.jta.platform.internal.WeblogicJtaPlatform] -&gt; [org.hibernate.engine.transaction.jta.platform.internal.WeblogicJtaPlatform]
org.hibernate.boot.registry.selector.internal.StrategySelectorImpl 2015-04-14 23:23:11,163 TRACE - Registering named strategy selector [org.hibernate.engine.transaction.jta.platform.spi.JtaPlatform] : [WebSphere] -&gt; [org.hibernate.engine.transaction.jta.platform.internal.WebSphereJtaPlatform]
org.hibernate.boot.registry.selector.internal.StrategySelectorImpl 2015-04-14 23:23:11,163 TRACE - Registering named strategy selector [org.hibernate.engine.transaction.jta.platform.spi.JtaPlatform] : [org.hibernate.service.jta.platform.internal.WebSphereJtaPlatform] -&gt; [org.hibernate.engine.transaction.jta.platform.internal.WebSphereJtaPlatform]
org.hibernate.boot.registry.selector.internal.StrategySelectorImpl 2015-04-14 23:23:11,163 TRACE - Registering named strategy selector [org.hibernate.engine.transaction.jta.platform.spi.JtaPlatform] : [WebSphereExtended] -&gt; [org.hibernate.engine.transaction.jta.platform.internal.WebSphereExtendedJtaPlatform]
org.hibernate.boot.registry.selector.internal.StrategySelectorImpl 2015-04-14 23:23:11,163 TRACE - Registering named strategy selector [org.hibernate.engine.transaction.jta.platform.spi.JtaPlatform] : [org.hibernate.service.jta.platform.internal.WebSphereExtendedJtaPlatform] -&gt; [org.hibernate.engine.transaction.jta.platform.internal.WebSphereExtendedJtaPlatform]
org.hibernate.boot.registry.selector.internal.StrategySelectorImpl 2015-04-14 23:23:11,163 TRACE - Registering named strategy selector [org.hibernate.engine.transaction.spi.TransactionFactory] : [jdbc] -&gt; [org.hibernate.engine.transaction.internal.jdbc.JdbcTransactionFactory]
org.hibernate.boot.registry.selector.internal.StrategySelectorImpl 2015-04-14 23:23:11,163 TRACE - Registering named strategy selector [org.hibernate.engine.transaction.spi.TransactionFactory] : [org.hibernate.transaction.JDBCTransactionFactory] -&gt; [org.hibernate.engine.transaction.internal.jdbc.JdbcTransactionFactory]
org.hibernate.boot.registry.selector.internal.StrategySelectorImpl 2015-04-14 23:23:11,163 TRACE - Registering named strategy selector [org.hibernate.engine.transaction.spi.TransactionFactory] : [jta] -&gt; [org.hibernate.engine.transaction.internal.jta.JtaTransactionFactory]
org.hibernate.boot.registry.selector.internal.StrategySelectorImpl 2015-04-14 23:23:11,163 TRACE - Registering named strategy selector [org.hibernate.engine.transaction.spi.TransactionFactory] : [org.hibernate.transaction.JTATransactionFactory] -&gt; [org.hibernate.engine.transaction.internal.jta.JtaTransactionFactory]
org.hibernate.boot.registry.selector.internal.StrategySelectorImpl 2015-04-14 23:23:11,173 TRACE - Registering named strategy selector [org.hibernate.engine.transaction.spi.TransactionFactory] : [cmt] -&gt; [org.hibernate.engine.transaction.internal.jta.CMTTransactionFactory]
org.hibernate.boot.registry.selector.internal.StrategySelectorImpl 2015-04-14 23:23:11,173 TRACE - Registering named strategy selector [org.hibernate.engine.transaction.spi.TransactionFactory] : [org.hibernate.transaction.CMTTransactionFactory] -&gt; [org.hibernate.engine.transaction.internal.jta.CMTTransactionFactory]
org.hibernate.boot.registry.selector.internal.StrategySelectorImpl 2015-04-14 23:23:11,173 TRACE - Registering named strategy selector [org.hibernate.hql.spi.MultiTableBulkIdStrategy] : [persistent] -&gt; [org.hibernate.hql.spi.PersistentTableBulkIdStrategy]
org.hibernate.boot.registry.selector.internal.StrategySelectorImpl 2015-04-14 23:23:11,173 TRACE - Registering named strategy selector [org.hibernate.hql.spi.MultiTableBulkIdStrategy] : [temporary] -&gt; [org.hibernate.hql.spi.TemporaryTableBulkIdStrategy]
org.hibernate.boot.registry.selector.internal.StrategySelectorImpl 2015-04-14 23:23:11,173 TRACE - Registering named strategy selector [org.hibernate.event.spi.EntityCopyObserver] : [disallow] -&gt; [org.hibernate.event.internal.EntityCopyNotAllowedObserver]
org.hibernate.boot.registry.selector.internal.StrategySelectorImpl 2015-04-14 23:23:11,173 TRACE - Registering named strategy selector [org.hibernate.event.spi.EntityCopyObserver] : [allow] -&gt; [org.hibernate.event.internal.EntityCopyAllowedObserver]
org.hibernate.boot.registry.selector.internal.StrategySelectorImpl 2015-04-14 23:23:11,215 TRACE - Registering named strategy selector [org.hibernate.event.spi.EntityCopyObserver] : [log] -&gt; [org.hibernate.event.internal.EntityCopyAllowedLoggedObserver]
org.hibernate.boot.registry.selector.internal.StrategySelectorImpl 2015-04-14 23:23:11,223 TRACE - Registering named strategy selector [org.hibernate.cache.spi.RegionFactory] : [ehcache] -&gt; [org.hibernate.cache.ehcache.EhCacheRegionFactory]
org.hibernate.boot.registry.selector.internal.StrategySelectorImpl 2015-04-14 23:23:11,223 TRACE - Registering named strategy selector [org.hibernate.cache.spi.RegionFactory] : [org.hibernate.cache.ehcache.EhCacheRegionFactory] -&gt; [org.hibernate.cache.ehcache.EhCacheRegionFactory]
org.hibernate.boot.registry.selector.internal.StrategySelectorImpl 2015-04-14 23:23:11,223 TRACE - Registering named strategy selector [org.hibernate.cache.spi.RegionFactory] : [EhCacheRegionFactory] -&gt; [org.hibernate.cache.ehcache.EhCacheRegionFactory]
org.hibernate.boot.registry.selector.internal.StrategySelectorImpl 2015-04-14 23:23:11,224 TRACE - Registering named strategy selector [org.hibernate.cache.spi.RegionFactory] : [org.hibernate.cache.EhCacheRegionFactory] -&gt; [org.hibernate.cache.ehcache.EhCacheRegionFactory]
org.hibernate.boot.registry.selector.internal.StrategySelectorImpl 2015-04-14 23:23:11,224 TRACE - Registering named strategy selector [org.hibernate.cache.spi.RegionFactory] : [ehcache-singleton] -&gt; [org.hibernate.cache.ehcache.SingletonEhCacheRegionFactory]
org.hibernate.boot.registry.selector.internal.StrategySelectorImpl 2015-04-14 23:23:11,225 TRACE - Registering named strategy selector [org.hibernate.cache.spi.RegionFactory] : [org.hibernate.cache.ehcache.SingletonEhCacheRegionFactory] -&gt; [org.hibernate.cache.ehcache.SingletonEhCacheRegionFactory]
org.hibernate.boot.registry.selector.internal.StrategySelectorImpl 2015-04-14 23:23:11,225 TRACE - Registering named strategy selector [org.hibernate.cache.spi.RegionFactory] : [SingletonEhCacheRegionFactory] -&gt; [org.hibernate.cache.ehcache.SingletonEhCacheRegionFactory]
org.hibernate.boot.registry.selector.internal.StrategySelectorImpl 2015-04-14 23:23:11,225 TRACE - Registering named strategy selector [org.hibernate.cache.spi.RegionFactory] : [org.hibernate.cache.SingletonEhCacheRegionFactory] -&gt; [org.hibernate.cache.ehcache.SingletonEhCacheRegionFactory]
org.hibernate.service.spi.ServiceBinding 2015-04-14 23:23:11,275 DEBUG - Overriding existing service binding [org.hibernate.secure.spi.JaccService]
org.hibernate.cfg.Configuration 2015-04-14 23:23:11,275 DEBUG - Preparing to build session factory with filters : {}
org.hibernate.service.internal.AbstractServiceRegistryImpl 2015-04-14 23:23:11,275 TRACE - Initializing service [role=org.hibernate.engine.jdbc.spi.JdbcServices]
org.hibernate.service.internal.AbstractServiceRegistryImpl 2015-04-14 23:23:11,285 TRACE - Initializing service [role=org.hibernate.engine.jdbc.connections.spi.ConnectionProvider]
org.hibernate.service.internal.AbstractServiceRegistryImpl 2015-04-14 23:23:11,285 TRACE - Initializing service [role=org.hibernate.engine.jndi.spi.JndiService]
org.hibernate.service.internal.AbstractServiceRegistryImpl 2015-04-14 23:23:11,295 TRACE - Initializing service [role=org.hibernate.engine.jdbc.dialect.spi.DialectFactory]
org.hibernate.service.internal.AbstractServiceRegistryImpl 2015-04-14 23:23:11,295 TRACE - Initializing service [role=org.hibernate.engine.jdbc.dialect.spi.DialectResolver]
org.hibernate.engine.jdbc.internal.JdbcServicesImpl 2015-04-14 23:23:12,117 DEBUG - Database -&gt;
       name : MySQL
    version : 5.6.21
      major : 5
      minor : 6
org.hibernate.engine.jdbc.internal.JdbcServicesImpl 2015-04-14 23:23:12,117 DEBUG - Driver -&gt;
       name : MySQL Connector Java
    version : mysql-connector-java-5.1.35 ( Revision: 5fb9c5849535c13917c2cf9baaece6ef9693ef27 )
      major : 5
      minor : 1
org.hibernate.engine.jdbc.internal.JdbcServicesImpl 2015-04-14 23:23:12,117 DEBUG - JDBC version : 4.0
org.hibernate.engine.jdbc.cursor.internal.StandardRefCursorSupport 2015-04-14 23:23:12,117 DEBUG - Unexpected error trying to gauge level of JDBC REF_CURSOR support : null
org.hibernate.dialect.Dialect 2015-04-14 23:23:12,148 INFO  - HHH000400: Using dialect: org.hibernate.dialect.MySQLDialect
org.hibernate.cfg.Configuration 2015-04-14 23:23:12,168 TRACE - Starting secondPassCompile() processing
org.hibernate.cfg.Configuration$MetadataSourceQueue 2015-04-14 23:23:12,198 DEBUG - Processing hbm.xml files
org.hibernate.cfg.Configuration$MetadataSourceQueue 2015-04-14 23:23:12,198 DEBUG - Process annotated classes
org.hibernate.cfg.AnnotationBinder 2015-04-14 23:23:12,198 DEBUG - Binding entity from annotated class: pojos.Permissions
org.hibernate.cfg.Ejb3Column 2015-04-14 23:23:12,228 DEBUG - Binding column: Ejb3DiscriminatorColumn{logicalColumnName&apos;DTYPE&apos;, discriminatorTypeName=&apos;string&apos;}
org.hibernate.cfg.annotations.EntityBinder 2015-04-14 23:23:12,228 DEBUG - Import with entity name Permissions
org.hibernate.cfg.annotations.EntityBinder 2015-04-14 23:23:12,238 DEBUG - Bind entity pojos.Permissions on table Permissions
org.hibernate.cfg.AnnotationBinder 2015-04-14 23:23:12,268 TRACE - Processing annotations of pojos.Permissions.roleId
org.hibernate.cfg.Ejb3Column 2015-04-14 23:23:12,268 DEBUG - Binding column: Ejb3Column{table=org.hibernate.mapping.Table(Permissions), mappingColumn=roleId, insertable=true, updatable=true, unique=false}
org.hibernate.cfg.annotations.PropertyBinder 2015-04-14 23:23:12,278 DEBUG - MetadataSourceProcessor property roleId with lazy=false
org.hibernate.cfg.AbstractPropertyHolder 2015-04-14 23:23:12,278 DEBUG - Attempting to locate auto-apply AttributeConverter for property [pojos.Permissions:roleId]
org.hibernate.cfg.annotations.SimpleValueBinder 2015-04-14 23:23:12,288 DEBUG - building SimpleValue for roleId
org.hibernate.cfg.annotations.PropertyBinder 2015-04-14 23:23:12,288 DEBUG - Building property roleId
org.hibernate.cfg.annotations.PropertyBinder 2015-04-14 23:23:12,288 TRACE - Cascading roleId with null
org.hibernate.cfg.AnnotationBinder 2015-04-14 23:23:12,288 TRACE - Add generic generator with name: gen
org.hibernate.cfg.AnnotationBinder 2015-04-14 23:23:12,298 TRACE - Bind @Id on roleId
org.hibernate.cfg.AnnotationBinder 2015-04-14 23:23:12,298 TRACE - Processing annotations of pojos.Permissions.addNews
org.hibernate.cfg.Ejb3Column 2015-04-14 23:23:12,298 DEBUG - Binding column: Ejb3Column{table=org.hibernate.mapping.Table(Permissions), mappingColumn=addNews, insertable=true, updatable=true, unique=false}
org.hibernate.cfg.annotations.PropertyBinder 2015-04-14 23:23:12,298 DEBUG - MetadataSourceProcessor property addNews with lazy=false
org.hibernate.cfg.AbstractPropertyHolder 2015-04-14 23:23:12,298 DEBUG - Attempting to locate auto-apply AttributeConverter for property [pojos.Permissions:addNews]
org.hibernate.cfg.annotations.SimpleValueBinder 2015-04-14 23:23:12,298 DEBUG - building SimpleValue for addNews
org.hibernate.cfg.annotations.PropertyBinder 2015-04-14 23:23:12,298 DEBUG - Building property addNews
org.hibernate.cfg.annotations.PropertyBinder 2015-04-14 23:23:12,298 TRACE - Cascading addNews with null
org.hibernate.cfg.AnnotationBinder 2015-04-14 23:23:12,298 TRACE - Processing annotations of pojos.Permissions.deleteNews
org.hibernate.cfg.Ejb3Column 2015-04-14 23:23:12,298 DEBUG - Binding column: Ejb3Column{table=org.hibernate.mapping.Table(Permissions), mappingColumn=deleteNews, insertable=true, updatable=true, unique=false}
org.hibernate.cfg.annotations.PropertyBinder 2015-04-14 23:23:12,298 DEBUG - MetadataSourceProcessor property deleteNews with lazy=false
org.hibernate.cfg.AbstractPropertyHolder 2015-04-14 23:23:12,298 DEBUG - Attempting to locate auto-apply AttributeConverter for property [pojos.Permissions:deleteNews]
org.hibernate.cfg.annotations.SimpleValueBinder 2015-04-14 23:23:12,298 DEBUG - building SimpleValue for deleteNews
org.hibernate.cfg.annotations.PropertyBinder 2015-04-14 23:23:12,298 DEBUG - Building property deleteNews
org.hibernate.cfg.annotations.PropertyBinder 2015-04-14 23:23:12,298 TRACE - Cascading deleteNews with null
org.hibernate.cfg.AnnotationBinder 2015-04-14 23:23:12,298 TRACE - Processing annotations of pojos.Permissions.readNews
org.hibernate.cfg.Ejb3Column 2015-04-14 23:23:12,298 DEBUG - Binding column: Ejb3Column{table=org.hibernate.mapping.Table(Permissions), mappingColumn=readNews, insertable=true, updatable=true, unique=false}
org.hibernate.cfg.annotations.PropertyBinder 2015-04-14 23:23:12,298 DEBUG - MetadataSourceProcessor property readNews with lazy=false
org.hibernate.cfg.AbstractPropertyHolder 2015-04-14 23:23:12,298 DEBUG - Attempting to locate auto-apply AttributeConverter for property [pojos.Permissions:readNews]
org.hibernate.cfg.annotations.SimpleValueBinder 2015-04-14 23:23:12,298 DEBUG - building SimpleValue for readNews
org.hibernate.cfg.annotations.PropertyBinder 2015-04-14 23:23:12,298 DEBUG - Building property readNews
org.hibernate.cfg.annotations.PropertyBinder 2015-04-14 23:23:12,298 TRACE - Cascading readNews with null
org.hibernate.cfg.AnnotationBinder 2015-04-14 23:23:12,298 TRACE - Processing annotations of pojos.Permissions.role
org.hibernate.cfg.Ejb3Column 2015-04-14 23:23:12,298 DEBUG - Binding column: Ejb3JoinColumn{logicalColumnName=&apos;role&apos;, referencedColumn=&apos;&apos;, mappedBy=&apos;&apos;}
org.hibernate.cfg.Ejb3Column 2015-04-14 23:23:12,298 DEBUG - Binding column: Ejb3Column{table=org.hibernate.mapping.Table(Permissions), mappingColumn=role, insertable=true, updatable=true, unique=false}
org.hibernate.cfg.AnnotationBinder 2015-04-14 23:23:12,308 TRACE - Fetching role with JOIN
org.hibernate.cfg.annotations.PropertyBinder 2015-04-14 23:23:12,308 DEBUG - Building property role
org.hibernate.cfg.annotations.PropertyBinder 2015-04-14 23:23:12,308 TRACE - Cascading role with none
org.hibernate.cfg.AnnotationBinder 2015-04-14 23:23:12,308 TRACE - Processing annotations of pojos.Permissions.updateNews
org.hibernate.cfg.Ejb3Column 2015-04-14 23:23:12,308 DEBUG - Binding column: Ejb3Column{table=org.hibernate.mapping.Table(Permissions), mappingColumn=updateNews, insertable=true, updatable=true, unique=false}
org.hibernate.cfg.annotations.PropertyBinder 2015-04-14 23:23:12,308 DEBUG - MetadataSourceProcessor property updateNews with lazy=false
org.hibernate.cfg.AbstractPropertyHolder 2015-04-14 23:23:12,308 DEBUG - Attempting to locate auto-apply AttributeConverter for property [pojos.Permissions:updateNews]
org.hibernate.cfg.annotations.SimpleValueBinder 2015-04-14 23:23:12,308 DEBUG - building SimpleValue for updateNews
org.hibernate.cfg.annotations.PropertyBinder 2015-04-14 23:23:12,308 DEBUG - Building property updateNews
org.hibernate.cfg.annotations.PropertyBinder 2015-04-14 23:23:12,308 TRACE - Cascading updateNews with null
org.hibernate.cfg.AnnotationBinder 2015-04-14 23:23:12,308 DEBUG - Binding entity from annotated class: pojos.News
org.hibernate.cfg.Ejb3Column 2015-04-14 23:23:12,308 DEBUG - Binding column: Ejb3DiscriminatorColumn{logicalColumnName&apos;DTYPE&apos;, discriminatorTypeName=&apos;string&apos;}
org.hibernate.cfg.annotations.EntityBinder 2015-04-14 23:23:12,308 DEBUG - Import with entity name News
org.hibernate.cfg.annotations.EntityBinder 2015-04-14 23:23:12,308 DEBUG - Bind entity pojos.News on table News
org.hibernate.cfg.AnnotationBinder 2015-04-14 23:23:12,318 TRACE - Processing annotations of pojos.News.newsId
org.hibernate.cfg.Ejb3Column 2015-04-14 23:23:12,318 DEBUG - Binding column: Ejb3Column{table=org.hibernate.mapping.Table(News), mappingColumn=newsId, insertable=true, updatable=true, unique=false}
org.hibernate.cfg.annotations.PropertyBinder 2015-04-14 23:23:12,318 DEBUG - MetadataSourceProcessor property newsId with lazy=false
org.hibernate.cfg.AbstractPropertyHolder 2015-04-14 23:23:12,318 DEBUG - Attempting to locate auto-apply AttributeConverter for property [pojos.News:newsId]
org.hibernate.cfg.annotations.SimpleValueBinder 2015-04-14 23:23:12,318 DEBUG - building SimpleValue for newsId
org.hibernate.cfg.annotations.PropertyBinder 2015-04-14 23:23:12,318 DEBUG - Building property newsId
org.hibernate.cfg.annotations.PropertyBinder 2015-04-14 23:23:12,318 TRACE - Cascading newsId with null
org.hibernate.cfg.AnnotationBinder 2015-04-14 23:23:12,318 TRACE - Bind @Id on newsId
org.hibernate.cfg.AnnotationBinder 2015-04-14 23:23:12,318 TRACE - Processing annotations of pojos.News.author
org.hibernate.cfg.Ejb3Column 2015-04-14 23:23:12,318 DEBUG - Binding column: Ejb3Column{table=org.hibernate.mapping.Table(News), mappingColumn=author, insertable=true, updatable=true, unique=false}
org.hibernate.cfg.annotations.PropertyBinder 2015-04-14 23:23:12,318 DEBUG - MetadataSourceProcessor property author with lazy=false
org.hibernate.cfg.AbstractPropertyHolder 2015-04-14 23:23:12,318 DEBUG - Attempting to locate auto-apply AttributeConverter for property [pojos.News:author]
org.hibernate.cfg.annotations.SimpleValueBinder 2015-04-14 23:23:12,318 DEBUG - building SimpleValue for author
org.hibernate.cfg.annotations.PropertyBinder 2015-04-14 23:23:12,318 DEBUG - Building property author
org.hibernate.cfg.annotations.PropertyBinder 2015-04-14 23:23:12,318 TRACE - Cascading author with null
org.hibernate.cfg.AnnotationBinder 2015-04-14 23:23:12,318 TRACE - Processing annotations of pojos.News.category
org.hibernate.cfg.Ejb3Column 2015-04-14 23:23:12,318 DEBUG - Binding column: Ejb3JoinColumn{logicalColumnName=&apos;category&apos;, referencedColumn=&apos;&apos;, mappedBy=&apos;&apos;}
org.hibernate.cfg.Ejb3Column 2015-04-14 23:23:12,318 DEBUG - Binding column: Ejb3Column{table=org.hibernate.mapping.Table(News), mappingColumn=category, insertable=true, updatable=true, unique=false}
org.hibernate.cfg.annotations.PropertyBinder 2015-04-14 23:23:12,318 DEBUG - Building property category
org.hibernate.cfg.annotations.PropertyBinder 2015-04-14 23:23:12,328 TRACE - Cascading category with save-update
org.hibernate.cfg.AnnotationBinder 2015-04-14 23:23:12,328 TRACE - Processing annotations of pojos.News.mainText
org.hibernate.cfg.Ejb3Column 2015-04-14 23:23:12,328 DEBUG - Binding column: Ejb3Column{table=org.hibernate.mapping.Table(News), mappingColumn=mainText, insertable=true, updatable=true, unique=false}
org.hibernate.cfg.annotations.PropertyBinder 2015-04-14 23:23:12,328 DEBUG - MetadataSourceProcessor property mainText with lazy=false
org.hibernate.cfg.AbstractPropertyHolder 2015-04-14 23:23:12,328 DEBUG - Attempting to locate auto-apply AttributeConverter for property [pojos.News:mainText]
org.hibernate.cfg.annotations.SimpleValueBinder 2015-04-14 23:23:12,328 DEBUG - building SimpleValue for mainText
org.hibernate.cfg.annotations.PropertyBinder 2015-04-14 23:23:12,328 DEBUG - Building property mainText
org.hibernate.cfg.annotations.PropertyBinder 2015-04-14 23:23:12,328 TRACE - Cascading mainText with null
org.hibernate.cfg.AnnotationBinder 2015-04-14 23:23:12,328 TRACE - Processing annotations of pojos.News.postDay
org.hibernate.cfg.Ejb3Column 2015-04-14 23:23:12,328 DEBUG - Binding column: Ejb3Column{table=org.hibernate.mapping.Table(News), mappingColumn=postDay, insertable=true, updatable=true, unique=false}
org.hibernate.cfg.annotations.PropertyBinder 2015-04-14 23:23:12,328 DEBUG - MetadataSourceProcessor property postDay with lazy=false
org.hibernate.cfg.AbstractPropertyHolder 2015-04-14 23:23:12,328 DEBUG - Attempting to locate auto-apply AttributeConverter for property [pojos.News:postDay]
org.hibernate.cfg.annotations.SimpleValueBinder 2015-04-14 23:23:12,328 DEBUG - building SimpleValue for postDay
org.hibernate.cfg.annotations.PropertyBinder 2015-04-14 23:23:12,328 DEBUG - Building property postDay
org.hibernate.cfg.annotations.PropertyBinder 2015-04-14 23:23:12,328 TRACE - Cascading postDay with null
org.hibernate.cfg.AnnotationBinder 2015-04-14 23:23:12,328 TRACE - Processing annotations of pojos.News.title
org.hibernate.cfg.Ejb3Column 2015-04-14 23:23:12,328 DEBUG - Binding column: Ejb3Column{table=org.hibernate.mapping.Table(News), mappingColumn=title, insertable=true, updatable=true, unique=false}
org.hibernate.cfg.annotations.PropertyBinder 2015-04-14 23:23:12,328 DEBUG - MetadataSourceProcessor property title with lazy=false
org.hibernate.cfg.AbstractPropertyHolder 2015-04-14 23:23:12,338 DEBUG - Attempting to locate auto-apply AttributeConverter for property [pojos.News:title]
org.hibernate.cfg.annotations.SimpleValueBinder 2015-04-14 23:23:12,338 DEBUG - building SimpleValue for title
org.hibernate.cfg.annotations.PropertyBinder 2015-04-14 23:23:12,338 DEBUG - Building property title
org.hibernate.cfg.annotations.PropertyBinder 2015-04-14 23:23:12,338 TRACE - Cascading title with null
org.hibernate.cfg.AnnotationBinder 2015-04-14 23:23:12,338 TRACE - Processing annotations of pojos.News.title4ann
org.hibernate.cfg.Ejb3Column 2015-04-14 23:23:12,338 DEBUG - Binding column: Ejb3Column{table=org.hibernate.mapping.Table(News), mappingColumn=title4ann, insertable=true, updatable=true, unique=false}
org.hibernate.cfg.annotations.PropertyBinder 2015-04-14 23:23:12,338 DEBUG - MetadataSourceProcessor property title4ann with lazy=false
org.hibernate.cfg.AbstractPropertyHolder 2015-04-14 23:23:12,338 DEBUG - Attempting to locate auto-apply AttributeConverter for property [pojos.News:title4ann]
org.hibernate.cfg.annotations.SimpleValueBinder 2015-04-14 23:23:12,338 DEBUG - building SimpleValue for title4ann
org.hibernate.cfg.annotations.PropertyBinder 2015-04-14 23:23:12,338 DEBUG - Building property title4ann
org.hibernate.cfg.annotations.PropertyBinder 2015-04-14 23:23:12,338 TRACE - Cascading title4ann with null
org.hibernate.cfg.AnnotationBinder 2015-04-14 23:23:12,338 TRACE - Processing annotations of pojos.News.user
org.hibernate.cfg.Ejb3Column 2015-04-14 23:23:12,338 DEBUG - Binding column: Ejb3JoinColumn{logicalColumnName=&apos;user&apos;, referencedColumn=&apos;&apos;, mappedBy=&apos;&apos;}
org.hibernate.cfg.Ejb3Column 2015-04-14 23:23:12,338 DEBUG - Binding column: Ejb3Column{table=org.hibernate.mapping.Table(News), mappingColumn=user, insertable=true, updatable=true, unique=false}
org.hibernate.cfg.annotations.PropertyBinder 2015-04-14 23:23:12,338 DEBUG - Building property user
org.hibernate.cfg.annotations.PropertyBinder 2015-04-14 23:23:12,338 TRACE - Cascading user with save-update
org.hibernate.cfg.AnnotationBinder 2015-04-14 23:23:12,338 DEBUG - Binding entity from annotated class: pojos.Roles
org.hibernate.cfg.Ejb3Column 2015-04-14 23:23:12,348 DEBUG - Binding column: Ejb3DiscriminatorColumn{logicalColumnName&apos;DTYPE&apos;, discriminatorTypeName=&apos;string&apos;}
org.hibernate.cfg.annotations.EntityBinder 2015-04-14 23:23:12,348 DEBUG - Import with entity name Roles
org.hibernate.cfg.annotations.EntityBinder 2015-04-14 23:23:12,348 DEBUG - Bind entity pojos.Roles on table Roles
org.hibernate.cfg.AnnotationBinder 2015-04-14 23:23:12,398 TRACE - Processing annotations of pojos.Roles.roleId
org.hibernate.cfg.Ejb3Column 2015-04-14 23:23:12,398 DEBUG - Binding column: Ejb3Column{table=org.hibernate.mapping.Table(Roles), mappingColumn=roleId, insertable=true, updatable=true, unique=false}
org.hibernate.cfg.annotations.PropertyBinder 2015-04-14 23:23:12,398 DEBUG - MetadataSourceProcessor property roleId with lazy=false
org.hibernate.cfg.AbstractPropertyHolder 2015-04-14 23:23:12,398 DEBUG - Attempting to locate auto-apply AttributeConverter for property [pojos.Roles:roleId]
org.hibernate.cfg.annotations.SimpleValueBinder 2015-04-14 23:23:12,398 DEBUG - building SimpleValue for roleId
org.hibernate.cfg.annotations.PropertyBinder 2015-04-14 23:23:12,398 DEBUG - Building property roleId
org.hibernate.cfg.annotations.PropertyBinder 2015-04-14 23:23:12,398 TRACE - Cascading roleId with null
org.hibernate.cfg.AnnotationBinder 2015-04-14 23:23:12,398 TRACE - Bind @Id on roleId
org.hibernate.cfg.AnnotationBinder 2015-04-14 23:23:12,398 TRACE - Processing annotations of pojos.Roles.permission
org.hibernate.cfg.Ejb3Column 2015-04-14 23:23:12,398 DEBUG - Binding column: Ejb3JoinColumn{logicalColumnName=&apos;null&apos;, referencedColumn=&apos;null&apos;, mappedBy=&apos;role&apos;}
org.hibernate.cfg.Ejb3Column 2015-04-14 23:23:12,398 DEBUG - Binding column: Ejb3Column{table=org.hibernate.mapping.Table(Roles), mappingColumn=permission, insertable=true, updatable=true, unique=false}
org.hibernate.cfg.AnnotationBinder 2015-04-14 23:23:12,398 TRACE - Fetching permission with JOIN
org.hibernate.cfg.AnnotationBinder 2015-04-14 23:23:12,398 TRACE - Processing annotations of pojos.Roles.roleType
org.hibernate.cfg.Ejb3Column 2015-04-14 23:23:12,398 DEBUG - Binding column: Ejb3Column{table=org.hibernate.mapping.Table(Roles), mappingColumn=roleType, insertable=true, updatable=true, unique=false}
org.hibernate.cfg.annotations.PropertyBinder 2015-04-14 23:23:12,398 DEBUG - MetadataSourceProcessor property roleType with lazy=false
org.hibernate.cfg.AbstractPropertyHolder 2015-04-14 23:23:12,398 DEBUG - Attempting to locate auto-apply AttributeConverter for property [pojos.Roles:roleType]
org.hibernate.cfg.annotations.SimpleValueBinder 2015-04-14 23:23:12,398 DEBUG - building SimpleValue for roleType
org.hibernate.cfg.annotations.PropertyBinder 2015-04-14 23:23:12,398 DEBUG - Building property roleType
org.hibernate.cfg.annotations.PropertyBinder 2015-04-14 23:23:12,398 TRACE - Cascading roleType with null
org.hibernate.cfg.AnnotationBinder 2015-04-14 23:23:12,398 TRACE - Processing annotations of pojos.Roles.users
org.hibernate.cfg.Ejb3Column 2015-04-14 23:23:12,398 DEBUG - Binding column: Ejb3Column{table=org.hibernate.mapping.Table(Roles), mappingColumn=null, insertable=true, updatable=true, unique=false}
org.hibernate.cfg.Ejb3Column 2015-04-14 23:23:12,408 DEBUG - Binding column: Ejb3Column{table=org.hibernate.mapping.Table(Roles), mappingColumn=element, insertable=true, updatable=true, unique=false}
org.hibernate.cfg.Ejb3Column 2015-04-14 23:23:12,418 DEBUG - Binding column: Ejb3Column{table=org.hibernate.mapping.Table(Roles), mappingColumn=users_KEY, insertable=true, updatable=true, unique=false}
org.hibernate.cfg.Ejb3Column 2015-04-14 23:23:12,418 DEBUG - Binding column: Ejb3JoinColumn{logicalColumnName=&apos;users_KEY&apos;, referencedColumn=&apos;null&apos;, mappedBy=&apos;null&apos;}
org.hibernate.cfg.Ejb3Column 2015-04-14 23:23:12,418 DEBUG - Binding column: Ejb3JoinColumn{logicalColumnName=&apos;roleId&apos;, referencedColumn=&apos;&apos;, mappedBy=&apos;&apos;}
org.hibernate.cfg.Ejb3Column 2015-04-14 23:23:12,418 DEBUG - Binding column: Ejb3JoinColumn{logicalColumnName=&apos;userId&apos;, referencedColumn=&apos;&apos;, mappedBy=&apos;&apos;}
org.hibernate.cfg.annotations.CollectionBinder 2015-04-14 23:23:12,418 DEBUG - Collection role: pojos.Roles.users
org.hibernate.cfg.annotations.PropertyBinder 2015-04-14 23:23:12,418 DEBUG - Building property users
org.hibernate.cfg.annotations.PropertyBinder 2015-04-14 23:23:12,418 TRACE - Cascading users with none
org.hibernate.cfg.AnnotationBinder 2015-04-14 23:23:12,418 DEBUG - Binding entity from annotated class: pojos.Users
org.hibernate.cfg.Ejb3Column 2015-04-14 23:23:12,418 DEBUG - Binding column: Ejb3DiscriminatorColumn{logicalColumnName&apos;DTYPE&apos;, discriminatorTypeName=&apos;string&apos;}
org.hibernate.cfg.annotations.EntityBinder 2015-04-14 23:23:12,418 DEBUG - Import with entity name Users
org.hibernate.cfg.annotations.EntityBinder 2015-04-14 23:23:12,418 DEBUG - Bind entity pojos.Users on table Users
org.hibernate.cfg.AnnotationBinder 2015-04-14 23:23:12,428 TRACE - Processing annotations of pojos.Users.userId
org.hibernate.cfg.Ejb3Column 2015-04-14 23:23:12,428 DEBUG - Binding column: Ejb3Column{table=org.hibernate.mapping.Table(Users), mappingColumn=userId, insertable=true, updatable=true, unique=false}
org.hibernate.cfg.annotations.PropertyBinder 2015-04-14 23:23:12,428 DEBUG - MetadataSourceProcessor property userId with lazy=false
org.hibernate.cfg.AbstractPropertyHolder 2015-04-14 23:23:12,428 DEBUG - Attempting to locate auto-apply AttributeConverter for property [pojos.Users:userId]
org.hibernate.cfg.annotations.SimpleValueBinder 2015-04-14 23:23:12,428 DEBUG - building SimpleValue for userId
org.hibernate.cfg.annotations.PropertyBinder 2015-04-14 23:23:12,428 DEBUG - Building property userId
org.hibernate.cfg.annotations.PropertyBinder 2015-04-14 23:23:12,428 TRACE - Cascading userId with null
org.hibernate.cfg.AnnotationBinder 2015-04-14 23:23:12,428 TRACE - Bind @Id on userId
org.hibernate.cfg.AnnotationBinder 2015-04-14 23:23:12,428 TRACE - Processing annotations of pojos.Users.email
org.hibernate.cfg.Ejb3Column 2015-04-14 23:23:12,428 DEBUG - Binding column: Ejb3Column{table=org.hibernate.mapping.Table(Users), mappingColumn=email, insertable=true, updatable=true, unique=false}
org.hibernate.cfg.annotations.PropertyBinder 2015-04-14 23:23:12,428 DEBUG - MetadataSourceProcessor property email with lazy=false
org.hibernate.cfg.AbstractPropertyHolder 2015-04-14 23:23:12,428 DEBUG - Attempting to locate auto-apply AttributeConverter for property [pojos.Users:email]
org.hibernate.cfg.annotations.SimpleValueBinder 2015-04-14 23:23:12,428 DEBUG - building SimpleValue for email
org.hibernate.cfg.annotations.PropertyBinder 2015-04-14 23:23:12,428 DEBUG - Building property email
org.hibernate.cfg.annotations.PropertyBinder 2015-04-14 23:23:12,428 TRACE - Cascading email with null
org.hibernate.cfg.AnnotationBinder 2015-04-14 23:23:12,428 TRACE - Processing annotations of pojos.Users.name
org.hibernate.cfg.Ejb3Column 2015-04-14 23:23:12,428 DEBUG - Binding column: Ejb3Column{table=org.hibernate.mapping.Table(Users), mappingColumn=name, insertable=true, updatable=true, unique=false}
org.hibernate.cfg.annotations.PropertyBinder 2015-04-14 23:23:12,428 DEBUG - MetadataSourceProcessor property name with lazy=false
org.hibernate.cfg.AbstractPropertyHolder 2015-04-14 23:23:12,428 DEBUG - Attempting to locate auto-apply AttributeConverter for property [pojos.Users:name]
org.hibernate.cfg.annotations.SimpleValueBinder 2015-04-14 23:23:12,428 DEBUG - building SimpleValue for name
org.hibernate.cfg.annotations.PropertyBinder 2015-04-14 23:23:12,428 DEBUG - Building property name
org.hibernate.cfg.annotations.PropertyBinder 2015-04-14 23:23:12,428 TRACE - Cascading name with null
org.hibernate.cfg.AnnotationBinder 2015-04-14 23:23:12,428 TRACE - Processing annotations of pojos.Users.news
org.hibernate.cfg.Ejb3Column 2015-04-14 23:23:12,428 DEBUG - Binding column: Ejb3JoinColumn{logicalColumnName=&apos;null&apos;, referencedColumn=&apos;null&apos;, mappedBy=&apos;user&apos;}
org.hibernate.cfg.Ejb3Column 2015-04-14 23:23:12,428 DEBUG - Binding column: Ejb3Column{table=org.hibernate.mapping.Table(Users), mappingColumn=news, insertable=true, updatable=true, unique=false}
org.hibernate.cfg.Ejb3Column 2015-04-14 23:23:12,428 DEBUG - Binding column: Ejb3Column{table=org.hibernate.mapping.Table(Users), mappingColumn=null, insertable=true, updatable=true, unique=false}
org.hibernate.cfg.Ejb3Column 2015-04-14 23:23:12,428 DEBUG - Binding column: Ejb3Column{table=org.hibernate.mapping.Table(Users), mappingColumn=element, insertable=true, updatable=true, unique=false}
org.hibernate.cfg.Ejb3Column 2015-04-14 23:23:12,428 DEBUG - Binding column: Ejb3Column{table=org.hibernate.mapping.Table(Users), mappingColumn=news_KEY, insertable=true, updatable=true, unique=false}
org.hibernate.cfg.Ejb3Column 2015-04-14 23:23:12,428 DEBUG - Binding column: Ejb3JoinColumn{logicalColumnName=&apos;news_KEY&apos;, referencedColumn=&apos;null&apos;, mappedBy=&apos;null&apos;}
org.hibernate.cfg.Ejb3Column 2015-04-14 23:23:12,428 DEBUG - Binding column: Ejb3JoinColumn{logicalColumnName=&apos;null&apos;, referencedColumn=&apos;null&apos;, mappedBy=&apos;user&apos;}
org.hibernate.cfg.Ejb3Column 2015-04-14 23:23:12,428 DEBUG - Binding column: Ejb3JoinColumn{logicalColumnName=&apos;null&apos;, referencedColumn=&apos;null&apos;, mappedBy=&apos;user&apos;}
org.hibernate.cfg.annotations.CollectionBinder 2015-04-14 23:23:12,428 DEBUG - Collection role: pojos.Users.news
org.hibernate.cfg.annotations.PropertyBinder 2015-04-14 23:23:12,438 DEBUG - Building property news
org.hibernate.cfg.annotations.PropertyBinder 2015-04-14 23:23:12,438 TRACE - Cascading news with none
org.hibernate.cfg.AnnotationBinder 2015-04-14 23:23:12,438 TRACE - Processing annotations of pojos.Users.pass
org.hibernate.cfg.Ejb3Column 2015-04-14 23:23:12,438 DEBUG - Binding column: Ejb3Column{table=org.hibernate.mapping.Table(Users), mappingColumn=pass, insertable=true, updatable=true, unique=false}
org.hibernate.cfg.annotations.PropertyBinder 2015-04-14 23:23:12,438 DEBUG - MetadataSourceProcessor property pass with lazy=false
org.hibernate.cfg.AbstractPropertyHolder 2015-04-14 23:23:12,438 DEBUG - Attempting to locate auto-apply AttributeConverter for property [pojos.Users:pass]
org.hibernate.cfg.annotations.SimpleValueBinder 2015-04-14 23:23:12,438 DEBUG - building SimpleValue for pass
org.hibernate.cfg.annotations.PropertyBinder 2015-04-14 23:23:12,438 DEBUG - Building property pass
org.hibernate.cfg.annotations.PropertyBinder 2015-04-14 23:23:12,438 TRACE - Cascading pass with null
org.hibernate.cfg.AnnotationBinder 2015-04-14 23:23:12,438 TRACE - Processing annotations of pojos.Users.roles
org.hibernate.cfg.Ejb3Column 2015-04-14 23:23:12,438 DEBUG - Binding column: Ejb3Column{table=org.hibernate.mapping.Table(Users), mappingColumn=null, insertable=true, updatable=true, unique=false}
org.hibernate.cfg.Ejb3Column 2015-04-14 23:23:12,438 DEBUG - Binding column: Ejb3Column{table=org.hibernate.mapping.Table(Users), mappingColumn=element, insertable=true, updatable=true, unique=false}
org.hibernate.cfg.Ejb3Column 2015-04-14 23:23:12,438 DEBUG - Binding column: Ejb3Column{table=org.hibernate.mapping.Table(Users), mappingColumn=roles_KEY, insertable=true, updatable=true, unique=false}
org.hibernate.cfg.Ejb3Column 2015-04-14 23:23:12,438 DEBUG - Binding column: Ejb3JoinColumn{logicalColumnName=&apos;roles_KEY&apos;, referencedColumn=&apos;null&apos;, mappedBy=&apos;null&apos;}
org.hibernate.cfg.Ejb3Column 2015-04-14 23:23:12,438 DEBUG - Binding column: Ejb3JoinColumn{logicalColumnName=&apos;null&apos;, referencedColumn=&apos;null&apos;, mappedBy=&apos;users&apos;}
org.hibernate.cfg.Ejb3Column 2015-04-14 23:23:12,438 DEBUG - Binding column: Ejb3JoinColumn{logicalColumnName=&apos;null&apos;, referencedColumn=&apos;null&apos;, mappedBy=&apos;users&apos;}
org.hibernate.cfg.annotations.CollectionBinder 2015-04-14 23:23:12,438 DEBUG - Collection role: pojos.Users.roles
org.hibernate.cfg.annotations.PropertyBinder 2015-04-14 23:23:12,438 DEBUG - Building property roles
org.hibernate.cfg.annotations.PropertyBinder 2015-04-14 23:23:12,438 TRACE - Cascading roles with save-update
org.hibernate.cfg.AnnotationBinder 2015-04-14 23:23:12,438 TRACE - Processing annotations of pojos.Users.surname
org.hibernate.cfg.Ejb3Column 2015-04-14 23:23:12,438 DEBUG - Binding column: Ejb3Column{table=org.hibernate.mapping.Table(Users), mappingColumn=surname, insertable=true, updatable=true, unique=false}
org.hibernate.cfg.annotations.PropertyBinder 2015-04-14 23:23:12,438 DEBUG - MetadataSourceProcessor property surname with lazy=false
org.hibernate.cfg.AbstractPropertyHolder 2015-04-14 23:23:12,438 DEBUG - Attempting to locate auto-apply AttributeConverter for property [pojos.Users:surname]
org.hibernate.cfg.annotations.SimpleValueBinder 2015-04-14 23:23:12,438 DEBUG - building SimpleValue for surname
org.hibernate.cfg.annotations.PropertyBinder 2015-04-14 23:23:12,438 DEBUG - Building property surname
org.hibernate.cfg.annotations.PropertyBinder 2015-04-14 23:23:12,438 TRACE - Cascading surname with null
org.hibernate.cfg.AnnotationBinder 2015-04-14 23:23:12,438 DEBUG - Binding entity from annotated class: pojos.Category
org.hibernate.cfg.Ejb3Column 2015-04-14 23:23:12,438 DEBUG - Binding column: Ejb3DiscriminatorColumn{logicalColumnName&apos;DTYPE&apos;, discriminatorTypeName=&apos;string&apos;}
org.hibernate.cfg.annotations.EntityBinder 2015-04-14 23:23:12,438 DEBUG - Import with entity name Category
org.hibernate.cfg.annotations.EntityBinder 2015-04-14 23:23:12,438 DEBUG - Bind entity pojos.Category on table Category
org.hibernate.cfg.AnnotationBinder 2015-04-14 23:23:12,448 TRACE - Processing annotations of pojos.Category.categoryId
org.hibernate.cfg.Ejb3Column 2015-04-14 23:23:12,448 DEBUG - Binding column: Ejb3Column{table=org.hibernate.mapping.Table(Category), mappingColumn=categoryId, insertable=true, updatable=true, unique=false}
org.hibernate.cfg.annotations.PropertyBinder 2015-04-14 23:23:12,448 DEBUG - MetadataSourceProcessor property categoryId with lazy=false
org.hibernate.cfg.AbstractPropertyHolder 2015-04-14 23:23:12,448 DEBUG - Attempting to locate auto-apply AttributeConverter for property [pojos.Category:categoryId]
org.hibernate.cfg.annotations.SimpleValueBinder 2015-04-14 23:23:12,448 DEBUG - building SimpleValue for categoryId
org.hibernate.cfg.annotations.PropertyBinder 2015-04-14 23:23:12,448 DEBUG - Building property categoryId
org.hibernate.cfg.annotations.PropertyBinder 2015-04-14 23:23:12,448 TRACE - Cascading categoryId with null
org.hibernate.cfg.AnnotationBinder 2015-04-14 23:23:12,448 TRACE - Bind @Id on categoryId
org.hibernate.cfg.AnnotationBinder 2015-04-14 23:23:12,448 TRACE - Processing annotations of pojos.Category.categoryName
org.hibernate.cfg.Ejb3Column 2015-04-14 23:23:12,448 DEBUG - Binding column: Ejb3Column{table=org.hibernate.mapping.Table(Category), mappingColumn=categoryName, insertable=true, updatable=true, unique=false}
org.hibernate.cfg.annotations.PropertyBinder 2015-04-14 23:23:12,448 DEBUG - MetadataSourceProcessor property categoryName with lazy=false
org.hibernate.cfg.AbstractPropertyHolder 2015-04-14 23:23:12,448 DEBUG - Attempting to locate auto-apply AttributeConverter for property [pojos.Category:categoryName]
org.hibernate.cfg.annotations.SimpleValueBinder 2015-04-14 23:23:12,448 DEBUG - building SimpleValue for categoryName
org.hibernate.cfg.annotations.PropertyBinder 2015-04-14 23:23:12,448 DEBUG - Building property categoryName
org.hibernate.cfg.annotations.PropertyBinder 2015-04-14 23:23:12,448 TRACE - Cascading categoryName with null
org.hibernate.cfg.AnnotationBinder 2015-04-14 23:23:12,448 TRACE - Processing annotations of pojos.Category.news
org.hibernate.cfg.Ejb3Column 2015-04-14 23:23:12,448 DEBUG - Binding column: Ejb3JoinColumn{logicalColumnName=&apos;null&apos;, referencedColumn=&apos;null&apos;, mappedBy=&apos;category&apos;}
org.hibernate.cfg.Ejb3Column 2015-04-14 23:23:12,448 DEBUG - Binding column: Ejb3Column{table=org.hibernate.mapping.Table(Category), mappingColumn=news, insertable=true, updatable=true, unique=false}
org.hibernate.cfg.Ejb3Column 2015-04-14 23:23:12,448 DEBUG - Binding column: Ejb3Column{table=org.hibernate.mapping.Table(Category), mappingColumn=null, insertable=true, updatable=true, unique=false}
org.hibernate.cfg.Ejb3Column 2015-04-14 23:23:12,448 DEBUG - Binding column: Ejb3Column{table=org.hibernate.mapping.Table(Category), mappingColumn=element, insertable=true, updatable=true, unique=false}
org.hibernate.cfg.Ejb3Column 2015-04-14 23:23:12,448 DEBUG - Binding column: Ejb3Column{table=org.hibernate.mapping.Table(Category), mappingColumn=news_KEY, insertable=true, updatable=true, unique=false}
org.hibernate.cfg.Ejb3Column 2015-04-14 23:23:12,448 DEBUG - Binding column: Ejb3JoinColumn{logicalColumnName=&apos;news_KEY&apos;, referencedColumn=&apos;null&apos;, mappedBy=&apos;null&apos;}
org.hibernate.cfg.Ejb3Column 2015-04-14 23:23:12,448 DEBUG - Binding column: Ejb3JoinColumn{logicalColumnName=&apos;null&apos;, referencedColumn=&apos;null&apos;, mappedBy=&apos;category&apos;}
org.hibernate.cfg.Ejb3Column 2015-04-14 23:23:12,448 DEBUG - Binding column: Ejb3JoinColumn{logicalColumnName=&apos;null&apos;, referencedColumn=&apos;null&apos;, mappedBy=&apos;category&apos;}
org.hibernate.cfg.annotations.CollectionBinder 2015-04-14 23:23:12,448 DEBUG - Collection role: pojos.Category.news
org.hibernate.cfg.annotations.PropertyBinder 2015-04-14 23:23:12,448 DEBUG - Building property news
org.hibernate.cfg.annotations.PropertyBinder 2015-04-14 23:23:12,448 TRACE - Cascading news with none
org.hibernate.cfg.annotations.SimpleValueBinder 2015-04-14 23:23:12,448 DEBUG - Starting fillSimpleValue for roleId
org.hibernate.cfg.annotations.SimpleValueBinder 2015-04-14 23:23:12,448 DEBUG - Starting fillSimpleValue for addNews
org.hibernate.cfg.annotations.SimpleValueBinder 2015-04-14 23:23:12,458 DEBUG - Starting fillSimpleValue for deleteNews
org.hibernate.cfg.annotations.SimpleValueBinder 2015-04-14 23:23:12,458 DEBUG - Starting fillSimpleValue for readNews
org.hibernate.cfg.annotations.SimpleValueBinder 2015-04-14 23:23:12,458 DEBUG - Starting fillSimpleValue for updateNews
org.hibernate.cfg.annotations.SimpleValueBinder 2015-04-14 23:23:12,458 DEBUG - Starting fillSimpleValue for newsId
org.hibernate.cfg.annotations.SimpleValueBinder 2015-04-14 23:23:12,458 DEBUG - Starting fillSimpleValue for author
org.hibernate.cfg.annotations.SimpleValueBinder 2015-04-14 23:23:12,458 DEBUG - Starting fillSimpleValue for mainText
org.hibernate.cfg.annotations.SimpleValueBinder 2015-04-14 23:23:12,458 DEBUG - Starting fillSimpleValue for postDay
org.hibernate.cfg.annotations.SimpleValueBinder 2015-04-14 23:23:12,458 DEBUG - Starting fillSimpleValue for title
org.hibernate.cfg.annotations.SimpleValueBinder 2015-04-14 23:23:12,458 DEBUG - Starting fillSimpleValue for title4ann
org.hibernate.cfg.annotations.SimpleValueBinder 2015-04-14 23:23:12,458 DEBUG - Starting fillSimpleValue for roleId
org.hibernate.cfg.annotations.SimpleValueBinder 2015-04-14 23:23:12,458 DEBUG - Starting fillSimpleValue for roleType
org.hibernate.cfg.annotations.SimpleValueBinder 2015-04-14 23:23:12,458 DEBUG - Starting fillSimpleValue for userId
org.hibernate.cfg.annotations.SimpleValueBinder 2015-04-14 23:23:12,458 DEBUG - Starting fillSimpleValue for email
org.hibernate.cfg.annotations.SimpleValueBinder 2015-04-14 23:23:12,458 DEBUG - Starting fillSimpleValue for name
org.hibernate.cfg.annotations.SimpleValueBinder 2015-04-14 23:23:12,458 DEBUG - Starting fillSimpleValue for pass
org.hibernate.cfg.annotations.SimpleValueBinder 2015-04-14 23:23:12,458 DEBUG - Starting fillSimpleValue for surname
org.hibernate.cfg.annotations.SimpleValueBinder 2015-04-14 23:23:12,458 DEBUG - Starting fillSimpleValue for categoryId
org.hibernate.cfg.annotations.SimpleValueBinder 2015-04-14 23:23:12,458 DEBUG - Starting fillSimpleValue for categoryName
org.hibernate.cfg.Configuration 2015-04-14 23:23:12,458 DEBUG - Processing fk mappings (*ToOne and JoinedSubclass)
org.hibernate.cfg.Configuration 2015-04-14 23:23:12,478 DEBUG - Processing extends queue
org.hibernate.cfg.Configuration 2015-04-14 23:23:12,478 DEBUG - Processing extends queue
org.hibernate.cfg.Configuration 2015-04-14 23:23:12,478 DEBUG - Processing collection mappings
org.hibernate.cfg.CollectionSecondPass 2015-04-14 23:23:12,478 DEBUG - Second pass for collection: pojos.Roles.users
org.hibernate.cfg.annotations.CollectionBinder 2015-04-14 23:23:12,478 DEBUG - Binding as ManyToMany: pojos.Roles.users
org.hibernate.cfg.CollectionSecondPass 2015-04-14 23:23:12,478 DEBUG - Mapped collection key: roleId, element: userId
org.hibernate.cfg.annotations.PropertyBinder 2015-04-14 23:23:12,488 DEBUG - Building property permission
org.hibernate.cfg.annotations.PropertyBinder 2015-04-14 23:23:12,488 TRACE - Cascading permission with save-update
org.hibernate.cfg.CollectionSecondPass 2015-04-14 23:23:12,488 DEBUG - Second pass for collection: pojos.Users.news
org.hibernate.cfg.annotations.CollectionBinder 2015-04-14 23:23:12,488 DEBUG - Binding a OneToMany: pojos.Users.news through a foreign key
org.hibernate.cfg.annotations.CollectionBinder 2015-04-14 23:23:12,488 DEBUG - Mapping collection: pojos.Users.news -&gt; News
org.hibernate.cfg.annotations.TableBinder 2015-04-14 23:23:12,488 DEBUG - Retrieving property pojos.News.user
org.hibernate.cfg.CollectionSecondPass 2015-04-14 23:23:12,488 DEBUG - Mapped collection key: user, one-to-many: pojos.News
org.hibernate.cfg.CollectionSecondPass 2015-04-14 23:23:12,488 DEBUG - Second pass for collection: pojos.Users.roles
org.hibernate.cfg.annotations.CollectionBinder 2015-04-14 23:23:12,488 DEBUG - Binding as ManyToMany: pojos.Users.roles
org.hibernate.cfg.annotations.TableBinder 2015-04-14 23:23:12,488 DEBUG - Retrieving property pojos.Roles.users
org.hibernate.cfg.CollectionSecondPass 2015-04-14 23:23:12,488 DEBUG - Mapped collection key: userId, element: roleId
org.hibernate.cfg.CollectionSecondPass 2015-04-14 23:23:12,488 DEBUG - Second pass for collection: pojos.Category.news
org.hibernate.cfg.annotations.CollectionBinder 2015-04-14 23:23:12,488 DEBUG - Binding a OneToMany: pojos.Category.news through a foreign key
org.hibernate.cfg.annotations.CollectionBinder 2015-04-14 23:23:12,488 DEBUG - Mapping collection: pojos.Category.news -&gt; News
org.hibernate.cfg.annotations.TableBinder 2015-04-14 23:23:12,488 DEBUG - Retrieving property pojos.News.category
org.hibernate.cfg.CollectionSecondPass 2015-04-14 23:23:12,488 DEBUG - Mapped collection key: category, one-to-many: pojos.News
org.hibernate.cfg.Configuration 2015-04-14 23:23:12,488 DEBUG - Processing native query and ResultSetMapping mappings
org.hibernate.cfg.Configuration 2015-04-14 23:23:12,488 DEBUG - Processing association property references
org.hibernate.cfg.Configuration 2015-04-14 23:23:12,488 DEBUG - Creating tables&apos; unique integer identifiers
org.hibernate.cfg.Configuration 2015-04-14 23:23:12,488 DEBUG - Processing foreign key constraints
org.hibernate.cfg.Configuration 2015-04-14 23:23:12,488 DEBUG - Resolving reference to class: pojos.Category
org.hibernate.cfg.Configuration 2015-04-14 23:23:12,488 DEBUG - Resolving reference to class: pojos.Users
org.hibernate.cfg.Configuration 2015-04-14 23:23:12,488 DEBUG - Resolving reference to class: pojos.Roles
org.hibernate.cfg.Configuration 2015-04-14 23:23:12,488 DEBUG - Resolving reference to class: pojos.Users
org.hibernate.cfg.Configuration 2015-04-14 23:23:12,488 DEBUG - Resolving reference to class: pojos.Roles
org.hibernate.service.internal.AbstractServiceRegistryImpl 2015-04-14 23:23:12,488 TRACE - Initializing service [role=org.hibernate.engine.transaction.jta.platform.spi.JtaPlatform]
org.hibernate.engine.transaction.jta.platform.internal.JtaPlatformInitiator 2015-04-14 23:23:12,498 DEBUG - No JtaPlatform was specified, checking resolver
org.hibernate.service.internal.AbstractServiceRegistryImpl 2015-04-14 23:23:12,498 TRACE - Initializing service [role=org.hibernate.engine.transaction.jta.platform.spi.JtaPlatformResolver]
org.hibernate.engine.transaction.jta.platform.internal.JtaPlatformResolverInitiator 2015-04-14 23:23:12,498 DEBUG - No JtaPlatformResolver was specified, using default [org.hibernate.engine.transaction.jta.platform.internal.StandardJtaPlatformResolver]
org.hibernate.engine.transaction.jta.platform.internal.StandardJtaPlatformResolver 2015-04-14 23:23:12,498 DEBUG - Could not resolve JtaPlatform, using default [org.hibernate.engine.transaction.jta.platform.internal.NoJtaPlatform]
org.hibernate.cfg.SettingsFactory 2015-04-14 23:23:12,498 DEBUG - Automatic flush during beforeCompletion(): disabled
org.hibernate.cfg.SettingsFactory 2015-04-14 23:23:12,498 DEBUG - Automatic session close at end of transaction: disabled
org.hibernate.cfg.SettingsFactory 2015-04-14 23:23:12,498 DEBUG - JDBC batch size: 15
org.hibernate.cfg.SettingsFactory 2015-04-14 23:23:12,498 DEBUG - JDBC batch updates for versioned data: disabled
org.hibernate.cfg.SettingsFactory 2015-04-14 23:23:12,508 DEBUG - Scrollable result sets: enabled
org.hibernate.cfg.SettingsFactory 2015-04-14 23:23:12,508 DEBUG - Wrap result sets: disabled
org.hibernate.cfg.SettingsFactory 2015-04-14 23:23:12,508 DEBUG - JDBC3 getGeneratedKeys(): enabled
org.hibernate.cfg.SettingsFactory 2015-04-14 23:23:12,508 DEBUG - multi-tenancy strategy : NONE
org.hibernate.cfg.SettingsFactory 2015-04-14 23:23:12,508 DEBUG - Connection release mode: auto
org.hibernate.service.internal.AbstractServiceRegistryImpl 2015-04-14 23:23:12,508 TRACE - Initializing service [role=org.hibernate.engine.transaction.spi.TransactionFactory]
org.hibernate.engine.transaction.internal.TransactionFactoryInitiator 2015-04-14 23:23:12,508 INFO  - HHH000399: Using default transaction strategy (direct JDBC transactions)
org.hibernate.loader.BatchFetchStyle 2015-04-14 23:23:12,508 TRACE - Interpreting BatchFetchStyle from setting : null
org.hibernate.cfg.SettingsFactory 2015-04-14 23:23:12,508 DEBUG - Using BatchFetchStyle : LEGACY
org.hibernate.cfg.SettingsFactory 2015-04-14 23:23:12,508 DEBUG - Maximum outer join fetch depth: 2
org.hibernate.cfg.SettingsFactory 2015-04-14 23:23:12,508 DEBUG - Default batch fetch size: 1
org.hibernate.cfg.SettingsFactory 2015-04-14 23:23:12,508 DEBUG - Generate SQL with comments: disabled
org.hibernate.cfg.SettingsFactory 2015-04-14 23:23:12,508 DEBUG - Order SQL updates by primary key: disabled
org.hibernate.cfg.SettingsFactory 2015-04-14 23:23:12,508 DEBUG - Order SQL inserts for batching: disabled
org.hibernate.cfg.SettingsFactory 2015-04-14 23:23:12,508 DEBUG - Default null ordering: none
org.hibernate.cfg.SettingsFactory 2015-04-14 23:23:12,508 DEBUG - Query translator: org.hibernate.hql.internal.ast.ASTQueryTranslatorFactory
org.hibernate.hql.internal.ast.ASTQueryTranslatorFactory 2015-04-14 23:23:12,508 INFO  - HHH000397: Using ASTQueryTranslatorFactory
org.hibernate.cfg.SettingsFactory 2015-04-14 23:23:12,518 DEBUG - Query language substitutions: {}
org.hibernate.cfg.SettingsFactory 2015-04-14 23:23:12,518 DEBUG - JPA-QL strict compliance: disabled
org.hibernate.cfg.SettingsFactory 2015-04-14 23:23:12,518 DEBUG - Second-level cache: disabled
org.hibernate.cfg.SettingsFactory 2015-04-14 23:23:12,518 DEBUG - Query cache: disabled
org.hibernate.service.internal.AbstractServiceRegistryImpl 2015-04-14 23:23:12,518 TRACE - Initializing service [role=org.hibernate.cache.spi.RegionFactory]
org.hibernate.cache.internal.RegionFactoryInitiator 2015-04-14 23:23:12,518 DEBUG - Cache region factory : org.hibernate.cache.internal.NoCachingRegionFactory
org.hibernate.cfg.SettingsFactory 2015-04-14 23:23:12,518 DEBUG - Optimize cache for minimal puts: disabled
org.hibernate.cfg.SettingsFactory 2015-04-14 23:23:12,518 DEBUG - Structured second-level cache entries: disabled
org.hibernate.cfg.SettingsFactory 2015-04-14 23:23:12,518 DEBUG - Second-level cache direct-reference entries: disabled
org.hibernate.cfg.SettingsFactory 2015-04-14 23:23:12,518 DEBUG - Automatic eviction of collection cache: disabled
org.hibernate.cfg.SettingsFactory 2015-04-14 23:23:12,518 DEBUG - Statistics: disabled
org.hibernate.cfg.SettingsFactory 2015-04-14 23:23:12,518 DEBUG - Deleted entity synthetic identifier rollback: disabled
org.hibernate.cfg.SettingsFactory 2015-04-14 23:23:12,518 DEBUG - Default entity-mode: pojo
org.hibernate.cfg.SettingsFactory 2015-04-14 23:23:12,518 DEBUG - Named query checking : enabled
org.hibernate.cfg.SettingsFactory 2015-04-14 23:23:12,518 DEBUG - Check Nullability in Core (should be disabled when Bean Validation is on): enabled
org.hibernate.cfg.SettingsFactory 2015-04-14 23:23:12,518 DEBUG - Allow initialization of lazy state outside session : : disabled
org.hibernate.cfg.SettingsFactory 2015-04-14 23:23:12,518 DEBUG - JTA Track by Thread: enabled
org.hibernate.internal.SessionFactoryImpl 2015-04-14 23:23:12,528 DEBUG - Building session factory
org.hibernate.service.internal.AbstractServiceRegistryImpl 2015-04-14 23:23:12,538 TRACE - Initializing service [role=org.hibernate.service.spi.SessionFactoryServiceRegistryFactory]
org.hibernate.service.internal.AbstractServiceRegistryImpl 2015-04-14 23:23:12,538 TRACE - Initializing service [role=org.hibernate.engine.spi.CacheImplementor]
org.hibernate.type.TypeFactory$TypeScopeImpl 2015-04-14 23:23:12,548 TRACE - Scoping types to session factory org.hibernate.internal.SessionFactoryImpl@3b00856b
org.hibernate.internal.SessionFactoryImpl 2015-04-14 23:23:12,548 DEBUG - Session factory constructed with filter configurations : {}
org.hibernate.internal.SessionFactoryImpl 2015-04-14 23:23:12,548 DEBUG - Instantiating session factory with properties: {java.runtime.name=Java(TM) SE Runtime Environment, sun.boot.library.path=C:\Program Files\Java\jdk1.8.0_25\jre\bin, java.vm.version=25.25-b02, java.vm.vendor=Oracle Corporation, java.vendor.url=http://java.oracle.com/, path.separator=;, java.vm.name=Java HotSpot(TM) 64-Bit Server VM, file.encoding.pkg=sun.io, user.script=, user.country=RU, sun.java.launcher=SUN_STANDARD, sun.os.patch.level=Service Pack 1, java.vm.specification.name=Java Virtual Machine Specification, user.dir=C:\JavaProjects\newspaperSpring\dao, java.runtime.version=1.8.0_25-b18, java.awt.graphicsenv=sun.awt.Win32GraphicsEnvironment, basedir=C:\JavaProjects\newspaperSpring\dao, hibernate.current_session_context_class=org.springframework.orm.hibernate4.SpringSessionContext, java.endorsed.dirs=C:\Program Files\Java\jdk1.8.0_25\jre\lib\endorsed, os.arch=amd64, surefire.real.class.path=C:\JavaProjects\newspaperSpring\dao\target\surefire\surefirebooter103606798620168628.jar, java.io.tmpdir=C:\Users\NotePad.by\AppData\Local\Temp\, line.separator=
, java.vm.specification.vendor=Oracle Corporation, user.variant=, os.name=Windows 7, hibernate.cache.use_second_level_cache=false, sun.jnu.encoding=Cp1252, java.library.path=C:\Program Files\Java\jdk1.8.0_25\jre\bin;C:\Windows\Sun\Java\bin;C:\Windows\system32;C:\Windows;c:/Program Files/Java/jdk1.8.0_25/bin/../jre/bin/server;c:/Program Files/Java/jdk1.8.0_25/bin/../jre/bin;c:/Program Files/Java/jdk1.8.0_25/bin/../jre/lib/amd64;&quot;c:\Program Files\Java\jdk1.8.0_25\bin&quot;;C:\Program Files (x86)\Intel\iCLS Client\;C:\Program Files\Intel\iCLS Client\;C:\Program Files (x86)\NVIDIA Corporation\PhysX\Common;C:\Windows\system32;C:\Windows;C:\Windows\System32\Wbem;C:\Windows\System32\WindowsPowerShell\v1.0\;C:\Program Files\Intel\Intel(R) Management Engine Components\DAL;C:\Program Files\Intel\Intel(R) Management Engine Components\IPT;C:\Program Files (x86)\Intel\Intel(R) Management Engine Components\DAL;C:\Program Files (x86)\Intel\Intel(R) Management Engine Components\IPT;c:\apache-maven-3.2.5\bin\;C:\Program Files\VisualSVN Server\bin;C:\Program Files\TortoiseSVN\bin;C:\Program Files\Eclipse;;., hibernate.connection.datasource=org.apache.commons.dbcp.BasicDataSource@53d102a2, surefire.test.class.path=C:\JavaProjects\newspaperSpring\dao\target\test-classes;C:\JavaProjects\newspaperSpring\dao\target\classes;C:\Users\NotePad.by\.m2\repository\org\springframework\spring-test\4.1.6.RELEASE\spring-test-4.1.6.RELEASE.jar;C:\Users\NotePad.by\.m2\repository\cglib\cglib\3.1\cglib-3.1.jar;C:\Users\NotePad.by\.m2\repository\org\ow2\asm\asm\4.2\asm-4.2.jar;C:\Users\NotePad.by\.m2\repository\junit\junit\4.10\junit-4.10.jar;C:\Users\NotePad.by\.m2\repository\org\hamcrest\hamcrest-core\1.1\hamcrest-core-1.1.jar;C:\Users\NotePad.by\.m2\repository\org\hibernate\hibernate-core\4.3.8.Final\hibernate-core-4.3.8.Final.jar;C:\Users\NotePad.by\.m2\repository\org\jboss\logging\jboss-logging\3.1.3.GA\jboss-logging-3.1.3.GA.jar;C:\Users\NotePad.by\.m2\repository\org\jboss\logging\jboss-logging-annotations\1.2.0.Beta1\jboss-logging-annotations-1.2.0.Beta1.jar;C:\Users\NotePad.by\.m2\repository\org\jboss\spec\javax\transaction\jboss-transaction-api_1.2_spec\1.0.0.Final\jboss-transaction-api_1.2_spec-1.0.0.Final.jar;C:\Users\NotePad.by\.m2\repository\dom4j\dom4j\1.6.1\dom4j-1.6.1.jar;C:\Users\NotePad.by\.m2\repository\xml-apis\xml-apis\1.0.b2\xml-apis-1.0.b2.jar;C:\Users\NotePad.by\.m2\repository\org\hibernate\common\hibernate-commons-annotations\4.0.5.Final\hibernate-commons-annotations-4.0.5.Final.jar;C:\Users\NotePad.by\.m2\repository\org\hibernate\javax\persistence\hibernate-jpa-2.1-api\1.0.0.Final\hibernate-jpa-2.1-api-1.0.0.Final.jar;C:\Users\NotePad.by\.m2\repository\org\javassist\javassist\3.18.1-GA\javassist-3.18.1-GA.jar;C:\Users\NotePad.by\.m2\repository\antlr\antlr\2.7.7\antlr-2.7.7.jar;C:\Users\NotePad.by\.m2\repository\org\jboss\jandex\1.1.0.Final\jandex-1.1.0.Final.jar;C:\Users\NotePad.by\.m2\repository\org\hibernate\hibernate-entitymanager\4.3.8.Final\hibernate-entitymanager-4.3.8.Final.jar;C:\Users\NotePad.by\.m2\repository\org\hibernate\hibernate-ehcache\4.3.8.Final\hibernate-ehcache-4.3.8.Final.jar;C:\Users\NotePad.by\.m2\repository\net\sf\ehcache\ehcache-core\2.4.3\ehcache-core-2.4.3.jar;C:\Users\NotePad.by\.m2\repository\org\slf4j\slf4j-api\1.6.1\slf4j-api-1.6.1.jar;C:\Users\NotePad.by\.m2\repository\log4j\log4j\1.2.17\log4j-1.2.17.jar;C:\Users\NotePad.by\.m2\repository\org\springframework\spring-core\4.1.6.RELEASE\spring-core-4.1.6.RELEASE.jar;C:\Users\NotePad.by\.m2\repository\commons-logging\commons-logging\1.2\commons-logging-1.2.jar;C:\Users\NotePad.by\.m2\repository\org\springframework\spring-context\4.1.6.RELEASE\spring-context-4.1.6.RELEASE.jar;C:\Users\NotePad.by\.m2\repository\org\springframework\spring-expression\4.1.6.RELEASE\spring-expression-4.1.6.RELEASE.jar;C:\Users\NotePad.by\.m2\repository\org\springframework\spring-orm\4.1.6.RELEASE\spring-orm-4.1.6.RELEASE.jar;C:\Users\NotePad.by\.m2\repository\org\springframework\spring-jdbc\4.1.6.RELEASE\spring-jdbc-4.1.6.RELEASE.jar;C:\Users\NotePad.by\.m2\repository\org\springframework\spring-beans\4.1.6.RELEASE\spring-beans-4.1.6.RELEASE.jar;C:\Users\NotePad.by\.m2\repository\org\springframework\spring-tx\4.1.6.RELEASE\spring-tx-4.1.6.RELEASE.jar;C:\Users\NotePad.by\.m2\repository\commons-dbcp\commons-dbcp\1.4\commons-dbcp-1.4.jar;C:\Users\NotePad.by\.m2\repository\commons-pool\commons-pool\1.5.4\commons-pool-1.5.4.jar;C:\Users\NotePad.by\.m2\repository\mysql\mysql-connector-java\5.1.35\mysql-connector-java-5.1.35.jar;C:\Users\NotePad.by\.m2\repository\org\springframework\spring-aop\4.1.6.RELEASE\spring-aop-4.1.6.RELEASE.jar;C:\Users\NotePad.by\.m2\repository\aopalliance\aopalliance\1.0\aopalliance-1.0.jar;C:\Users\NotePad.by\.m2\repository\org\aspectj\aspectjweaver\1.8.4\aspectjweaver-1.8.4.jar;C:\Users\NotePad.by\.m2\repository\org\aspectj\aspectjrt\1.8.4\aspectjrt-1.8.4.jar;, debug=true, java.specification.name=Java Platform API Specification, java.class.version=52.0, sun.management.compiler=HotSpot 64-Bit Tiered Compilers, os.version=6.1, user.home=C:\Users\NotePad.by, user.timezone=Europe/Kaliningrad, java.awt.printerjob=sun.awt.windows.WPrinterJob, java.specification.version=1.8, file.encoding=Cp1252, user.name=NotePad.by, java.class.path=C:\JavaProjects\newspaperSpring\dao\target\test-classes;C:\JavaProjects\newspaperSpring\dao\target\classes;C:\Users\NotePad.by\.m2\repository\org\springframework\spring-test\4.1.6.RELEASE\spring-test-4.1.6.RELEASE.jar;C:\Users\NotePad.by\.m2\repository\cglib\cglib\3.1\cglib-3.1.jar;C:\Users\NotePad.by\.m2\repository\org\ow2\asm\asm\4.2\asm-4.2.jar;C:\Users\NotePad.by\.m2\repository\junit\junit\4.10\junit-4.10.jar;C:\Users\NotePad.by\.m2\repository\org\hamcrest\hamcrest-core\1.1\hamcrest-core-1.1.jar;C:\Users\NotePad.by\.m2\repository\org\hibernate\hibernate-core\4.3.8.Final\hibernate-core-4.3.8.Final.jar;C:\Users\NotePad.by\.m2\repository\org\jboss\logging\jboss-logging\3.1.3.GA\jboss-logging-3.1.3.GA.jar;C:\Users\NotePad.by\.m2\repository\org\jboss\logging\jboss-logging-annotations\1.2.0.Beta1\jboss-logging-annotations-1.2.0.Beta1.jar;C:\Users\NotePad.by\.m2\repository\org\jboss\spec\javax\transaction\jboss-transaction-api_1.2_spec\1.0.0.Final\jboss-transaction-api_1.2_spec-1.0.0.Final.jar;C:\Users\NotePad.by\.m2\repository\dom4j\dom4j\1.6.1\dom4j-1.6.1.jar;C:\Users\NotePad.by\.m2\repository\xml-apis\xml-apis\1.0.b2\xml-apis-1.0.b2.jar;C:\Users\NotePad.by\.m2\repository\org\hibernate\common\hibernate-commons-annotations\4.0.5.Final\hibernate-commons-annotations-4.0.5.Final.jar;C:\Users\NotePad.by\.m2\repository\org\hibernate\javax\persistence\hibernate-jpa-2.1-api\1.0.0.Final\hibernate-jpa-2.1-api-1.0.0.Final.jar;C:\Users\NotePad.by\.m2\repository\org\javassist\javassist\3.18.1-GA\javassist-3.18.1-GA.jar;C:\Users\NotePad.by\.m2\repository\antlr\antlr\2.7.7\antlr-2.7.7.jar;C:\Users\NotePad.by\.m2\repository\org\jboss\jandex\1.1.0.Final\jandex-1.1.0.Final.jar;C:\Users\NotePad.by\.m2\repository\org\hibernate\hibernate-entitymanager\4.3.8.Final\hibernate-entitymanager-4.3.8.Final.jar;C:\Users\NotePad.by\.m2\repository\org\hibernate\hibernate-ehcache\4.3.8.Final\hibernate-ehcache-4.3.8.Final.jar;C:\Users\NotePad.by\.m2\repository\net\sf\ehcache\ehcache-core\2.4.3\ehcache-core-2.4.3.jar;C:\Users\NotePad.by\.m2\repository\org\slf4j\slf4j-api\1.6.1\slf4j-api-1.6.1.jar;C:\Users\NotePad.by\.m2\repository\log4j\log4j\1.2.17\log4j-1.2.17.jar;C:\Users\NotePad.by\.m2\repository\org\springframework\spring-core\4.1.6.RELEASE\spring-core-4.1.6.RELEASE.jar;C:\Users\NotePad.by\.m2\repository\commons-logging\commons-logging\1.2\commons-logging-1.2.jar;C:\Users\NotePad.by\.m2\repository\org\springframework\spring-context\4.1.6.RELEASE\spring-context-4.1.6.RELEASE.jar;C:\Users\NotePad.by\.m2\repository\org\springframework\spring-expression\4.1.6.RELEASE\spring-expression-4.1.6.RELEASE.jar;C:\Users\NotePad.by\.m2\repository\org\springframework\spring-orm\4.1.6.RELEASE\spring-orm-4.1.6.RELEASE.jar;C:\Users\NotePad.by\.m2\repository\org\springframework\spring-jdbc\4.1.6.RELEASE\spring-jdbc-4.1.6.RELEASE.jar;C:\Users\NotePad.by\.m2\repository\org\springframework\spring-beans\4.1.6.RELEASE\spring-beans-4.1.6.RELEASE.jar;C:\Users\NotePad.by\.m2\repository\org\springframework\spring-tx\4.1.6.RELEASE\spring-tx-4.1.6.RELEASE.jar;C:\Users\NotePad.by\.m2\repository\commons-dbcp\commons-dbcp\1.4\commons-dbcp-1.4.jar;C:\Users\NotePad.by\.m2\repository\commons-pool\commons-pool\1.5.4\commons-pool-1.5.4.jar;C:\Users\NotePad.by\.m2\repository\mysql\mysql-connector-java\5.1.35\mysql-connector-java-5.1.35.jar;C:\Users\NotePad.by\.m2\repository\org\springframework\spring-aop\4.1.6.RELEASE\spring-aop-4.1.6.RELEASE.jar;C:\Users\NotePad.by\.m2\repository\aopalliance\aopalliance\1.0\aopalliance-1.0.jar;C:\Users\NotePad.by\.m2\repository\org\aspectj\aspectjweaver\1.8.4\aspectjweaver-1.8.4.jar;C:\Users\NotePad.by\.m2\repository\org\aspectj\aspectjrt\1.8.4\aspectjrt-1.8.4.jar;, hibernate.bytecode.use_reflection_optimizer=false, hibernate.show_sql=true, hibernate.classLoader.application=sun.misc.Launcher$AppClassLoader@6bc7c054, java.vm.specification.version=1.8, sun.arch.data.model=64, java.home=C:\Program Files\Java\jdk1.8.0_25\jre, sun.java.command=C:\JavaProjects\newspaperSpring\dao\target\surefire\surefirebooter103606798620168628.jar C:\JavaProjects\newspaperSpring\dao\target\surefire\surefire2715094052835205467tmp C:\JavaProjects\newspaperSpring\dao\target\surefire\surefire_05650462113268030590tmp, hibernate.dialect=org.hibernate.dialect.MySQLDialect, java.specification.vendor=Oracle Corporation, user.language=ru, awt.toolkit=sun.awt.windows.WToolkit, java.vm.info=mixed mode, java.version=1.8.0_25, java.ext.dirs=C:\Program Files\Java\jdk1.8.0_25\jre\lib\ext;C:\Windows\Sun\Java\lib\ext, sun.boot.class.path=C:\Program Files\Java\jdk1.8.0_25\jre\lib\resources.jar;C:\Program Files\Java\jdk1.8.0_25\jre\lib\rt.jar;C:\Program Files\Java\jdk1.8.0_25\jre\lib\sunrsasign.jar;C:\Program Files\Java\jdk1.8.0_25\jre\lib\jsse.jar;C:\Program Files\Java\jdk1.8.0_25\jre\lib\jce.jar;C:\Program Files\Java\jdk1.8.0_25\jre\lib\charsets.jar;C:\Program Files\Java\jdk1.8.0_25\jre\lib\jfr.jar;C:\Program Files\Java\jdk1.8.0_25\jre\classes, java.vendor=Oracle Corporation, localRepository=C:\Users\NotePad.by\.m2\repository, file.separator=\, hibernate.cache.region.factory_class=org.hibernate.cache.ehcache.SingletonEhCacheRegionFactory, java.vendor.url.bug=http://bugreport.sun.com/bugreport/, hibernate.hbm2ddl.auto=validate, sun.cpu.endian=little, sun.io.unicode.encoding=UnicodeLittle, sun.desktop=windows, sun.cpu.isalist=amd64}
org.hibernate.service.internal.AbstractServiceRegistryImpl 2015-04-14 23:23:12,568 TRACE - Initializing service [role=org.hibernate.engine.query.spi.NativeQueryInterpreter]
org.hibernate.secure.spi.JaccIntegrator 2015-04-14 23:23:12,568 DEBUG - Skipping JACC integration as it was not enabled
org.hibernate.id.factory.internal.DefaultIdentifierGeneratorFactory 2015-04-14 23:23:12,568 DEBUG - Setting dialect [org.hibernate.dialect.MySQLDialect]
org.hibernate.id.factory.internal.DefaultIdentifierGeneratorFactory 2015-04-14 23:23:12,578 DEBUG - Setting dialect [org.hibernate.dialect.MySQLDialect]
org.hibernate.id.factory.internal.DefaultIdentifierGeneratorFactory 2015-04-14 23:23:12,578 DEBUG - Setting dialect [org.hibernate.dialect.MySQLDialect]
org.hibernate.id.factory.internal.DefaultIdentifierGeneratorFactory 2015-04-14 23:23:12,578 DEBUG - Setting dialect [org.hibernate.dialect.MySQLDialect]
org.hibernate.id.factory.internal.DefaultIdentifierGeneratorFactory 2015-04-14 23:23:12,578 DEBUG - Setting dialect [org.hibernate.dialect.MySQLDialect]
org.hibernate.service.internal.AbstractServiceRegistryImpl 2015-04-14 23:23:12,578 TRACE - Initializing service [role=org.hibernate.persister.spi.PersisterFactory]
org.hibernate.service.internal.AbstractServiceRegistryImpl 2015-04-14 23:23:12,588 TRACE - Initializing service [role=org.hibernate.persister.spi.PersisterClassResolver]
org.hibernate.persister.entity.AbstractPropertyMapping 2015-04-14 23:23:12,790 TRACE - Skipping duplicate registration of path [email], existing type = [org.hibernate.type.StringType@49e5f737], incoming type = [org.hibernate.type.StringType@49e5f737]
org.hibernate.persister.entity.AbstractPropertyMapping 2015-04-14 23:23:12,790 TRACE - Skipping duplicate registration of path [name], existing type = [org.hibernate.type.StringType@49e5f737], incoming type = [org.hibernate.type.StringType@49e5f737]
org.hibernate.persister.entity.AbstractPropertyMapping 2015-04-14 23:23:12,800 TRACE - Skipping duplicate registration of path [news], existing type = [org.hibernate.type.SetType(pojos.Users.news)], incoming type = [org.hibernate.type.SetType(pojos.Users.news)]
org.hibernate.persister.entity.AbstractPropertyMapping 2015-04-14 23:23:12,800 TRACE - Skipping duplicate registration of path [pass], existing type = [org.hibernate.type.StringType@49e5f737], incoming type = [org.hibernate.type.StringType@49e5f737]
org.hibernate.persister.entity.AbstractPropertyMapping 2015-04-14 23:23:12,800 TRACE - Skipping duplicate registration of path [roles], existing type = [org.hibernate.type.SetType(pojos.Users.roles)], incoming type = [org.hibernate.type.SetType(pojos.Users.roles)]
org.hibernate.persister.entity.AbstractPropertyMapping 2015-04-14 23:23:12,800 TRACE - Skipping duplicate registration of path [surname], existing type = [org.hibernate.type.StringType@49e5f737], incoming type = [org.hibernate.type.StringType@49e5f737]
org.hibernate.persister.entity.AbstractPropertyMapping 2015-04-14 23:23:12,800 TRACE - Skipping duplicate registration of path [category.id], existing type = [org.hibernate.type.IntegerType@305b7c14], incoming type = [org.hibernate.type.IntegerType@305b7c14]
org.hibernate.persister.entity.AbstractPropertyMapping 2015-04-14 23:23:12,800 TRACE - Skipping duplicate registration of path [category.categoryId], existing type = [org.hibernate.type.IntegerType@305b7c14], incoming type = [org.hibernate.type.IntegerType@305b7c14]
org.hibernate.persister.entity.AbstractPropertyMapping 2015-04-14 23:23:12,800 TRACE - Skipping duplicate registration of path [user.id], existing type = [org.hibernate.type.IntegerType@305b7c14], incoming type = [org.hibernate.type.IntegerType@305b7c14]
org.hibernate.persister.entity.AbstractPropertyMapping 2015-04-14 23:23:12,800 TRACE - Skipping duplicate registration of path [user.userId], existing type = [org.hibernate.type.IntegerType@305b7c14], incoming type = [org.hibernate.type.IntegerType@305b7c14]
org.hibernate.persister.entity.AbstractPropertyMapping 2015-04-14 23:23:12,800 TRACE - Skipping duplicate registration of path [author], existing type = [org.hibernate.type.StringType@49e5f737], incoming type = [org.hibernate.type.StringType@49e5f737]
org.hibernate.persister.entity.AbstractPropertyMapping 2015-04-14 23:23:12,800 TRACE - Skipping duplicate registration of path [category], existing type = [org.hibernate.type.ManyToOneType(pojos.Category)], incoming type = [org.hibernate.type.ManyToOneType(pojos.Category)]
org.hibernate.persister.entity.AbstractPropertyMapping 2015-04-14 23:23:12,800 TRACE - Skipping duplicate registration of path [category.id], existing type = [org.hibernate.type.IntegerType@305b7c14], incoming type = [org.hibernate.type.IntegerType@305b7c14]
org.hibernate.persister.entity.AbstractPropertyMapping 2015-04-14 23:23:12,800 TRACE - Skipping duplicate registration of path [category.id], existing type = [org.hibernate.type.IntegerType@305b7c14], incoming type = [org.hibernate.type.IntegerType@305b7c14]
org.hibernate.persister.entity.AbstractPropertyMapping 2015-04-14 23:23:12,800 TRACE - Skipping duplicate registration of path [category.categoryId], existing type = [org.hibernate.type.IntegerType@305b7c14], incoming type = [org.hibernate.type.IntegerType@305b7c14]
org.hibernate.persister.entity.AbstractPropertyMapping 2015-04-14 23:23:12,800 TRACE - Skipping duplicate registration of path [category.categoryId], existing type = [org.hibernate.type.IntegerType@305b7c14], incoming type = [org.hibernate.type.IntegerType@305b7c14]
org.hibernate.persister.entity.AbstractPropertyMapping 2015-04-14 23:23:12,800 TRACE - Skipping duplicate registration of path [mainText], existing type = [org.hibernate.type.TextType@41c2284a], incoming type = [org.hibernate.type.TextType@41c2284a]
org.hibernate.persister.entity.AbstractPropertyMapping 2015-04-14 23:23:12,800 TRACE - Skipping duplicate registration of path [postDay], existing type = [org.hibernate.type.StringType@49e5f737], incoming type = [org.hibernate.type.StringType@49e5f737]
org.hibernate.persister.entity.AbstractPropertyMapping 2015-04-14 23:23:12,800 TRACE - Skipping duplicate registration of path [title], existing type = [org.hibernate.type.StringType@49e5f737], incoming type = [org.hibernate.type.StringType@49e5f737]
org.hibernate.persister.entity.AbstractPropertyMapping 2015-04-14 23:23:12,800 TRACE - Skipping duplicate registration of path [title4ann], existing type = [org.hibernate.type.StringType@49e5f737], incoming type = [org.hibernate.type.StringType@49e5f737]
org.hibernate.persister.entity.AbstractPropertyMapping 2015-04-14 23:23:12,810 TRACE - Skipping duplicate registration of path [user], existing type = [org.hibernate.type.ManyToOneType(pojos.Users)], incoming type = [org.hibernate.type.ManyToOneType(pojos.Users)]
org.hibernate.persister.entity.AbstractPropertyMapping 2015-04-14 23:23:12,810 TRACE - Skipping duplicate registration of path [user.id], existing type = [org.hibernate.type.IntegerType@305b7c14], incoming type = [org.hibernate.type.IntegerType@305b7c14]
org.hibernate.persister.entity.AbstractPropertyMapping 2015-04-14 23:23:12,810 TRACE - Skipping duplicate registration of path [user.id], existing type = [org.hibernate.type.IntegerType@305b7c14], incoming type = [org.hibernate.type.IntegerType@305b7c14]
org.hibernate.persister.entity.AbstractPropertyMapping 2015-04-14 23:23:12,810 TRACE - Skipping duplicate registration of path [user.userId], existing type = [org.hibernate.type.IntegerType@305b7c14], incoming type = [org.hibernate.type.IntegerType@305b7c14]
org.hibernate.persister.entity.AbstractPropertyMapping 2015-04-14 23:23:12,810 TRACE - Skipping duplicate registration of path [user.userId], existing type = [org.hibernate.type.IntegerType@305b7c14], incoming type = [org.hibernate.type.IntegerType@305b7c14]
org.hibernate.persister.entity.AbstractPropertyMapping 2015-04-14 23:23:12,810 TRACE - Skipping duplicate registration of path [categoryName], existing type = [org.hibernate.type.StringType@49e5f737], incoming type = [org.hibernate.type.StringType@49e5f737]
org.hibernate.persister.entity.AbstractPropertyMapping 2015-04-14 23:23:12,810 TRACE - Skipping duplicate registration of path [news], existing type = [org.hibernate.type.SetType(pojos.Category.news)], incoming type = [org.hibernate.type.SetType(pojos.Category.news)]
org.hibernate.persister.entity.AbstractPropertyMapping 2015-04-14 23:23:12,820 TRACE - Skipping duplicate registration of path [role.id], existing type = [org.hibernate.type.IntegerType@305b7c14], incoming type = [org.hibernate.type.IntegerType@305b7c14]
org.hibernate.persister.entity.AbstractPropertyMapping 2015-04-14 23:23:12,820 TRACE - Skipping duplicate registration of path [role.roleId], existing type = [org.hibernate.type.IntegerType@305b7c14], incoming type = [org.hibernate.type.IntegerType@305b7c14]
org.hibernate.persister.entity.AbstractPropertyMapping 2015-04-14 23:23:12,820 TRACE - Skipping duplicate registration of path [addNews], existing type = [org.hibernate.type.BooleanType@b2c9a9c], incoming type = [org.hibernate.type.BooleanType@b2c9a9c]
org.hibernate.persister.entity.AbstractPropertyMapping 2015-04-14 23:23:12,820 TRACE - Skipping duplicate registration of path [deleteNews], existing type = [org.hibernate.type.BooleanType@b2c9a9c], incoming type = [org.hibernate.type.BooleanType@b2c9a9c]
org.hibernate.persister.entity.AbstractPropertyMapping 2015-04-14 23:23:12,820 TRACE - Skipping duplicate registration of path [readNews], existing type = [org.hibernate.type.BooleanType@b2c9a9c], incoming type = [org.hibernate.type.BooleanType@b2c9a9c]
org.hibernate.persister.entity.AbstractPropertyMapping 2015-04-14 23:23:12,820 TRACE - Skipping duplicate registration of path [role], existing type = [org.hibernate.type.ManyToOneType(pojos.Roles)], incoming type = [org.hibernate.type.ManyToOneType(pojos.Roles)]
org.hibernate.persister.entity.AbstractPropertyMapping 2015-04-14 23:23:12,820 TRACE - Skipping duplicate registration of path [role.id], existing type = [org.hibernate.type.IntegerType@305b7c14], incoming type = [org.hibernate.type.IntegerType@305b7c14]
org.hibernate.persister.entity.AbstractPropertyMapping 2015-04-14 23:23:12,820 TRACE - Skipping duplicate registration of path [role.id], existing type = [org.hibernate.type.IntegerType@305b7c14], incoming type = [org.hibernate.type.IntegerType@305b7c14]
org.hibernate.persister.entity.AbstractPropertyMapping 2015-04-14 23:23:12,820 TRACE - Skipping duplicate registration of path [role.roleId], existing type = [org.hibernate.type.IntegerType@305b7c14], incoming type = [org.hibernate.type.IntegerType@305b7c14]
org.hibernate.persister.entity.AbstractPropertyMapping 2015-04-14 23:23:12,820 TRACE - Skipping duplicate registration of path [role.roleId], existing type = [org.hibernate.type.IntegerType@305b7c14], incoming type = [org.hibernate.type.IntegerType@305b7c14]
org.hibernate.persister.entity.AbstractPropertyMapping 2015-04-14 23:23:12,820 TRACE - Skipping duplicate registration of path [updateNews], existing type = [org.hibernate.type.BooleanType@b2c9a9c], incoming type = [org.hibernate.type.BooleanType@b2c9a9c]
org.hibernate.persister.entity.AbstractPropertyMapping 2015-04-14 23:23:12,820 TRACE - Skipping duplicate registration of path [permission.role], existing type = [org.hibernate.type.IntegerType@305b7c14], incoming type = [org.hibernate.type.IntegerType@305b7c14]
org.hibernate.persister.entity.AbstractPropertyMapping 2015-04-14 23:23:12,820 TRACE - Skipping duplicate registration of path [roleType], existing type = [org.hibernate.type.StringType@49e5f737], incoming type = [org.hibernate.type.StringType@49e5f737]
org.hibernate.persister.entity.AbstractPropertyMapping 2015-04-14 23:23:12,820 TRACE - Skipping duplicate registration of path [users], existing type = [org.hibernate.type.SetType(pojos.Roles.users)], incoming type = [org.hibernate.type.SetType(pojos.Roles.users)]
org.hibernate.persister.entity.AbstractPropertyMapping 2015-04-14 23:23:12,820 TRACE - Skipping duplicate registration of path [permission], existing type = [org.hibernate.type.OneToOneType(pojos.Permissions)], incoming type = [org.hibernate.type.OneToOneType(pojos.Permissions)]
org.hibernate.persister.entity.AbstractPropertyMapping 2015-04-14 23:23:12,820 TRACE - Skipping duplicate registration of path [permission.role], existing type = [org.hibernate.type.IntegerType@305b7c14], incoming type = [org.hibernate.type.IntegerType@305b7c14]
org.hibernate.persister.entity.AbstractPropertyMapping 2015-04-14 23:23:12,820 TRACE - Skipping duplicate registration of path [permission.role], existing type = [org.hibernate.type.IntegerType@305b7c14], incoming type = [org.hibernate.type.IntegerType@305b7c14]
org.hibernate.persister.collection.AbstractCollectionPersister 2015-04-14 23:23:12,830 DEBUG - Static SQL for collection: pojos.Roles.users
org.hibernate.persister.collection.AbstractCollectionPersister 2015-04-14 23:23:12,830 DEBUG -  Row insert: insert into T_Roles_Users (roleId, userId) values (?, ?)
org.hibernate.persister.collection.AbstractCollectionPersister 2015-04-14 23:23:12,830 DEBUG -  Row update: update T_Roles_Users set userId=? where roleId=? and userId=?
org.hibernate.persister.collection.AbstractCollectionPersister 2015-04-14 23:23:12,830 DEBUG -  Row delete: delete from T_Roles_Users where roleId=? and userId=?
org.hibernate.persister.collection.AbstractCollectionPersister 2015-04-14 23:23:12,830 DEBUG -  One-shot delete: delete from T_Roles_Users where roleId=?
org.hibernate.persister.collection.AbstractCollectionPersister 2015-04-14 23:23:12,840 DEBUG - Static SQL for collection: pojos.Category.news
org.hibernate.persister.collection.AbstractCollectionPersister 2015-04-14 23:23:12,840 DEBUG -  Row insert: update News set category=? where newsId=?
org.hibernate.persister.collection.AbstractCollectionPersister 2015-04-14 23:23:12,840 DEBUG -  Row update: update News set  where newsId=?
org.hibernate.persister.collection.AbstractCollectionPersister 2015-04-14 23:23:12,840 DEBUG -  Row delete: update News set category=null where category=? and newsId=?
org.hibernate.persister.collection.AbstractCollectionPersister 2015-04-14 23:23:12,840 DEBUG -  One-shot delete: update News set category=null where category=?
org.hibernate.persister.collection.AbstractCollectionPersister 2015-04-14 23:23:12,840 DEBUG - Static SQL for collection: pojos.Users.news
org.hibernate.persister.collection.AbstractCollectionPersister 2015-04-14 23:23:12,840 DEBUG -  Row insert: update News set user=? where newsId=?
org.hibernate.persister.collection.AbstractCollectionPersister 2015-04-14 23:23:12,840 DEBUG -  Row update: update News set  where newsId=?
org.hibernate.persister.collection.AbstractCollectionPersister 2015-04-14 23:23:12,840 DEBUG -  Row delete: update News set user=null where user=? and newsId=?
org.hibernate.persister.collection.AbstractCollectionPersister 2015-04-14 23:23:12,840 DEBUG -  One-shot delete: update News set user=null where user=?
org.hibernate.persister.collection.AbstractCollectionPersister 2015-04-14 23:23:12,840 DEBUG - Static SQL for collection: pojos.Users.roles
org.hibernate.persister.collection.AbstractCollectionPersister 2015-04-14 23:23:12,840 DEBUG -  Row insert: insert into T_Roles_Users (userId, roleId) values (?, ?)
org.hibernate.persister.collection.AbstractCollectionPersister 2015-04-14 23:23:12,840 DEBUG -  Row update: update T_Roles_Users set roleId=? where userId=? and roleId=?
org.hibernate.persister.collection.AbstractCollectionPersister 2015-04-14 23:23:12,840 DEBUG -  Row delete: delete from T_Roles_Users where userId=? and roleId=?
org.hibernate.persister.collection.AbstractCollectionPersister 2015-04-14 23:23:12,840 DEBUG -  One-shot delete: delete from T_Roles_Users where userId=?
org.hibernate.persister.entity.AbstractEntityPersister 2015-04-14 23:23:12,850 DEBUG - Static SQL for entity: pojos.Users
org.hibernate.persister.entity.AbstractEntityPersister 2015-04-14 23:23:12,850 DEBUG -  Version select: select userId from Users where userId =?
org.hibernate.persister.entity.AbstractEntityPersister 2015-04-14 23:23:12,850 DEBUG -  Snapshot select: select users_.userId, users_.email as email2_5_, users_.name as name3_5_, users_.pass as pass4_5_, users_.surname as surname5_5_ from Users users_ where users_.userId=?
org.hibernate.persister.entity.AbstractEntityPersister 2015-04-14 23:23:12,850 DEBUG -  Insert 0: insert into Users (email, name, pass, surname, userId) values (?, ?, ?, ?, ?)
org.hibernate.persister.entity.AbstractEntityPersister 2015-04-14 23:23:12,850 DEBUG -  Update 0: update Users set email=?, name=?, pass=?, surname=? where userId=?
org.hibernate.persister.entity.AbstractEntityPersister 2015-04-14 23:23:12,850 DEBUG -  Delete 0: delete from Users where userId=?
org.hibernate.persister.entity.AbstractEntityPersister 2015-04-14 23:23:12,850 DEBUG -  Identity insert: insert into Users (email, name, pass, surname) values (?, ?, ?, ?)
org.hibernate.loader.plan.build.internal.AbstractLoadPlanBuildingAssociationVisitationStrategy 2015-04-14 23:23:12,880 TRACE -  Starting root entity : pojos.Users
org.hibernate.loader.plan.build.internal.spaces.QuerySpacesImpl 2015-04-14 23:23:12,890 DEBUG - Adding QuerySpace : uid = &lt;gen:0&gt; -&gt; org.hibernate.loader.plan.build.internal.spaces.EntityQuerySpaceImpl@54227100]
org.hibernate.loader.plan.build.internal.AbstractLoadPlanBuildingAssociationVisitationStrategy 2015-04-14 23:23:12,890 TRACE - Pushing fetch source to stack : org.hibernate.loader.plan.build.internal.returns.EntityReturnImpl@3f446bef
org.hibernate.loader.plan.build.internal.AbstractLoadPlanBuildingAssociationVisitationStrategy 2015-04-14 23:23:12,890 TRACE - .. Registering AssociationKey : AssociationKey(table=Users, columns={userId}) -&gt; org.hibernate.loader.plan.build.internal.returns.EntityReturnImpl@3f446bef
org.hibernate.loader.plan.build.internal.AbstractLoadPlanBuildingAssociationVisitationStrategy 2015-04-14 23:23:12,890 TRACE - &gt;&gt; Starting entity identifier : pojos.Users
org.hibernate.persister.walking.spi.MetamodelGraphWalker 2015-04-14 23:23:12,890 DEBUG - Visiting attribute path : email
org.hibernate.loader.plan.build.internal.AbstractLoadPlanBuildingAssociationVisitationStrategy 2015-04-14 23:23:12,890 TRACE - &gt;&gt; Starting attribute Attribute(name=email, type=string [non-identifier])
org.hibernate.loader.plan.build.internal.AbstractLoadPlanBuildingAssociationVisitationStrategy 2015-04-14 23:23:12,890 TRACE - &lt;&lt; Finishing up attribute : Attribute(name=email, type=string [non-identifier])
org.hibernate.persister.walking.spi.MetamodelGraphWalker 2015-04-14 23:23:12,890 DEBUG - Visiting attribute path : name
org.hibernate.loader.plan.build.internal.AbstractLoadPlanBuildingAssociationVisitationStrategy 2015-04-14 23:23:12,890 TRACE - &gt;&gt; Starting attribute Attribute(name=name, type=string [non-identifier])
org.hibernate.loader.plan.build.internal.AbstractLoadPlanBuildingAssociationVisitationStrategy 2015-04-14 23:23:12,890 TRACE - &lt;&lt; Finishing up attribute : Attribute(name=name, type=string [non-identifier])
org.hibernate.persister.walking.spi.MetamodelGraphWalker 2015-04-14 23:23:12,890 DEBUG - Visiting attribute path : news
org.hibernate.loader.plan.build.internal.AbstractLoadPlanBuildingAssociationVisitationStrategy 2015-04-14 23:23:12,900 TRACE - &gt;&gt; Starting attribute Attribute(name=news, type=java.util.Set(pojos.Users.news) [non-identifier,association])
org.hibernate.loader.plan.build.internal.AbstractLoadPlanBuildingAssociationVisitationStrategy 2015-04-14 23:23:12,900 TRACE - &lt;&lt; Finishing up attribute : Attribute(name=news, type=java.util.Set(pojos.Users.news) [non-identifier,association])
org.hibernate.persister.walking.spi.MetamodelGraphWalker 2015-04-14 23:23:12,900 DEBUG - Visiting attribute path : pass
org.hibernate.loader.plan.build.internal.AbstractLoadPlanBuildingAssociationVisitationStrategy 2015-04-14 23:23:12,900 TRACE - &gt;&gt; Starting attribute Attribute(name=pass, type=string [non-identifier])
org.hibernate.loader.plan.build.internal.AbstractLoadPlanBuildingAssociationVisitationStrategy 2015-04-14 23:23:12,900 TRACE - &lt;&lt; Finishing up attribute : Attribute(name=pass, type=string [non-identifier])
org.hibernate.persister.walking.spi.MetamodelGraphWalker 2015-04-14 23:23:12,900 DEBUG - Visiting attribute path : roles
org.hibernate.loader.plan.build.internal.AbstractLoadPlanBuildingAssociationVisitationStrategy 2015-04-14 23:23:12,900 TRACE - &gt;&gt; Starting attribute Attribute(name=roles, type=java.util.Set(pojos.Users.roles) [non-identifier,association])
org.hibernate.loader.plan.build.internal.AbstractLoadPlanBuildingAssociationVisitationStrategy 2015-04-14 23:23:12,900 TRACE - &lt;&lt; Finishing up attribute : Attribute(name=roles, type=java.util.Set(pojos.Users.roles) [non-identifier,association])
org.hibernate.persister.walking.spi.MetamodelGraphWalker 2015-04-14 23:23:12,900 DEBUG - Visiting attribute path : surname
org.hibernate.loader.plan.build.internal.AbstractLoadPlanBuildingAssociationVisitationStrategy 2015-04-14 23:23:12,900 TRACE - &gt;&gt; Starting attribute Attribute(name=surname, type=string [non-identifier])
org.hibernate.loader.plan.build.internal.AbstractLoadPlanBuildingAssociationVisitationStrategy 2015-04-14 23:23:12,900 TRACE - &lt;&lt; Finishing up attribute : Attribute(name=surname, type=string [non-identifier])
org.hibernate.loader.plan.build.internal.AbstractLoadPlanBuildingAssociationVisitationStrategy 2015-04-14 23:23:12,900 TRACE - Popped fetch owner from stack : org.hibernate.loader.plan.build.internal.returns.EntityReturnImpl@3f446bef
org.hibernate.loader.plan.build.internal.AbstractLoadPlanBuildingAssociationVisitationStrategy 2015-04-14 23:23:12,900 TRACE -  Finished root entity : pojos.Users
org.hibernate.loader.plan.build.internal.FetchStyleLoadPlanBuildingAssociationVisitationStrategy 2015-04-14 23:23:12,900 DEBUG - Building LoadPlan...
org.hibernate.loader.plan.exec.internal.LoadQueryJoinAndFetchProcessor 2015-04-14 23:23:12,920 DEBUG - processing queryspace &lt;gen:0&gt;
org.hibernate.loader.plan.build.spi.LoadPlanTreePrinter 2015-04-14 23:23:12,920 DEBUG - LoadPlan(entity=pojos.Users)
    - Returns
       - EntityReturnImpl(entity=pojos.Users, querySpaceUid=&lt;gen:0&gt;, path=pojos.Users)
    - QuerySpaces
       - EntityQuerySpaceImpl(uid=&lt;gen:0&gt;, entity=pojos.Users)
          - SQL table alias mapping - users0_
          - alias suffix - 0_
          - suffixed key columns - {userId1_5_0_}

org.hibernate.loader.entity.plan.EntityLoader 2015-04-14 23:23:12,930 DEBUG - Static select for entity pojos.Users [NONE]: select users0_.userId as userId1_5_0_, users0_.email as email2_5_0_, users0_.name as name3_5_0_, users0_.pass as pass4_5_0_, users0_.surname as surname5_5_0_ from Users users0_ where users0_.userId=?
org.hibernate.loader.plan.build.internal.AbstractLoadPlanBuildingAssociationVisitationStrategy 2015-04-14 23:23:12,930 TRACE -  Starting root entity : pojos.Users
org.hibernate.loader.plan.build.internal.spaces.QuerySpacesImpl 2015-04-14 23:23:12,930 DEBUG - Adding QuerySpace : uid = &lt;gen:0&gt; -&gt; org.hibernate.loader.plan.build.internal.spaces.EntityQuerySpaceImpl@3383649e]
org.hibernate.loader.plan.build.internal.AbstractLoadPlanBuildingAssociationVisitationStrategy 2015-04-14 23:23:12,930 TRACE - Pushing fetch source to stack : org.hibernate.loader.plan.build.internal.returns.EntityReturnImpl@10fde30a
org.hibernate.loader.plan.build.internal.AbstractLoadPlanBuildingAssociationVisitationStrategy 2015-04-14 23:23:12,930 TRACE - .. Registering AssociationKey : AssociationKey(table=Users, columns={userId}) -&gt; org.hibernate.loader.plan.build.internal.returns.EntityReturnImpl@10fde30a
org.hibernate.loader.plan.build.internal.AbstractLoadPlanBuildingAssociationVisitationStrategy 2015-04-14 23:23:12,930 TRACE - &gt;&gt; Starting entity identifier : pojos.Users
org.hibernate.persister.walking.spi.MetamodelGraphWalker 2015-04-14 23:23:12,930 DEBUG - Visiting attribute path : email
org.hibernate.loader.plan.build.internal.AbstractLoadPlanBuildingAssociationVisitationStrategy 2015-04-14 23:23:12,930 TRACE - &gt;&gt; Starting attribute Attribute(name=email, type=string [non-identifier])
org.hibernate.loader.plan.build.internal.AbstractLoadPlanBuildingAssociationVisitationStrategy 2015-04-14 23:23:12,930 TRACE - &lt;&lt; Finishing up attribute : Attribute(name=email, type=string [non-identifier])
org.hibernate.persister.walking.spi.MetamodelGraphWalker 2015-04-14 23:23:12,930 DEBUG - Visiting attribute path : name
org.hibernate.loader.plan.build.internal.AbstractLoadPlanBuildingAssociationVisitationStrategy 2015-04-14 23:23:12,930 TRACE - &gt;&gt; Starting attribute Attribute(name=name, type=string [non-identifier])
org.hibernate.loader.plan.build.internal.AbstractLoadPlanBuildingAssociationVisitationStrategy 2015-04-14 23:23:12,930 TRACE - &lt;&lt; Finishing up attribute : Attribute(name=name, type=string [non-identifier])
org.hibernate.persister.walking.spi.MetamodelGraphWalker 2015-04-14 23:23:12,930 DEBUG - Visiting attribute path : news
org.hibernate.loader.plan.build.internal.AbstractLoadPlanBuildingAssociationVisitationStrategy 2015-04-14 23:23:12,930 TRACE - &gt;&gt; Starting attribute Attribute(name=news, type=java.util.Set(pojos.Users.news) [non-identifier,association])
org.hibernate.loader.plan.build.internal.AbstractLoadPlanBuildingAssociationVisitationStrategy 2015-04-14 23:23:12,930 TRACE - &lt;&lt; Finishing up attribute : Attribute(name=news, type=java.util.Set(pojos.Users.news) [non-identifier,association])
org.hibernate.persister.walking.spi.MetamodelGraphWalker 2015-04-14 23:23:12,930 DEBUG - Visiting attribute path : pass
org.hibernate.loader.plan.build.internal.AbstractLoadPlanBuildingAssociationVisitationStrategy 2015-04-14 23:23:12,930 TRACE - &gt;&gt; Starting attribute Attribute(name=pass, type=string [non-identifier])
org.hibernate.loader.plan.build.internal.AbstractLoadPlanBuildingAssociationVisitationStrategy 2015-04-14 23:23:12,930 TRACE - &lt;&lt; Finishing up attribute : Attribute(name=pass, type=string [non-identifier])
org.hibernate.persister.walking.spi.MetamodelGraphWalker 2015-04-14 23:23:12,930 DEBUG - Visiting attribute path : roles
org.hibernate.loader.plan.build.internal.AbstractLoadPlanBuildingAssociationVisitationStrategy 2015-04-14 23:23:12,930 TRACE - &gt;&gt; Starting attribute Attribute(name=roles, type=java.util.Set(pojos.Users.roles) [non-identifier,association])
org.hibernate.loader.plan.build.internal.AbstractLoadPlanBuildingAssociationVisitationStrategy 2015-04-14 23:23:12,930 TRACE - &lt;&lt; Finishing up attribute : Attribute(name=roles, type=java.util.Set(pojos.Users.roles) [non-identifier,association])
org.hibernate.persister.walking.spi.MetamodelGraphWalker 2015-04-14 23:23:12,930 DEBUG - Visiting attribute path : surname
org.hibernate.loader.plan.build.internal.AbstractLoadPlanBuildingAssociationVisitationStrategy 2015-04-14 23:23:12,930 TRACE - &gt;&gt; Starting attribute Attribute(name=surname, type=string [non-identifier])
org.hibernate.loader.plan.build.internal.AbstractLoadPlanBuildingAssociationVisitationStrategy 2015-04-14 23:23:12,930 TRACE - &lt;&lt; Finishing up attribute : Attribute(name=surname, type=string [non-identifier])
org.hibernate.loader.plan.build.internal.AbstractLoadPlanBuildingAssociationVisitationStrategy 2015-04-14 23:23:12,930 TRACE - Popped fetch owner from stack : org.hibernate.loader.plan.build.internal.returns.EntityReturnImpl@10fde30a
org.hibernate.loader.plan.build.internal.AbstractLoadPlanBuildingAssociationVisitationStrategy 2015-04-14 23:23:12,930 TRACE -  Finished root entity : pojos.Users
org.hibernate.loader.plan.build.internal.FetchStyleLoadPlanBuildingAssociationVisitationStrategy 2015-04-14 23:23:12,930 DEBUG - Building LoadPlan...
org.hibernate.loader.plan.exec.internal.LoadQueryJoinAndFetchProcessor 2015-04-14 23:23:12,930 DEBUG - processing queryspace &lt;gen:0&gt;
org.hibernate.loader.plan.build.spi.LoadPlanTreePrinter 2015-04-14 23:23:12,930 DEBUG - LoadPlan(entity=pojos.Users)
    - Returns
       - EntityReturnImpl(entity=pojos.Users, querySpaceUid=&lt;gen:0&gt;, path=pojos.Users)
    - QuerySpaces
       - EntityQuerySpaceImpl(uid=&lt;gen:0&gt;, entity=pojos.Users)
          - SQL table alias mapping - users0_
          - alias suffix - 0_
          - suffixed key columns - {userId1_5_0_}

org.hibernate.loader.entity.plan.EntityLoader 2015-04-14 23:23:12,930 DEBUG - Static select for entity pojos.Users [READ]: select users0_.userId as userId1_5_0_, users0_.email as email2_5_0_, users0_.name as name3_5_0_, users0_.pass as pass4_5_0_, users0_.surname as surname5_5_0_ from Users users0_ where users0_.userId=?
org.hibernate.loader.plan.build.internal.AbstractLoadPlanBuildingAssociationVisitationStrategy 2015-04-14 23:23:12,930 TRACE -  Starting root entity : pojos.Users
org.hibernate.loader.plan.build.internal.spaces.QuerySpacesImpl 2015-04-14 23:23:12,930 DEBUG - Adding QuerySpace : uid = &lt;gen:0&gt; -&gt; org.hibernate.loader.plan.build.internal.spaces.EntityQuerySpaceImpl@f27ea3]
org.hibernate.loader.plan.build.internal.AbstractLoadPlanBuildingAssociationVisitationStrategy 2015-04-14 23:23:12,930 TRACE - Pushing fetch source to stack : org.hibernate.loader.plan.build.internal.returns.EntityReturnImpl@1ce61929
org.hibernate.loader.plan.build.internal.AbstractLoadPlanBuildingAssociationVisitationStrategy 2015-04-14 23:23:12,930 TRACE - .. Registering AssociationKey : AssociationKey(table=Users, columns={userId}) -&gt; org.hibernate.loader.plan.build.internal.returns.EntityReturnImpl@1ce61929
org.hibernate.loader.plan.build.internal.AbstractLoadPlanBuildingAssociationVisitationStrategy 2015-04-14 23:23:12,930 TRACE - &gt;&gt; Starting entity identifier : pojos.Users
org.hibernate.persister.walking.spi.MetamodelGraphWalker 2015-04-14 23:23:12,930 DEBUG - Visiting attribute path : email
org.hibernate.loader.plan.build.internal.AbstractLoadPlanBuildingAssociationVisitationStrategy 2015-04-14 23:23:12,940 TRACE - &gt;&gt; Starting attribute Attribute(name=email, type=string [non-identifier])
org.hibernate.loader.plan.build.internal.AbstractLoadPlanBuildingAssociationVisitationStrategy 2015-04-14 23:23:12,940 TRACE - &lt;&lt; Finishing up attribute : Attribute(name=email, type=string [non-identifier])
org.hibernate.persister.walking.spi.MetamodelGraphWalker 2015-04-14 23:23:12,940 DEBUG - Visiting attribute path : name
org.hibernate.loader.plan.build.internal.AbstractLoadPlanBuildingAssociationVisitationStrategy 2015-04-14 23:23:12,940 TRACE - &gt;&gt; Starting attribute Attribute(name=name, type=string [non-identifier])
org.hibernate.loader.plan.build.internal.AbstractLoadPlanBuildingAssociationVisitationStrategy 2015-04-14 23:23:12,940 TRACE - &lt;&lt; Finishing up attribute : Attribute(name=name, type=string [non-identifier])
org.hibernate.persister.walking.spi.MetamodelGraphWalker 2015-04-14 23:23:12,940 DEBUG - Visiting attribute path : news
org.hibernate.loader.plan.build.internal.AbstractLoadPlanBuildingAssociationVisitationStrategy 2015-04-14 23:23:12,940 TRACE - &gt;&gt; Starting attribute Attribute(name=news, type=java.util.Set(pojos.Users.news) [non-identifier,association])
org.hibernate.loader.plan.build.internal.AbstractLoadPlanBuildingAssociationVisitationStrategy 2015-04-14 23:23:12,940 TRACE - &lt;&lt; Finishing up attribute : Attribute(name=news, type=java.util.Set(pojos.Users.news) [non-identifier,association])
org.hibernate.persister.walking.spi.MetamodelGraphWalker 2015-04-14 23:23:12,940 DEBUG - Visiting attribute path : pass
org.hibernate.loader.plan.build.internal.AbstractLoadPlanBuildingAssociationVisitationStrategy 2015-04-14 23:23:12,940 TRACE - &gt;&gt; Starting attribute Attribute(name=pass, type=string [non-identifier])
org.hibernate.loader.plan.build.internal.AbstractLoadPlanBuildingAssociationVisitationStrategy 2015-04-14 23:23:12,940 TRACE - &lt;&lt; Finishing up attribute : Attribute(name=pass, type=string [non-identifier])
org.hibernate.persister.walking.spi.MetamodelGraphWalker 2015-04-14 23:23:12,940 DEBUG - Visiting attribute path : roles
org.hibernate.loader.plan.build.internal.AbstractLoadPlanBuildingAssociationVisitationStrategy 2015-04-14 23:23:12,940 TRACE - &gt;&gt; Starting attribute Attribute(name=roles, type=java.util.Set(pojos.Users.roles) [non-identifier,association])
org.hibernate.loader.plan.build.internal.AbstractLoadPlanBuildingAssociationVisitationStrategy 2015-04-14 23:23:12,940 TRACE - &lt;&lt; Finishing up attribute : Attribute(name=roles, type=java.util.Set(pojos.Users.roles) [non-identifier,association])
org.hibernate.persister.walking.spi.MetamodelGraphWalker 2015-04-14 23:23:12,940 DEBUG - Visiting attribute path : surname
org.hibernate.loader.plan.build.internal.AbstractLoadPlanBuildingAssociationVisitationStrategy 2015-04-14 23:23:12,940 TRACE - &gt;&gt; Starting attribute Attribute(name=surname, type=string [non-identifier])
org.hibernate.loader.plan.build.internal.AbstractLoadPlanBuildingAssociationVisitationStrategy 2015-04-14 23:23:12,940 TRACE - &lt;&lt; Finishing up attribute : Attribute(name=surname, type=string [non-identifier])
org.hibernate.loader.plan.build.internal.AbstractLoadPlanBuildingAssociationVisitationStrategy 2015-04-14 23:23:12,940 TRACE - Popped fetch owner from stack : org.hibernate.loader.plan.build.internal.returns.EntityReturnImpl@1ce61929
org.hibernate.loader.plan.build.internal.AbstractLoadPlanBuildingAssociationVisitationStrategy 2015-04-14 23:23:12,940 TRACE -  Finished root entity : pojos.Users
org.hibernate.loader.plan.build.internal.FetchStyleLoadPlanBuildingAssociationVisitationStrategy 2015-04-14 23:23:12,940 DEBUG - Building LoadPlan...
org.hibernate.loader.plan.exec.internal.LoadQueryJoinAndFetchProcessor 2015-04-14 23:23:12,950 DEBUG - processing queryspace &lt;gen:0&gt;
org.hibernate.loader.plan.build.spi.LoadPlanTreePrinter 2015-04-14 23:23:12,950 DEBUG - LoadPlan(entity=pojos.Users)
    - Returns
       - EntityReturnImpl(entity=pojos.Users, querySpaceUid=&lt;gen:0&gt;, path=pojos.Users)
    - QuerySpaces
       - EntityQuerySpaceImpl(uid=&lt;gen:0&gt;, entity=pojos.Users)
          - SQL table alias mapping - users0_
          - alias suffix - 0_
          - suffixed key columns - {userId1_5_0_}

org.hibernate.loader.entity.plan.EntityLoader 2015-04-14 23:23:12,950 DEBUG - Static select for entity pojos.Users [UPGRADE]: select users0_.userId as userId1_5_0_, users0_.email as email2_5_0_, users0_.name as name3_5_0_, users0_.pass as pass4_5_0_, users0_.surname as surname5_5_0_ from Users users0_ where users0_.userId=? for update
org.hibernate.loader.plan.build.internal.AbstractLoadPlanBuildingAssociationVisitationStrategy 2015-04-14 23:23:12,950 TRACE -  Starting root entity : pojos.Users
org.hibernate.loader.plan.build.internal.spaces.QuerySpacesImpl 2015-04-14 23:23:12,950 DEBUG - Adding QuerySpace : uid = &lt;gen:0&gt; -&gt; org.hibernate.loader.plan.build.internal.spaces.EntityQuerySpaceImpl@346939bf]
org.hibernate.loader.plan.build.internal.AbstractLoadPlanBuildingAssociationVisitationStrategy 2015-04-14 23:23:12,950 TRACE - Pushing fetch source to stack : org.hibernate.loader.plan.build.internal.returns.EntityReturnImpl@4bf3798b
org.hibernate.loader.plan.build.internal.AbstractLoadPlanBuildingAssociationVisitationStrategy 2015-04-14 23:23:12,950 TRACE - .. Registering AssociationKey : AssociationKey(table=Users, columns={userId}) -&gt; org.hibernate.loader.plan.build.internal.returns.EntityReturnImpl@4bf3798b
org.hibernate.loader.plan.build.internal.AbstractLoadPlanBuildingAssociationVisitationStrategy 2015-04-14 23:23:12,950 TRACE - &gt;&gt; Starting entity identifier : pojos.Users
org.hibernate.persister.walking.spi.MetamodelGraphWalker 2015-04-14 23:23:12,950 DEBUG - Visiting attribute path : email
org.hibernate.loader.plan.build.internal.AbstractLoadPlanBuildingAssociationVisitationStrategy 2015-04-14 23:23:12,950 TRACE - &gt;&gt; Starting attribute Attribute(name=email, type=string [non-identifier])
org.hibernate.loader.plan.build.internal.AbstractLoadPlanBuildingAssociationVisitationStrategy 2015-04-14 23:23:12,950 TRACE - &lt;&lt; Finishing up attribute : Attribute(name=email, type=string [non-identifier])
org.hibernate.persister.walking.spi.MetamodelGraphWalker 2015-04-14 23:23:12,950 DEBUG - Visiting attribute path : name
org.hibernate.loader.plan.build.internal.AbstractLoadPlanBuildingAssociationVisitationStrategy 2015-04-14 23:23:12,950 TRACE - &gt;&gt; Starting attribute Attribute(name=name, type=string [non-identifier])
org.hibernate.loader.plan.build.internal.AbstractLoadPlanBuildingAssociationVisitationStrategy 2015-04-14 23:23:12,950 TRACE - &lt;&lt; Finishing up attribute : Attribute(name=name, type=string [non-identifier])
org.hibernate.persister.walking.spi.MetamodelGraphWalker 2015-04-14 23:23:12,950 DEBUG - Visiting attribute path : news
org.hibernate.loader.plan.build.internal.AbstractLoadPlanBuildingAssociationVisitationStrategy 2015-04-14 23:23:12,950 TRACE - &gt;&gt; Starting attribute Attribute(name=news, type=java.util.Set(pojos.Users.news) [non-identifier,association])
org.hibernate.loader.plan.build.internal.AbstractLoadPlanBuildingAssociationVisitationStrategy 2015-04-14 23:23:12,950 TRACE - &lt;&lt; Finishing up attribute : Attribute(name=news, type=java.util.Set(pojos.Users.news) [non-identifier,association])
org.hibernate.persister.walking.spi.MetamodelGraphWalker 2015-04-14 23:23:12,950 DEBUG - Visiting attribute path : pass
org.hibernate.loader.plan.build.internal.AbstractLoadPlanBuildingAssociationVisitationStrategy 2015-04-14 23:23:12,950 TRACE - &gt;&gt; Starting attribute Attribute(name=pass, type=string [non-identifier])
org.hibernate.loader.plan.build.internal.AbstractLoadPlanBuildingAssociationVisitationStrategy 2015-04-14 23:23:12,950 TRACE - &lt;&lt; Finishing up attribute : Attribute(name=pass, type=string [non-identifier])
org.hibernate.persister.walking.spi.MetamodelGraphWalker 2015-04-14 23:23:12,950 DEBUG - Visiting attribute path : roles
org.hibernate.loader.plan.build.internal.AbstractLoadPlanBuildingAssociationVisitationStrategy 2015-04-14 23:23:12,950 TRACE - &gt;&gt; Starting attribute Attribute(name=roles, type=java.util.Set(pojos.Users.roles) [non-identifier,association])
org.hibernate.loader.plan.build.internal.AbstractLoadPlanBuildingAssociationVisitationStrategy 2015-04-14 23:23:12,950 TRACE - &lt;&lt; Finishing up attribute : Attribute(name=roles, type=java.util.Set(pojos.Users.roles) [non-identifier,association])
org.hibernate.persister.walking.spi.MetamodelGraphWalker 2015-04-14 23:23:12,950 DEBUG - Visiting attribute path : surname
org.hibernate.loader.plan.build.internal.AbstractLoadPlanBuildingAssociationVisitationStrategy 2015-04-14 23:23:12,950 TRACE - &gt;&gt; Starting attribute Attribute(name=surname, type=string [non-identifier])
org.hibernate.loader.plan.build.internal.AbstractLoadPlanBuildingAssociationVisitationStrategy 2015-04-14 23:23:12,950 TRACE - &lt;&lt; Finishing up attribute : Attribute(name=surname, type=string [non-identifier])
org.hibernate.loader.plan.build.internal.AbstractLoadPlanBuildingAssociationVisitationStrategy 2015-04-14 23:23:12,950 TRACE - Popped fetch owner from stack : org.hibernate.loader.plan.build.internal.returns.EntityReturnImpl@4bf3798b
org.hibernate.loader.plan.build.internal.AbstractLoadPlanBuildingAssociationVisitationStrategy 2015-04-14 23:23:12,950 TRACE -  Finished root entity : pojos.Users
org.hibernate.loader.plan.build.internal.FetchStyleLoadPlanBuildingAssociationVisitationStrategy 2015-04-14 23:23:12,950 DEBUG - Building LoadPlan...
org.hibernate.loader.plan.exec.internal.LoadQueryJoinAndFetchProcessor 2015-04-14 23:23:12,950 DEBUG - processing queryspace &lt;gen:0&gt;
org.hibernate.loader.plan.build.spi.LoadPlanTreePrinter 2015-04-14 23:23:12,950 DEBUG - LoadPlan(entity=pojos.Users)
    - Returns
       - EntityReturnImpl(entity=pojos.Users, querySpaceUid=&lt;gen:0&gt;, path=pojos.Users)
    - QuerySpaces
       - EntityQuerySpaceImpl(uid=&lt;gen:0&gt;, entity=pojos.Users)
          - SQL table alias mapping - users0_
          - alias suffix - 0_
          - suffixed key columns - {userId1_5_0_}

org.hibernate.loader.entity.plan.EntityLoader 2015-04-14 23:23:12,950 DEBUG - Static select for entity pojos.Users [UPGRADE_NOWAIT]: select users0_.userId as userId1_5_0_, users0_.email as email2_5_0_, users0_.name as name3_5_0_, users0_.pass as pass4_5_0_, users0_.surname as surname5_5_0_ from Users users0_ where users0_.userId=? for update
org.hibernate.loader.plan.build.internal.AbstractLoadPlanBuildingAssociationVisitationStrategy 2015-04-14 23:23:12,950 TRACE -  Starting root entity : pojos.Users
org.hibernate.loader.plan.build.internal.spaces.QuerySpacesImpl 2015-04-14 23:23:12,950 DEBUG - Adding QuerySpace : uid = &lt;gen:0&gt; -&gt; org.hibernate.loader.plan.build.internal.spaces.EntityQuerySpaceImpl@58670130]
org.hibernate.loader.plan.build.internal.AbstractLoadPlanBuildingAssociationVisitationStrategy 2015-04-14 23:23:12,950 TRACE - Pushing fetch source to stack : org.hibernate.loader.plan.build.internal.returns.EntityReturnImpl@74e47444
org.hibernate.loader.plan.build.internal.AbstractLoadPlanBuildingAssociationVisitationStrategy 2015-04-14 23:23:12,950 TRACE - .. Registering AssociationKey : AssociationKey(table=Users, columns={userId}) -&gt; org.hibernate.loader.plan.build.internal.returns.EntityReturnImpl@74e47444
org.hibernate.loader.plan.build.internal.AbstractLoadPlanBuildingAssociationVisitationStrategy 2015-04-14 23:23:12,950 TRACE - &gt;&gt; Starting entity identifier : pojos.Users
org.hibernate.persister.walking.spi.MetamodelGraphWalker 2015-04-14 23:23:12,950 DEBUG - Visiting attribute path : email
org.hibernate.loader.plan.build.internal.AbstractLoadPlanBuildingAssociationVisitationStrategy 2015-04-14 23:23:12,950 TRACE - &gt;&gt; Starting attribute Attribute(name=email, type=string [non-identifier])
org.hibernate.loader.plan.build.internal.AbstractLoadPlanBuildingAssociationVisitationStrategy 2015-04-14 23:23:12,950 TRACE - &lt;&lt; Finishing up attribute : Attribute(name=email, type=string [non-identifier])
org.hibernate.persister.walking.spi.MetamodelGraphWalker 2015-04-14 23:23:12,950 DEBUG - Visiting attribute path : name
org.hibernate.loader.plan.build.internal.AbstractLoadPlanBuildingAssociationVisitationStrategy 2015-04-14 23:23:12,950 TRACE - &gt;&gt; Starting attribute Attribute(name=name, type=string [non-identifier])
org.hibernate.loader.plan.build.internal.AbstractLoadPlanBuildingAssociationVisitationStrategy 2015-04-14 23:23:12,950 TRACE - &lt;&lt; Finishing up attribute : Attribute(name=name, type=string [non-identifier])
org.hibernate.persister.walking.spi.MetamodelGraphWalker 2015-04-14 23:23:12,950 DEBUG - Visiting attribute path : news
org.hibernate.loader.plan.build.internal.AbstractLoadPlanBuildingAssociationVisitationStrategy 2015-04-14 23:23:12,960 TRACE - &gt;&gt; Starting attribute Attribute(name=news, type=java.util.Set(pojos.Users.news) [non-identifier,association])
org.hibernate.loader.plan.build.internal.AbstractLoadPlanBuildingAssociationVisitationStrategy 2015-04-14 23:23:12,960 TRACE - &lt;&lt; Finishing up attribute : Attribute(name=news, type=java.util.Set(pojos.Users.news) [non-identifier,association])
org.hibernate.persister.walking.spi.MetamodelGraphWalker 2015-04-14 23:23:12,960 DEBUG - Visiting attribute path : pass
org.hibernate.loader.plan.build.internal.AbstractLoadPlanBuildingAssociationVisitationStrategy 2015-04-14 23:23:12,960 TRACE - &gt;&gt; Starting attribute Attribute(name=pass, type=string [non-identifier])
org.hibernate.loader.plan.build.internal.AbstractLoadPlanBuildingAssociationVisitationStrategy 2015-04-14 23:23:12,960 TRACE - &lt;&lt; Finishing up attribute : Attribute(name=pass, type=string [non-identifier])
org.hibernate.persister.walking.spi.MetamodelGraphWalker 2015-04-14 23:23:12,960 DEBUG - Visiting attribute path : roles
org.hibernate.loader.plan.build.internal.AbstractLoadPlanBuildingAssociationVisitationStrategy 2015-04-14 23:23:12,960 TRACE - &gt;&gt; Starting attribute Attribute(name=roles, type=java.util.Set(pojos.Users.roles) [non-identifier,association])
org.hibernate.loader.plan.build.internal.AbstractLoadPlanBuildingAssociationVisitationStrategy 2015-04-14 23:23:12,960 TRACE - &lt;&lt; Finishing up attribute : Attribute(name=roles, type=java.util.Set(pojos.Users.roles) [non-identifier,association])
org.hibernate.persister.walking.spi.MetamodelGraphWalker 2015-04-14 23:23:12,960 DEBUG - Visiting attribute path : surname
org.hibernate.loader.plan.build.internal.AbstractLoadPlanBuildingAssociationVisitationStrategy 2015-04-14 23:23:12,960 TRACE - &gt;&gt; Starting attribute Attribute(name=surname, type=string [non-identifier])
org.hibernate.loader.plan.build.internal.AbstractLoadPlanBuildingAssociationVisitationStrategy 2015-04-14 23:23:12,960 TRACE - &lt;&lt; Finishing up attribute : Attribute(name=surname, type=string [non-identifier])
org.hibernate.loader.plan.build.internal.AbstractLoadPlanBuildingAssociationVisitationStrategy 2015-04-14 23:23:12,960 TRACE - Popped fetch owner from stack : org.hibernate.loader.plan.build.internal.returns.EntityReturnImpl@74e47444
org.hibernate.loader.plan.build.internal.AbstractLoadPlanBuildingAssociationVisitationStrategy 2015-04-14 23:23:12,960 TRACE -  Finished root entity : pojos.Users
org.hibernate.loader.plan.build.internal.FetchStyleLoadPlanBuildingAssociationVisitationStrategy 2015-04-14 23:23:12,960 DEBUG - Building LoadPlan...
org.hibernate.loader.plan.exec.internal.LoadQueryJoinAndFetchProcessor 2015-04-14 23:23:12,960 DEBUG - processing queryspace &lt;gen:0&gt;
org.hibernate.loader.plan.build.spi.LoadPlanTreePrinter 2015-04-14 23:23:12,960 DEBUG - LoadPlan(entity=pojos.Users)
    - Returns
       - EntityReturnImpl(entity=pojos.Users, querySpaceUid=&lt;gen:0&gt;, path=pojos.Users)
    - QuerySpaces
       - EntityQuerySpaceImpl(uid=&lt;gen:0&gt;, entity=pojos.Users)
          - SQL table alias mapping - users0_
          - alias suffix - 0_
          - suffixed key columns - {userId1_5_0_}

org.hibernate.loader.entity.plan.EntityLoader 2015-04-14 23:23:12,960 DEBUG - Static select for entity pojos.Users [UPGRADE_SKIPLOCKED]: select users0_.userId as userId1_5_0_, users0_.email as email2_5_0_, users0_.name as name3_5_0_, users0_.pass as pass4_5_0_, users0_.surname as surname5_5_0_ from Users users0_ where users0_.userId=? for update
org.hibernate.loader.plan.build.internal.AbstractLoadPlanBuildingAssociationVisitationStrategy 2015-04-14 23:23:12,960 TRACE -  Starting root entity : pojos.Users
org.hibernate.loader.plan.build.internal.spaces.QuerySpacesImpl 2015-04-14 23:23:12,960 DEBUG - Adding QuerySpace : uid = &lt;gen:0&gt; -&gt; org.hibernate.loader.plan.build.internal.spaces.EntityQuerySpaceImpl@9bd0fa6]
org.hibernate.loader.plan.build.internal.AbstractLoadPlanBuildingAssociationVisitationStrategy 2015-04-14 23:23:12,960 TRACE - Pushing fetch source to stack : org.hibernate.loader.plan.build.internal.returns.EntityReturnImpl@59d2103b
org.hibernate.loader.plan.build.internal.AbstractLoadPlanBuildingAssociationVisitationStrategy 2015-04-14 23:23:12,960 TRACE - .. Registering AssociationKey : AssociationKey(table=Users, columns={userId}) -&gt; org.hibernate.loader.plan.build.internal.returns.EntityReturnImpl@59d2103b
org.hibernate.loader.plan.build.internal.AbstractLoadPlanBuildingAssociationVisitationStrategy 2015-04-14 23:23:12,960 TRACE - &gt;&gt; Starting entity identifier : pojos.Users
org.hibernate.persister.walking.spi.MetamodelGraphWalker 2015-04-14 23:23:12,960 DEBUG - Visiting attribute path : email
org.hibernate.loader.plan.build.internal.AbstractLoadPlanBuildingAssociationVisitationStrategy 2015-04-14 23:23:12,960 TRACE - &gt;&gt; Starting attribute Attribute(name=email, type=string [non-identifier])
org.hibernate.loader.plan.build.internal.AbstractLoadPlanBuildingAssociationVisitationStrategy 2015-04-14 23:23:12,960 TRACE - &lt;&lt; Finishing up attribute : Attribute(name=email, type=string [non-identifier])
org.hibernate.persister.walking.spi.MetamodelGraphWalker 2015-04-14 23:23:12,960 DEBUG - Visiting attribute path : name
org.hibernate.loader.plan.build.internal.AbstractLoadPlanBuildingAssociationVisitationStrategy 2015-04-14 23:23:12,960 TRACE - &gt;&gt; Starting attribute Attribute(name=name, type=string [non-identifier])
org.hibernate.loader.plan.build.internal.AbstractLoadPlanBuildingAssociationVisitationStrategy 2015-04-14 23:23:12,960 TRACE - &lt;&lt; Finishing up attribute : Attribute(name=name, type=string [non-identifier])
org.hibernate.persister.walking.spi.MetamodelGraphWalker 2015-04-14 23:23:12,960 DEBUG - Visiting attribute path : news
org.hibernate.loader.plan.build.internal.AbstractLoadPlanBuildingAssociationVisitationStrategy 2015-04-14 23:23:12,960 TRACE - &gt;&gt; Starting attribute Attribute(name=news, type=java.util.Set(pojos.Users.news) [non-identifier,association])
org.hibernate.loader.plan.build.internal.AbstractLoadPlanBuildingAssociationVisitationStrategy 2015-04-14 23:23:12,960 TRACE - &lt;&lt; Finishing up attribute : Attribute(name=news, type=java.util.Set(pojos.Users.news) [non-identifier,association])
org.hibernate.persister.walking.spi.MetamodelGraphWalker 2015-04-14 23:23:12,960 DEBUG - Visiting attribute path : pass
org.hibernate.loader.plan.build.internal.AbstractLoadPlanBuildingAssociationVisitationStrategy 2015-04-14 23:23:12,960 TRACE - &gt;&gt; Starting attribute Attribute(name=pass, type=string [non-identifier])
org.hibernate.loader.plan.build.internal.AbstractLoadPlanBuildingAssociationVisitationStrategy 2015-04-14 23:23:12,960 TRACE - &lt;&lt; Finishing up attribute : Attribute(name=pass, type=string [non-identifier])
org.hibernate.persister.walking.spi.MetamodelGraphWalker 2015-04-14 23:23:12,960 DEBUG - Visiting attribute path : roles
org.hibernate.loader.plan.build.internal.AbstractLoadPlanBuildingAssociationVisitationStrategy 2015-04-14 23:23:12,960 TRACE - &gt;&gt; Starting attribute Attribute(name=roles, type=java.util.Set(pojos.Users.roles) [non-identifier,association])
org.hibernate.loader.plan.build.internal.AbstractLoadPlanBuildingAssociationVisitationStrategy 2015-04-14 23:23:12,960 TRACE - &lt;&lt; Finishing up attribute : Attribute(name=roles, type=java.util.Set(pojos.Users.roles) [non-identifier,association])
org.hibernate.persister.walking.spi.MetamodelGraphWalker 2015-04-14 23:23:12,960 DEBUG - Visiting attribute path : surname
org.hibernate.loader.plan.build.internal.AbstractLoadPlanBuildingAssociationVisitationStrategy 2015-04-14 23:23:12,960 TRACE - &gt;&gt; Starting attribute Attribute(name=surname, type=string [non-identifier])
org.hibernate.loader.plan.build.internal.AbstractLoadPlanBuildingAssociationVisitationStrategy 2015-04-14 23:23:12,960 TRACE - &lt;&lt; Finishing up attribute : Attribute(name=surname, type=string [non-identifier])
org.hibernate.loader.plan.build.internal.AbstractLoadPlanBuildingAssociationVisitationStrategy 2015-04-14 23:23:12,960 TRACE - Popped fetch owner from stack : org.hibernate.loader.plan.build.internal.returns.EntityReturnImpl@59d2103b
org.hibernate.loader.plan.build.internal.AbstractLoadPlanBuildingAssociationVisitationStrategy 2015-04-14 23:23:12,960 TRACE -  Finished root entity : pojos.Users
org.hibernate.loader.plan.build.internal.FetchStyleLoadPlanBuildingAssociationVisitationStrategy 2015-04-14 23:23:12,960 DEBUG - Building LoadPlan...
org.hibernate.loader.plan.exec.internal.LoadQueryJoinAndFetchProcessor 2015-04-14 23:23:12,960 DEBUG - processing queryspace &lt;gen:0&gt;
org.hibernate.loader.plan.build.spi.LoadPlanTreePrinter 2015-04-14 23:23:12,960 DEBUG - LoadPlan(entity=pojos.Users)
    - Returns
       - EntityReturnImpl(entity=pojos.Users, querySpaceUid=&lt;gen:0&gt;, path=pojos.Users)
    - QuerySpaces
       - EntityQuerySpaceImpl(uid=&lt;gen:0&gt;, entity=pojos.Users)
          - SQL table alias mapping - users0_
          - alias suffix - 0_
          - suffixed key columns - {userId1_5_0_}

org.hibernate.loader.entity.plan.EntityLoader 2015-04-14 23:23:12,960 DEBUG - Static select for entity pojos.Users [FORCE]: select users0_.userId as userId1_5_0_, users0_.email as email2_5_0_, users0_.name as name3_5_0_, users0_.pass as pass4_5_0_, users0_.surname as surname5_5_0_ from Users users0_ where users0_.userId=? for update
org.hibernate.loader.plan.build.internal.AbstractLoadPlanBuildingAssociationVisitationStrategy 2015-04-14 23:23:12,970 TRACE -  Starting root entity : pojos.Users
org.hibernate.loader.plan.build.internal.spaces.QuerySpacesImpl 2015-04-14 23:23:12,970 DEBUG - Adding QuerySpace : uid = &lt;gen:0&gt; -&gt; org.hibernate.loader.plan.build.internal.spaces.EntityQuerySpaceImpl@39dcf4b0]
org.hibernate.loader.plan.build.internal.AbstractLoadPlanBuildingAssociationVisitationStrategy 2015-04-14 23:23:12,970 TRACE - Pushing fetch source to stack : org.hibernate.loader.plan.build.internal.returns.EntityReturnImpl@6e4de19b
org.hibernate.loader.plan.build.internal.AbstractLoadPlanBuildingAssociationVisitationStrategy 2015-04-14 23:23:12,970 TRACE - .. Registering AssociationKey : AssociationKey(table=Users, columns={userId}) -&gt; org.hibernate.loader.plan.build.internal.returns.EntityReturnImpl@6e4de19b
org.hibernate.loader.plan.build.internal.AbstractLoadPlanBuildingAssociationVisitationStrategy 2015-04-14 23:23:12,970 TRACE - &gt;&gt; Starting entity identifier : pojos.Users
org.hibernate.persister.walking.spi.MetamodelGraphWalker 2015-04-14 23:23:12,970 DEBUG - Visiting attribute path : email
org.hibernate.loader.plan.build.internal.AbstractLoadPlanBuildingAssociationVisitationStrategy 2015-04-14 23:23:12,970 TRACE - &gt;&gt; Starting attribute Attribute(name=email, type=string [non-identifier])
org.hibernate.loader.plan.build.internal.AbstractLoadPlanBuildingAssociationVisitationStrategy 2015-04-14 23:23:12,970 TRACE - &lt;&lt; Finishing up attribute : Attribute(name=email, type=string [non-identifier])
org.hibernate.persister.walking.spi.MetamodelGraphWalker 2015-04-14 23:23:12,970 DEBUG - Visiting attribute path : name
org.hibernate.loader.plan.build.internal.AbstractLoadPlanBuildingAssociationVisitationStrategy 2015-04-14 23:23:12,970 TRACE - &gt;&gt; Starting attribute Attribute(name=name, type=string [non-identifier])
org.hibernate.loader.plan.build.internal.AbstractLoadPlanBuildingAssociationVisitationStrategy 2015-04-14 23:23:12,970 TRACE - &lt;&lt; Finishing up attribute : Attribute(name=name, type=string [non-identifier])
org.hibernate.persister.walking.spi.MetamodelGraphWalker 2015-04-14 23:23:12,970 DEBUG - Visiting attribute path : news
org.hibernate.loader.plan.build.internal.AbstractLoadPlanBuildingAssociationVisitationStrategy 2015-04-14 23:23:12,970 TRACE - &gt;&gt; Starting attribute Attribute(name=news, type=java.util.Set(pojos.Users.news) [non-identifier,association])
org.hibernate.loader.plan.build.internal.AbstractLoadPlanBuildingAssociationVisitationStrategy 2015-04-14 23:23:12,970 TRACE - &lt;&lt; Finishing up attribute : Attribute(name=news, type=java.util.Set(pojos.Users.news) [non-identifier,association])
org.hibernate.persister.walking.spi.MetamodelGraphWalker 2015-04-14 23:23:12,970 DEBUG - Visiting attribute path : pass
org.hibernate.loader.plan.build.internal.AbstractLoadPlanBuildingAssociationVisitationStrategy 2015-04-14 23:23:12,970 TRACE - &gt;&gt; Starting attribute Attribute(name=pass, type=string [non-identifier])
org.hibernate.loader.plan.build.internal.AbstractLoadPlanBuildingAssociationVisitationStrategy 2015-04-14 23:23:12,970 TRACE - &lt;&lt; Finishing up attribute : Attribute(name=pass, type=string [non-identifier])
org.hibernate.persister.walking.spi.MetamodelGraphWalker 2015-04-14 23:23:12,970 DEBUG - Visiting attribute path : roles
org.hibernate.loader.plan.build.internal.AbstractLoadPlanBuildingAssociationVisitationStrategy 2015-04-14 23:23:12,970 TRACE - &gt;&gt; Starting attribute Attribute(name=roles, type=java.util.Set(pojos.Users.roles) [non-identifier,association])
org.hibernate.loader.plan.build.internal.AbstractLoadPlanBuildingAssociationVisitationStrategy 2015-04-14 23:23:12,970 TRACE - &lt;&lt; Finishing up attribute : Attribute(name=roles, type=java.util.Set(pojos.Users.roles) [non-identifier,association])
org.hibernate.persister.walking.spi.MetamodelGraphWalker 2015-04-14 23:23:12,970 DEBUG - Visiting attribute path : surname
org.hibernate.loader.plan.build.internal.AbstractLoadPlanBuildingAssociationVisitationStrategy 2015-04-14 23:23:12,970 TRACE - &gt;&gt; Starting attribute Attribute(name=surname, type=string [non-identifier])
org.hibernate.loader.plan.build.internal.AbstractLoadPlanBuildingAssociationVisitationStrategy 2015-04-14 23:23:12,970 TRACE - &lt;&lt; Finishing up attribute : Attribute(name=surname, type=string [non-identifier])
org.hibernate.loader.plan.build.internal.AbstractLoadPlanBuildingAssociationVisitationStrategy 2015-04-14 23:23:12,970 TRACE - Popped fetch owner from stack : org.hibernate.loader.plan.build.internal.returns.EntityReturnImpl@6e4de19b
org.hibernate.loader.plan.build.internal.AbstractLoadPlanBuildingAssociationVisitationStrategy 2015-04-14 23:23:12,970 TRACE -  Finished root entity : pojos.Users
org.hibernate.loader.plan.build.internal.FetchStyleLoadPlanBuildingAssociationVisitationStrategy 2015-04-14 23:23:12,970 DEBUG - Building LoadPlan...
org.hibernate.loader.plan.exec.internal.LoadQueryJoinAndFetchProcessor 2015-04-14 23:23:12,970 DEBUG - processing queryspace &lt;gen:0&gt;
org.hibernate.loader.plan.build.spi.LoadPlanTreePrinter 2015-04-14 23:23:12,970 DEBUG - LoadPlan(entity=pojos.Users)
    - Returns
       - EntityReturnImpl(entity=pojos.Users, querySpaceUid=&lt;gen:0&gt;, path=pojos.Users)
    - QuerySpaces
       - EntityQuerySpaceImpl(uid=&lt;gen:0&gt;, entity=pojos.Users)
          - SQL table alias mapping - users0_
          - alias suffix - 0_
          - suffixed key columns - {userId1_5_0_}

org.hibernate.loader.entity.plan.EntityLoader 2015-04-14 23:23:12,970 DEBUG - Static select for entity pojos.Users [PESSIMISTIC_READ]: select users0_.userId as userId1_5_0_, users0_.email as email2_5_0_, users0_.name as name3_5_0_, users0_.pass as pass4_5_0_, users0_.surname as surname5_5_0_ from Users users0_ where users0_.userId=? lock in share mode
org.hibernate.loader.plan.build.internal.AbstractLoadPlanBuildingAssociationVisitationStrategy 2015-04-14 23:23:12,970 TRACE -  Starting root entity : pojos.Users
org.hibernate.loader.plan.build.internal.spaces.QuerySpacesImpl 2015-04-14 23:23:12,970 DEBUG - Adding QuerySpace : uid = &lt;gen:0&gt; -&gt; org.hibernate.loader.plan.build.internal.spaces.EntityQuerySpaceImpl@f6c03cb]
org.hibernate.loader.plan.build.internal.AbstractLoadPlanBuildingAssociationVisitationStrategy 2015-04-14 23:23:12,970 TRACE - Pushing fetch source to stack : org.hibernate.loader.plan.build.internal.returns.EntityReturnImpl@46f699d5
org.hibernate.loader.plan.build.internal.AbstractLoadPlanBuildingAssociationVisitationStrategy 2015-04-14 23:23:12,970 TRACE - .. Registering AssociationKey : AssociationKey(table=Users, columns={userId}) -&gt; org.hibernate.loader.plan.build.internal.returns.EntityReturnImpl@46f699d5
org.hibernate.loader.plan.build.internal.AbstractLoadPlanBuildingAssociationVisitationStrategy 2015-04-14 23:23:12,970 TRACE - &gt;&gt; Starting entity identifier : pojos.Users
org.hibernate.persister.walking.spi.MetamodelGraphWalker 2015-04-14 23:23:12,970 DEBUG - Visiting attribute path : email
org.hibernate.loader.plan.build.internal.AbstractLoadPlanBuildingAssociationVisitationStrategy 2015-04-14 23:23:12,970 TRACE - &gt;&gt; Starting attribute Attribute(name=email, type=string [non-identifier])
org.hibernate.loader.plan.build.internal.AbstractLoadPlanBuildingAssociationVisitationStrategy 2015-04-14 23:23:12,970 TRACE - &lt;&lt; Finishing up attribute : Attribute(name=email, type=string [non-identifier])
org.hibernate.persister.walking.spi.MetamodelGraphWalker 2015-04-14 23:23:12,970 DEBUG - Visiting attribute path : name
org.hibernate.loader.plan.build.internal.AbstractLoadPlanBuildingAssociationVisitationStrategy 2015-04-14 23:23:12,970 TRACE - &gt;&gt; Starting attribute Attribute(name=name, type=string [non-identifier])
org.hibernate.loader.plan.build.internal.AbstractLoadPlanBuildingAssociationVisitationStrategy 2015-04-14 23:23:12,970 TRACE - &lt;&lt; Finishing up attribute : Attribute(name=name, type=string [non-identifier])
org.hibernate.persister.walking.spi.MetamodelGraphWalker 2015-04-14 23:23:12,970 DEBUG - Visiting attribute path : news
org.hibernate.loader.plan.build.internal.AbstractLoadPlanBuildingAssociationVisitationStrategy 2015-04-14 23:23:12,970 TRACE - &gt;&gt; Starting attribute Attribute(name=news, type=java.util.Set(pojos.Users.news) [non-identifier,association])
org.hibernate.loader.plan.build.internal.AbstractLoadPlanBuildingAssociationVisitationStrategy 2015-04-14 23:23:12,970 TRACE - &lt;&lt; Finishing up attribute : Attribute(name=news, type=java.util.Set(pojos.Users.news) [non-identifier,association])
org.hibernate.persister.walking.spi.MetamodelGraphWalker 2015-04-14 23:23:12,970 DEBUG - Visiting attribute path : pass
org.hibernate.loader.plan.build.internal.AbstractLoadPlanBuildingAssociationVisitationStrategy 2015-04-14 23:23:12,970 TRACE - &gt;&gt; Starting attribute Attribute(name=pass, type=string [non-identifier])
org.hibernate.loader.plan.build.internal.AbstractLoadPlanBuildingAssociationVisitationStrategy 2015-04-14 23:23:12,970 TRACE - &lt;&lt; Finishing up attribute : Attribute(name=pass, type=string [non-identifier])
org.hibernate.persister.walking.spi.MetamodelGraphWalker 2015-04-14 23:23:12,970 DEBUG - Visiting attribute path : roles
org.hibernate.loader.plan.build.internal.AbstractLoadPlanBuildingAssociationVisitationStrategy 2015-04-14 23:23:12,970 TRACE - &gt;&gt; Starting attribute Attribute(name=roles, type=java.util.Set(pojos.Users.roles) [non-identifier,association])
org.hibernate.loader.plan.build.internal.AbstractLoadPlanBuildingAssociationVisitationStrategy 2015-04-14 23:23:12,970 TRACE - &lt;&lt; Finishing up attribute : Attribute(name=roles, type=java.util.Set(pojos.Users.roles) [non-identifier,association])
org.hibernate.persister.walking.spi.MetamodelGraphWalker 2015-04-14 23:23:12,970 DEBUG - Visiting attribute path : surname
org.hibernate.loader.plan.build.internal.AbstractLoadPlanBuildingAssociationVisitationStrategy 2015-04-14 23:23:12,970 TRACE - &gt;&gt; Starting attribute Attribute(name=surname, type=string [non-identifier])
org.hibernate.loader.plan.build.internal.AbstractLoadPlanBuildingAssociationVisitationStrategy 2015-04-14 23:23:12,970 TRACE - &lt;&lt; Finishing up attribute : Attribute(name=surname, type=string [non-identifier])
org.hibernate.loader.plan.build.internal.AbstractLoadPlanBuildingAssociationVisitationStrategy 2015-04-14 23:23:12,980 TRACE - Popped fetch owner from stack : org.hibernate.loader.plan.build.internal.returns.EntityReturnImpl@46f699d5
org.hibernate.loader.plan.build.internal.AbstractLoadPlanBuildingAssociationVisitationStrategy 2015-04-14 23:23:12,980 TRACE -  Finished root entity : pojos.Users
org.hibernate.loader.plan.build.internal.FetchStyleLoadPlanBuildingAssociationVisitationStrategy 2015-04-14 23:23:12,980 DEBUG - Building LoadPlan...
org.hibernate.loader.plan.exec.internal.LoadQueryJoinAndFetchProcessor 2015-04-14 23:23:12,980 DEBUG - processing queryspace &lt;gen:0&gt;
org.hibernate.loader.plan.build.spi.LoadPlanTreePrinter 2015-04-14 23:23:12,980 DEBUG - LoadPlan(entity=pojos.Users)
    - Returns
       - EntityReturnImpl(entity=pojos.Users, querySpaceUid=&lt;gen:0&gt;, path=pojos.Users)
    - QuerySpaces
       - EntityQuerySpaceImpl(uid=&lt;gen:0&gt;, entity=pojos.Users)
          - SQL table alias mapping - users0_
          - alias suffix - 0_
          - suffixed key columns - {userId1_5_0_}

org.hibernate.loader.entity.plan.EntityLoader 2015-04-14 23:23:12,980 DEBUG - Static select for entity pojos.Users [PESSIMISTIC_WRITE]: select users0_.userId as userId1_5_0_, users0_.email as email2_5_0_, users0_.name as name3_5_0_, users0_.pass as pass4_5_0_, users0_.surname as surname5_5_0_ from Users users0_ where users0_.userId=? for update
org.hibernate.loader.plan.build.internal.AbstractLoadPlanBuildingAssociationVisitationStrategy 2015-04-14 23:23:12,980 TRACE -  Starting root entity : pojos.Users
org.hibernate.loader.plan.build.internal.spaces.QuerySpacesImpl 2015-04-14 23:23:12,980 DEBUG - Adding QuerySpace : uid = &lt;gen:0&gt; -&gt; org.hibernate.loader.plan.build.internal.spaces.EntityQuerySpaceImpl@18518ccf]
org.hibernate.loader.plan.build.internal.AbstractLoadPlanBuildingAssociationVisitationStrategy 2015-04-14 23:23:12,980 TRACE - Pushing fetch source to stack : org.hibernate.loader.plan.build.internal.returns.EntityReturnImpl@1991f767
org.hibernate.loader.plan.build.internal.AbstractLoadPlanBuildingAssociationVisitationStrategy 2015-04-14 23:23:12,980 TRACE - .. Registering AssociationKey : AssociationKey(table=Users, columns={userId}) -&gt; org.hibernate.loader.plan.build.internal.returns.EntityReturnImpl@1991f767
org.hibernate.loader.plan.build.internal.AbstractLoadPlanBuildingAssociationVisitationStrategy 2015-04-14 23:23:12,980 TRACE - &gt;&gt; Starting entity identifier : pojos.Users
org.hibernate.persister.walking.spi.MetamodelGraphWalker 2015-04-14 23:23:12,980 DEBUG - Visiting attribute path : email
org.hibernate.loader.plan.build.internal.AbstractLoadPlanBuildingAssociationVisitationStrategy 2015-04-14 23:23:12,980 TRACE - &gt;&gt; Starting attribute Attribute(name=email, type=string [non-identifier])
org.hibernate.loader.plan.build.internal.AbstractLoadPlanBuildingAssociationVisitationStrategy 2015-04-14 23:23:12,980 TRACE - &lt;&lt; Finishing up attribute : Attribute(name=email, type=string [non-identifier])
org.hibernate.persister.walking.spi.MetamodelGraphWalker 2015-04-14 23:23:12,980 DEBUG - Visiting attribute path : name
org.hibernate.loader.plan.build.internal.AbstractLoadPlanBuildingAssociationVisitationStrategy 2015-04-14 23:23:12,980 TRACE - &gt;&gt; Starting attribute Attribute(name=name, type=string [non-identifier])
org.hibernate.loader.plan.build.internal.AbstractLoadPlanBuildingAssociationVisitationStrategy 2015-04-14 23:23:12,980 TRACE - &lt;&lt; Finishing up attribute : Attribute(name=name, type=string [non-identifier])
org.hibernate.persister.walking.spi.MetamodelGraphWalker 2015-04-14 23:23:12,980 DEBUG - Visiting attribute path : news
org.hibernate.loader.plan.build.internal.AbstractLoadPlanBuildingAssociationVisitationStrategy 2015-04-14 23:23:12,980 TRACE - &gt;&gt; Starting attribute Attribute(name=news, type=java.util.Set(pojos.Users.news) [non-identifier,association])
org.hibernate.loader.plan.build.internal.AbstractLoadPlanBuildingAssociationVisitationStrategy 2015-04-14 23:23:12,980 TRACE - &lt;&lt; Finishing up attribute : Attribute(name=news, type=java.util.Set(pojos.Users.news) [non-identifier,association])
org.hibernate.persister.walking.spi.MetamodelGraphWalker 2015-04-14 23:23:12,980 DEBUG - Visiting attribute path : pass
org.hibernate.loader.plan.build.internal.AbstractLoadPlanBuildingAssociationVisitationStrategy 2015-04-14 23:23:12,980 TRACE - &gt;&gt; Starting attribute Attribute(name=pass, type=string [non-identifier])
org.hibernate.loader.plan.build.internal.AbstractLoadPlanBuildingAssociationVisitationStrategy 2015-04-14 23:23:12,980 TRACE - &lt;&lt; Finishing up attribute : Attribute(name=pass, type=string [non-identifier])
org.hibernate.persister.walking.spi.MetamodelGraphWalker 2015-04-14 23:23:12,980 DEBUG - Visiting attribute path : roles
org.hibernate.loader.plan.build.internal.AbstractLoadPlanBuildingAssociationVisitationStrategy 2015-04-14 23:23:12,980 TRACE - &gt;&gt; Starting attribute Attribute(name=roles, type=java.util.Set(pojos.Users.roles) [non-identifier,association])
org.hibernate.loader.plan.build.internal.AbstractLoadPlanBuildingAssociationVisitationStrategy 2015-04-14 23:23:12,980 TRACE - &lt;&lt; Finishing up attribute : Attribute(name=roles, type=java.util.Set(pojos.Users.roles) [non-identifier,association])
org.hibernate.persister.walking.spi.MetamodelGraphWalker 2015-04-14 23:23:12,980 DEBUG - Visiting attribute path : surname
org.hibernate.loader.plan.build.internal.AbstractLoadPlanBuildingAssociationVisitationStrategy 2015-04-14 23:23:12,980 TRACE - &gt;&gt; Starting attribute Attribute(name=surname, type=string [non-identifier])
org.hibernate.loader.plan.build.internal.AbstractLoadPlanBuildingAssociationVisitationStrategy 2015-04-14 23:23:12,980 TRACE - &lt;&lt; Finishing up attribute : Attribute(name=surname, type=string [non-identifier])
org.hibernate.loader.plan.build.internal.AbstractLoadPlanBuildingAssociationVisitationStrategy 2015-04-14 23:23:12,980 TRACE - Popped fetch owner from stack : org.hibernate.loader.plan.build.internal.returns.EntityReturnImpl@1991f767
org.hibernate.loader.plan.build.internal.AbstractLoadPlanBuildingAssociationVisitationStrategy 2015-04-14 23:23:12,980 TRACE -  Finished root entity : pojos.Users
org.hibernate.loader.plan.build.internal.FetchStyleLoadPlanBuildingAssociationVisitationStrategy 2015-04-14 23:23:12,980 DEBUG - Building LoadPlan...
org.hibernate.loader.plan.exec.internal.LoadQueryJoinAndFetchProcessor 2015-04-14 23:23:12,980 DEBUG - processing queryspace &lt;gen:0&gt;
org.hibernate.loader.plan.build.spi.LoadPlanTreePrinter 2015-04-14 23:23:12,990 DEBUG - LoadPlan(entity=pojos.Users)
    - Returns
       - EntityReturnImpl(entity=pojos.Users, querySpaceUid=&lt;gen:0&gt;, path=pojos.Users)
    - QuerySpaces
       - EntityQuerySpaceImpl(uid=&lt;gen:0&gt;, entity=pojos.Users)
          - SQL table alias mapping - users0_
          - alias suffix - 0_
          - suffixed key columns - {userId1_5_0_}

org.hibernate.loader.entity.plan.EntityLoader 2015-04-14 23:23:12,990 DEBUG - Static select for entity pojos.Users [PESSIMISTIC_FORCE_INCREMENT]: select users0_.userId as userId1_5_0_, users0_.email as email2_5_0_, users0_.name as name3_5_0_, users0_.pass as pass4_5_0_, users0_.surname as surname5_5_0_ from Users users0_ where users0_.userId=? for update
org.hibernate.loader.plan.build.internal.AbstractLoadPlanBuildingAssociationVisitationStrategy 2015-04-14 23:23:12,990 TRACE -  Starting root entity : pojos.Users
org.hibernate.loader.plan.build.internal.spaces.QuerySpacesImpl 2015-04-14 23:23:12,990 DEBUG - Adding QuerySpace : uid = &lt;gen:0&gt; -&gt; org.hibernate.loader.plan.build.internal.spaces.EntityQuerySpaceImpl@768ccdc5]
org.hibernate.loader.plan.build.internal.AbstractLoadPlanBuildingAssociationVisitationStrategy 2015-04-14 23:23:12,990 TRACE - Pushing fetch source to stack : org.hibernate.loader.plan.build.internal.returns.EntityReturnImpl@4c6daf0
org.hibernate.loader.plan.build.internal.AbstractLoadPlanBuildingAssociationVisitationStrategy 2015-04-14 23:23:12,990 TRACE - .. Registering AssociationKey : AssociationKey(table=Users, columns={userId}) -&gt; org.hibernate.loader.plan.build.internal.returns.EntityReturnImpl@4c6daf0
org.hibernate.loader.plan.build.internal.AbstractLoadPlanBuildingAssociationVisitationStrategy 2015-04-14 23:23:12,990 TRACE - &gt;&gt; Starting entity identifier : pojos.Users
org.hibernate.persister.walking.spi.MetamodelGraphWalker 2015-04-14 23:23:12,990 DEBUG - Visiting attribute path : email
org.hibernate.loader.plan.build.internal.AbstractLoadPlanBuildingAssociationVisitationStrategy 2015-04-14 23:23:12,990 TRACE - &gt;&gt; Starting attribute Attribute(name=email, type=string [non-identifier])
org.hibernate.loader.plan.build.internal.AbstractLoadPlanBuildingAssociationVisitationStrategy 2015-04-14 23:23:12,990 TRACE - &lt;&lt; Finishing up attribute : Attribute(name=email, type=string [non-identifier])
org.hibernate.persister.walking.spi.MetamodelGraphWalker 2015-04-14 23:23:12,990 DEBUG - Visiting attribute path : name
org.hibernate.loader.plan.build.internal.AbstractLoadPlanBuildingAssociationVisitationStrategy 2015-04-14 23:23:12,990 TRACE - &gt;&gt; Starting attribute Attribute(name=name, type=string [non-identifier])
org.hibernate.loader.plan.build.internal.AbstractLoadPlanBuildingAssociationVisitationStrategy 2015-04-14 23:23:12,990 TRACE - &lt;&lt; Finishing up attribute : Attribute(name=name, type=string [non-identifier])
org.hibernate.persister.walking.spi.MetamodelGraphWalker 2015-04-14 23:23:12,990 DEBUG - Visiting attribute path : news
org.hibernate.loader.plan.build.internal.AbstractLoadPlanBuildingAssociationVisitationStrategy 2015-04-14 23:23:12,990 TRACE - &gt;&gt; Starting attribute Attribute(name=news, type=java.util.Set(pojos.Users.news) [non-identifier,association])
org.hibernate.loader.plan.build.internal.AbstractLoadPlanBuildingAssociationVisitationStrategy 2015-04-14 23:23:12,990 TRACE - &lt;&lt; Finishing up attribute : Attribute(name=news, type=java.util.Set(pojos.Users.news) [non-identifier,association])
org.hibernate.persister.walking.spi.MetamodelGraphWalker 2015-04-14 23:23:12,990 DEBUG - Visiting attribute path : pass
org.hibernate.loader.plan.build.internal.AbstractLoadPlanBuildingAssociationVisitationStrategy 2015-04-14 23:23:12,990 TRACE - &gt;&gt; Starting attribute Attribute(name=pass, type=string [non-identifier])
org.hibernate.loader.plan.build.internal.AbstractLoadPlanBuildingAssociationVisitationStrategy 2015-04-14 23:23:12,990 TRACE - &lt;&lt; Finishing up attribute : Attribute(name=pass, type=string [non-identifier])
org.hibernate.persister.walking.spi.MetamodelGraphWalker 2015-04-14 23:23:12,990 DEBUG - Visiting attribute path : roles
org.hibernate.loader.plan.build.internal.AbstractLoadPlanBuildingAssociationVisitationStrategy 2015-04-14 23:23:12,990 TRACE - &gt;&gt; Starting attribute Attribute(name=roles, type=java.util.Set(pojos.Users.roles) [non-identifier,association])
org.hibernate.loader.plan.build.internal.AbstractLoadPlanBuildingAssociationVisitationStrategy 2015-04-14 23:23:12,990 TRACE - &lt;&lt; Finishing up attribute : Attribute(name=roles, type=java.util.Set(pojos.Users.roles) [non-identifier,association])
org.hibernate.persister.walking.spi.MetamodelGraphWalker 2015-04-14 23:23:13,000 DEBUG - Visiting attribute path : surname
org.hibernate.loader.plan.build.internal.AbstractLoadPlanBuildingAssociationVisitationStrategy 2015-04-14 23:23:13,000 TRACE - &gt;&gt; Starting attribute Attribute(name=surname, type=string [non-identifier])
org.hibernate.loader.plan.build.internal.AbstractLoadPlanBuildingAssociationVisitationStrategy 2015-04-14 23:23:13,000 TRACE - &lt;&lt; Finishing up attribute : Attribute(name=surname, type=string [non-identifier])
org.hibernate.loader.plan.build.internal.AbstractLoadPlanBuildingAssociationVisitationStrategy 2015-04-14 23:23:13,000 TRACE - Popped fetch owner from stack : org.hibernate.loader.plan.build.internal.returns.EntityReturnImpl@4c6daf0
org.hibernate.loader.plan.build.internal.AbstractLoadPlanBuildingAssociationVisitationStrategy 2015-04-14 23:23:13,000 TRACE -  Finished root entity : pojos.Users
org.hibernate.loader.plan.build.internal.FetchStyleLoadPlanBuildingAssociationVisitationStrategy 2015-04-14 23:23:13,000 DEBUG - Building LoadPlan...
org.hibernate.loader.plan.exec.internal.LoadQueryJoinAndFetchProcessor 2015-04-14 23:23:13,000 DEBUG - processing queryspace &lt;gen:0&gt;
org.hibernate.loader.plan.build.spi.LoadPlanTreePrinter 2015-04-14 23:23:13,000 DEBUG - LoadPlan(entity=pojos.Users)
    - Returns
       - EntityReturnImpl(entity=pojos.Users, querySpaceUid=&lt;gen:0&gt;, path=pojos.Users)
    - QuerySpaces
       - EntityQuerySpaceImpl(uid=&lt;gen:0&gt;, entity=pojos.Users)
          - SQL table alias mapping - users0_
          - alias suffix - 0_
          - suffixed key columns - {userId1_5_0_}

org.hibernate.loader.entity.plan.EntityLoader 2015-04-14 23:23:13,000 DEBUG - Static select for entity pojos.Users [OPTIMISTIC]: select users0_.userId as userId1_5_0_, users0_.email as email2_5_0_, users0_.name as name3_5_0_, users0_.pass as pass4_5_0_, users0_.surname as surname5_5_0_ from Users users0_ where users0_.userId=?
org.hibernate.loader.plan.build.internal.AbstractLoadPlanBuildingAssociationVisitationStrategy 2015-04-14 23:23:13,000 TRACE -  Starting root entity : pojos.Users
org.hibernate.loader.plan.build.internal.spaces.QuerySpacesImpl 2015-04-14 23:23:13,000 DEBUG - Adding QuerySpace : uid = &lt;gen:0&gt; -&gt; org.hibernate.loader.plan.build.internal.spaces.EntityQuerySpaceImpl@10650953]
org.hibernate.loader.plan.build.internal.AbstractLoadPlanBuildingAssociationVisitationStrategy 2015-04-14 23:23:13,000 TRACE - Pushing fetch source to stack : org.hibernate.loader.plan.build.internal.returns.EntityReturnImpl@659eef7
org.hibernate.loader.plan.build.internal.AbstractLoadPlanBuildingAssociationVisitationStrategy 2015-04-14 23:23:13,000 TRACE - .. Registering AssociationKey : AssociationKey(table=Users, columns={userId}) -&gt; org.hibernate.loader.plan.build.internal.returns.EntityReturnImpl@659eef7
org.hibernate.loader.plan.build.internal.AbstractLoadPlanBuildingAssociationVisitationStrategy 2015-04-14 23:23:13,000 TRACE - &gt;&gt; Starting entity identifier : pojos.Users
org.hibernate.persister.walking.spi.MetamodelGraphWalker 2015-04-14 23:23:13,000 DEBUG - Visiting attribute path : email
org.hibernate.loader.plan.build.internal.AbstractLoadPlanBuildingAssociationVisitationStrategy 2015-04-14 23:23:13,000 TRACE - &gt;&gt; Starting attribute Attribute(name=email, type=string [non-identifier])
org.hibernate.loader.plan.build.internal.AbstractLoadPlanBuildingAssociationVisitationStrategy 2015-04-14 23:23:13,000 TRACE - &lt;&lt; Finishing up attribute : Attribute(name=email, type=string [non-identifier])
org.hibernate.persister.walking.spi.MetamodelGraphWalker 2015-04-14 23:23:13,000 DEBUG - Visiting attribute path : name
org.hibernate.loader.plan.build.internal.AbstractLoadPlanBuildingAssociationVisitationStrategy 2015-04-14 23:23:13,000 TRACE - &gt;&gt; Starting attribute Attribute(name=name, type=string [non-identifier])
org.hibernate.loader.plan.build.internal.AbstractLoadPlanBuildingAssociationVisitationStrategy 2015-04-14 23:23:13,000 TRACE - &lt;&lt; Finishing up attribute : Attribute(name=name, type=string [non-identifier])
org.hibernate.persister.walking.spi.MetamodelGraphWalker 2015-04-14 23:23:13,000 DEBUG - Visiting attribute path : news
org.hibernate.loader.plan.build.internal.AbstractLoadPlanBuildingAssociationVisitationStrategy 2015-04-14 23:23:13,000 TRACE - &gt;&gt; Starting attribute Attribute(name=news, type=java.util.Set(pojos.Users.news) [non-identifier,association])
org.hibernate.loader.plan.build.internal.AbstractLoadPlanBuildingAssociationVisitationStrategy 2015-04-14 23:23:13,000 TRACE - &lt;&lt; Finishing up attribute : Attribute(name=news, type=java.util.Set(pojos.Users.news) [non-identifier,association])
org.hibernate.persister.walking.spi.MetamodelGraphWalker 2015-04-14 23:23:13,000 DEBUG - Visiting attribute path : pass
org.hibernate.loader.plan.build.internal.AbstractLoadPlanBuildingAssociationVisitationStrategy 2015-04-14 23:23:13,010 TRACE - &gt;&gt; Starting attribute Attribute(name=pass, type=string [non-identifier])
org.hibernate.loader.plan.build.internal.AbstractLoadPlanBuildingAssociationVisitationStrategy 2015-04-14 23:23:13,010 TRACE - &lt;&lt; Finishing up attribute : Attribute(name=pass, type=string [non-identifier])
org.hibernate.persister.walking.spi.MetamodelGraphWalker 2015-04-14 23:23:13,010 DEBUG - Visiting attribute path : roles
org.hibernate.loader.plan.build.internal.AbstractLoadPlanBuildingAssociationVisitationStrategy 2015-04-14 23:23:13,010 TRACE - &gt;&gt; Starting attribute Attribute(name=roles, type=java.util.Set(pojos.Users.roles) [non-identifier,association])
org.hibernate.loader.plan.build.internal.AbstractLoadPlanBuildingAssociationVisitationStrategy 2015-04-14 23:23:13,010 TRACE - &lt;&lt; Finishing up attribute : Attribute(name=roles, type=java.util.Set(pojos.Users.roles) [non-identifier,association])
org.hibernate.persister.walking.spi.MetamodelGraphWalker 2015-04-14 23:23:13,010 DEBUG - Visiting attribute path : surname
org.hibernate.loader.plan.build.internal.AbstractLoadPlanBuildingAssociationVisitationStrategy 2015-04-14 23:23:13,010 TRACE - &gt;&gt; Starting attribute Attribute(name=surname, type=string [non-identifier])
org.hibernate.loader.plan.build.internal.AbstractLoadPlanBuildingAssociationVisitationStrategy 2015-04-14 23:23:13,010 TRACE - &lt;&lt; Finishing up attribute : Attribute(name=surname, type=string [non-identifier])
org.hibernate.loader.plan.build.internal.AbstractLoadPlanBuildingAssociationVisitationStrategy 2015-04-14 23:23:13,010 TRACE - Popped fetch owner from stack : org.hibernate.loader.plan.build.internal.returns.EntityReturnImpl@659eef7
org.hibernate.loader.plan.build.internal.AbstractLoadPlanBuildingAssociationVisitationStrategy 2015-04-14 23:23:13,010 TRACE -  Finished root entity : pojos.Users
org.hibernate.loader.plan.build.internal.FetchStyleLoadPlanBuildingAssociationVisitationStrategy 2015-04-14 23:23:13,010 DEBUG - Building LoadPlan...
org.hibernate.loader.plan.exec.internal.LoadQueryJoinAndFetchProcessor 2015-04-14 23:23:13,010 DEBUG - processing queryspace &lt;gen:0&gt;
org.hibernate.loader.plan.build.spi.LoadPlanTreePrinter 2015-04-14 23:23:13,010 DEBUG - LoadPlan(entity=pojos.Users)
    - Returns
       - EntityReturnImpl(entity=pojos.Users, querySpaceUid=&lt;gen:0&gt;, path=pojos.Users)
    - QuerySpaces
       - EntityQuerySpaceImpl(uid=&lt;gen:0&gt;, entity=pojos.Users)
          - SQL table alias mapping - users0_
          - alias suffix - 0_
          - suffixed key columns - {userId1_5_0_}

org.hibernate.loader.entity.plan.EntityLoader 2015-04-14 23:23:13,010 DEBUG - Static select for entity pojos.Users [OPTIMISTIC_FORCE_INCREMENT]: select users0_.userId as userId1_5_0_, users0_.email as email2_5_0_, users0_.name as name3_5_0_, users0_.pass as pass4_5_0_, users0_.surname as surname5_5_0_ from Users users0_ where users0_.userId=?
org.hibernate.loader.entity.CascadeEntityLoader 2015-04-14 23:23:13,040 DEBUG - Static select for action ACTION_MERGE on entity pojos.Users: select users0_.userId as userId1_5_0_, users0_.email as email2_5_0_, users0_.name as name3_5_0_, users0_.pass as pass4_5_0_, users0_.surname as surname5_5_0_ from Users users0_ where users0_.userId=?
org.hibernate.loader.entity.CascadeEntityLoader 2015-04-14 23:23:13,040 DEBUG - Static select for action ACTION_REFRESH on entity pojos.Users: select users0_.userId as userId1_5_0_, users0_.email as email2_5_0_, users0_.name as name3_5_0_, users0_.pass as pass4_5_0_, users0_.surname as surname5_5_0_ from Users users0_ where users0_.userId=?
org.hibernate.persister.entity.AbstractEntityPersister 2015-04-14 23:23:13,040 DEBUG - Static SQL for entity: pojos.News
org.hibernate.persister.entity.AbstractEntityPersister 2015-04-14 23:23:13,040 DEBUG -  Version select: select newsId from News where newsId =?
org.hibernate.persister.entity.AbstractEntityPersister 2015-04-14 23:23:13,040 DEBUG -  Snapshot select: select news_.newsId, news_.author as author2_1_, news_.category as category7_1_, news_.mainText as mainText3_1_, news_.postDay as postDay4_1_, news_.title as title5_1_, news_.title4ann as title6_1_, news_.user as user8_1_ from News news_ where news_.newsId=?
org.hibernate.persister.entity.AbstractEntityPersister 2015-04-14 23:23:13,040 DEBUG -  Insert 0: insert into News (author, category, mainText, postDay, title, title4ann, user, newsId) values (?, ?, ?, ?, ?, ?, ?, ?)
org.hibernate.persister.entity.AbstractEntityPersister 2015-04-14 23:23:13,040 DEBUG -  Update 0: update News set author=?, category=?, mainText=?, postDay=?, title=?, title4ann=?, user=? where newsId=?
org.hibernate.persister.entity.AbstractEntityPersister 2015-04-14 23:23:13,040 DEBUG -  Delete 0: delete from News where newsId=?
org.hibernate.persister.entity.AbstractEntityPersister 2015-04-14 23:23:13,040 DEBUG -  Identity insert: insert into News (author, category, mainText, postDay, title, title4ann, user) values (?, ?, ?, ?, ?, ?, ?)
org.hibernate.loader.plan.build.internal.AbstractLoadPlanBuildingAssociationVisitationStrategy 2015-04-14 23:23:13,040 TRACE -  Starting root entity : pojos.News
org.hibernate.loader.plan.build.internal.spaces.QuerySpacesImpl 2015-04-14 23:23:13,040 DEBUG - Adding QuerySpace : uid = &lt;gen:0&gt; -&gt; org.hibernate.loader.plan.build.internal.spaces.EntityQuerySpaceImpl@5b58ed3c]
org.hibernate.loader.plan.build.internal.AbstractLoadPlanBuildingAssociationVisitationStrategy 2015-04-14 23:23:13,040 TRACE - Pushing fetch source to stack : org.hibernate.loader.plan.build.internal.returns.EntityReturnImpl@24faea88
org.hibernate.loader.plan.build.internal.AbstractLoadPlanBuildingAssociationVisitationStrategy 2015-04-14 23:23:13,040 TRACE - .. Registering AssociationKey : AssociationKey(table=News, columns={newsId}) -&gt; org.hibernate.loader.plan.build.internal.returns.EntityReturnImpl@24faea88
org.hibernate.loader.plan.build.internal.AbstractLoadPlanBuildingAssociationVisitationStrategy 2015-04-14 23:23:13,040 TRACE - &gt;&gt; Starting entity identifier : pojos.News
org.hibernate.persister.walking.spi.MetamodelGraphWalker 2015-04-14 23:23:13,040 DEBUG - Visiting attribute path : author
org.hibernate.loader.plan.build.internal.AbstractLoadPlanBuildingAssociationVisitationStrategy 2015-04-14 23:23:13,040 TRACE - &gt;&gt; Starting attribute Attribute(name=author, type=string [non-identifier])
org.hibernate.loader.plan.build.internal.AbstractLoadPlanBuildingAssociationVisitationStrategy 2015-04-14 23:23:13,050 TRACE - &lt;&lt; Finishing up attribute : Attribute(name=author, type=string [non-identifier])
org.hibernate.persister.walking.spi.MetamodelGraphWalker 2015-04-14 23:23:13,050 DEBUG - Visiting attribute path : category
org.hibernate.loader.plan.build.internal.AbstractLoadPlanBuildingAssociationVisitationStrategy 2015-04-14 23:23:13,050 TRACE - &gt;&gt; Starting attribute Attribute(name=category, type=pojos.Category [non-identifier,association])
org.hibernate.loader.plan.build.internal.spaces.QuerySpacesImpl 2015-04-14 23:23:13,050 DEBUG - Adding QuerySpace : uid = &lt;gen:1&gt; -&gt; org.hibernate.loader.plan.build.internal.spaces.EntityQuerySpaceImpl@545de5a4]
org.hibernate.loader.plan.build.internal.AbstractLoadPlanBuildingAssociationVisitationStrategy 2015-04-14 23:23:13,050 TRACE - Pushing fetch source to stack : org.hibernate.loader.plan.build.internal.returns.EntityAttributeFetchImpl@eb6449b
org.hibernate.loader.plan.build.internal.AbstractLoadPlanBuildingAssociationVisitationStrategy 2015-04-14 23:23:13,060 TRACE - .... Registering AssociationKey : AssociationKey(table=News, columns={category}) -&gt; org.hibernate.loader.plan.build.internal.returns.EntityAttributeFetchImpl@eb6449b
org.hibernate.loader.plan.build.internal.AbstractLoadPlanBuildingAssociationVisitationStrategy 2015-04-14 23:23:13,060 TRACE - &gt;&gt;&gt;&gt; Starting entity identifier : pojos.Category
org.hibernate.persister.walking.spi.MetamodelGraphWalker 2015-04-14 23:23:13,060 DEBUG - Visiting attribute path : category.categoryName
org.hibernate.loader.plan.build.internal.AbstractLoadPlanBuildingAssociationVisitationStrategy 2015-04-14 23:23:13,060 TRACE - &gt;&gt;&gt;&gt; Starting attribute Attribute(name=categoryName, type=string [non-identifier])
org.hibernate.loader.plan.build.internal.AbstractLoadPlanBuildingAssociationVisitationStrategy 2015-04-14 23:23:13,060 TRACE - &lt;&lt;&lt;&lt; Finishing up attribute : Attribute(name=categoryName, type=string [non-identifier])
org.hibernate.persister.walking.spi.MetamodelGraphWalker 2015-04-14 23:23:13,060 DEBUG - Visiting attribute path : category.news
org.hibernate.persister.walking.spi.MetamodelGraphWalker 2015-04-14 23:23:13,060 DEBUG - Property path deemed to be circular : category.news
org.hibernate.loader.plan.build.internal.AbstractLoadPlanBuildingAssociationVisitationStrategy 2015-04-14 23:23:13,060 TRACE - Popped fetch owner from stack : org.hibernate.loader.plan.build.internal.returns.EntityAttributeFetchImpl@eb6449b
org.hibernate.loader.plan.build.internal.AbstractLoadPlanBuildingAssociationVisitationStrategy 2015-04-14 23:23:13,060 TRACE - &lt;&lt; Finishing up attribute : Attribute(name=category, type=pojos.Category [non-identifier,association])
org.hibernate.persister.walking.spi.MetamodelGraphWalker 2015-04-14 23:23:13,060 DEBUG - Visiting attribute path : mainText
org.hibernate.loader.plan.build.internal.AbstractLoadPlanBuildingAssociationVisitationStrategy 2015-04-14 23:23:13,060 TRACE - &gt;&gt; Starting attribute Attribute(name=mainText, type=text [non-identifier])
org.hibernate.loader.plan.build.internal.AbstractLoadPlanBuildingAssociationVisitationStrategy 2015-04-14 23:23:13,060 TRACE - &lt;&lt; Finishing up attribute : Attribute(name=mainText, type=text [non-identifier])
org.hibernate.persister.walking.spi.MetamodelGraphWalker 2015-04-14 23:23:13,060 DEBUG - Visiting attribute path : postDay
org.hibernate.loader.plan.build.internal.AbstractLoadPlanBuildingAssociationVisitationStrategy 2015-04-14 23:23:13,060 TRACE - &gt;&gt; Starting attribute Attribute(name=postDay, type=string [non-identifier])
org.hibernate.loader.plan.build.internal.AbstractLoadPlanBuildingAssociationVisitationStrategy 2015-04-14 23:23:13,060 TRACE - &lt;&lt; Finishing up attribute : Attribute(name=postDay, type=string [non-identifier])
org.hibernate.persister.walking.spi.MetamodelGraphWalker 2015-04-14 23:23:13,060 DEBUG - Visiting attribute path : title
org.hibernate.loader.plan.build.internal.AbstractLoadPlanBuildingAssociationVisitationStrategy 2015-04-14 23:23:13,060 TRACE - &gt;&gt; Starting attribute Attribute(name=title, type=string [non-identifier])
org.hibernate.loader.plan.build.internal.AbstractLoadPlanBuildingAssociationVisitationStrategy 2015-04-14 23:23:13,060 TRACE - &lt;&lt; Finishing up attribute : Attribute(name=title, type=string [non-identifier])
org.hibernate.persister.walking.spi.MetamodelGraphWalker 2015-04-14 23:23:13,060 DEBUG - Visiting attribute path : title4ann
org.hibernate.loader.plan.build.internal.AbstractLoadPlanBuildingAssociationVisitationStrategy 2015-04-14 23:23:13,070 TRACE - &gt;&gt; Starting attribute Attribute(name=title4ann, type=string [non-identifier])
org.hibernate.loader.plan.build.internal.AbstractLoadPlanBuildingAssociationVisitationStrategy 2015-04-14 23:23:13,070 TRACE - &lt;&lt; Finishing up attribute : Attribute(name=title4ann, type=string [non-identifier])
org.hibernate.persister.walking.spi.MetamodelGraphWalker 2015-04-14 23:23:13,070 DEBUG - Visiting attribute path : user
org.hibernate.loader.plan.build.internal.AbstractLoadPlanBuildingAssociationVisitationStrategy 2015-04-14 23:23:13,071 TRACE - &gt;&gt; Starting attribute Attribute(name=user, type=pojos.Users [non-identifier,association])
org.hibernate.loader.plan.build.internal.spaces.QuerySpacesImpl 2015-04-14 23:23:13,071 DEBUG - Adding QuerySpace : uid = &lt;gen:2&gt; -&gt; org.hibernate.loader.plan.build.internal.spaces.EntityQuerySpaceImpl@7c351808]
org.hibernate.loader.plan.build.internal.AbstractLoadPlanBuildingAssociationVisitationStrategy 2015-04-14 23:23:13,072 TRACE - Pushing fetch source to stack : org.hibernate.loader.plan.build.internal.returns.EntityAttributeFetchImpl@180e6ac4
org.hibernate.loader.plan.build.internal.AbstractLoadPlanBuildingAssociationVisitationStrategy 2015-04-14 23:23:13,072 TRACE - .... Registering AssociationKey : AssociationKey(table=News, columns={user}) -&gt; org.hibernate.loader.plan.build.internal.returns.EntityAttributeFetchImpl@180e6ac4
org.hibernate.loader.plan.build.internal.AbstractLoadPlanBuildingAssociationVisitationStrategy 2015-04-14 23:23:13,073 TRACE - &gt;&gt;&gt;&gt; Starting entity identifier : pojos.Users
org.hibernate.persister.walking.spi.MetamodelGraphWalker 2015-04-14 23:23:13,073 DEBUG - Visiting attribute path : user.email
org.hibernate.loader.plan.build.internal.AbstractLoadPlanBuildingAssociationVisitationStrategy 2015-04-14 23:23:13,074 TRACE - &gt;&gt;&gt;&gt; Starting attribute Attribute(name=email, type=string [non-identifier])
org.hibernate.loader.plan.build.internal.AbstractLoadPlanBuildingAssociationVisitationStrategy 2015-04-14 23:23:13,074 TRACE - &lt;&lt;&lt;&lt; Finishing up attribute : Attribute(name=email, type=string [non-identifier])
org.hibernate.persister.walking.spi.MetamodelGraphWalker 2015-04-14 23:23:13,075 DEBUG - Visiting attribute path : user.name
org.hibernate.loader.plan.build.internal.AbstractLoadPlanBuildingAssociationVisitationStrategy 2015-04-14 23:23:13,075 TRACE - &gt;&gt;&gt;&gt; Starting attribute Attribute(name=name, type=string [non-identifier])
org.hibernate.loader.plan.build.internal.AbstractLoadPlanBuildingAssociationVisitationStrategy 2015-04-14 23:23:13,075 TRACE - &lt;&lt;&lt;&lt; Finishing up attribute : Attribute(name=name, type=string [non-identifier])
org.hibernate.persister.walking.spi.MetamodelGraphWalker 2015-04-14 23:23:13,076 DEBUG - Visiting attribute path : user.news
org.hibernate.persister.walking.spi.MetamodelGraphWalker 2015-04-14 23:23:13,076 DEBUG - Property path deemed to be circular : user.news
org.hibernate.persister.walking.spi.MetamodelGraphWalker 2015-04-14 23:23:13,077 DEBUG - Visiting attribute path : user.pass
org.hibernate.loader.plan.build.internal.AbstractLoadPlanBuildingAssociationVisitationStrategy 2015-04-14 23:23:13,077 TRACE - &gt;&gt;&gt;&gt; Starting attribute Attribute(name=pass, type=string [non-identifier])
org.hibernate.loader.plan.build.internal.AbstractLoadPlanBuildingAssociationVisitationStrategy 2015-04-14 23:23:13,079 TRACE - &lt;&lt;&lt;&lt; Finishing up attribute : Attribute(name=pass, type=string [non-identifier])
org.hibernate.persister.walking.spi.MetamodelGraphWalker 2015-04-14 23:23:13,079 DEBUG - Visiting attribute path : user.roles
org.hibernate.loader.plan.build.internal.AbstractLoadPlanBuildingAssociationVisitationStrategy 2015-04-14 23:23:13,080 TRACE - &gt;&gt;&gt;&gt; Starting attribute Attribute(name=roles, type=java.util.Set(pojos.Users.roles) [non-identifier,association])
org.hibernate.loader.plan.build.internal.AbstractLoadPlanBuildingAssociationVisitationStrategy 2015-04-14 23:23:13,080 TRACE - &lt;&lt;&lt;&lt; Finishing up attribute : Attribute(name=roles, type=java.util.Set(pojos.Users.roles) [non-identifier,association])
org.hibernate.persister.walking.spi.MetamodelGraphWalker 2015-04-14 23:23:13,080 DEBUG - Visiting attribute path : user.surname
org.hibernate.loader.plan.build.internal.AbstractLoadPlanBuildingAssociationVisitationStrategy 2015-04-14 23:23:13,081 TRACE - &gt;&gt;&gt;&gt; Starting attribute Attribute(name=surname, type=string [non-identifier])
org.hibernate.loader.plan.build.internal.AbstractLoadPlanBuildingAssociationVisitationStrategy 2015-04-14 23:23:13,081 TRACE - &lt;&lt;&lt;&lt; Finishing up attribute : Attribute(name=surname, type=string [non-identifier])
org.hibernate.loader.plan.build.internal.AbstractLoadPlanBuildingAssociationVisitationStrategy 2015-04-14 23:23:13,082 TRACE - Popped fetch owner from stack : org.hibernate.loader.plan.build.internal.returns.EntityAttributeFetchImpl@180e6ac4
org.hibernate.loader.plan.build.internal.AbstractLoadPlanBuildingAssociationVisitationStrategy 2015-04-14 23:23:13,082 TRACE - &lt;&lt; Finishing up attribute : Attribute(name=user, type=pojos.Users [non-identifier,association])
org.hibernate.loader.plan.build.internal.AbstractLoadPlanBuildingAssociationVisitationStrategy 2015-04-14 23:23:13,082 TRACE - Popped fetch owner from stack : org.hibernate.loader.plan.build.internal.returns.EntityReturnImpl@24faea88
org.hibernate.loader.plan.build.internal.AbstractLoadPlanBuildingAssociationVisitationStrategy 2015-04-14 23:23:13,083 TRACE -  Finished root entity : pojos.News
org.hibernate.loader.plan.build.internal.FetchStyleLoadPlanBuildingAssociationVisitationStrategy 2015-04-14 23:23:13,083 DEBUG - Building LoadPlan...
org.hibernate.loader.plan.exec.internal.LoadQueryJoinAndFetchProcessor 2015-04-14 23:23:13,084 DEBUG - processing queryspace &lt;gen:0&gt;
org.hibernate.loader.plan.build.spi.LoadPlanTreePrinter 2015-04-14 23:23:13,086 DEBUG - LoadPlan(entity=pojos.News)
    - Returns
       - EntityReturnImpl(entity=pojos.News, querySpaceUid=&lt;gen:0&gt;, path=pojos.News)
          - EntityAttributeFetchImpl(entity=pojos.Category, querySpaceUid=&lt;gen:1&gt;, path=pojos.News.category)
          - EntityAttributeFetchImpl(entity=pojos.Users, querySpaceUid=&lt;gen:2&gt;, path=pojos.News.user)
    - QuerySpaces
       - EntityQuerySpaceImpl(uid=&lt;gen:0&gt;, entity=pojos.News)
          - SQL table alias mapping - news0_
          - alias suffix - 0_
          - suffixed key columns - {newsId1_1_0_}
          - JOIN (JoinDefinedByMetadata(category)) : &lt;gen:0&gt; -&gt; &lt;gen:1&gt;
             - EntityQuerySpaceImpl(uid=&lt;gen:1&gt;, entity=pojos.Category)
                - SQL table alias mapping - category1_
                - alias suffix - 1_
                - suffixed key columns - {category1_0_1_}
          - JOIN (JoinDefinedByMetadata(user)) : &lt;gen:0&gt; -&gt; &lt;gen:2&gt;
             - EntityQuerySpaceImpl(uid=&lt;gen:2&gt;, entity=pojos.Users)
                - SQL table alias mapping - users2_
                - alias suffix - 2_
                - suffixed key columns - {userId1_5_2_}

org.hibernate.loader.entity.plan.EntityLoader 2015-04-14 23:23:13,087 DEBUG - Static select for entity pojos.News [NONE]: select news0_.newsId as newsId1_1_0_, news0_.author as author2_1_0_, news0_.category as category7_1_0_, news0_.mainText as mainText3_1_0_, news0_.postDay as postDay4_1_0_, news0_.title as title5_1_0_, news0_.title4ann as title6_1_0_, news0_.user as user8_1_0_, category1_.categoryId as category1_0_1_, category1_.categoryName as category2_0_1_, users2_.userId as userId1_5_2_, users2_.email as email2_5_2_, users2_.name as name3_5_2_, users2_.pass as pass4_5_2_, users2_.surname as surname5_5_2_ from News news0_ left outer join Category category1_ on news0_.category=category1_.categoryId left outer join Users users2_ on news0_.user=users2_.userId where news0_.newsId=?
org.hibernate.loader.plan.build.internal.AbstractLoadPlanBuildingAssociationVisitationStrategy 2015-04-14 23:23:13,088 TRACE -  Starting root entity : pojos.News
org.hibernate.loader.plan.build.internal.spaces.QuerySpacesImpl 2015-04-14 23:23:13,091 DEBUG - Adding QuerySpace : uid = &lt;gen:0&gt; -&gt; org.hibernate.loader.plan.build.internal.spaces.EntityQuerySpaceImpl@2a39fe6a]
org.hibernate.loader.plan.build.internal.AbstractLoadPlanBuildingAssociationVisitationStrategy 2015-04-14 23:23:13,091 TRACE - Pushing fetch source to stack : org.hibernate.loader.plan.build.internal.returns.EntityReturnImpl@410ae9a3
org.hibernate.loader.plan.build.internal.AbstractLoadPlanBuildingAssociationVisitationStrategy 2015-04-14 23:23:13,092 TRACE - .. Registering AssociationKey : AssociationKey(table=News, columns={newsId}) -&gt; org.hibernate.loader.plan.build.internal.returns.EntityReturnImpl@410ae9a3
org.hibernate.loader.plan.build.internal.AbstractLoadPlanBuildingAssociationVisitationStrategy 2015-04-14 23:23:13,092 TRACE - &gt;&gt; Starting entity identifier : pojos.News
org.hibernate.persister.walking.spi.MetamodelGraphWalker 2015-04-14 23:23:13,093 DEBUG - Visiting attribute path : author
org.hibernate.loader.plan.build.internal.AbstractLoadPlanBuildingAssociationVisitationStrategy 2015-04-14 23:23:13,093 TRACE - &gt;&gt; Starting attribute Attribute(name=author, type=string [non-identifier])
org.hibernate.loader.plan.build.internal.AbstractLoadPlanBuildingAssociationVisitationStrategy 2015-04-14 23:23:13,094 TRACE - &lt;&lt; Finishing up attribute : Attribute(name=author, type=string [non-identifier])
org.hibernate.persister.walking.spi.MetamodelGraphWalker 2015-04-14 23:23:13,094 DEBUG - Visiting attribute path : category
org.hibernate.loader.plan.build.internal.AbstractLoadPlanBuildingAssociationVisitationStrategy 2015-04-14 23:23:13,094 TRACE - &gt;&gt; Starting attribute Attribute(name=category, type=pojos.Category [non-identifier,association])
org.hibernate.loader.plan.build.internal.spaces.QuerySpacesImpl 2015-04-14 23:23:13,095 DEBUG - Adding QuerySpace : uid = &lt;gen:1&gt; -&gt; org.hibernate.loader.plan.build.internal.spaces.EntityQuerySpaceImpl@319988b0]
org.hibernate.loader.plan.build.internal.AbstractLoadPlanBuildingAssociationVisitationStrategy 2015-04-14 23:23:13,095 TRACE - Pushing fetch source to stack : org.hibernate.loader.plan.build.internal.returns.EntityAttributeFetchImpl@d5ae57e
org.hibernate.loader.plan.build.internal.AbstractLoadPlanBuildingAssociationVisitationStrategy 2015-04-14 23:23:13,095 TRACE - .... Registering AssociationKey : AssociationKey(table=News, columns={category}) -&gt; org.hibernate.loader.plan.build.internal.returns.EntityAttributeFetchImpl@d5ae57e
org.hibernate.loader.plan.build.internal.AbstractLoadPlanBuildingAssociationVisitationStrategy 2015-04-14 23:23:13,096 TRACE - &gt;&gt;&gt;&gt; Starting entity identifier : pojos.Category
org.hibernate.persister.walking.spi.MetamodelGraphWalker 2015-04-14 23:23:13,096 DEBUG - Visiting attribute path : category.categoryName
org.hibernate.loader.plan.build.internal.AbstractLoadPlanBuildingAssociationVisitationStrategy 2015-04-14 23:23:13,096 TRACE - &gt;&gt;&gt;&gt; Starting attribute Attribute(name=categoryName, type=string [non-identifier])
org.hibernate.loader.plan.build.internal.AbstractLoadPlanBuildingAssociationVisitationStrategy 2015-04-14 23:23:13,097 TRACE - &lt;&lt;&lt;&lt; Finishing up attribute : Attribute(name=categoryName, type=string [non-identifier])
org.hibernate.persister.walking.spi.MetamodelGraphWalker 2015-04-14 23:23:13,097 DEBUG - Visiting attribute path : category.news
org.hibernate.persister.walking.spi.MetamodelGraphWalker 2015-04-14 23:23:13,097 DEBUG - Property path deemed to be circular : category.news
org.hibernate.loader.plan.build.internal.AbstractLoadPlanBuildingAssociationVisitationStrategy 2015-04-14 23:23:13,098 TRACE - Popped fetch owner from stack : org.hibernate.loader.plan.build.internal.returns.EntityAttributeFetchImpl@d5ae57e
org.hibernate.loader.plan.build.internal.AbstractLoadPlanBuildingAssociationVisitationStrategy 2015-04-14 23:23:13,098 TRACE - &lt;&lt; Finishing up attribute : Attribute(name=category, type=pojos.Category [non-identifier,association])
org.hibernate.persister.walking.spi.MetamodelGraphWalker 2015-04-14 23:23:13,099 DEBUG - Visiting attribute path : mainText
org.hibernate.loader.plan.build.internal.AbstractLoadPlanBuildingAssociationVisitationStrategy 2015-04-14 23:23:13,099 TRACE - &gt;&gt; Starting attribute Attribute(name=mainText, type=text [non-identifier])
org.hibernate.loader.plan.build.internal.AbstractLoadPlanBuildingAssociationVisitationStrategy 2015-04-14 23:23:13,100 TRACE - &lt;&lt; Finishing up attribute : Attribute(name=mainText, type=text [non-identifier])
org.hibernate.persister.walking.spi.MetamodelGraphWalker 2015-04-14 23:23:13,100 DEBUG - Visiting attribute path : postDay
org.hibernate.loader.plan.build.internal.AbstractLoadPlanBuildingAssociationVisitationStrategy 2015-04-14 23:23:13,100 TRACE - &gt;&gt; Starting attribute Attribute(name=postDay, type=string [non-identifier])
org.hibernate.loader.plan.build.internal.AbstractLoadPlanBuildingAssociationVisitationStrategy 2015-04-14 23:23:13,101 TRACE - &lt;&lt; Finishing up attribute : Attribute(name=postDay, type=string [non-identifier])
org.hibernate.persister.walking.spi.MetamodelGraphWalker 2015-04-14 23:23:13,101 DEBUG - Visiting attribute path : title
org.hibernate.loader.plan.build.internal.AbstractLoadPlanBuildingAssociationVisitationStrategy 2015-04-14 23:23:13,101 TRACE - &gt;&gt; Starting attribute Attribute(name=title, type=string [non-identifier])
org.hibernate.loader.plan.build.internal.AbstractLoadPlanBuildingAssociationVisitationStrategy 2015-04-14 23:23:13,101 TRACE - &lt;&lt; Finishing up attribute : Attribute(name=title, type=string [non-identifier])
org.hibernate.persister.walking.spi.MetamodelGraphWalker 2015-04-14 23:23:13,102 DEBUG - Visiting attribute path : title4ann
org.hibernate.loader.plan.build.internal.AbstractLoadPlanBuildingAssociationVisitationStrategy 2015-04-14 23:23:13,102 TRACE - &gt;&gt; Starting attribute Attribute(name=title4ann, type=string [non-identifier])
org.hibernate.loader.plan.build.internal.AbstractLoadPlanBuildingAssociationVisitationStrategy 2015-04-14 23:23:13,102 TRACE - &lt;&lt; Finishing up attribute : Attribute(name=title4ann, type=string [non-identifier])
org.hibernate.persister.walking.spi.MetamodelGraphWalker 2015-04-14 23:23:13,103 DEBUG - Visiting attribute path : user
org.hibernate.loader.plan.build.internal.AbstractLoadPlanBuildingAssociationVisitationStrategy 2015-04-14 23:23:13,103 TRACE - &gt;&gt; Starting attribute Attribute(name=user, type=pojos.Users [non-identifier,association])
org.hibernate.loader.plan.build.internal.spaces.QuerySpacesImpl 2015-04-14 23:23:13,104 DEBUG - Adding QuerySpace : uid = &lt;gen:2&gt; -&gt; org.hibernate.loader.plan.build.internal.spaces.EntityQuerySpaceImpl@68759011]
org.hibernate.loader.plan.build.internal.AbstractLoadPlanBuildingAssociationVisitationStrategy 2015-04-14 23:23:13,104 TRACE - Pushing fetch source to stack : org.hibernate.loader.plan.build.internal.returns.EntityAttributeFetchImpl@7e242b4d
org.hibernate.loader.plan.build.internal.AbstractLoadPlanBuildingAssociationVisitationStrategy 2015-04-14 23:23:13,136 TRACE - .... Registering AssociationKey : AssociationKey(table=News, columns={user}) -&gt; org.hibernate.loader.plan.build.internal.returns.EntityAttributeFetchImpl@7e242b4d
org.hibernate.loader.plan.build.internal.AbstractLoadPlanBuildingAssociationVisitationStrategy 2015-04-14 23:23:13,137 TRACE - &gt;&gt;&gt;&gt; Starting entity identifier : pojos.Users
org.hibernate.persister.walking.spi.MetamodelGraphWalker 2015-04-14 23:23:13,138 DEBUG - Visiting attribute path : user.email
org.hibernate.loader.plan.build.internal.AbstractLoadPlanBuildingAssociationVisitationStrategy 2015-04-14 23:23:13,138 TRACE - &gt;&gt;&gt;&gt; Starting attribute Attribute(name=email, type=string [non-identifier])
org.hibernate.loader.plan.build.internal.AbstractLoadPlanBuildingAssociationVisitationStrategy 2015-04-14 23:23:13,139 TRACE - &lt;&lt;&lt;&lt; Finishing up attribute : Attribute(name=email, type=string [non-identifier])
org.hibernate.persister.walking.spi.MetamodelGraphWalker 2015-04-14 23:23:13,139 DEBUG - Visiting attribute path : user.name
org.hibernate.loader.plan.build.internal.AbstractLoadPlanBuildingAssociationVisitationStrategy 2015-04-14 23:23:13,139 TRACE - &gt;&gt;&gt;&gt; Starting attribute Attribute(name=name, type=string [non-identifier])
org.hibernate.loader.plan.build.internal.AbstractLoadPlanBuildingAssociationVisitationStrategy 2015-04-14 23:23:13,140 TRACE - &lt;&lt;&lt;&lt; Finishing up attribute : Attribute(name=name, type=string [non-identifier])
org.hibernate.persister.walking.spi.MetamodelGraphWalker 2015-04-14 23:23:13,140 DEBUG - Visiting attribute path : user.news
org.hibernate.persister.walking.spi.MetamodelGraphWalker 2015-04-14 23:23:13,141 DEBUG - Property path deemed to be circular : user.news
org.hibernate.persister.walking.spi.MetamodelGraphWalker 2015-04-14 23:23:13,141 DEBUG - Visiting attribute path : user.pass
org.hibernate.loader.plan.build.internal.AbstractLoadPlanBuildingAssociationVisitationStrategy 2015-04-14 23:23:13,141 TRACE - &gt;&gt;&gt;&gt; Starting attribute Attribute(name=pass, type=string [non-identifier])
org.hibernate.loader.plan.build.internal.AbstractLoadPlanBuildingAssociationVisitationStrategy 2015-04-14 23:23:13,142 TRACE - &lt;&lt;&lt;&lt; Finishing up attribute : Attribute(name=pass, type=string [non-identifier])
org.hibernate.persister.walking.spi.MetamodelGraphWalker 2015-04-14 23:23:13,142 DEBUG - Visiting attribute path : user.roles
org.hibernate.loader.plan.build.internal.AbstractLoadPlanBuildingAssociationVisitationStrategy 2015-04-14 23:23:13,143 TRACE - &gt;&gt;&gt;&gt; Starting attribute Attribute(name=roles, type=java.util.Set(pojos.Users.roles) [non-identifier,association])
org.hibernate.loader.plan.build.internal.AbstractLoadPlanBuildingAssociationVisitationStrategy 2015-04-14 23:23:13,143 TRACE - &lt;&lt;&lt;&lt; Finishing up attribute : Attribute(name=roles, type=java.util.Set(pojos.Users.roles) [non-identifier,association])
org.hibernate.persister.walking.spi.MetamodelGraphWalker 2015-04-14 23:23:13,144 DEBUG - Visiting attribute path : user.surname
org.hibernate.loader.plan.build.internal.AbstractLoadPlanBuildingAssociationVisitationStrategy 2015-04-14 23:23:13,144 TRACE - &gt;&gt;&gt;&gt; Starting attribute Attribute(name=surname, type=string [non-identifier])
org.hibernate.loader.plan.build.internal.AbstractLoadPlanBuildingAssociationVisitationStrategy 2015-04-14 23:23:13,144 TRACE - &lt;&lt;&lt;&lt; Finishing up attribute : Attribute(name=surname, type=string [non-identifier])
org.hibernate.loader.plan.build.internal.AbstractLoadPlanBuildingAssociationVisitationStrategy 2015-04-14 23:23:13,145 TRACE - Popped fetch owner from stack : org.hibernate.loader.plan.build.internal.returns.EntityAttributeFetchImpl@7e242b4d
org.hibernate.loader.plan.build.internal.AbstractLoadPlanBuildingAssociationVisitationStrategy 2015-04-14 23:23:13,145 TRACE - &lt;&lt; Finishing up attribute : Attribute(name=user, type=pojos.Users [non-identifier,association])
org.hibernate.loader.plan.build.internal.AbstractLoadPlanBuildingAssociationVisitationStrategy 2015-04-14 23:23:13,146 TRACE - Popped fetch owner from stack : org.hibernate.loader.plan.build.internal.returns.EntityReturnImpl@410ae9a3
org.hibernate.loader.plan.build.internal.AbstractLoadPlanBuildingAssociationVisitationStrategy 2015-04-14 23:23:13,146 TRACE -  Finished root entity : pojos.News
org.hibernate.loader.plan.build.internal.FetchStyleLoadPlanBuildingAssociationVisitationStrategy 2015-04-14 23:23:13,146 DEBUG - Building LoadPlan...
org.hibernate.loader.plan.exec.internal.LoadQueryJoinAndFetchProcessor 2015-04-14 23:23:13,147 DEBUG - processing queryspace &lt;gen:0&gt;
org.hibernate.loader.plan.build.spi.LoadPlanTreePrinter 2015-04-14 23:23:13,149 DEBUG - LoadPlan(entity=pojos.News)
    - Returns
       - EntityReturnImpl(entity=pojos.News, querySpaceUid=&lt;gen:0&gt;, path=pojos.News)
          - EntityAttributeFetchImpl(entity=pojos.Category, querySpaceUid=&lt;gen:1&gt;, path=pojos.News.category)
          - EntityAttributeFetchImpl(entity=pojos.Users, querySpaceUid=&lt;gen:2&gt;, path=pojos.News.user)
    - QuerySpaces
       - EntityQuerySpaceImpl(uid=&lt;gen:0&gt;, entity=pojos.News)
          - SQL table alias mapping - news0_
          - alias suffix - 0_
          - suffixed key columns - {newsId1_1_0_}
          - JOIN (JoinDefinedByMetadata(category)) : &lt;gen:0&gt; -&gt; &lt;gen:1&gt;
             - EntityQuerySpaceImpl(uid=&lt;gen:1&gt;, entity=pojos.Category)
                - SQL table alias mapping - category1_
                - alias suffix - 1_
                - suffixed key columns - {category1_0_1_}
          - JOIN (JoinDefinedByMetadata(user)) : &lt;gen:0&gt; -&gt; &lt;gen:2&gt;
             - EntityQuerySpaceImpl(uid=&lt;gen:2&gt;, entity=pojos.Users)
                - SQL table alias mapping - users2_
                - alias suffix - 2_
                - suffixed key columns - {userId1_5_2_}

org.hibernate.loader.entity.plan.EntityLoader 2015-04-14 23:23:13,150 DEBUG - Static select for entity pojos.News [READ]: select news0_.newsId as newsId1_1_0_, news0_.author as author2_1_0_, news0_.category as category7_1_0_, news0_.mainText as mainText3_1_0_, news0_.postDay as postDay4_1_0_, news0_.title as title5_1_0_, news0_.title4ann as title6_1_0_, news0_.user as user8_1_0_, category1_.categoryId as category1_0_1_, category1_.categoryName as category2_0_1_, users2_.userId as userId1_5_2_, users2_.email as email2_5_2_, users2_.name as name3_5_2_, users2_.pass as pass4_5_2_, users2_.surname as surname5_5_2_ from News news0_ left outer join Category category1_ on news0_.category=category1_.categoryId left outer join Users users2_ on news0_.user=users2_.userId where news0_.newsId=?
org.hibernate.loader.plan.build.internal.AbstractLoadPlanBuildingAssociationVisitationStrategy 2015-04-14 23:23:13,151 TRACE -  Starting root entity : pojos.News
org.hibernate.loader.plan.build.internal.spaces.QuerySpacesImpl 2015-04-14 23:23:13,151 DEBUG - Adding QuerySpace : uid = &lt;gen:0&gt; -&gt; org.hibernate.loader.plan.build.internal.spaces.EntityQuerySpaceImpl@305f031]
org.hibernate.loader.plan.build.internal.AbstractLoadPlanBuildingAssociationVisitationStrategy 2015-04-14 23:23:13,153 TRACE - Pushing fetch source to stack : org.hibernate.loader.plan.build.internal.returns.EntityReturnImpl@592e843a
org.hibernate.loader.plan.build.internal.AbstractLoadPlanBuildingAssociationVisitationStrategy 2015-04-14 23:23:13,154 TRACE - .. Registering AssociationKey : AssociationKey(table=News, columns={newsId}) -&gt; org.hibernate.loader.plan.build.internal.returns.EntityReturnImpl@592e843a
org.hibernate.loader.plan.build.internal.AbstractLoadPlanBuildingAssociationVisitationStrategy 2015-04-14 23:23:13,155 TRACE - &gt;&gt; Starting entity identifier : pojos.News
org.hibernate.persister.walking.spi.MetamodelGraphWalker 2015-04-14 23:23:13,155 DEBUG - Visiting attribute path : author
org.hibernate.loader.plan.build.internal.AbstractLoadPlanBuildingAssociationVisitationStrategy 2015-04-14 23:23:13,156 TRACE - &gt;&gt; Starting attribute Attribute(name=author, type=string [non-identifier])
org.hibernate.loader.plan.build.internal.AbstractLoadPlanBuildingAssociationVisitationStrategy 2015-04-14 23:23:13,156 TRACE - &lt;&lt; Finishing up attribute : Attribute(name=author, type=string [non-identifier])
org.hibernate.persister.walking.spi.MetamodelGraphWalker 2015-04-14 23:23:13,156 DEBUG - Visiting attribute path : category
org.hibernate.loader.plan.build.internal.AbstractLoadPlanBuildingAssociationVisitationStrategy 2015-04-14 23:23:13,157 TRACE - &gt;&gt; Starting attribute Attribute(name=category, type=pojos.Category [non-identifier,association])
org.hibernate.loader.plan.build.internal.spaces.QuerySpacesImpl 2015-04-14 23:23:13,157 DEBUG - Adding QuerySpace : uid = &lt;gen:1&gt; -&gt; org.hibernate.loader.plan.build.internal.spaces.EntityQuerySpaceImpl@1d1f7216]
org.hibernate.loader.plan.build.internal.AbstractLoadPlanBuildingAssociationVisitationStrategy 2015-04-14 23:23:13,158 TRACE - &lt;&lt; Finishing up attribute : Attribute(name=category, type=pojos.Category [non-identifier,association])
org.hibernate.persister.walking.spi.MetamodelGraphWalker 2015-04-14 23:23:13,159 DEBUG - Visiting attribute path : mainText
org.hibernate.loader.plan.build.internal.AbstractLoadPlanBuildingAssociationVisitationStrategy 2015-04-14 23:23:13,159 TRACE - &gt;&gt; Starting attribute Attribute(name=mainText, type=text [non-identifier])
org.hibernate.loader.plan.build.internal.AbstractLoadPlanBuildingAssociationVisitationStrategy 2015-04-14 23:23:13,160 TRACE - &lt;&lt; Finishing up attribute : Attribute(name=mainText, type=text [non-identifier])
org.hibernate.persister.walking.spi.MetamodelGraphWalker 2015-04-14 23:23:13,160 DEBUG - Visiting attribute path : postDay
org.hibernate.loader.plan.build.internal.AbstractLoadPlanBuildingAssociationVisitationStrategy 2015-04-14 23:23:13,161 TRACE - &gt;&gt; Starting attribute Attribute(name=postDay, type=string [non-identifier])
org.hibernate.loader.plan.build.internal.AbstractLoadPlanBuildingAssociationVisitationStrategy 2015-04-14 23:23:13,161 TRACE - &lt;&lt; Finishing up attribute : Attribute(name=postDay, type=string [non-identifier])
org.hibernate.persister.walking.spi.MetamodelGraphWalker 2015-04-14 23:23:13,161 DEBUG - Visiting attribute path : title
org.hibernate.loader.plan.build.internal.AbstractLoadPlanBuildingAssociationVisitationStrategy 2015-04-14 23:23:13,162 TRACE - &gt;&gt; Starting attribute Attribute(name=title, type=string [non-identifier])
org.hibernate.loader.plan.build.internal.AbstractLoadPlanBuildingAssociationVisitationStrategy 2015-04-14 23:23:13,162 TRACE - &lt;&lt; Finishing up attribute : Attribute(name=title, type=string [non-identifier])
org.hibernate.persister.walking.spi.MetamodelGraphWalker 2015-04-14 23:23:13,163 DEBUG - Visiting attribute path : title4ann
org.hibernate.loader.plan.build.internal.AbstractLoadPlanBuildingAssociationVisitationStrategy 2015-04-14 23:23:13,163 TRACE - &gt;&gt; Starting attribute Attribute(name=title4ann, type=string [non-identifier])
org.hibernate.loader.plan.build.internal.AbstractLoadPlanBuildingAssociationVisitationStrategy 2015-04-14 23:23:13,163 TRACE - &lt;&lt; Finishing up attribute : Attribute(name=title4ann, type=string [non-identifier])
org.hibernate.persister.walking.spi.MetamodelGraphWalker 2015-04-14 23:23:13,164 DEBUG - Visiting attribute path : user
org.hibernate.loader.plan.build.internal.AbstractLoadPlanBuildingAssociationVisitationStrategy 2015-04-14 23:23:13,164 TRACE - &gt;&gt; Starting attribute Attribute(name=user, type=pojos.Users [non-identifier,association])
org.hibernate.loader.plan.build.internal.spaces.QuerySpacesImpl 2015-04-14 23:23:13,164 DEBUG - Adding QuerySpace : uid = &lt;gen:2&gt; -&gt; org.hibernate.loader.plan.build.internal.spaces.EntityQuerySpaceImpl@423e4cbb]
org.hibernate.loader.plan.build.internal.AbstractLoadPlanBuildingAssociationVisitationStrategy 2015-04-14 23:23:13,165 TRACE - &lt;&lt; Finishing up attribute : Attribute(name=user, type=pojos.Users [non-identifier,association])
org.hibernate.loader.plan.build.internal.AbstractLoadPlanBuildingAssociationVisitationStrategy 2015-04-14 23:23:13,166 TRACE - Popped fetch owner from stack : org.hibernate.loader.plan.build.internal.returns.EntityReturnImpl@592e843a
org.hibernate.loader.plan.build.internal.AbstractLoadPlanBuildingAssociationVisitationStrategy 2015-04-14 23:23:13,166 TRACE -  Finished root entity : pojos.News
org.hibernate.loader.plan.build.internal.FetchStyleLoadPlanBuildingAssociationVisitationStrategy 2015-04-14 23:23:13,167 DEBUG - Building LoadPlan...
org.hibernate.loader.plan.exec.internal.LoadQueryJoinAndFetchProcessor 2015-04-14 23:23:13,167 DEBUG - processing queryspace &lt;gen:0&gt;
org.hibernate.loader.plan.build.spi.LoadPlanTreePrinter 2015-04-14 23:23:13,168 DEBUG - LoadPlan(entity=pojos.News)
    - Returns
       - EntityReturnImpl(entity=pojos.News, querySpaceUid=&lt;gen:0&gt;, path=pojos.News)
          - EntityAttributeFetchImpl(entity=pojos.Category, querySpaceUid=&lt;gen:1&gt;, path=pojos.News.category)
          - EntityAttributeFetchImpl(entity=pojos.Users, querySpaceUid=&lt;gen:2&gt;, path=pojos.News.user)
    - QuerySpaces
       - EntityQuerySpaceImpl(uid=&lt;gen:0&gt;, entity=pojos.News)
          - SQL table alias mapping - news0_
          - alias suffix - 0_
          - suffixed key columns - {newsId1_1_0_}

org.hibernate.loader.entity.plan.EntityLoader 2015-04-14 23:23:13,168 DEBUG - Static select for entity pojos.News [UPGRADE]: select news0_.newsId as newsId1_1_0_, news0_.author as author2_1_0_, news0_.category as category7_1_0_, news0_.mainText as mainText3_1_0_, news0_.postDay as postDay4_1_0_, news0_.title as title5_1_0_, news0_.title4ann as title6_1_0_, news0_.user as user8_1_0_ from News news0_ where news0_.newsId=? for update
org.hibernate.loader.plan.build.internal.AbstractLoadPlanBuildingAssociationVisitationStrategy 2015-04-14 23:23:13,169 TRACE -  Starting root entity : pojos.News
org.hibernate.loader.plan.build.internal.spaces.QuerySpacesImpl 2015-04-14 23:23:13,169 DEBUG - Adding QuerySpace : uid = &lt;gen:0&gt; -&gt; org.hibernate.loader.plan.build.internal.spaces.EntityQuerySpaceImpl@6e16b8b5]
org.hibernate.loader.plan.build.internal.AbstractLoadPlanBuildingAssociationVisitationStrategy 2015-04-14 23:23:13,170 TRACE - Pushing fetch source to stack : org.hibernate.loader.plan.build.internal.returns.EntityReturnImpl@43b4fe19
org.hibernate.loader.plan.build.internal.AbstractLoadPlanBuildingAssociationVisitationStrategy 2015-04-14 23:23:13,170 TRACE - .. Registering AssociationKey : AssociationKey(table=News, columns={newsId}) -&gt; org.hibernate.loader.plan.build.internal.returns.EntityReturnImpl@43b4fe19
org.hibernate.loader.plan.build.internal.AbstractLoadPlanBuildingAssociationVisitationStrategy 2015-04-14 23:23:13,170 TRACE - &gt;&gt; Starting entity identifier : pojos.News
org.hibernate.persister.walking.spi.MetamodelGraphWalker 2015-04-14 23:23:13,171 DEBUG - Visiting attribute path : author
org.hibernate.loader.plan.build.internal.AbstractLoadPlanBuildingAssociationVisitationStrategy 2015-04-14 23:23:13,171 TRACE - &gt;&gt; Starting attribute Attribute(name=author, type=string [non-identifier])
org.hibernate.loader.plan.build.internal.AbstractLoadPlanBuildingAssociationVisitationStrategy 2015-04-14 23:23:13,171 TRACE - &lt;&lt; Finishing up attribute : Attribute(name=author, type=string [non-identifier])
org.hibernate.persister.walking.spi.MetamodelGraphWalker 2015-04-14 23:23:13,172 DEBUG - Visiting attribute path : category
org.hibernate.loader.plan.build.internal.AbstractLoadPlanBuildingAssociationVisitationStrategy 2015-04-14 23:23:13,172 TRACE - &gt;&gt; Starting attribute Attribute(name=category, type=pojos.Category [non-identifier,association])
org.hibernate.loader.plan.build.internal.spaces.QuerySpacesImpl 2015-04-14 23:23:13,172 DEBUG - Adding QuerySpace : uid = &lt;gen:1&gt; -&gt; org.hibernate.loader.plan.build.internal.spaces.EntityQuerySpaceImpl@25ddbbbb]
org.hibernate.loader.plan.build.internal.AbstractLoadPlanBuildingAssociationVisitationStrategy 2015-04-14 23:23:13,173 TRACE - &lt;&lt; Finishing up attribute : Attribute(name=category, type=pojos.Category [non-identifier,association])
org.hibernate.persister.walking.spi.MetamodelGraphWalker 2015-04-14 23:23:13,173 DEBUG - Visiting attribute path : mainText
org.hibernate.loader.plan.build.internal.AbstractLoadPlanBuildingAssociationVisitationStrategy 2015-04-14 23:23:13,176 TRACE - &gt;&gt; Starting attribute Attribute(name=mainText, type=text [non-identifier])
org.hibernate.loader.plan.build.internal.AbstractLoadPlanBuildingAssociationVisitationStrategy 2015-04-14 23:23:13,177 TRACE - &lt;&lt; Finishing up attribute : Attribute(name=mainText, type=text [non-identifier])
org.hibernate.persister.walking.spi.MetamodelGraphWalker 2015-04-14 23:23:13,177 DEBUG - Visiting attribute path : postDay
org.hibernate.loader.plan.build.internal.AbstractLoadPlanBuildingAssociationVisitationStrategy 2015-04-14 23:23:13,178 TRACE - &gt;&gt; Starting attribute Attribute(name=postDay, type=string [non-identifier])
org.hibernate.loader.plan.build.internal.AbstractLoadPlanBuildingAssociationVisitationStrategy 2015-04-14 23:23:13,178 TRACE - &lt;&lt; Finishing up attribute : Attribute(name=postDay, type=string [non-identifier])
org.hibernate.persister.walking.spi.MetamodelGraphWalker 2015-04-14 23:23:13,178 DEBUG - Visiting attribute path : title
org.hibernate.loader.plan.build.internal.AbstractLoadPlanBuildingAssociationVisitationStrategy 2015-04-14 23:23:13,179 TRACE - &gt;&gt; Starting attribute Attribute(name=title, type=string [non-identifier])
org.hibernate.loader.plan.build.internal.AbstractLoadPlanBuildingAssociationVisitationStrategy 2015-04-14 23:23:13,179 TRACE - &lt;&lt; Finishing up attribute : Attribute(name=title, type=string [non-identifier])
org.hibernate.persister.walking.spi.MetamodelGraphWalker 2015-04-14 23:23:13,180 DEBUG - Visiting attribute path : title4ann
org.hibernate.loader.plan.build.internal.AbstractLoadPlanBuildingAssociationVisitationStrategy 2015-04-14 23:23:13,180 TRACE - &gt;&gt; Starting attribute Attribute(name=title4ann, type=string [non-identifier])
org.hibernate.loader.plan.build.internal.AbstractLoadPlanBuildingAssociationVisitationStrategy 2015-04-14 23:23:13,181 TRACE - &lt;&lt; Finishing up attribute : Attribute(name=title4ann, type=string [non-identifier])
org.hibernate.persister.walking.spi.MetamodelGraphWalker 2015-04-14 23:23:13,181 DEBUG - Visiting attribute path : user
org.hibernate.loader.plan.build.internal.AbstractLoadPlanBuildingAssociationVisitationStrategy 2015-04-14 23:23:13,182 TRACE - &gt;&gt; Starting attribute Attribute(name=user, type=pojos.Users [non-identifier,association])
org.hibernate.loader.plan.build.internal.spaces.QuerySpacesImpl 2015-04-14 23:23:13,182 DEBUG - Adding QuerySpace : uid = &lt;gen:2&gt; -&gt; org.hibernate.loader.plan.build.internal.spaces.EntityQuerySpaceImpl@1536602f]
org.hibernate.loader.plan.build.internal.AbstractLoadPlanBuildingAssociationVisitationStrategy 2015-04-14 23:23:13,183 TRACE - &lt;&lt; Finishing up attribute : Attribute(name=user, type=pojos.Users [non-identifier,association])
org.hibernate.loader.plan.build.internal.AbstractLoadPlanBuildingAssociationVisitationStrategy 2015-04-14 23:23:13,183 TRACE - Popped fetch owner from stack : org.hibernate.loader.plan.build.internal.returns.EntityReturnImpl@43b4fe19
org.hibernate.loader.plan.build.internal.AbstractLoadPlanBuildingAssociationVisitationStrategy 2015-04-14 23:23:13,184 TRACE -  Finished root entity : pojos.News
org.hibernate.loader.plan.build.internal.FetchStyleLoadPlanBuildingAssociationVisitationStrategy 2015-04-14 23:23:13,184 DEBUG - Building LoadPlan...
org.hibernate.loader.plan.exec.internal.LoadQueryJoinAndFetchProcessor 2015-04-14 23:23:13,185 DEBUG - processing queryspace &lt;gen:0&gt;
org.hibernate.loader.plan.build.spi.LoadPlanTreePrinter 2015-04-14 23:23:13,185 DEBUG - LoadPlan(entity=pojos.News)
    - Returns
       - EntityReturnImpl(entity=pojos.News, querySpaceUid=&lt;gen:0&gt;, path=pojos.News)
          - EntityAttributeFetchImpl(entity=pojos.Category, querySpaceUid=&lt;gen:1&gt;, path=pojos.News.category)
          - EntityAttributeFetchImpl(entity=pojos.Users, querySpaceUid=&lt;gen:2&gt;, path=pojos.News.user)
    - QuerySpaces
       - EntityQuerySpaceImpl(uid=&lt;gen:0&gt;, entity=pojos.News)
          - SQL table alias mapping - news0_
          - alias suffix - 0_
          - suffixed key columns - {newsId1_1_0_}

org.hibernate.loader.entity.plan.EntityLoader 2015-04-14 23:23:13,186 DEBUG - Static select for entity pojos.News [UPGRADE_NOWAIT]: select news0_.newsId as newsId1_1_0_, news0_.author as author2_1_0_, news0_.category as category7_1_0_, news0_.mainText as mainText3_1_0_, news0_.postDay as postDay4_1_0_, news0_.title as title5_1_0_, news0_.title4ann as title6_1_0_, news0_.user as user8_1_0_ from News news0_ where news0_.newsId=? for update
org.hibernate.loader.plan.build.internal.AbstractLoadPlanBuildingAssociationVisitationStrategy 2015-04-14 23:23:13,186 TRACE -  Starting root entity : pojos.News
org.hibernate.loader.plan.build.internal.spaces.QuerySpacesImpl 2015-04-14 23:23:13,187 DEBUG - Adding QuerySpace : uid = &lt;gen:0&gt; -&gt; org.hibernate.loader.plan.build.internal.spaces.EntityQuerySpaceImpl@4ebea12c]
org.hibernate.loader.plan.build.internal.AbstractLoadPlanBuildingAssociationVisitationStrategy 2015-04-14 23:23:13,187 TRACE - Pushing fetch source to stack : org.hibernate.loader.plan.build.internal.returns.EntityReturnImpl@2a1edad4
org.hibernate.loader.plan.build.internal.AbstractLoadPlanBuildingAssociationVisitationStrategy 2015-04-14 23:23:13,187 TRACE - .. Registering AssociationKey : AssociationKey(table=News, columns={newsId}) -&gt; org.hibernate.loader.plan.build.internal.returns.EntityReturnImpl@2a1edad4
org.hibernate.loader.plan.build.internal.AbstractLoadPlanBuildingAssociationVisitationStrategy 2015-04-14 23:23:13,188 TRACE - &gt;&gt; Starting entity identifier : pojos.News
org.hibernate.persister.walking.spi.MetamodelGraphWalker 2015-04-14 23:23:13,188 DEBUG - Visiting attribute path : author
org.hibernate.loader.plan.build.internal.AbstractLoadPlanBuildingAssociationVisitationStrategy 2015-04-14 23:23:13,188 TRACE - &gt;&gt; Starting attribute Attribute(name=author, type=string [non-identifier])
org.hibernate.loader.plan.build.internal.AbstractLoadPlanBuildingAssociationVisitationStrategy 2015-04-14 23:23:13,193 TRACE - &lt;&lt; Finishing up attribute : Attribute(name=author, type=string [non-identifier])
org.hibernate.persister.walking.spi.MetamodelGraphWalker 2015-04-14 23:23:13,194 DEBUG - Visiting attribute path : category
org.hibernate.loader.plan.build.internal.AbstractLoadPlanBuildingAssociationVisitationStrategy 2015-04-14 23:23:13,194 TRACE - &gt;&gt; Starting attribute Attribute(name=category, type=pojos.Category [non-identifier,association])
org.hibernate.loader.plan.build.internal.spaces.QuerySpacesImpl 2015-04-14 23:23:13,195 DEBUG - Adding QuerySpace : uid = &lt;gen:1&gt; -&gt; org.hibernate.loader.plan.build.internal.spaces.EntityQuerySpaceImpl@6256ac4f]
org.hibernate.loader.plan.build.internal.AbstractLoadPlanBuildingAssociationVisitationStrategy 2015-04-14 23:23:13,195 TRACE - &lt;&lt; Finishing up attribute : Attribute(name=category, type=pojos.Category [non-identifier,association])
org.hibernate.persister.walking.spi.MetamodelGraphWalker 2015-04-14 23:23:13,196 DEBUG - Visiting attribute path : mainText
org.hibernate.loader.plan.build.internal.AbstractLoadPlanBuildingAssociationVisitationStrategy 2015-04-14 23:23:13,196 TRACE - &gt;&gt; Starting attribute Attribute(name=mainText, type=text [non-identifier])
org.hibernate.loader.plan.build.internal.AbstractLoadPlanBuildingAssociationVisitationStrategy 2015-04-14 23:23:13,201 TRACE - &lt;&lt; Finishing up attribute : Attribute(name=mainText, type=text [non-identifier])
org.hibernate.persister.walking.spi.MetamodelGraphWalker 2015-04-14 23:23:13,202 DEBUG - Visiting attribute path : postDay
org.hibernate.loader.plan.build.internal.AbstractLoadPlanBuildingAssociationVisitationStrategy 2015-04-14 23:23:13,202 TRACE - &gt;&gt; Starting attribute Attribute(name=postDay, type=string [non-identifier])
org.hibernate.loader.plan.build.internal.AbstractLoadPlanBuildingAssociationVisitationStrategy 2015-04-14 23:23:13,202 TRACE - &lt;&lt; Finishing up attribute : Attribute(name=postDay, type=string [non-identifier])
org.hibernate.persister.walking.spi.MetamodelGraphWalker 2015-04-14 23:23:13,203 DEBUG - Visiting attribute path : title
org.hibernate.loader.plan.build.internal.AbstractLoadPlanBuildingAssociationVisitationStrategy 2015-04-14 23:23:13,203 TRACE - &gt;&gt; Starting attribute Attribute(name=title, type=string [non-identifier])
org.hibernate.loader.plan.build.internal.AbstractLoadPlanBuildingAssociationVisitationStrategy 2015-04-14 23:23:13,203 TRACE - &lt;&lt; Finishing up attribute : Attribute(name=title, type=string [non-identifier])
org.hibernate.persister.walking.spi.MetamodelGraphWalker 2015-04-14 23:23:13,204 DEBUG - Visiting attribute path : title4ann
org.hibernate.loader.plan.build.internal.AbstractLoadPlanBuildingAssociationVisitationStrategy 2015-04-14 23:23:13,204 TRACE - &gt;&gt; Starting attribute Attribute(name=title4ann, type=string [non-identifier])
org.hibernate.loader.plan.build.internal.AbstractLoadPlanBuildingAssociationVisitationStrategy 2015-04-14 23:23:13,205 TRACE - &lt;&lt; Finishing up attribute : Attribute(name=title4ann, type=string [non-identifier])
org.hibernate.persister.walking.spi.MetamodelGraphWalker 2015-04-14 23:23:13,205 DEBUG - Visiting attribute path : user
org.hibernate.loader.plan.build.internal.AbstractLoadPlanBuildingAssociationVisitationStrategy 2015-04-14 23:23:13,205 TRACE - &gt;&gt; Starting attribute Attribute(name=user, type=pojos.Users [non-identifier,association])
org.hibernate.loader.plan.build.internal.spaces.QuerySpacesImpl 2015-04-14 23:23:13,206 DEBUG - Adding QuerySpace : uid = &lt;gen:2&gt; -&gt; org.hibernate.loader.plan.build.internal.spaces.EntityQuerySpaceImpl@44c79f32]
org.hibernate.loader.plan.build.internal.AbstractLoadPlanBuildingAssociationVisitationStrategy 2015-04-14 23:23:13,206 TRACE - &lt;&lt; Finishing up attribute : Attribute(name=user, type=pojos.Users [non-identifier,association])
org.hibernate.loader.plan.build.internal.AbstractLoadPlanBuildingAssociationVisitationStrategy 2015-04-14 23:23:13,206 TRACE - Popped fetch owner from stack : org.hibernate.loader.plan.build.internal.returns.EntityReturnImpl@2a1edad4
org.hibernate.loader.plan.build.internal.AbstractLoadPlanBuildingAssociationVisitationStrategy 2015-04-14 23:23:13,207 TRACE -  Finished root entity : pojos.News
org.hibernate.loader.plan.build.internal.FetchStyleLoadPlanBuildingAssociationVisitationStrategy 2015-04-14 23:23:13,207 DEBUG - Building LoadPlan...
org.hibernate.loader.plan.exec.internal.LoadQueryJoinAndFetchProcessor 2015-04-14 23:23:13,208 DEBUG - processing queryspace &lt;gen:0&gt;
org.hibernate.loader.plan.build.spi.LoadPlanTreePrinter 2015-04-14 23:23:13,209 DEBUG - LoadPlan(entity=pojos.News)
    - Returns
       - EntityReturnImpl(entity=pojos.News, querySpaceUid=&lt;gen:0&gt;, path=pojos.News)
          - EntityAttributeFetchImpl(entity=pojos.Category, querySpaceUid=&lt;gen:1&gt;, path=pojos.News.category)
          - EntityAttributeFetchImpl(entity=pojos.Users, querySpaceUid=&lt;gen:2&gt;, path=pojos.News.user)
    - QuerySpaces
       - EntityQuerySpaceImpl(uid=&lt;gen:0&gt;, entity=pojos.News)
          - SQL table alias mapping - news0_
          - alias suffix - 0_
          - suffixed key columns - {newsId1_1_0_}

org.hibernate.loader.entity.plan.EntityLoader 2015-04-14 23:23:13,211 DEBUG - Static select for entity pojos.News [UPGRADE_SKIPLOCKED]: select news0_.newsId as newsId1_1_0_, news0_.author as author2_1_0_, news0_.category as category7_1_0_, news0_.mainText as mainText3_1_0_, news0_.postDay as postDay4_1_0_, news0_.title as title5_1_0_, news0_.title4ann as title6_1_0_, news0_.user as user8_1_0_ from News news0_ where news0_.newsId=? for update
org.hibernate.loader.plan.build.internal.AbstractLoadPlanBuildingAssociationVisitationStrategy 2015-04-14 23:23:13,211 TRACE -  Starting root entity : pojos.News
org.hibernate.loader.plan.build.internal.spaces.QuerySpacesImpl 2015-04-14 23:23:13,212 DEBUG - Adding QuerySpace : uid = &lt;gen:0&gt; -&gt; org.hibernate.loader.plan.build.internal.spaces.EntityQuerySpaceImpl@235f4c10]
org.hibernate.loader.plan.build.internal.AbstractLoadPlanBuildingAssociationVisitationStrategy 2015-04-14 23:23:13,212 TRACE - Pushing fetch source to stack : org.hibernate.loader.plan.build.internal.returns.EntityReturnImpl@743cb8e0
org.hibernate.loader.plan.build.internal.AbstractLoadPlanBuildingAssociationVisitationStrategy 2015-04-14 23:23:13,216 TRACE - .. Registering AssociationKey : AssociationKey(table=News, columns={newsId}) -&gt; org.hibernate.loader.plan.build.internal.returns.EntityReturnImpl@743cb8e0
org.hibernate.loader.plan.build.internal.AbstractLoadPlanBuildingAssociationVisitationStrategy 2015-04-14 23:23:13,216 TRACE - &gt;&gt; Starting entity identifier : pojos.News
org.hibernate.persister.walking.spi.MetamodelGraphWalker 2015-04-14 23:23:13,217 DEBUG - Visiting attribute path : author
org.hibernate.loader.plan.build.internal.AbstractLoadPlanBuildingAssociationVisitationStrategy 2015-04-14 23:23:13,217 TRACE - &gt;&gt; Starting attribute Attribute(name=author, type=string [non-identifier])
org.hibernate.loader.plan.build.internal.AbstractLoadPlanBuildingAssociationVisitationStrategy 2015-04-14 23:23:13,217 TRACE - &lt;&lt; Finishing up attribute : Attribute(name=author, type=string [non-identifier])
org.hibernate.persister.walking.spi.MetamodelGraphWalker 2015-04-14 23:23:13,218 DEBUG - Visiting attribute path : category
org.hibernate.loader.plan.build.internal.AbstractLoadPlanBuildingAssociationVisitationStrategy 2015-04-14 23:23:13,218 TRACE - &gt;&gt; Starting attribute Attribute(name=category, type=pojos.Category [non-identifier,association])
org.hibernate.loader.plan.build.internal.spaces.QuerySpacesImpl 2015-04-14 23:23:13,219 DEBUG - Adding QuerySpace : uid = &lt;gen:1&gt; -&gt; org.hibernate.loader.plan.build.internal.spaces.EntityQuerySpaceImpl@c7a975a]
org.hibernate.loader.plan.build.internal.AbstractLoadPlanBuildingAssociationVisitationStrategy 2015-04-14 23:23:13,219 TRACE - &lt;&lt; Finishing up attribute : Attribute(name=category, type=pojos.Category [non-identifier,association])
org.hibernate.persister.walking.spi.MetamodelGraphWalker 2015-04-14 23:23:13,224 DEBUG - Visiting attribute path : mainText
org.hibernate.loader.plan.build.internal.AbstractLoadPlanBuildingAssociationVisitationStrategy 2015-04-14 23:23:13,225 TRACE - &gt;&gt; Starting attribute Attribute(name=mainText, type=text [non-identifier])
org.hibernate.loader.plan.build.internal.AbstractLoadPlanBuildingAssociationVisitationStrategy 2015-04-14 23:23:13,225 TRACE - &lt;&lt; Finishing up attribute : Attribute(name=mainText, type=text [non-identifier])
org.hibernate.persister.walking.spi.MetamodelGraphWalker 2015-04-14 23:23:13,226 DEBUG - Visiting attribute path : postDay
org.hibernate.loader.plan.build.internal.AbstractLoadPlanBuildingAssociationVisitationStrategy 2015-04-14 23:23:13,226 TRACE - &gt;&gt; Starting attribute Attribute(name=postDay, type=string [non-identifier])
org.hibernate.loader.plan.build.internal.AbstractLoadPlanBuildingAssociationVisitationStrategy 2015-04-14 23:23:13,227 TRACE - &lt;&lt; Finishing up attribute : Attribute(name=postDay, type=string [non-identifier])
org.hibernate.persister.walking.spi.MetamodelGraphWalker 2015-04-14 23:23:13,227 DEBUG - Visiting attribute path : title
org.hibernate.loader.plan.build.internal.AbstractLoadPlanBuildingAssociationVisitationStrategy 2015-04-14 23:23:13,228 TRACE - &gt;&gt; Starting attribute Attribute(name=title, type=string [non-identifier])
org.hibernate.loader.plan.build.internal.AbstractLoadPlanBuildingAssociationVisitationStrategy 2015-04-14 23:23:13,228 TRACE - &lt;&lt; Finishing up attribute : Attribute(name=title, type=string [non-identifier])
org.hibernate.persister.walking.spi.MetamodelGraphWalker 2015-04-14 23:23:13,228 DEBUG - Visiting attribute path : title4ann
org.hibernate.loader.plan.build.internal.AbstractLoadPlanBuildingAssociationVisitationStrategy 2015-04-14 23:23:13,229 TRACE - &gt;&gt; Starting attribute Attribute(name=title4ann, type=string [non-identifier])
org.hibernate.loader.plan.build.internal.AbstractLoadPlanBuildingAssociationVisitationStrategy 2015-04-14 23:23:13,229 TRACE - &lt;&lt; Finishing up attribute : Attribute(name=title4ann, type=string [non-identifier])
org.hibernate.persister.walking.spi.MetamodelGraphWalker 2015-04-14 23:23:13,229 DEBUG - Visiting attribute path : user
org.hibernate.loader.plan.build.internal.AbstractLoadPlanBuildingAssociationVisitationStrategy 2015-04-14 23:23:13,230 TRACE - &gt;&gt; Starting attribute Attribute(name=user, type=pojos.Users [non-identifier,association])
org.hibernate.loader.plan.build.internal.spaces.QuerySpacesImpl 2015-04-14 23:23:13,230 DEBUG - Adding QuerySpace : uid = &lt;gen:2&gt; -&gt; org.hibernate.loader.plan.build.internal.spaces.EntityQuerySpaceImpl@2c1b9e4b]
org.hibernate.loader.plan.build.internal.AbstractLoadPlanBuildingAssociationVisitationStrategy 2015-04-14 23:23:13,230 TRACE - &lt;&lt; Finishing up attribute : Attribute(name=user, type=pojos.Users [non-identifier,association])
org.hibernate.loader.plan.build.internal.AbstractLoadPlanBuildingAssociationVisitationStrategy 2015-04-14 23:23:13,231 TRACE - Popped fetch owner from stack : org.hibernate.loader.plan.build.internal.returns.EntityReturnImpl@743cb8e0
org.hibernate.loader.plan.build.internal.AbstractLoadPlanBuildingAssociationVisitationStrategy 2015-04-14 23:23:13,231 TRACE -  Finished root entity : pojos.News
org.hibernate.loader.plan.build.internal.FetchStyleLoadPlanBuildingAssociationVisitationStrategy 2015-04-14 23:23:13,232 DEBUG - Building LoadPlan...
org.hibernate.loader.plan.exec.internal.LoadQueryJoinAndFetchProcessor 2015-04-14 23:23:13,233 DEBUG - processing queryspace &lt;gen:0&gt;
org.hibernate.loader.plan.build.spi.LoadPlanTreePrinter 2015-04-14 23:23:13,233 DEBUG - LoadPlan(entity=pojos.News)
    - Returns
       - EntityReturnImpl(entity=pojos.News, querySpaceUid=&lt;gen:0&gt;, path=pojos.News)
          - EntityAttributeFetchImpl(entity=pojos.Category, querySpaceUid=&lt;gen:1&gt;, path=pojos.News.category)
          - EntityAttributeFetchImpl(entity=pojos.Users, querySpaceUid=&lt;gen:2&gt;, path=pojos.News.user)
    - QuerySpaces
       - EntityQuerySpaceImpl(uid=&lt;gen:0&gt;, entity=pojos.News)
          - SQL table alias mapping - news0_
          - alias suffix - 0_
          - suffixed key columns - {newsId1_1_0_}

org.hibernate.loader.entity.plan.EntityLoader 2015-04-14 23:23:13,234 DEBUG - Static select for entity pojos.News [FORCE]: select news0_.newsId as newsId1_1_0_, news0_.author as author2_1_0_, news0_.category as category7_1_0_, news0_.mainText as mainText3_1_0_, news0_.postDay as postDay4_1_0_, news0_.title as title5_1_0_, news0_.title4ann as title6_1_0_, news0_.user as user8_1_0_ from News news0_ where news0_.newsId=? for update
org.hibernate.loader.plan.build.internal.AbstractLoadPlanBuildingAssociationVisitationStrategy 2015-04-14 23:23:13,234 TRACE -  Starting root entity : pojos.News
org.hibernate.loader.plan.build.internal.spaces.QuerySpacesImpl 2015-04-14 23:23:13,235 DEBUG - Adding QuerySpace : uid = &lt;gen:0&gt; -&gt; org.hibernate.loader.plan.build.internal.spaces.EntityQuerySpaceImpl@757d6814]
org.hibernate.loader.plan.build.internal.AbstractLoadPlanBuildingAssociationVisitationStrategy 2015-04-14 23:23:13,235 TRACE - Pushing fetch source to stack : org.hibernate.loader.plan.build.internal.returns.EntityReturnImpl@649725e3
org.hibernate.loader.plan.build.internal.AbstractLoadPlanBuildingAssociationVisitationStrategy 2015-04-14 23:23:13,235 TRACE - .. Registering AssociationKey : AssociationKey(table=News, columns={newsId}) -&gt; org.hibernate.loader.plan.build.internal.returns.EntityReturnImpl@649725e3
org.hibernate.loader.plan.build.internal.AbstractLoadPlanBuildingAssociationVisitationStrategy 2015-04-14 23:23:13,236 TRACE - &gt;&gt; Starting entity identifier : pojos.News
org.hibernate.persister.walking.spi.MetamodelGraphWalker 2015-04-14 23:23:13,236 DEBUG - Visiting attribute path : author
org.hibernate.loader.plan.build.internal.AbstractLoadPlanBuildingAssociationVisitationStrategy 2015-04-14 23:23:13,236 TRACE - &gt;&gt; Starting attribute Attribute(name=author, type=string [non-identifier])
org.hibernate.loader.plan.build.internal.AbstractLoadPlanBuildingAssociationVisitationStrategy 2015-04-14 23:23:13,237 TRACE - &lt;&lt; Finishing up attribute : Attribute(name=author, type=string [non-identifier])
org.hibernate.persister.walking.spi.MetamodelGraphWalker 2015-04-14 23:23:13,237 DEBUG - Visiting attribute path : category
org.hibernate.loader.plan.build.internal.AbstractLoadPlanBuildingAssociationVisitationStrategy 2015-04-14 23:23:13,241 TRACE - &gt;&gt; Starting attribute Attribute(name=category, type=pojos.Category [non-identifier,association])
org.hibernate.loader.plan.build.internal.spaces.QuerySpacesImpl 2015-04-14 23:23:13,241 DEBUG - Adding QuerySpace : uid = &lt;gen:1&gt; -&gt; org.hibernate.loader.plan.build.internal.spaces.EntityQuerySpaceImpl@3c0fae6c]
org.hibernate.loader.plan.build.internal.AbstractLoadPlanBuildingAssociationVisitationStrategy 2015-04-14 23:23:13,242 TRACE - &lt;&lt; Finishing up attribute : Attribute(name=category, type=pojos.Category [non-identifier,association])
org.hibernate.persister.walking.spi.MetamodelGraphWalker 2015-04-14 23:23:13,242 DEBUG - Visiting attribute path : mainText
org.hibernate.loader.plan.build.internal.AbstractLoadPlanBuildingAssociationVisitationStrategy 2015-04-14 23:23:13,242 TRACE - &gt;&gt; Starting attribute Attribute(name=mainText, type=text [non-identifier])
org.hibernate.loader.plan.build.internal.AbstractLoadPlanBuildingAssociationVisitationStrategy 2015-04-14 23:23:13,243 TRACE - &lt;&lt; Finishing up attribute : Attribute(name=mainText, type=text [non-identifier])
org.hibernate.persister.walking.spi.MetamodelGraphWalker 2015-04-14 23:23:13,243 DEBUG - Visiting attribute path : postDay
org.hibernate.loader.plan.build.internal.AbstractLoadPlanBuildingAssociationVisitationStrategy 2015-04-14 23:23:13,243 TRACE - &gt;&gt; Starting attribute Attribute(name=postDay, type=string [non-identifier])
org.hibernate.loader.plan.build.internal.AbstractLoadPlanBuildingAssociationVisitationStrategy 2015-04-14 23:23:13,244 TRACE - &lt;&lt; Finishing up attribute : Attribute(name=postDay, type=string [non-identifier])
org.hibernate.persister.walking.spi.MetamodelGraphWalker 2015-04-14 23:23:13,244 DEBUG - Visiting attribute path : title
org.hibernate.loader.plan.build.internal.AbstractLoadPlanBuildingAssociationVisitationStrategy 2015-04-14 23:23:13,245 TRACE - &gt;&gt; Starting attribute Attribute(name=title, type=string [non-identifier])
org.hibernate.loader.plan.build.internal.AbstractLoadPlanBuildingAssociationVisitationStrategy 2015-04-14 23:23:13,245 TRACE - &lt;&lt; Finishing up attribute : Attribute(name=title, type=string [non-identifier])
org.hibernate.persister.walking.spi.MetamodelGraphWalker 2015-04-14 23:23:13,245 DEBUG - Visiting attribute path : title4ann
org.hibernate.loader.plan.build.internal.AbstractLoadPlanBuildingAssociationVisitationStrategy 2015-04-14 23:23:13,246 TRACE - &gt;&gt; Starting attribute Attribute(name=title4ann, type=string [non-identifier])
org.hibernate.loader.plan.build.internal.AbstractLoadPlanBuildingAssociationVisitationStrategy 2015-04-14 23:23:13,246 TRACE - &lt;&lt; Finishing up attribute : Attribute(name=title4ann, type=string [non-identifier])
org.hibernate.persister.walking.spi.MetamodelGraphWalker 2015-04-14 23:23:13,247 DEBUG - Visiting attribute path : user
org.hibernate.loader.plan.build.internal.AbstractLoadPlanBuildingAssociationVisitationStrategy 2015-04-14 23:23:13,247 TRACE - &gt;&gt; Starting attribute Attribute(name=user, type=pojos.Users [non-identifier,association])
org.hibernate.loader.plan.build.internal.spaces.QuerySpacesImpl 2015-04-14 23:23:13,248 DEBUG - Adding QuerySpace : uid = &lt;gen:2&gt; -&gt; org.hibernate.loader.plan.build.internal.spaces.EntityQuerySpaceImpl@4c168660]
org.hibernate.loader.plan.build.internal.AbstractLoadPlanBuildingAssociationVisitationStrategy 2015-04-14 23:23:13,248 TRACE - &lt;&lt; Finishing up attribute : Attribute(name=user, type=pojos.Users [non-identifier,association])
org.hibernate.loader.plan.build.internal.AbstractLoadPlanBuildingAssociationVisitationStrategy 2015-04-14 23:23:13,248 TRACE - Popped fetch owner from stack : org.hibernate.loader.plan.build.internal.returns.EntityReturnImpl@649725e3
org.hibernate.loader.plan.build.internal.AbstractLoadPlanBuildingAssociationVisitationStrategy 2015-04-14 23:23:13,249 TRACE -  Finished root entity : pojos.News
org.hibernate.loader.plan.build.internal.FetchStyleLoadPlanBuildingAssociationVisitationStrategy 2015-04-14 23:23:13,250 DEBUG - Building LoadPlan...
org.hibernate.loader.plan.exec.internal.LoadQueryJoinAndFetchProcessor 2015-04-14 23:23:13,251 DEBUG - processing queryspace &lt;gen:0&gt;
org.hibernate.loader.plan.build.spi.LoadPlanTreePrinter 2015-04-14 23:23:13,251 DEBUG - LoadPlan(entity=pojos.News)
    - Returns
       - EntityReturnImpl(entity=pojos.News, querySpaceUid=&lt;gen:0&gt;, path=pojos.News)
          - EntityAttributeFetchImpl(entity=pojos.Category, querySpaceUid=&lt;gen:1&gt;, path=pojos.News.category)
          - EntityAttributeFetchImpl(entity=pojos.Users, querySpaceUid=&lt;gen:2&gt;, path=pojos.News.user)
    - QuerySpaces
       - EntityQuerySpaceImpl(uid=&lt;gen:0&gt;, entity=pojos.News)
          - SQL table alias mapping - news0_
          - alias suffix - 0_
          - suffixed key columns - {newsId1_1_0_}

org.hibernate.loader.entity.plan.EntityLoader 2015-04-14 23:23:13,252 DEBUG - Static select for entity pojos.News [PESSIMISTIC_READ]: select news0_.newsId as newsId1_1_0_, news0_.author as author2_1_0_, news0_.category as category7_1_0_, news0_.mainText as mainText3_1_0_, news0_.postDay as postDay4_1_0_, news0_.title as title5_1_0_, news0_.title4ann as title6_1_0_, news0_.user as user8_1_0_ from News news0_ where news0_.newsId=? lock in share mode
org.hibernate.loader.plan.build.internal.AbstractLoadPlanBuildingAssociationVisitationStrategy 2015-04-14 23:23:13,252 TRACE -  Starting root entity : pojos.News
org.hibernate.loader.plan.build.internal.spaces.QuerySpacesImpl 2015-04-14 23:23:13,253 DEBUG - Adding QuerySpace : uid = &lt;gen:0&gt; -&gt; org.hibernate.loader.plan.build.internal.spaces.EntityQuerySpaceImpl@52b56a3e]
org.hibernate.loader.plan.build.internal.AbstractLoadPlanBuildingAssociationVisitationStrategy 2015-04-14 23:23:13,253 TRACE - Pushing fetch source to stack : org.hibernate.loader.plan.build.internal.returns.EntityReturnImpl@fd0e5b6
org.hibernate.loader.plan.build.internal.AbstractLoadPlanBuildingAssociationVisitationStrategy 2015-04-14 23:23:13,254 TRACE - .. Registering AssociationKey : AssociationKey(table=News, columns={newsId}) -&gt; org.hibernate.loader.plan.build.internal.returns.EntityReturnImpl@fd0e5b6
org.hibernate.loader.plan.build.internal.AbstractLoadPlanBuildingAssociationVisitationStrategy 2015-04-14 23:23:13,254 TRACE - &gt;&gt; Starting entity identifier : pojos.News
org.hibernate.persister.walking.spi.MetamodelGraphWalker 2015-04-14 23:23:13,255 DEBUG - Visiting attribute path : author
org.hibernate.loader.plan.build.internal.AbstractLoadPlanBuildingAssociationVisitationStrategy 2015-04-14 23:23:13,255 TRACE - &gt;&gt; Starting attribute Attribute(name=author, type=string [non-identifier])
org.hibernate.loader.plan.build.internal.AbstractLoadPlanBuildingAssociationVisitationStrategy 2015-04-14 23:23:13,255 TRACE - &lt;&lt; Finishing up attribute : Attribute(name=author, type=string [non-identifier])
org.hibernate.persister.walking.spi.MetamodelGraphWalker 2015-04-14 23:23:13,256 DEBUG - Visiting attribute path : category
org.hibernate.loader.plan.build.internal.AbstractLoadPlanBuildingAssociationVisitationStrategy 2015-04-14 23:23:13,256 TRACE - &gt;&gt; Starting attribute Attribute(name=category, type=pojos.Category [non-identifier,association])
org.hibernate.loader.plan.build.internal.spaces.QuerySpacesImpl 2015-04-14 23:23:13,256 DEBUG - Adding QuerySpace : uid = &lt;gen:1&gt; -&gt; org.hibernate.loader.plan.build.internal.spaces.EntityQuerySpaceImpl@4eed46ee]
org.hibernate.loader.plan.build.internal.AbstractLoadPlanBuildingAssociationVisitationStrategy 2015-04-14 23:23:13,257 TRACE - &lt;&lt; Finishing up attribute : Attribute(name=category, type=pojos.Category [non-identifier,association])
org.hibernate.persister.walking.spi.MetamodelGraphWalker 2015-04-14 23:23:13,257 DEBUG - Visiting attribute path : mainText
org.hibernate.loader.plan.build.internal.AbstractLoadPlanBuildingAssociationVisitationStrategy 2015-04-14 23:23:13,258 TRACE - &gt;&gt; Starting attribute Attribute(name=mainText, type=text [non-identifier])
org.hibernate.loader.plan.build.internal.AbstractLoadPlanBuildingAssociationVisitationStrategy 2015-04-14 23:23:13,258 TRACE - &lt;&lt; Finishing up attribute : Attribute(name=mainText, type=text [non-identifier])
org.hibernate.persister.walking.spi.MetamodelGraphWalker 2015-04-14 23:23:13,258 DEBUG - Visiting attribute path : postDay
org.hibernate.loader.plan.build.internal.AbstractLoadPlanBuildingAssociationVisitationStrategy 2015-04-14 23:23:13,259 TRACE - &gt;&gt; Starting attribute Attribute(name=postDay, type=string [non-identifier])
org.hibernate.loader.plan.build.internal.AbstractLoadPlanBuildingAssociationVisitationStrategy 2015-04-14 23:23:13,259 TRACE - &lt;&lt; Finishing up attribute : Attribute(name=postDay, type=string [non-identifier])
org.hibernate.persister.walking.spi.MetamodelGraphWalker 2015-04-14 23:23:13,259 DEBUG - Visiting attribute path : title
org.hibernate.loader.plan.build.internal.AbstractLoadPlanBuildingAssociationVisitationStrategy 2015-04-14 23:23:13,260 TRACE - &gt;&gt; Starting attribute Attribute(name=title, type=string [non-identifier])
org.hibernate.loader.plan.build.internal.AbstractLoadPlanBuildingAssociationVisitationStrategy 2015-04-14 23:23:13,260 TRACE - &lt;&lt; Finishing up attribute : Attribute(name=title, type=string [non-identifier])
org.hibernate.persister.walking.spi.MetamodelGraphWalker 2015-04-14 23:23:13,260 DEBUG - Visiting attribute path : title4ann
org.hibernate.loader.plan.build.internal.AbstractLoadPlanBuildingAssociationVisitationStrategy 2015-04-14 23:23:13,260 TRACE - &gt;&gt; Starting attribute Attribute(name=title4ann, type=string [non-identifier])
org.hibernate.loader.plan.build.internal.AbstractLoadPlanBuildingAssociationVisitationStrategy 2015-04-14 23:23:13,261 TRACE - &lt;&lt; Finishing up attribute : Attribute(name=title4ann, type=string [non-identifier])
org.hibernate.persister.walking.spi.MetamodelGraphWalker 2015-04-14 23:23:13,261 DEBUG - Visiting attribute path : user
org.hibernate.loader.plan.build.internal.AbstractLoadPlanBuildingAssociationVisitationStrategy 2015-04-14 23:23:13,261 TRACE - &gt;&gt; Starting attribute Attribute(name=user, type=pojos.Users [non-identifier,association])
org.hibernate.loader.plan.build.internal.spaces.QuerySpacesImpl 2015-04-14 23:23:13,262 DEBUG - Adding QuerySpace : uid = &lt;gen:2&gt; -&gt; org.hibernate.loader.plan.build.internal.spaces.EntityQuerySpaceImpl@36b0fcd5]
org.hibernate.loader.plan.build.internal.AbstractLoadPlanBuildingAssociationVisitationStrategy 2015-04-14 23:23:13,262 TRACE - &lt;&lt; Finishing up attribute : Attribute(name=user, type=pojos.Users [non-identifier,association])
org.hibernate.loader.plan.build.internal.AbstractLoadPlanBuildingAssociationVisitationStrategy 2015-04-14 23:23:13,262 TRACE - Popped fetch owner from stack : org.hibernate.loader.plan.build.internal.returns.EntityReturnImpl@fd0e5b6
org.hibernate.loader.plan.build.internal.AbstractLoadPlanBuildingAssociationVisitationStrategy 2015-04-14 23:23:13,263 TRACE -  Finished root entity : pojos.News
org.hibernate.loader.plan.build.internal.FetchStyleLoadPlanBuildingAssociationVisitationStrategy 2015-04-14 23:23:13,263 DEBUG - Building LoadPlan...
org.hibernate.loader.plan.exec.internal.LoadQueryJoinAndFetchProcessor 2015-04-14 23:23:13,263 DEBUG - processing queryspace &lt;gen:0&gt;
org.hibernate.loader.plan.build.spi.LoadPlanTreePrinter 2015-04-14 23:23:13,264 DEBUG - LoadPlan(entity=pojos.News)
    - Returns
       - EntityReturnImpl(entity=pojos.News, querySpaceUid=&lt;gen:0&gt;, path=pojos.News)
          - EntityAttributeFetchImpl(entity=pojos.Category, querySpaceUid=&lt;gen:1&gt;, path=pojos.News.category)
          - EntityAttributeFetchImpl(entity=pojos.Users, querySpaceUid=&lt;gen:2&gt;, path=pojos.News.user)
    - QuerySpaces
       - EntityQuerySpaceImpl(uid=&lt;gen:0&gt;, entity=pojos.News)
          - SQL table alias mapping - news0_
          - alias suffix - 0_
          - suffixed key columns - {newsId1_1_0_}

org.hibernate.loader.entity.plan.EntityLoader 2015-04-14 23:23:13,264 DEBUG - Static select for entity pojos.News [PESSIMISTIC_WRITE]: select news0_.newsId as newsId1_1_0_, news0_.author as author2_1_0_, news0_.category as category7_1_0_, news0_.mainText as mainText3_1_0_, news0_.postDay as postDay4_1_0_, news0_.title as title5_1_0_, news0_.title4ann as title6_1_0_, news0_.user as user8_1_0_ from News news0_ where news0_.newsId=? for update
org.hibernate.loader.plan.build.internal.AbstractLoadPlanBuildingAssociationVisitationStrategy 2015-04-14 23:23:13,265 TRACE -  Starting root entity : pojos.News
org.hibernate.loader.plan.build.internal.spaces.QuerySpacesImpl 2015-04-14 23:23:13,265 DEBUG - Adding QuerySpace : uid = &lt;gen:0&gt; -&gt; org.hibernate.loader.plan.build.internal.spaces.EntityQuerySpaceImpl@4fad94a7]
org.hibernate.loader.plan.build.internal.AbstractLoadPlanBuildingAssociationVisitationStrategy 2015-04-14 23:23:13,266 TRACE - Pushing fetch source to stack : org.hibernate.loader.plan.build.internal.returns.EntityReturnImpl@475835b1
org.hibernate.loader.plan.build.internal.AbstractLoadPlanBuildingAssociationVisitationStrategy 2015-04-14 23:23:13,266 TRACE - .. Registering AssociationKey : AssociationKey(table=News, columns={newsId}) -&gt; org.hibernate.loader.plan.build.internal.returns.EntityReturnImpl@475835b1
org.hibernate.loader.plan.build.internal.AbstractLoadPlanBuildingAssociationVisitationStrategy 2015-04-14 23:23:13,267 TRACE - &gt;&gt; Starting entity identifier : pojos.News
org.hibernate.persister.walking.spi.MetamodelGraphWalker 2015-04-14 23:23:13,267 DEBUG - Visiting attribute path : author
org.hibernate.loader.plan.build.internal.AbstractLoadPlanBuildingAssociationVisitationStrategy 2015-04-14 23:23:13,267 TRACE - &gt;&gt; Starting attribute Attribute(name=author, type=string [non-identifier])
org.hibernate.loader.plan.build.internal.AbstractLoadPlanBuildingAssociationVisitationStrategy 2015-04-14 23:23:13,268 TRACE - &lt;&lt; Finishing up attribute : Attribute(name=author, type=string [non-identifier])
org.hibernate.persister.walking.spi.MetamodelGraphWalker 2015-04-14 23:23:13,268 DEBUG - Visiting attribute path : category
org.hibernate.loader.plan.build.internal.AbstractLoadPlanBuildingAssociationVisitationStrategy 2015-04-14 23:23:13,269 TRACE - &gt;&gt; Starting attribute Attribute(name=category, type=pojos.Category [non-identifier,association])
org.hibernate.loader.plan.build.internal.spaces.QuerySpacesImpl 2015-04-14 23:23:13,269 DEBUG - Adding QuerySpace : uid = &lt;gen:1&gt; -&gt; org.hibernate.loader.plan.build.internal.spaces.EntityQuerySpaceImpl@6326d182]
org.hibernate.loader.plan.build.internal.AbstractLoadPlanBuildingAssociationVisitationStrategy 2015-04-14 23:23:13,269 TRACE - &lt;&lt; Finishing up attribute : Attribute(name=category, type=pojos.Category [non-identifier,association])
org.hibernate.persister.walking.spi.MetamodelGraphWalker 2015-04-14 23:23:13,270 DEBUG - Visiting attribute path : mainText
org.hibernate.loader.plan.build.internal.AbstractLoadPlanBuildingAssociationVisitationStrategy 2015-04-14 23:23:13,270 TRACE - &gt;&gt; Starting attribute Attribute(name=mainText, type=text [non-identifier])
org.hibernate.loader.plan.build.internal.AbstractLoadPlanBuildingAssociationVisitationStrategy 2015-04-14 23:23:13,271 TRACE - &lt;&lt; Finishing up attribute : Attribute(name=mainText, type=text [non-identifier])
org.hibernate.persister.walking.spi.MetamodelGraphWalker 2015-04-14 23:23:13,271 DEBUG - Visiting attribute path : postDay
org.hibernate.loader.plan.build.internal.AbstractLoadPlanBuildingAssociationVisitationStrategy 2015-04-14 23:23:13,271 TRACE - &gt;&gt; Starting attribute Attribute(name=postDay, type=string [non-identifier])
org.hibernate.loader.plan.build.internal.AbstractLoadPlanBuildingAssociationVisitationStrategy 2015-04-14 23:23:13,272 TRACE - &lt;&lt; Finishing up attribute : Attribute(name=postDay, type=string [non-identifier])
org.hibernate.persister.walking.spi.MetamodelGraphWalker 2015-04-14 23:23:13,272 DEBUG - Visiting attribute path : title
org.hibernate.loader.plan.build.internal.AbstractLoadPlanBuildingAssociationVisitationStrategy 2015-04-14 23:23:13,272 TRACE - &gt;&gt; Starting attribute Attribute(name=title, type=string [non-identifier])
org.hibernate.loader.plan.build.internal.AbstractLoadPlanBuildingAssociationVisitationStrategy 2015-04-14 23:23:13,272 TRACE - &lt;&lt; Finishing up attribute : Attribute(name=title, type=string [non-identifier])
org.hibernate.persister.walking.spi.MetamodelGraphWalker 2015-04-14 23:23:13,272 DEBUG - Visiting attribute path : title4ann
org.hibernate.loader.plan.build.internal.AbstractLoadPlanBuildingAssociationVisitationStrategy 2015-04-14 23:23:13,272 TRACE - &gt;&gt; Starting attribute Attribute(name=title4ann, type=string [non-identifier])
org.hibernate.loader.plan.build.internal.AbstractLoadPlanBuildingAssociationVisitationStrategy 2015-04-14 23:23:13,272 TRACE - &lt;&lt; Finishing up attribute : Attribute(name=title4ann, type=string [non-identifier])
org.hibernate.persister.walking.spi.MetamodelGraphWalker 2015-04-14 23:23:13,272 DEBUG - Visiting attribute path : user
org.hibernate.loader.plan.build.internal.AbstractLoadPlanBuildingAssociationVisitationStrategy 2015-04-14 23:23:13,272 TRACE - &gt;&gt; Starting attribute Attribute(name=user, type=pojos.Users [non-identifier,association])
org.hibernate.loader.plan.build.internal.spaces.QuerySpacesImpl 2015-04-14 23:23:13,272 DEBUG - Adding QuerySpace : uid = &lt;gen:2&gt; -&gt; org.hibernate.loader.plan.build.internal.spaces.EntityQuerySpaceImpl@5241cf67]
org.hibernate.loader.plan.build.internal.AbstractLoadPlanBuildingAssociationVisitationStrategy 2015-04-14 23:23:13,272 TRACE - &lt;&lt; Finishing up attribute : Attribute(name=user, type=pojos.Users [non-identifier,association])
org.hibernate.loader.plan.build.internal.AbstractLoadPlanBuildingAssociationVisitationStrategy 2015-04-14 23:23:13,272 TRACE - Popped fetch owner from stack : org.hibernate.loader.plan.build.internal.returns.EntityReturnImpl@475835b1
org.hibernate.loader.plan.build.internal.AbstractLoadPlanBuildingAssociationVisitationStrategy 2015-04-14 23:23:13,272 TRACE -  Finished root entity : pojos.News
org.hibernate.loader.plan.build.internal.FetchStyleLoadPlanBuildingAssociationVisitationStrategy 2015-04-14 23:23:13,272 DEBUG - Building LoadPlan...
org.hibernate.loader.plan.exec.internal.LoadQueryJoinAndFetchProcessor 2015-04-14 23:23:13,272 DEBUG - processing queryspace &lt;gen:0&gt;
org.hibernate.loader.plan.build.spi.LoadPlanTreePrinter 2015-04-14 23:23:13,272 DEBUG - LoadPlan(entity=pojos.News)
    - Returns
       - EntityReturnImpl(entity=pojos.News, querySpaceUid=&lt;gen:0&gt;, path=pojos.News)
          - EntityAttributeFetchImpl(entity=pojos.Category, querySpaceUid=&lt;gen:1&gt;, path=pojos.News.category)
          - EntityAttributeFetchImpl(entity=pojos.Users, querySpaceUid=&lt;gen:2&gt;, path=pojos.News.user)
    - QuerySpaces
       - EntityQuerySpaceImpl(uid=&lt;gen:0&gt;, entity=pojos.News)
          - SQL table alias mapping - news0_
          - alias suffix - 0_
          - suffixed key columns - {newsId1_1_0_}

org.hibernate.loader.entity.plan.EntityLoader 2015-04-14 23:23:13,272 DEBUG - Static select for entity pojos.News [PESSIMISTIC_FORCE_INCREMENT]: select news0_.newsId as newsId1_1_0_, news0_.author as author2_1_0_, news0_.category as category7_1_0_, news0_.mainText as mainText3_1_0_, news0_.postDay as postDay4_1_0_, news0_.title as title5_1_0_, news0_.title4ann as title6_1_0_, news0_.user as user8_1_0_ from News news0_ where news0_.newsId=? for update
org.hibernate.loader.plan.build.internal.AbstractLoadPlanBuildingAssociationVisitationStrategy 2015-04-14 23:23:13,272 TRACE -  Starting root entity : pojos.News
org.hibernate.loader.plan.build.internal.spaces.QuerySpacesImpl 2015-04-14 23:23:13,272 DEBUG - Adding QuerySpace : uid = &lt;gen:0&gt; -&gt; org.hibernate.loader.plan.build.internal.spaces.EntityQuerySpaceImpl@716a7124]
org.hibernate.loader.plan.build.internal.AbstractLoadPlanBuildingAssociationVisitationStrategy 2015-04-14 23:23:13,272 TRACE - Pushing fetch source to stack : org.hibernate.loader.plan.build.internal.returns.EntityReturnImpl@77192705
org.hibernate.loader.plan.build.internal.AbstractLoadPlanBuildingAssociationVisitationStrategy 2015-04-14 23:23:13,272 TRACE - .. Registering AssociationKey : AssociationKey(table=News, columns={newsId}) -&gt; org.hibernate.loader.plan.build.internal.returns.EntityReturnImpl@77192705
org.hibernate.loader.plan.build.internal.AbstractLoadPlanBuildingAssociationVisitationStrategy 2015-04-14 23:23:13,272 TRACE - &gt;&gt; Starting entity identifier : pojos.News
org.hibernate.persister.walking.spi.MetamodelGraphWalker 2015-04-14 23:23:13,272 DEBUG - Visiting attribute path : author
org.hibernate.loader.plan.build.internal.AbstractLoadPlanBuildingAssociationVisitationStrategy 2015-04-14 23:23:13,272 TRACE - &gt;&gt; Starting attribute Attribute(name=author, type=string [non-identifier])
org.hibernate.loader.plan.build.internal.AbstractLoadPlanBuildingAssociationVisitationStrategy 2015-04-14 23:23:13,272 TRACE - &lt;&lt; Finishing up attribute : Attribute(name=author, type=string [non-identifier])
org.hibernate.persister.walking.spi.MetamodelGraphWalker 2015-04-14 23:23:13,272 DEBUG - Visiting attribute path : category
org.hibernate.loader.plan.build.internal.AbstractLoadPlanBuildingAssociationVisitationStrategy 2015-04-14 23:23:13,272 TRACE - &gt;&gt; Starting attribute Attribute(name=category, type=pojos.Category [non-identifier,association])
org.hibernate.loader.plan.build.internal.spaces.QuerySpacesImpl 2015-04-14 23:23:13,272 DEBUG - Adding QuerySpace : uid = &lt;gen:1&gt; -&gt; org.hibernate.loader.plan.build.internal.spaces.EntityQuerySpaceImpl@226642a5]
org.hibernate.loader.plan.build.internal.AbstractLoadPlanBuildingAssociationVisitationStrategy 2015-04-14 23:23:13,272 TRACE - &lt;&lt; Finishing up attribute : Attribute(name=category, type=pojos.Category [non-identifier,association])
org.hibernate.persister.walking.spi.MetamodelGraphWalker 2015-04-14 23:23:13,272 DEBUG - Visiting attribute path : mainText
org.hibernate.loader.plan.build.internal.AbstractLoadPlanBuildingAssociationVisitationStrategy 2015-04-14 23:23:13,282 TRACE - &gt;&gt; Starting attribute Attribute(name=mainText, type=text [non-identifier])
org.hibernate.loader.plan.build.internal.AbstractLoadPlanBuildingAssociationVisitationStrategy 2015-04-14 23:23:13,282 TRACE - &lt;&lt; Finishing up attribute : Attribute(name=mainText, type=text [non-identifier])
org.hibernate.persister.walking.spi.MetamodelGraphWalker 2015-04-14 23:23:13,282 DEBUG - Visiting attribute path : postDay
org.hibernate.loader.plan.build.internal.AbstractLoadPlanBuildingAssociationVisitationStrategy 2015-04-14 23:23:13,282 TRACE - &gt;&gt; Starting attribute Attribute(name=postDay, type=string [non-identifier])
org.hibernate.loader.plan.build.internal.AbstractLoadPlanBuildingAssociationVisitationStrategy 2015-04-14 23:23:13,282 TRACE - &lt;&lt; Finishing up attribute : Attribute(name=postDay, type=string [non-identifier])
org.hibernate.persister.walking.spi.MetamodelGraphWalker 2015-04-14 23:23:13,282 DEBUG - Visiting attribute path : title
org.hibernate.loader.plan.build.internal.AbstractLoadPlanBuildingAssociationVisitationStrategy 2015-04-14 23:23:13,282 TRACE - &gt;&gt; Starting attribute Attribute(name=title, type=string [non-identifier])
org.hibernate.loader.plan.build.internal.AbstractLoadPlanBuildingAssociationVisitationStrategy 2015-04-14 23:23:13,282 TRACE - &lt;&lt; Finishing up attribute : Attribute(name=title, type=string [non-identifier])
org.hibernate.persister.walking.spi.MetamodelGraphWalker 2015-04-14 23:23:13,282 DEBUG - Visiting attribute path : title4ann
org.hibernate.loader.plan.build.internal.AbstractLoadPlanBuildingAssociationVisitationStrategy 2015-04-14 23:23:13,282 TRACE - &gt;&gt; Starting attribute Attribute(name=title4ann, type=string [non-identifier])
org.hibernate.loader.plan.build.internal.AbstractLoadPlanBuildingAssociationVisitationStrategy 2015-04-14 23:23:13,282 TRACE - &lt;&lt; Finishing up attribute : Attribute(name=title4ann, type=string [non-identifier])
org.hibernate.persister.walking.spi.MetamodelGraphWalker 2015-04-14 23:23:13,282 DEBUG - Visiting attribute path : user
org.hibernate.loader.plan.build.internal.AbstractLoadPlanBuildingAssociationVisitationStrategy 2015-04-14 23:23:13,282 TRACE - &gt;&gt; Starting attribute Attribute(name=user, type=pojos.Users [non-identifier,association])
org.hibernate.loader.plan.build.internal.spaces.QuerySpacesImpl 2015-04-14 23:23:13,282 DEBUG - Adding QuerySpace : uid = &lt;gen:2&gt; -&gt; org.hibernate.loader.plan.build.internal.spaces.EntityQuerySpaceImpl@7e809b79]
org.hibernate.loader.plan.build.internal.AbstractLoadPlanBuildingAssociationVisitationStrategy 2015-04-14 23:23:13,282 TRACE - &lt;&lt; Finishing up attribute : Attribute(name=user, type=pojos.Users [non-identifier,association])
org.hibernate.loader.plan.build.internal.AbstractLoadPlanBuildingAssociationVisitationStrategy 2015-04-14 23:23:13,282 TRACE - Popped fetch owner from stack : org.hibernate.loader.plan.build.internal.returns.EntityReturnImpl@77192705
org.hibernate.loader.plan.build.internal.AbstractLoadPlanBuildingAssociationVisitationStrategy 2015-04-14 23:23:13,282 TRACE -  Finished root entity : pojos.News
org.hibernate.loader.plan.build.internal.FetchStyleLoadPlanBuildingAssociationVisitationStrategy 2015-04-14 23:23:13,282 DEBUG - Building LoadPlan...
org.hibernate.loader.plan.exec.internal.LoadQueryJoinAndFetchProcessor 2015-04-14 23:23:13,282 DEBUG - processing queryspace &lt;gen:0&gt;
org.hibernate.loader.plan.build.spi.LoadPlanTreePrinter 2015-04-14 23:23:13,282 DEBUG - LoadPlan(entity=pojos.News)
    - Returns
       - EntityReturnImpl(entity=pojos.News, querySpaceUid=&lt;gen:0&gt;, path=pojos.News)
          - EntityAttributeFetchImpl(entity=pojos.Category, querySpaceUid=&lt;gen:1&gt;, path=pojos.News.category)
          - EntityAttributeFetchImpl(entity=pojos.Users, querySpaceUid=&lt;gen:2&gt;, path=pojos.News.user)
    - QuerySpaces
       - EntityQuerySpaceImpl(uid=&lt;gen:0&gt;, entity=pojos.News)
          - SQL table alias mapping - news0_
          - alias suffix - 0_
          - suffixed key columns - {newsId1_1_0_}

org.hibernate.loader.entity.plan.EntityLoader 2015-04-14 23:23:13,282 DEBUG - Static select for entity pojos.News [OPTIMISTIC]: select news0_.newsId as newsId1_1_0_, news0_.author as author2_1_0_, news0_.category as category7_1_0_, news0_.mainText as mainText3_1_0_, news0_.postDay as postDay4_1_0_, news0_.title as title5_1_0_, news0_.title4ann as title6_1_0_, news0_.user as user8_1_0_ from News news0_ where news0_.newsId=?
org.hibernate.loader.plan.build.internal.AbstractLoadPlanBuildingAssociationVisitationStrategy 2015-04-14 23:23:13,282 TRACE -  Starting root entity : pojos.News
org.hibernate.loader.plan.build.internal.spaces.QuerySpacesImpl 2015-04-14 23:23:13,282 DEBUG - Adding QuerySpace : uid = &lt;gen:0&gt; -&gt; org.hibernate.loader.plan.build.internal.spaces.EntityQuerySpaceImpl@5cc126dc]
org.hibernate.loader.plan.build.internal.AbstractLoadPlanBuildingAssociationVisitationStrategy 2015-04-14 23:23:13,282 TRACE - Pushing fetch source to stack : org.hibernate.loader.plan.build.internal.returns.EntityReturnImpl@625e134e
org.hibernate.loader.plan.build.internal.AbstractLoadPlanBuildingAssociationVisitationStrategy 2015-04-14 23:23:13,282 TRACE - .. Registering AssociationKey : AssociationKey(table=News, columns={newsId}) -&gt; org.hibernate.loader.plan.build.internal.returns.EntityReturnImpl@625e134e
org.hibernate.loader.plan.build.internal.AbstractLoadPlanBuildingAssociationVisitationStrategy 2015-04-14 23:23:13,282 TRACE - &gt;&gt; Starting entity identifier : pojos.News
org.hibernate.persister.walking.spi.MetamodelGraphWalker 2015-04-14 23:23:13,282 DEBUG - Visiting attribute path : author
org.hibernate.loader.plan.build.internal.AbstractLoadPlanBuildingAssociationVisitationStrategy 2015-04-14 23:23:13,282 TRACE - &gt;&gt; Starting attribute Attribute(name=author, type=string [non-identifier])
org.hibernate.loader.plan.build.internal.AbstractLoadPlanBuildingAssociationVisitationStrategy 2015-04-14 23:23:13,292 TRACE - &lt;&lt; Finishing up attribute : Attribute(name=author, type=string [non-identifier])
org.hibernate.persister.walking.spi.MetamodelGraphWalker 2015-04-14 23:23:13,292 DEBUG - Visiting attribute path : category
org.hibernate.loader.plan.build.internal.AbstractLoadPlanBuildingAssociationVisitationStrategy 2015-04-14 23:23:13,292 TRACE - &gt;&gt; Starting attribute Attribute(name=category, type=pojos.Category [non-identifier,association])
org.hibernate.loader.plan.build.internal.spaces.QuerySpacesImpl 2015-04-14 23:23:13,292 DEBUG - Adding QuerySpace : uid = &lt;gen:1&gt; -&gt; org.hibernate.loader.plan.build.internal.spaces.EntityQuerySpaceImpl@72bd06ca]
org.hibernate.loader.plan.build.internal.AbstractLoadPlanBuildingAssociationVisitationStrategy 2015-04-14 23:23:13,292 TRACE - &lt;&lt; Finishing up attribute : Attribute(name=category, type=pojos.Category [non-identifier,association])
org.hibernate.persister.walking.spi.MetamodelGraphWalker 2015-04-14 23:23:13,292 DEBUG - Visiting attribute path : mainText
org.hibernate.loader.plan.build.internal.AbstractLoadPlanBuildingAssociationVisitationStrategy 2015-04-14 23:23:13,292 TRACE - &gt;&gt; Starting attribute Attribute(name=mainText, type=text [non-identifier])
org.hibernate.loader.plan.build.internal.AbstractLoadPlanBuildingAssociationVisitationStrategy 2015-04-14 23:23:13,292 TRACE - &lt;&lt; Finishing up attribute : Attribute(name=mainText, type=text [non-identifier])
org.hibernate.persister.walking.spi.MetamodelGraphWalker 2015-04-14 23:23:13,292 DEBUG - Visiting attribute path : postDay
org.hibernate.loader.plan.build.internal.AbstractLoadPlanBuildingAssociationVisitationStrategy 2015-04-14 23:23:13,292 TRACE - &gt;&gt; Starting attribute Attribute(name=postDay, type=string [non-identifier])
org.hibernate.loader.plan.build.internal.AbstractLoadPlanBuildingAssociationVisitationStrategy 2015-04-14 23:23:13,292 TRACE - &lt;&lt; Finishing up attribute : Attribute(name=postDay, type=string [non-identifier])
org.hibernate.persister.walking.spi.MetamodelGraphWalker 2015-04-14 23:23:13,292 DEBUG - Visiting attribute path : title
org.hibernate.loader.plan.build.internal.AbstractLoadPlanBuildingAssociationVisitationStrategy 2015-04-14 23:23:13,292 TRACE - &gt;&gt; Starting attribute Attribute(name=title, type=string [non-identifier])
org.hibernate.loader.plan.build.internal.AbstractLoadPlanBuildingAssociationVisitationStrategy 2015-04-14 23:23:13,292 TRACE - &lt;&lt; Finishing up attribute : Attribute(name=title, type=string [non-identifier])
org.hibernate.persister.walking.spi.MetamodelGraphWalker 2015-04-14 23:23:13,292 DEBUG - Visiting attribute path : title4ann
org.hibernate.loader.plan.build.internal.AbstractLoadPlanBuildingAssociationVisitationStrategy 2015-04-14 23:23:13,292 TRACE - &gt;&gt; Starting attribute Attribute(name=title4ann, type=string [non-identifier])
org.hibernate.loader.plan.build.internal.AbstractLoadPlanBuildingAssociationVisitationStrategy 2015-04-14 23:23:13,292 TRACE - &lt;&lt; Finishing up attribute : Attribute(name=title4ann, type=string [non-identifier])
org.hibernate.persister.walking.spi.MetamodelGraphWalker 2015-04-14 23:23:13,292 DEBUG - Visiting attribute path : user
org.hibernate.loader.plan.build.internal.AbstractLoadPlanBuildingAssociationVisitationStrategy 2015-04-14 23:23:13,292 TRACE - &gt;&gt; Starting attribute Attribute(name=user, type=pojos.Users [non-identifier,association])
org.hibernate.loader.plan.build.internal.spaces.QuerySpacesImpl 2015-04-14 23:23:13,292 DEBUG - Adding QuerySpace : uid = &lt;gen:2&gt; -&gt; org.hibernate.loader.plan.build.internal.spaces.EntityQuerySpaceImpl@89c10b7]
org.hibernate.loader.plan.build.internal.AbstractLoadPlanBuildingAssociationVisitationStrategy 2015-04-14 23:23:13,292 TRACE - &lt;&lt; Finishing up attribute : Attribute(name=user, type=pojos.Users [non-identifier,association])
org.hibernate.loader.plan.build.internal.AbstractLoadPlanBuildingAssociationVisitationStrategy 2015-04-14 23:23:13,292 TRACE - Popped fetch owner from stack : org.hibernate.loader.plan.build.internal.returns.EntityReturnImpl@625e134e
org.hibernate.loader.plan.build.internal.AbstractLoadPlanBuildingAssociationVisitationStrategy 2015-04-14 23:23:13,292 TRACE -  Finished root entity : pojos.News
org.hibernate.loader.plan.build.internal.FetchStyleLoadPlanBuildingAssociationVisitationStrategy 2015-04-14 23:23:13,292 DEBUG - Building LoadPlan...
org.hibernate.loader.plan.exec.internal.LoadQueryJoinAndFetchProcessor 2015-04-14 23:23:13,292 DEBUG - processing queryspace &lt;gen:0&gt;
org.hibernate.loader.plan.build.spi.LoadPlanTreePrinter 2015-04-14 23:23:13,292 DEBUG - LoadPlan(entity=pojos.News)
    - Returns
       - EntityReturnImpl(entity=pojos.News, querySpaceUid=&lt;gen:0&gt;, path=pojos.News)
          - EntityAttributeFetchImpl(entity=pojos.Category, querySpaceUid=&lt;gen:1&gt;, path=pojos.News.category)
          - EntityAttributeFetchImpl(entity=pojos.Users, querySpaceUid=&lt;gen:2&gt;, path=pojos.News.user)
    - QuerySpaces
       - EntityQuerySpaceImpl(uid=&lt;gen:0&gt;, entity=pojos.News)
          - SQL table alias mapping - news0_
          - alias suffix - 0_
          - suffixed key columns - {newsId1_1_0_}

org.hibernate.loader.entity.plan.EntityLoader 2015-04-14 23:23:13,292 DEBUG - Static select for entity pojos.News [OPTIMISTIC_FORCE_INCREMENT]: select news0_.newsId as newsId1_1_0_, news0_.author as author2_1_0_, news0_.category as category7_1_0_, news0_.mainText as mainText3_1_0_, news0_.postDay as postDay4_1_0_, news0_.title as title5_1_0_, news0_.title4ann as title6_1_0_, news0_.user as user8_1_0_ from News news0_ where news0_.newsId=?
org.hibernate.loader.entity.CascadeEntityLoader 2015-04-14 23:23:13,322 DEBUG - Static select for action ACTION_MERGE on entity pojos.News: select news0_.newsId as newsId1_1_0_, news0_.author as author2_1_0_, news0_.category as category7_1_0_, news0_.mainText as mainText3_1_0_, news0_.postDay as postDay4_1_0_, news0_.title as title5_1_0_, news0_.title4ann as title6_1_0_, news0_.user as user8_1_0_ from News news0_ where news0_.newsId=?
org.hibernate.loader.entity.CascadeEntityLoader 2015-04-14 23:23:13,322 DEBUG - Static select for action ACTION_REFRESH on entity pojos.News: select news0_.newsId as newsId1_1_0_, news0_.author as author2_1_0_, news0_.category as category7_1_0_, news0_.mainText as mainText3_1_0_, news0_.postDay as postDay4_1_0_, news0_.title as title5_1_0_, news0_.title4ann as title6_1_0_, news0_.user as user8_1_0_ from News news0_ where news0_.newsId=?
org.hibernate.persister.entity.AbstractEntityPersister 2015-04-14 23:23:13,322 DEBUG - Static SQL for entity: pojos.Category
org.hibernate.persister.entity.AbstractEntityPersister 2015-04-14 23:23:13,322 DEBUG -  Version select: select categoryId from Category where categoryId =?
org.hibernate.persister.entity.AbstractEntityPersister 2015-04-14 23:23:13,322 DEBUG -  Snapshot select: select category_.categoryId, category_.categoryName as category2_0_ from Category category_ where category_.categoryId=?
org.hibernate.persister.entity.AbstractEntityPersister 2015-04-14 23:23:13,322 DEBUG -  Insert 0: insert into Category (categoryName, categoryId) values (?, ?)
org.hibernate.persister.entity.AbstractEntityPersister 2015-04-14 23:23:13,322 DEBUG -  Update 0: update Category set categoryName=? where categoryId=?
org.hibernate.persister.entity.AbstractEntityPersister 2015-04-14 23:23:13,322 DEBUG -  Delete 0: delete from Category where categoryId=?
org.hibernate.persister.entity.AbstractEntityPersister 2015-04-14 23:23:13,322 DEBUG -  Identity insert: insert into Category (categoryName) values (?)
org.hibernate.loader.plan.build.internal.AbstractLoadPlanBuildingAssociationVisitationStrategy 2015-04-14 23:23:13,322 TRACE -  Starting root entity : pojos.Category
org.hibernate.loader.plan.build.internal.spaces.QuerySpacesImpl 2015-04-14 23:23:13,322 DEBUG - Adding QuerySpace : uid = &lt;gen:0&gt; -&gt; org.hibernate.loader.plan.build.internal.spaces.EntityQuerySpaceImpl@5dbe30be]
org.hibernate.loader.plan.build.internal.AbstractLoadPlanBuildingAssociationVisitationStrategy 2015-04-14 23:23:13,322 TRACE - Pushing fetch source to stack : org.hibernate.loader.plan.build.internal.returns.EntityReturnImpl@4fe89c24
org.hibernate.loader.plan.build.internal.AbstractLoadPlanBuildingAssociationVisitationStrategy 2015-04-14 23:23:13,322 TRACE - .. Registering AssociationKey : AssociationKey(table=Category, columns={categoryId}) -&gt; org.hibernate.loader.plan.build.internal.returns.EntityReturnImpl@4fe89c24
org.hibernate.loader.plan.build.internal.AbstractLoadPlanBuildingAssociationVisitationStrategy 2015-04-14 23:23:13,322 TRACE - &gt;&gt; Starting entity identifier : pojos.Category
org.hibernate.persister.walking.spi.MetamodelGraphWalker 2015-04-14 23:23:13,322 DEBUG - Visiting attribute path : categoryName
org.hibernate.loader.plan.build.internal.AbstractLoadPlanBuildingAssociationVisitationStrategy 2015-04-14 23:23:13,322 TRACE - &gt;&gt; Starting attribute Attribute(name=categoryName, type=string [non-identifier])
org.hibernate.loader.plan.build.internal.AbstractLoadPlanBuildingAssociationVisitationStrategy 2015-04-14 23:23:13,322 TRACE - &lt;&lt; Finishing up attribute : Attribute(name=categoryName, type=string [non-identifier])
org.hibernate.persister.walking.spi.MetamodelGraphWalker 2015-04-14 23:23:13,322 DEBUG - Visiting attribute path : news
org.hibernate.loader.plan.build.internal.AbstractLoadPlanBuildingAssociationVisitationStrategy 2015-04-14 23:23:13,322 TRACE - &gt;&gt; Starting attribute Attribute(name=news, type=java.util.Set(pojos.Category.news) [non-identifier,association])
org.hibernate.loader.plan.build.internal.AbstractLoadPlanBuildingAssociationVisitationStrategy 2015-04-14 23:23:13,322 TRACE - &lt;&lt; Finishing up attribute : Attribute(name=news, type=java.util.Set(pojos.Category.news) [non-identifier,association])
org.hibernate.loader.plan.build.internal.AbstractLoadPlanBuildingAssociationVisitationStrategy 2015-04-14 23:23:13,322 TRACE - Popped fetch owner from stack : org.hibernate.loader.plan.build.internal.returns.EntityReturnImpl@4fe89c24
org.hibernate.loader.plan.build.internal.AbstractLoadPlanBuildingAssociationVisitationStrategy 2015-04-14 23:23:13,322 TRACE -  Finished root entity : pojos.Category
org.hibernate.loader.plan.build.internal.FetchStyleLoadPlanBuildingAssociationVisitationStrategy 2015-04-14 23:23:13,332 DEBUG - Building LoadPlan...
org.hibernate.loader.plan.exec.internal.LoadQueryJoinAndFetchProcessor 2015-04-14 23:23:13,332 DEBUG - processing queryspace &lt;gen:0&gt;
org.hibernate.loader.plan.build.spi.LoadPlanTreePrinter 2015-04-14 23:23:13,332 DEBUG - LoadPlan(entity=pojos.Category)
    - Returns
       - EntityReturnImpl(entity=pojos.Category, querySpaceUid=&lt;gen:0&gt;, path=pojos.Category)
    - QuerySpaces
       - EntityQuerySpaceImpl(uid=&lt;gen:0&gt;, entity=pojos.Category)
          - SQL table alias mapping - category0_
          - alias suffix - 0_
          - suffixed key columns - {category1_0_0_}

org.hibernate.loader.entity.plan.EntityLoader 2015-04-14 23:23:13,332 DEBUG - Static select for entity pojos.Category [NONE]: select category0_.categoryId as category1_0_0_, category0_.categoryName as category2_0_0_ from Category category0_ where category0_.categoryId=?
org.hibernate.loader.plan.build.internal.AbstractLoadPlanBuildingAssociationVisitationStrategy 2015-04-14 23:23:13,332 TRACE -  Starting root entity : pojos.Category
org.hibernate.loader.plan.build.internal.spaces.QuerySpacesImpl 2015-04-14 23:23:13,332 DEBUG - Adding QuerySpace : uid = &lt;gen:0&gt; -&gt; org.hibernate.loader.plan.build.internal.spaces.EntityQuerySpaceImpl@55795845]
org.hibernate.loader.plan.build.internal.AbstractLoadPlanBuildingAssociationVisitationStrategy 2015-04-14 23:23:13,332 TRACE - Pushing fetch source to stack : org.hibernate.loader.plan.build.internal.returns.EntityReturnImpl@3d08f3f5
org.hibernate.loader.plan.build.internal.AbstractLoadPlanBuildingAssociationVisitationStrategy 2015-04-14 23:23:13,332 TRACE - .. Registering AssociationKey : AssociationKey(table=Category, columns={categoryId}) -&gt; org.hibernate.loader.plan.build.internal.returns.EntityReturnImpl@3d08f3f5
org.hibernate.loader.plan.build.internal.AbstractLoadPlanBuildingAssociationVisitationStrategy 2015-04-14 23:23:13,332 TRACE - &gt;&gt; Starting entity identifier : pojos.Category
org.hibernate.persister.walking.spi.MetamodelGraphWalker 2015-04-14 23:23:13,332 DEBUG - Visiting attribute path : categoryName
org.hibernate.loader.plan.build.internal.AbstractLoadPlanBuildingAssociationVisitationStrategy 2015-04-14 23:23:13,332 TRACE - &gt;&gt; Starting attribute Attribute(name=categoryName, type=string [non-identifier])
org.hibernate.loader.plan.build.internal.AbstractLoadPlanBuildingAssociationVisitationStrategy 2015-04-14 23:23:13,332 TRACE - &lt;&lt; Finishing up attribute : Attribute(name=categoryName, type=string [non-identifier])
org.hibernate.persister.walking.spi.MetamodelGraphWalker 2015-04-14 23:23:13,332 DEBUG - Visiting attribute path : news
org.hibernate.loader.plan.build.internal.AbstractLoadPlanBuildingAssociationVisitationStrategy 2015-04-14 23:23:13,332 TRACE - &gt;&gt; Starting attribute Attribute(name=news, type=java.util.Set(pojos.Category.news) [non-identifier,association])
org.hibernate.loader.plan.build.internal.AbstractLoadPlanBuildingAssociationVisitationStrategy 2015-04-14 23:23:13,332 TRACE - &lt;&lt; Finishing up attribute : Attribute(name=news, type=java.util.Set(pojos.Category.news) [non-identifier,association])
org.hibernate.loader.plan.build.internal.AbstractLoadPlanBuildingAssociationVisitationStrategy 2015-04-14 23:23:13,332 TRACE - Popped fetch owner from stack : org.hibernate.loader.plan.build.internal.returns.EntityReturnImpl@3d08f3f5
org.hibernate.loader.plan.build.internal.AbstractLoadPlanBuildingAssociationVisitationStrategy 2015-04-14 23:23:13,332 TRACE -  Finished root entity : pojos.Category
org.hibernate.loader.plan.build.internal.FetchStyleLoadPlanBuildingAssociationVisitationStrategy 2015-04-14 23:23:13,332 DEBUG - Building LoadPlan...
org.hibernate.loader.plan.exec.internal.LoadQueryJoinAndFetchProcessor 2015-04-14 23:23:13,332 DEBUG - processing queryspace &lt;gen:0&gt;
org.hibernate.loader.plan.build.spi.LoadPlanTreePrinter 2015-04-14 23:23:13,332 DEBUG - LoadPlan(entity=pojos.Category)
    - Returns
       - EntityReturnImpl(entity=pojos.Category, querySpaceUid=&lt;gen:0&gt;, path=pojos.Category)
    - QuerySpaces
       - EntityQuerySpaceImpl(uid=&lt;gen:0&gt;, entity=pojos.Category)
          - SQL table alias mapping - category0_
          - alias suffix - 0_
          - suffixed key columns - {category1_0_0_}

org.hibernate.loader.entity.plan.EntityLoader 2015-04-14 23:23:13,332 DEBUG - Static select for entity pojos.Category [READ]: select category0_.categoryId as category1_0_0_, category0_.categoryName as category2_0_0_ from Category category0_ where category0_.categoryId=?
org.hibernate.loader.plan.build.internal.AbstractLoadPlanBuildingAssociationVisitationStrategy 2015-04-14 23:23:13,332 TRACE -  Starting root entity : pojos.Category
org.hibernate.loader.plan.build.internal.spaces.QuerySpacesImpl 2015-04-14 23:23:13,332 DEBUG - Adding QuerySpace : uid = &lt;gen:0&gt; -&gt; org.hibernate.loader.plan.build.internal.spaces.EntityQuerySpaceImpl@119f1f2a]
org.hibernate.loader.plan.build.internal.AbstractLoadPlanBuildingAssociationVisitationStrategy 2015-04-14 23:23:13,332 TRACE - Pushing fetch source to stack : org.hibernate.loader.plan.build.internal.returns.EntityReturnImpl@1a1da881
org.hibernate.loader.plan.build.internal.AbstractLoadPlanBuildingAssociationVisitationStrategy 2015-04-14 23:23:13,332 TRACE - .. Registering AssociationKey : AssociationKey(table=Category, columns={categoryId}) -&gt; org.hibernate.loader.plan.build.internal.returns.EntityReturnImpl@1a1da881
org.hibernate.loader.plan.build.internal.AbstractLoadPlanBuildingAssociationVisitationStrategy 2015-04-14 23:23:13,332 TRACE - &gt;&gt; Starting entity identifier : pojos.Category
org.hibernate.persister.walking.spi.MetamodelGraphWalker 2015-04-14 23:23:13,332 DEBUG - Visiting attribute path : categoryName
org.hibernate.loader.plan.build.internal.AbstractLoadPlanBuildingAssociationVisitationStrategy 2015-04-14 23:23:13,332 TRACE - &gt;&gt; Starting attribute Attribute(name=categoryName, type=string [non-identifier])
org.hibernate.loader.plan.build.internal.AbstractLoadPlanBuildingAssociationVisitationStrategy 2015-04-14 23:23:13,332 TRACE - &lt;&lt; Finishing up attribute : Attribute(name=categoryName, type=string [non-identifier])
org.hibernate.persister.walking.spi.MetamodelGraphWalker 2015-04-14 23:23:13,332 DEBUG - Visiting attribute path : news
org.hibernate.loader.plan.build.internal.AbstractLoadPlanBuildingAssociationVisitationStrategy 2015-04-14 23:23:13,332 TRACE - &gt;&gt; Starting attribute Attribute(name=news, type=java.util.Set(pojos.Category.news) [non-identifier,association])
org.hibernate.loader.plan.build.internal.AbstractLoadPlanBuildingAssociationVisitationStrategy 2015-04-14 23:23:13,342 TRACE - &lt;&lt; Finishing up attribute : Attribute(name=news, type=java.util.Set(pojos.Category.news) [non-identifier,association])
org.hibernate.loader.plan.build.internal.AbstractLoadPlanBuildingAssociationVisitationStrategy 2015-04-14 23:23:13,342 TRACE - Popped fetch owner from stack : org.hibernate.loader.plan.build.internal.returns.EntityReturnImpl@1a1da881
org.hibernate.loader.plan.build.internal.AbstractLoadPlanBuildingAssociationVisitationStrategy 2015-04-14 23:23:13,342 TRACE -  Finished root entity : pojos.Category
org.hibernate.loader.plan.build.internal.FetchStyleLoadPlanBuildingAssociationVisitationStrategy 2015-04-14 23:23:13,342 DEBUG - Building LoadPlan...
org.hibernate.loader.plan.exec.internal.LoadQueryJoinAndFetchProcessor 2015-04-14 23:23:13,342 DEBUG - processing queryspace &lt;gen:0&gt;
org.hibernate.loader.plan.build.spi.LoadPlanTreePrinter 2015-04-14 23:23:13,342 DEBUG - LoadPlan(entity=pojos.Category)
    - Returns
       - EntityReturnImpl(entity=pojos.Category, querySpaceUid=&lt;gen:0&gt;, path=pojos.Category)
    - QuerySpaces
       - EntityQuerySpaceImpl(uid=&lt;gen:0&gt;, entity=pojos.Category)
          - SQL table alias mapping - category0_
          - alias suffix - 0_
          - suffixed key columns - {category1_0_0_}

org.hibernate.loader.entity.plan.EntityLoader 2015-04-14 23:23:13,342 DEBUG - Static select for entity pojos.Category [UPGRADE]: select category0_.categoryId as category1_0_0_, category0_.categoryName as category2_0_0_ from Category category0_ where category0_.categoryId=? for update
org.hibernate.loader.plan.build.internal.AbstractLoadPlanBuildingAssociationVisitationStrategy 2015-04-14 23:23:13,342 TRACE -  Starting root entity : pojos.Category
org.hibernate.loader.plan.build.internal.spaces.QuerySpacesImpl 2015-04-14 23:23:13,342 DEBUG - Adding QuerySpace : uid = &lt;gen:0&gt; -&gt; org.hibernate.loader.plan.build.internal.spaces.EntityQuerySpaceImpl@5b970f7]
org.hibernate.loader.plan.build.internal.AbstractLoadPlanBuildingAssociationVisitationStrategy 2015-04-14 23:23:13,342 TRACE - Pushing fetch source to stack : org.hibernate.loader.plan.build.internal.returns.EntityReturnImpl@7fd4acee
org.hibernate.loader.plan.build.internal.AbstractLoadPlanBuildingAssociationVisitationStrategy 2015-04-14 23:23:13,342 TRACE - .. Registering AssociationKey : AssociationKey(table=Category, columns={categoryId}) -&gt; org.hibernate.loader.plan.build.internal.returns.EntityReturnImpl@7fd4acee
org.hibernate.loader.plan.build.internal.AbstractLoadPlanBuildingAssociationVisitationStrategy 2015-04-14 23:23:13,342 TRACE - &gt;&gt; Starting entity identifier : pojos.Category
org.hibernate.persister.walking.spi.MetamodelGraphWalker 2015-04-14 23:23:13,342 DEBUG - Visiting attribute path : categoryName
org.hibernate.loader.plan.build.internal.AbstractLoadPlanBuildingAssociationVisitationStrategy 2015-04-14 23:23:13,342 TRACE - &gt;&gt; Starting attribute Attribute(name=categoryName, type=string [non-identifier])
org.hibernate.loader.plan.build.internal.AbstractLoadPlanBuildingAssociationVisitationStrategy 2015-04-14 23:23:13,342 TRACE - &lt;&lt; Finishing up attribute : Attribute(name=categoryName, type=string [non-identifier])
org.hibernate.persister.walking.spi.MetamodelGraphWalker 2015-04-14 23:23:13,342 DEBUG - Visiting attribute path : news
org.hibernate.loader.plan.build.internal.AbstractLoadPlanBuildingAssociationVisitationStrategy 2015-04-14 23:23:13,342 TRACE - &gt;&gt; Starting attribute Attribute(name=news, type=java.util.Set(pojos.Category.news) [non-identifier,association])
org.hibernate.loader.plan.build.internal.AbstractLoadPlanBuildingAssociationVisitationStrategy 2015-04-14 23:23:13,342 TRACE - &lt;&lt; Finishing up attribute : Attribute(name=news, type=java.util.Set(pojos.Category.news) [non-identifier,association])
org.hibernate.loader.plan.build.internal.AbstractLoadPlanBuildingAssociationVisitationStrategy 2015-04-14 23:23:13,342 TRACE - Popped fetch owner from stack : org.hibernate.loader.plan.build.internal.returns.EntityReturnImpl@7fd4acee
org.hibernate.loader.plan.build.internal.AbstractLoadPlanBuildingAssociationVisitationStrategy 2015-04-14 23:23:13,342 TRACE -  Finished root entity : pojos.Category
org.hibernate.loader.plan.build.internal.FetchStyleLoadPlanBuildingAssociationVisitationStrategy 2015-04-14 23:23:13,342 DEBUG - Building LoadPlan...
org.hibernate.loader.plan.exec.internal.LoadQueryJoinAndFetchProcessor 2015-04-14 23:23:13,342 DEBUG - processing queryspace &lt;gen:0&gt;
org.hibernate.loader.plan.build.spi.LoadPlanTreePrinter 2015-04-14 23:23:13,342 DEBUG - LoadPlan(entity=pojos.Category)
    - Returns
       - EntityReturnImpl(entity=pojos.Category, querySpaceUid=&lt;gen:0&gt;, path=pojos.Category)
    - QuerySpaces
       - EntityQuerySpaceImpl(uid=&lt;gen:0&gt;, entity=pojos.Category)
          - SQL table alias mapping - category0_
          - alias suffix - 0_
          - suffixed key columns - {category1_0_0_}

org.hibernate.loader.entity.plan.EntityLoader 2015-04-14 23:23:13,342 DEBUG - Static select for entity pojos.Category [UPGRADE_NOWAIT]: select category0_.categoryId as category1_0_0_, category0_.categoryName as category2_0_0_ from Category category0_ where category0_.categoryId=? for update
org.hibernate.loader.plan.build.internal.AbstractLoadPlanBuildingAssociationVisitationStrategy 2015-04-14 23:23:13,342 TRACE -  Starting root entity : pojos.Category
org.hibernate.loader.plan.build.internal.spaces.QuerySpacesImpl 2015-04-14 23:23:13,342 DEBUG - Adding QuerySpace : uid = &lt;gen:0&gt; -&gt; org.hibernate.loader.plan.build.internal.spaces.EntityQuerySpaceImpl@165b8a71]
org.hibernate.loader.plan.build.internal.AbstractLoadPlanBuildingAssociationVisitationStrategy 2015-04-14 23:23:13,342 TRACE - Pushing fetch source to stack : org.hibernate.loader.plan.build.internal.returns.EntityReturnImpl@6175619b
org.hibernate.loader.plan.build.internal.AbstractLoadPlanBuildingAssociationVisitationStrategy 2015-04-14 23:23:13,352 TRACE - .. Registering AssociationKey : AssociationKey(table=Category, columns={categoryId}) -&gt; org.hibernate.loader.plan.build.internal.returns.EntityReturnImpl@6175619b
org.hibernate.loader.plan.build.internal.AbstractLoadPlanBuildingAssociationVisitationStrategy 2015-04-14 23:23:13,352 TRACE - &gt;&gt; Starting entity identifier : pojos.Category
org.hibernate.persister.walking.spi.MetamodelGraphWalker 2015-04-14 23:23:13,352 DEBUG - Visiting attribute path : categoryName
org.hibernate.loader.plan.build.internal.AbstractLoadPlanBuildingAssociationVisitationStrategy 2015-04-14 23:23:13,352 TRACE - &gt;&gt; Starting attribute Attribute(name=categoryName, type=string [non-identifier])
org.hibernate.loader.plan.build.internal.AbstractLoadPlanBuildingAssociationVisitationStrategy 2015-04-14 23:23:13,352 TRACE - &lt;&lt; Finishing up attribute : Attribute(name=categoryName, type=string [non-identifier])
org.hibernate.persister.walking.spi.MetamodelGraphWalker 2015-04-14 23:23:13,352 DEBUG - Visiting attribute path : news
org.hibernate.loader.plan.build.internal.AbstractLoadPlanBuildingAssociationVisitationStrategy 2015-04-14 23:23:13,352 TRACE - &gt;&gt; Starting attribute Attribute(name=news, type=java.util.Set(pojos.Category.news) [non-identifier,association])
org.hibernate.loader.plan.build.internal.AbstractLoadPlanBuildingAssociationVisitationStrategy 2015-04-14 23:23:13,352 TRACE - &lt;&lt; Finishing up attribute : Attribute(name=news, type=java.util.Set(pojos.Category.news) [non-identifier,association])
org.hibernate.loader.plan.build.internal.AbstractLoadPlanBuildingAssociationVisitationStrategy 2015-04-14 23:23:13,352 TRACE - Popped fetch owner from stack : org.hibernate.loader.plan.build.internal.returns.EntityReturnImpl@6175619b
org.hibernate.loader.plan.build.internal.AbstractLoadPlanBuildingAssociationVisitationStrategy 2015-04-14 23:23:13,352 TRACE -  Finished root entity : pojos.Category
org.hibernate.loader.plan.build.internal.FetchStyleLoadPlanBuildingAssociationVisitationStrategy 2015-04-14 23:23:13,352 DEBUG - Building LoadPlan...
org.hibernate.loader.plan.exec.internal.LoadQueryJoinAndFetchProcessor 2015-04-14 23:23:13,352 DEBUG - processing queryspace &lt;gen:0&gt;
org.hibernate.loader.plan.build.spi.LoadPlanTreePrinter 2015-04-14 23:23:13,352 DEBUG - LoadPlan(entity=pojos.Category)
    - Returns
       - EntityReturnImpl(entity=pojos.Category, querySpaceUid=&lt;gen:0&gt;, path=pojos.Category)
    - QuerySpaces
       - EntityQuerySpaceImpl(uid=&lt;gen:0&gt;, entity=pojos.Category)
          - SQL table alias mapping - category0_
          - alias suffix - 0_
          - suffixed key columns - {category1_0_0_}

org.hibernate.loader.entity.plan.EntityLoader 2015-04-14 23:23:13,352 DEBUG - Static select for entity pojos.Category [UPGRADE_SKIPLOCKED]: select category0_.categoryId as category1_0_0_, category0_.categoryName as category2_0_0_ from Category category0_ where category0_.categoryId=? for update
org.hibernate.loader.plan.build.internal.AbstractLoadPlanBuildingAssociationVisitationStrategy 2015-04-14 23:23:13,352 TRACE -  Starting root entity : pojos.Category
org.hibernate.loader.plan.build.internal.spaces.QuerySpacesImpl 2015-04-14 23:23:13,352 DEBUG - Adding QuerySpace : uid = &lt;gen:0&gt; -&gt; org.hibernate.loader.plan.build.internal.spaces.EntityQuerySpaceImpl@2f058b8a]
org.hibernate.loader.plan.build.internal.AbstractLoadPlanBuildingAssociationVisitationStrategy 2015-04-14 23:23:13,352 TRACE - Pushing fetch source to stack : org.hibernate.loader.plan.build.internal.returns.EntityReturnImpl@756cf158
org.hibernate.loader.plan.build.internal.AbstractLoadPlanBuildingAssociationVisitationStrategy 2015-04-14 23:23:13,352 TRACE - .. Registering AssociationKey : AssociationKey(table=Category, columns={categoryId}) -&gt; org.hibernate.loader.plan.build.internal.returns.EntityReturnImpl@756cf158
org.hibernate.loader.plan.build.internal.AbstractLoadPlanBuildingAssociationVisitationStrategy 2015-04-14 23:23:13,352 TRACE - &gt;&gt; Starting entity identifier : pojos.Category
org.hibernate.persister.walking.spi.MetamodelGraphWalker 2015-04-14 23:23:13,352 DEBUG - Visiting attribute path : categoryName
org.hibernate.loader.plan.build.internal.AbstractLoadPlanBuildingAssociationVisitationStrategy 2015-04-14 23:23:13,352 TRACE - &gt;&gt; Starting attribute Attribute(name=categoryName, type=string [non-identifier])
org.hibernate.loader.plan.build.internal.AbstractLoadPlanBuildingAssociationVisitationStrategy 2015-04-14 23:23:13,352 TRACE - &lt;&lt; Finishing up attribute : Attribute(name=categoryName, type=string [non-identifier])
org.hibernate.persister.walking.spi.MetamodelGraphWalker 2015-04-14 23:23:13,352 DEBUG - Visiting attribute path : news
org.hibernate.loader.plan.build.internal.AbstractLoadPlanBuildingAssociationVisitationStrategy 2015-04-14 23:23:13,352 TRACE - &gt;&gt; Starting attribute Attribute(name=news, type=java.util.Set(pojos.Category.news) [non-identifier,association])
org.hibernate.loader.plan.build.internal.AbstractLoadPlanBuildingAssociationVisitationStrategy 2015-04-14 23:23:13,352 TRACE - &lt;&lt; Finishing up attribute : Attribute(name=news, type=java.util.Set(pojos.Category.news) [non-identifier,association])
org.hibernate.loader.plan.build.internal.AbstractLoadPlanBuildingAssociationVisitationStrategy 2015-04-14 23:23:13,352 TRACE - Popped fetch owner from stack : org.hibernate.loader.plan.build.internal.returns.EntityReturnImpl@756cf158
org.hibernate.loader.plan.build.internal.AbstractLoadPlanBuildingAssociationVisitationStrategy 2015-04-14 23:23:13,352 TRACE -  Finished root entity : pojos.Category
org.hibernate.loader.plan.build.internal.FetchStyleLoadPlanBuildingAssociationVisitationStrategy 2015-04-14 23:23:13,352 DEBUG - Building LoadPlan...
org.hibernate.loader.plan.exec.internal.LoadQueryJoinAndFetchProcessor 2015-04-14 23:23:13,352 DEBUG - processing queryspace &lt;gen:0&gt;
org.hibernate.loader.plan.build.spi.LoadPlanTreePrinter 2015-04-14 23:23:13,362 DEBUG - LoadPlan(entity=pojos.Category)
    - Returns
       - EntityReturnImpl(entity=pojos.Category, querySpaceUid=&lt;gen:0&gt;, path=pojos.Category)
    - QuerySpaces
       - EntityQuerySpaceImpl(uid=&lt;gen:0&gt;, entity=pojos.Category)
          - SQL table alias mapping - category0_
          - alias suffix - 0_
          - suffixed key columns - {category1_0_0_}

org.hibernate.loader.entity.plan.EntityLoader 2015-04-14 23:23:13,362 DEBUG - Static select for entity pojos.Category [FORCE]: select category0_.categoryId as category1_0_0_, category0_.categoryName as category2_0_0_ from Category category0_ where category0_.categoryId=? for update
org.hibernate.loader.plan.build.internal.AbstractLoadPlanBuildingAssociationVisitationStrategy 2015-04-14 23:23:13,362 TRACE -  Starting root entity : pojos.Category
org.hibernate.loader.plan.build.internal.spaces.QuerySpacesImpl 2015-04-14 23:23:13,362 DEBUG - Adding QuerySpace : uid = &lt;gen:0&gt; -&gt; org.hibernate.loader.plan.build.internal.spaces.EntityQuerySpaceImpl@3f2ef586]
org.hibernate.loader.plan.build.internal.AbstractLoadPlanBuildingAssociationVisitationStrategy 2015-04-14 23:23:13,362 TRACE - Pushing fetch source to stack : org.hibernate.loader.plan.build.internal.returns.EntityReturnImpl@751d3241
org.hibernate.loader.plan.build.internal.AbstractLoadPlanBuildingAssociationVisitationStrategy 2015-04-14 23:23:13,362 TRACE - .. Registering AssociationKey : AssociationKey(table=Category, columns={categoryId}) -&gt; org.hibernate.loader.plan.build.internal.returns.EntityReturnImpl@751d3241
org.hibernate.loader.plan.build.internal.AbstractLoadPlanBuildingAssociationVisitationStrategy 2015-04-14 23:23:13,362 TRACE - &gt;&gt; Starting entity identifier : pojos.Category
org.hibernate.persister.walking.spi.MetamodelGraphWalker 2015-04-14 23:23:13,362 DEBUG - Visiting attribute path : categoryName
org.hibernate.loader.plan.build.internal.AbstractLoadPlanBuildingAssociationVisitationStrategy 2015-04-14 23:23:13,362 TRACE - &gt;&gt; Starting attribute Attribute(name=categoryName, type=string [non-identifier])
org.hibernate.loader.plan.build.internal.AbstractLoadPlanBuildingAssociationVisitationStrategy 2015-04-14 23:23:13,362 TRACE - &lt;&lt; Finishing up attribute : Attribute(name=categoryName, type=string [non-identifier])
org.hibernate.persister.walking.spi.MetamodelGraphWalker 2015-04-14 23:23:13,362 DEBUG - Visiting attribute path : news
org.hibernate.loader.plan.build.internal.AbstractLoadPlanBuildingAssociationVisitationStrategy 2015-04-14 23:23:13,362 TRACE - &gt;&gt; Starting attribute Attribute(name=news, type=java.util.Set(pojos.Category.news) [non-identifier,association])
org.hibernate.loader.plan.build.internal.AbstractLoadPlanBuildingAssociationVisitationStrategy 2015-04-14 23:23:13,362 TRACE - &lt;&lt; Finishing up attribute : Attribute(name=news, type=java.util.Set(pojos.Category.news) [non-identifier,association])
org.hibernate.loader.plan.build.internal.AbstractLoadPlanBuildingAssociationVisitationStrategy 2015-04-14 23:23:13,362 TRACE - Popped fetch owner from stack : org.hibernate.loader.plan.build.internal.returns.EntityReturnImpl@751d3241
org.hibernate.loader.plan.build.internal.AbstractLoadPlanBuildingAssociationVisitationStrategy 2015-04-14 23:23:13,362 TRACE -  Finished root entity : pojos.Category
org.hibernate.loader.plan.build.internal.FetchStyleLoadPlanBuildingAssociationVisitationStrategy 2015-04-14 23:23:13,362 DEBUG - Building LoadPlan...
org.hibernate.loader.plan.exec.internal.LoadQueryJoinAndFetchProcessor 2015-04-14 23:23:13,362 DEBUG - processing queryspace &lt;gen:0&gt;
org.hibernate.loader.plan.build.spi.LoadPlanTreePrinter 2015-04-14 23:23:13,362 DEBUG - LoadPlan(entity=pojos.Category)
    - Returns
       - EntityReturnImpl(entity=pojos.Category, querySpaceUid=&lt;gen:0&gt;, path=pojos.Category)
    - QuerySpaces
       - EntityQuerySpaceImpl(uid=&lt;gen:0&gt;, entity=pojos.Category)
          - SQL table alias mapping - category0_
          - alias suffix - 0_
          - suffixed key columns - {category1_0_0_}

org.hibernate.loader.entity.plan.EntityLoader 2015-04-14 23:23:13,362 DEBUG - Static select for entity pojos.Category [PESSIMISTIC_READ]: select category0_.categoryId as category1_0_0_, category0_.categoryName as category2_0_0_ from Category category0_ where category0_.categoryId=? lock in share mode
org.hibernate.loader.plan.build.internal.AbstractLoadPlanBuildingAssociationVisitationStrategy 2015-04-14 23:23:13,362 TRACE -  Starting root entity : pojos.Category
org.hibernate.loader.plan.build.internal.spaces.QuerySpacesImpl 2015-04-14 23:23:13,362 DEBUG - Adding QuerySpace : uid = &lt;gen:0&gt; -&gt; org.hibernate.loader.plan.build.internal.spaces.EntityQuerySpaceImpl@76c7beb3]
org.hibernate.loader.plan.build.internal.AbstractLoadPlanBuildingAssociationVisitationStrategy 2015-04-14 23:23:13,362 TRACE - Pushing fetch source to stack : org.hibernate.loader.plan.build.internal.returns.EntityReturnImpl@64337702
org.hibernate.loader.plan.build.internal.AbstractLoadPlanBuildingAssociationVisitationStrategy 2015-04-14 23:23:13,362 TRACE - .. Registering AssociationKey : AssociationKey(table=Category, columns={categoryId}) -&gt; org.hibernate.loader.plan.build.internal.returns.EntityReturnImpl@64337702
org.hibernate.loader.plan.build.internal.AbstractLoadPlanBuildingAssociationVisitationStrategy 2015-04-14 23:23:13,362 TRACE - &gt;&gt; Starting entity identifier : pojos.Category
org.hibernate.persister.walking.spi.MetamodelGraphWalker 2015-04-14 23:23:13,362 DEBUG - Visiting attribute path : categoryName
org.hibernate.loader.plan.build.internal.AbstractLoadPlanBuildingAssociationVisitationStrategy 2015-04-14 23:23:13,362 TRACE - &gt;&gt; Starting attribute Attribute(name=categoryName, type=string [non-identifier])
org.hibernate.loader.plan.build.internal.AbstractLoadPlanBuildingAssociationVisitationStrategy 2015-04-14 23:23:13,362 TRACE - &lt;&lt; Finishing up attribute : Attribute(name=categoryName, type=string [non-identifier])
org.hibernate.persister.walking.spi.MetamodelGraphWalker 2015-04-14 23:23:13,372 DEBUG - Visiting attribute path : news
org.hibernate.loader.plan.build.internal.AbstractLoadPlanBuildingAssociationVisitationStrategy 2015-04-14 23:23:13,372 TRACE - &gt;&gt; Starting attribute Attribute(name=news, type=java.util.Set(pojos.Category.news) [non-identifier,association])
org.hibernate.loader.plan.build.internal.AbstractLoadPlanBuildingAssociationVisitationStrategy 2015-04-14 23:23:13,372 TRACE - &lt;&lt; Finishing up attribute : Attribute(name=news, type=java.util.Set(pojos.Category.news) [non-identifier,association])
org.hibernate.loader.plan.build.internal.AbstractLoadPlanBuildingAssociationVisitationStrategy 2015-04-14 23:23:13,372 TRACE - Popped fetch owner from stack : org.hibernate.loader.plan.build.internal.returns.EntityReturnImpl@64337702
org.hibernate.loader.plan.build.internal.AbstractLoadPlanBuildingAssociationVisitationStrategy 2015-04-14 23:23:13,372 TRACE -  Finished root entity : pojos.Category
org.hibernate.loader.plan.build.internal.FetchStyleLoadPlanBuildingAssociationVisitationStrategy 2015-04-14 23:23:13,372 DEBUG - Building LoadPlan...
org.hibernate.loader.plan.exec.internal.LoadQueryJoinAndFetchProcessor 2015-04-14 23:23:13,372 DEBUG - processing queryspace &lt;gen:0&gt;
org.hibernate.loader.plan.build.spi.LoadPlanTreePrinter 2015-04-14 23:23:13,372 DEBUG - LoadPlan(entity=pojos.Category)
    - Returns
       - EntityReturnImpl(entity=pojos.Category, querySpaceUid=&lt;gen:0&gt;, path=pojos.Category)
    - QuerySpaces
       - EntityQuerySpaceImpl(uid=&lt;gen:0&gt;, entity=pojos.Category)
          - SQL table alias mapping - category0_
          - alias suffix - 0_
          - suffixed key columns - {category1_0_0_}

org.hibernate.loader.entity.plan.EntityLoader 2015-04-14 23:23:13,372 DEBUG - Static select for entity pojos.Category [PESSIMISTIC_WRITE]: select category0_.categoryId as category1_0_0_, category0_.categoryName as category2_0_0_ from Category category0_ where category0_.categoryId=? for update
org.hibernate.loader.plan.build.internal.AbstractLoadPlanBuildingAssociationVisitationStrategy 2015-04-14 23:23:13,372 TRACE -  Starting root entity : pojos.Category
org.hibernate.loader.plan.build.internal.spaces.QuerySpacesImpl 2015-04-14 23:23:13,372 DEBUG - Adding QuerySpace : uid = &lt;gen:0&gt; -&gt; org.hibernate.loader.plan.build.internal.spaces.EntityQuerySpaceImpl@2cf92cc7]
org.hibernate.loader.plan.build.internal.AbstractLoadPlanBuildingAssociationVisitationStrategy 2015-04-14 23:23:13,372 TRACE - Pushing fetch source to stack : org.hibernate.loader.plan.build.internal.returns.EntityReturnImpl@30ea8c23
org.hibernate.loader.plan.build.internal.AbstractLoadPlanBuildingAssociationVisitationStrategy 2015-04-14 23:23:13,372 TRACE - .. Registering AssociationKey : AssociationKey(table=Category, columns={categoryId}) -&gt; org.hibernate.loader.plan.build.internal.returns.EntityReturnImpl@30ea8c23
org.hibernate.loader.plan.build.internal.AbstractLoadPlanBuildingAssociationVisitationStrategy 2015-04-14 23:23:13,372 TRACE - &gt;&gt; Starting entity identifier : pojos.Category
org.hibernate.persister.walking.spi.MetamodelGraphWalker 2015-04-14 23:23:13,372 DEBUG - Visiting attribute path : categoryName
org.hibernate.loader.plan.build.internal.AbstractLoadPlanBuildingAssociationVisitationStrategy 2015-04-14 23:23:13,372 TRACE - &gt;&gt; Starting attribute Attribute(name=categoryName, type=string [non-identifier])
org.hibernate.loader.plan.build.internal.AbstractLoadPlanBuildingAssociationVisitationStrategy 2015-04-14 23:23:13,372 TRACE - &lt;&lt; Finishing up attribute : Attribute(name=categoryName, type=string [non-identifier])
org.hibernate.persister.walking.spi.MetamodelGraphWalker 2015-04-14 23:23:13,372 DEBUG - Visiting attribute path : news
org.hibernate.loader.plan.build.internal.AbstractLoadPlanBuildingAssociationVisitationStrategy 2015-04-14 23:23:13,372 TRACE - &gt;&gt; Starting attribute Attribute(name=news, type=java.util.Set(pojos.Category.news) [non-identifier,association])
org.hibernate.loader.plan.build.internal.AbstractLoadPlanBuildingAssociationVisitationStrategy 2015-04-14 23:23:13,372 TRACE - &lt;&lt; Finishing up attribute : Attribute(name=news, type=java.util.Set(pojos.Category.news) [non-identifier,association])
org.hibernate.loader.plan.build.internal.AbstractLoadPlanBuildingAssociationVisitationStrategy 2015-04-14 23:23:13,372 TRACE - Popped fetch owner from stack : org.hibernate.loader.plan.build.internal.returns.EntityReturnImpl@30ea8c23
org.hibernate.loader.plan.build.internal.AbstractLoadPlanBuildingAssociationVisitationStrategy 2015-04-14 23:23:13,372 TRACE -  Finished root entity : pojos.Category
org.hibernate.loader.plan.build.internal.FetchStyleLoadPlanBuildingAssociationVisitationStrategy 2015-04-14 23:23:13,372 DEBUG - Building LoadPlan...
org.hibernate.loader.plan.exec.internal.LoadQueryJoinAndFetchProcessor 2015-04-14 23:23:13,372 DEBUG - processing queryspace &lt;gen:0&gt;
org.hibernate.loader.plan.build.spi.LoadPlanTreePrinter 2015-04-14 23:23:13,372 DEBUG - LoadPlan(entity=pojos.Category)
    - Returns
       - EntityReturnImpl(entity=pojos.Category, querySpaceUid=&lt;gen:0&gt;, path=pojos.Category)
    - QuerySpaces
       - EntityQuerySpaceImpl(uid=&lt;gen:0&gt;, entity=pojos.Category)
          - SQL table alias mapping - category0_
          - alias suffix - 0_
          - suffixed key columns - {category1_0_0_}

org.hibernate.loader.entity.plan.EntityLoader 2015-04-14 23:23:13,372 DEBUG - Static select for entity pojos.Category [PESSIMISTIC_FORCE_INCREMENT]: select category0_.categoryId as category1_0_0_, category0_.categoryName as category2_0_0_ from Category category0_ where category0_.categoryId=? for update
org.hibernate.loader.plan.build.internal.AbstractLoadPlanBuildingAssociationVisitationStrategy 2015-04-14 23:23:13,372 TRACE -  Starting root entity : pojos.Category
org.hibernate.loader.plan.build.internal.spaces.QuerySpacesImpl 2015-04-14 23:23:13,372 DEBUG - Adding QuerySpace : uid = &lt;gen:0&gt; -&gt; org.hibernate.loader.plan.build.internal.spaces.EntityQuerySpaceImpl@7b139eab]
org.hibernate.loader.plan.build.internal.AbstractLoadPlanBuildingAssociationVisitationStrategy 2015-04-14 23:23:13,372 TRACE - Pushing fetch source to stack : org.hibernate.loader.plan.build.internal.returns.EntityReturnImpl@4e76dac
org.hibernate.loader.plan.build.internal.AbstractLoadPlanBuildingAssociationVisitationStrategy 2015-04-14 23:23:13,372 TRACE - .. Registering AssociationKey : AssociationKey(table=Category, columns={categoryId}) -&gt; org.hibernate.loader.plan.build.internal.returns.EntityReturnImpl@4e76dac
org.hibernate.loader.plan.build.internal.AbstractLoadPlanBuildingAssociationVisitationStrategy 2015-04-14 23:23:13,372 TRACE - &gt;&gt; Starting entity identifier : pojos.Category
org.hibernate.persister.walking.spi.MetamodelGraphWalker 2015-04-14 23:23:13,372 DEBUG - Visiting attribute path : categoryName
org.hibernate.loader.plan.build.internal.AbstractLoadPlanBuildingAssociationVisitationStrategy 2015-04-14 23:23:13,372 TRACE - &gt;&gt; Starting attribute Attribute(name=categoryName, type=string [non-identifier])
org.hibernate.loader.plan.build.internal.AbstractLoadPlanBuildingAssociationVisitationStrategy 2015-04-14 23:23:13,372 TRACE - &lt;&lt; Finishing up attribute : Attribute(name=categoryName, type=string [non-identifier])
org.hibernate.persister.walking.spi.MetamodelGraphWalker 2015-04-14 23:23:13,372 DEBUG - Visiting attribute path : news
org.hibernate.loader.plan.build.internal.AbstractLoadPlanBuildingAssociationVisitationStrategy 2015-04-14 23:23:13,372 TRACE - &gt;&gt; Starting attribute Attribute(name=news, type=java.util.Set(pojos.Category.news) [non-identifier,association])
org.hibernate.loader.plan.build.internal.AbstractLoadPlanBuildingAssociationVisitationStrategy 2015-04-14 23:23:13,372 TRACE - &lt;&lt; Finishing up attribute : Attribute(name=news, type=java.util.Set(pojos.Category.news) [non-identifier,association])
org.hibernate.loader.plan.build.internal.AbstractLoadPlanBuildingAssociationVisitationStrategy 2015-04-14 23:23:13,372 TRACE - Popped fetch owner from stack : org.hibernate.loader.plan.build.internal.returns.EntityReturnImpl@4e76dac
org.hibernate.loader.plan.build.internal.AbstractLoadPlanBuildingAssociationVisitationStrategy 2015-04-14 23:23:13,372 TRACE -  Finished root entity : pojos.Category
org.hibernate.loader.plan.build.internal.FetchStyleLoadPlanBuildingAssociationVisitationStrategy 2015-04-14 23:23:13,372 DEBUG - Building LoadPlan...
org.hibernate.loader.plan.exec.internal.LoadQueryJoinAndFetchProcessor 2015-04-14 23:23:13,372 DEBUG - processing queryspace &lt;gen:0&gt;
org.hibernate.loader.plan.build.spi.LoadPlanTreePrinter 2015-04-14 23:23:13,382 DEBUG - LoadPlan(entity=pojos.Category)
    - Returns
       - EntityReturnImpl(entity=pojos.Category, querySpaceUid=&lt;gen:0&gt;, path=pojos.Category)
    - QuerySpaces
       - EntityQuerySpaceImpl(uid=&lt;gen:0&gt;, entity=pojos.Category)
          - SQL table alias mapping - category0_
          - alias suffix - 0_
          - suffixed key columns - {category1_0_0_}

org.hibernate.loader.entity.plan.EntityLoader 2015-04-14 23:23:13,382 DEBUG - Static select for entity pojos.Category [OPTIMISTIC]: select category0_.categoryId as category1_0_0_, category0_.categoryName as category2_0_0_ from Category category0_ where category0_.categoryId=?
org.hibernate.loader.plan.build.internal.AbstractLoadPlanBuildingAssociationVisitationStrategy 2015-04-14 23:23:13,382 TRACE -  Starting root entity : pojos.Category
org.hibernate.loader.plan.build.internal.spaces.QuerySpacesImpl 2015-04-14 23:23:13,382 DEBUG - Adding QuerySpace : uid = &lt;gen:0&gt; -&gt; org.hibernate.loader.plan.build.internal.spaces.EntityQuerySpaceImpl@611df6e3]
org.hibernate.loader.plan.build.internal.AbstractLoadPlanBuildingAssociationVisitationStrategy 2015-04-14 23:23:13,382 TRACE - Pushing fetch source to stack : org.hibernate.loader.plan.build.internal.returns.EntityReturnImpl@5f2f577
org.hibernate.loader.plan.build.internal.AbstractLoadPlanBuildingAssociationVisitationStrategy 2015-04-14 23:23:13,382 TRACE - .. Registering AssociationKey : AssociationKey(table=Category, columns={categoryId}) -&gt; org.hibernate.loader.plan.build.internal.returns.EntityReturnImpl@5f2f577
org.hibernate.loader.plan.build.internal.AbstractLoadPlanBuildingAssociationVisitationStrategy 2015-04-14 23:23:13,382 TRACE - &gt;&gt; Starting entity identifier : pojos.Category
org.hibernate.persister.walking.spi.MetamodelGraphWalker 2015-04-14 23:23:13,382 DEBUG - Visiting attribute path : categoryName
org.hibernate.loader.plan.build.internal.AbstractLoadPlanBuildingAssociationVisitationStrategy 2015-04-14 23:23:13,382 TRACE - &gt;&gt; Starting attribute Attribute(name=categoryName, type=string [non-identifier])
org.hibernate.loader.plan.build.internal.AbstractLoadPlanBuildingAssociationVisitationStrategy 2015-04-14 23:23:13,382 TRACE - &lt;&lt; Finishing up attribute : Attribute(name=categoryName, type=string [non-identifier])
org.hibernate.persister.walking.spi.MetamodelGraphWalker 2015-04-14 23:23:13,382 DEBUG - Visiting attribute path : news
org.hibernate.loader.plan.build.internal.AbstractLoadPlanBuildingAssociationVisitationStrategy 2015-04-14 23:23:13,382 TRACE - &gt;&gt; Starting attribute Attribute(name=news, type=java.util.Set(pojos.Category.news) [non-identifier,association])
org.hibernate.loader.plan.build.internal.AbstractLoadPlanBuildingAssociationVisitationStrategy 2015-04-14 23:23:13,382 TRACE - &lt;&lt; Finishing up attribute : Attribute(name=news, type=java.util.Set(pojos.Category.news) [non-identifier,association])
org.hibernate.loader.plan.build.internal.AbstractLoadPlanBuildingAssociationVisitationStrategy 2015-04-14 23:23:13,382 TRACE - Popped fetch owner from stack : org.hibernate.loader.plan.build.internal.returns.EntityReturnImpl@5f2f577
org.hibernate.loader.plan.build.internal.AbstractLoadPlanBuildingAssociationVisitationStrategy 2015-04-14 23:23:13,382 TRACE -  Finished root entity : pojos.Category
org.hibernate.loader.plan.build.internal.FetchStyleLoadPlanBuildingAssociationVisitationStrategy 2015-04-14 23:23:13,382 DEBUG - Building LoadPlan...
org.hibernate.loader.plan.exec.internal.LoadQueryJoinAndFetchProcessor 2015-04-14 23:23:13,382 DEBUG - processing queryspace &lt;gen:0&gt;
org.hibernate.loader.plan.build.spi.LoadPlanTreePrinter 2015-04-14 23:23:13,382 DEBUG - LoadPlan(entity=pojos.Category)
    - Returns
       - EntityReturnImpl(entity=pojos.Category, querySpaceUid=&lt;gen:0&gt;, path=pojos.Category)
    - QuerySpaces
       - EntityQuerySpaceImpl(uid=&lt;gen:0&gt;, entity=pojos.Category)
          - SQL table alias mapping - category0_
          - alias suffix - 0_
          - suffixed key columns - {category1_0_0_}

org.hibernate.loader.entity.plan.EntityLoader 2015-04-14 23:23:13,382 DEBUG - Static select for entity pojos.Category [OPTIMISTIC_FORCE_INCREMENT]: select category0_.categoryId as category1_0_0_, category0_.categoryName as category2_0_0_ from Category category0_ where category0_.categoryId=?
org.hibernate.loader.entity.CascadeEntityLoader 2015-04-14 23:23:13,382 DEBUG - Static select for action ACTION_MERGE on entity pojos.Category: select category0_.categoryId as category1_0_0_, category0_.categoryName as category2_0_0_ from Category category0_ where category0_.categoryId=?
org.hibernate.loader.entity.CascadeEntityLoader 2015-04-14 23:23:13,382 DEBUG - Static select for action ACTION_REFRESH on entity pojos.Category: select category0_.categoryId as category1_0_0_, category0_.categoryName as category2_0_0_ from Category category0_ where category0_.categoryId=?
org.hibernate.persister.entity.AbstractEntityPersister 2015-04-14 23:23:13,382 DEBUG - Static SQL for entity: pojos.Permissions
org.hibernate.persister.entity.AbstractEntityPersister 2015-04-14 23:23:13,382 DEBUG -  Version select: select roleId from Permissions where roleId =?
org.hibernate.persister.entity.AbstractEntityPersister 2015-04-14 23:23:13,382 DEBUG -  Snapshot select: select permission_.roleId, permission_.addNews as addNews2_2_, permission_.deleteNews as deleteNe3_2_, permission_.readNews as readNews4_2_, permission_.role as role6_2_, permission_.updateNews as updateNe5_2_ from Permissions permission_ where permission_.roleId=?
org.hibernate.persister.entity.AbstractEntityPersister 2015-04-14 23:23:13,382 DEBUG -  Insert 0: insert into Permissions (addNews, deleteNews, readNews, role, updateNews, roleId) values (?, ?, ?, ?, ?, ?)
org.hibernate.persister.entity.AbstractEntityPersister 2015-04-14 23:23:13,382 DEBUG -  Update 0: update Permissions set addNews=?, deleteNews=?, readNews=?, role=?, updateNews=? where roleId=?
org.hibernate.persister.entity.AbstractEntityPersister 2015-04-14 23:23:13,382 DEBUG -  Delete 0: delete from Permissions where roleId=?
org.hibernate.loader.plan.build.internal.AbstractLoadPlanBuildingAssociationVisitationStrategy 2015-04-14 23:23:13,382 TRACE -  Starting root entity : pojos.Permissions
org.hibernate.loader.plan.build.internal.spaces.QuerySpacesImpl 2015-04-14 23:23:13,382 DEBUG - Adding QuerySpace : uid = &lt;gen:0&gt; -&gt; org.hibernate.loader.plan.build.internal.spaces.EntityQuerySpaceImpl@6273c5a4]
org.hibernate.loader.plan.build.internal.AbstractLoadPlanBuildingAssociationVisitationStrategy 2015-04-14 23:23:13,382 TRACE - Pushing fetch source to stack : org.hibernate.loader.plan.build.internal.returns.EntityReturnImpl@5d465e4b
org.hibernate.loader.plan.build.internal.AbstractLoadPlanBuildingAssociationVisitationStrategy 2015-04-14 23:23:13,382 TRACE - .. Registering AssociationKey : AssociationKey(table=Permissions, columns={roleId}) -&gt; org.hibernate.loader.plan.build.internal.returns.EntityReturnImpl@5d465e4b
org.hibernate.loader.plan.build.internal.AbstractLoadPlanBuildingAssociationVisitationStrategy 2015-04-14 23:23:13,382 TRACE - &gt;&gt; Starting entity identifier : pojos.Permissions
org.hibernate.persister.walking.spi.MetamodelGraphWalker 2015-04-14 23:23:13,382 DEBUG - Visiting attribute path : addNews
org.hibernate.loader.plan.build.internal.AbstractLoadPlanBuildingAssociationVisitationStrategy 2015-04-14 23:23:13,382 TRACE - &gt;&gt; Starting attribute Attribute(name=addNews, type=boolean [non-identifier])
org.hibernate.loader.plan.build.internal.AbstractLoadPlanBuildingAssociationVisitationStrategy 2015-04-14 23:23:13,382 TRACE - &lt;&lt; Finishing up attribute : Attribute(name=addNews, type=boolean [non-identifier])
org.hibernate.persister.walking.spi.MetamodelGraphWalker 2015-04-14 23:23:13,382 DEBUG - Visiting attribute path : deleteNews
org.hibernate.loader.plan.build.internal.AbstractLoadPlanBuildingAssociationVisitationStrategy 2015-04-14 23:23:13,382 TRACE - &gt;&gt; Starting attribute Attribute(name=deleteNews, type=boolean [non-identifier])
org.hibernate.loader.plan.build.internal.AbstractLoadPlanBuildingAssociationVisitationStrategy 2015-04-14 23:23:13,392 TRACE - &lt;&lt; Finishing up attribute : Attribute(name=deleteNews, type=boolean [non-identifier])
org.hibernate.persister.walking.spi.MetamodelGraphWalker 2015-04-14 23:23:13,392 DEBUG - Visiting attribute path : readNews
org.hibernate.loader.plan.build.internal.AbstractLoadPlanBuildingAssociationVisitationStrategy 2015-04-14 23:23:13,392 TRACE - &gt;&gt; Starting attribute Attribute(name=readNews, type=boolean [non-identifier])
org.hibernate.loader.plan.build.internal.AbstractLoadPlanBuildingAssociationVisitationStrategy 2015-04-14 23:23:13,392 TRACE - &lt;&lt; Finishing up attribute : Attribute(name=readNews, type=boolean [non-identifier])
org.hibernate.persister.walking.spi.MetamodelGraphWalker 2015-04-14 23:23:13,392 DEBUG - Visiting attribute path : role
org.hibernate.loader.plan.build.internal.AbstractLoadPlanBuildingAssociationVisitationStrategy 2015-04-14 23:23:13,392 TRACE - &gt;&gt; Starting attribute Attribute(name=role, type=pojos.Roles [non-identifier,association])
org.hibernate.loader.plan.build.internal.spaces.QuerySpacesImpl 2015-04-14 23:23:13,392 DEBUG - Adding QuerySpace : uid = &lt;gen:1&gt; -&gt; org.hibernate.loader.plan.build.internal.spaces.EntityQuerySpaceImpl@53e211ee]
org.hibernate.loader.plan.build.internal.AbstractLoadPlanBuildingAssociationVisitationStrategy 2015-04-14 23:23:13,392 TRACE - Pushing fetch source to stack : org.hibernate.loader.plan.build.internal.returns.EntityAttributeFetchImpl@41a90fa8
org.hibernate.loader.plan.build.internal.AbstractLoadPlanBuildingAssociationVisitationStrategy 2015-04-14 23:23:13,392 TRACE - .... Registering AssociationKey : AssociationKey(table=Permissions, columns={role}) -&gt; org.hibernate.loader.plan.build.internal.returns.EntityAttributeFetchImpl@41a90fa8
org.hibernate.loader.plan.build.internal.AbstractLoadPlanBuildingAssociationVisitationStrategy 2015-04-14 23:23:13,392 TRACE - &gt;&gt;&gt;&gt; Starting entity identifier : pojos.Roles
org.hibernate.persister.walking.spi.MetamodelGraphWalker 2015-04-14 23:23:13,392 DEBUG - Visiting attribute path : role.roleType
org.hibernate.loader.plan.build.internal.AbstractLoadPlanBuildingAssociationVisitationStrategy 2015-04-14 23:23:13,392 TRACE - &gt;&gt;&gt;&gt; Starting attribute Attribute(name=roleType, type=string [non-identifier])
org.hibernate.loader.plan.build.internal.AbstractLoadPlanBuildingAssociationVisitationStrategy 2015-04-14 23:23:13,392 TRACE - &lt;&lt;&lt;&lt; Finishing up attribute : Attribute(name=roleType, type=string [non-identifier])
org.hibernate.persister.walking.spi.MetamodelGraphWalker 2015-04-14 23:23:13,392 DEBUG - Visiting attribute path : role.users
org.hibernate.loader.plan.build.internal.AbstractLoadPlanBuildingAssociationVisitationStrategy 2015-04-14 23:23:13,392 TRACE - &gt;&gt;&gt;&gt; Starting attribute Attribute(name=users, type=java.util.Set(pojos.Roles.users) [non-identifier,association])
org.hibernate.loader.plan.build.internal.AbstractLoadPlanBuildingAssociationVisitationStrategy 2015-04-14 23:23:13,392 TRACE - &lt;&lt;&lt;&lt; Finishing up attribute : Attribute(name=users, type=java.util.Set(pojos.Roles.users) [non-identifier,association])
org.hibernate.persister.walking.spi.MetamodelGraphWalker 2015-04-14 23:23:13,392 DEBUG - Visiting attribute path : role.permission
org.hibernate.persister.walking.spi.MetamodelGraphWalker 2015-04-14 23:23:13,392 DEBUG - Property path deemed to be circular : role.permission
org.hibernate.loader.plan.build.internal.AbstractLoadPlanBuildingAssociationVisitationStrategy 2015-04-14 23:23:13,392 TRACE - Popped fetch owner from stack : org.hibernate.loader.plan.build.internal.returns.EntityAttributeFetchImpl@41a90fa8
org.hibernate.loader.plan.build.internal.AbstractLoadPlanBuildingAssociationVisitationStrategy 2015-04-14 23:23:13,402 TRACE - &lt;&lt; Finishing up attribute : Attribute(name=role, type=pojos.Roles [non-identifier,association])
org.hibernate.persister.walking.spi.MetamodelGraphWalker 2015-04-14 23:23:13,402 DEBUG - Visiting attribute path : updateNews
org.hibernate.loader.plan.build.internal.AbstractLoadPlanBuildingAssociationVisitationStrategy 2015-04-14 23:23:13,402 TRACE - &gt;&gt; Starting attribute Attribute(name=updateNews, type=boolean [non-identifier])
org.hibernate.loader.plan.build.internal.AbstractLoadPlanBuildingAssociationVisitationStrategy 2015-04-14 23:23:13,402 TRACE - &lt;&lt; Finishing up attribute : Attribute(name=updateNews, type=boolean [non-identifier])
org.hibernate.loader.plan.build.internal.AbstractLoadPlanBuildingAssociationVisitationStrategy 2015-04-14 23:23:13,402 TRACE - Popped fetch owner from stack : org.hibernate.loader.plan.build.internal.returns.EntityReturnImpl@5d465e4b
org.hibernate.loader.plan.build.internal.AbstractLoadPlanBuildingAssociationVisitationStrategy 2015-04-14 23:23:13,402 TRACE -  Finished root entity : pojos.Permissions
org.hibernate.loader.plan.build.internal.FetchStyleLoadPlanBuildingAssociationVisitationStrategy 2015-04-14 23:23:13,402 DEBUG - Building LoadPlan...
org.hibernate.loader.plan.exec.internal.LoadQueryJoinAndFetchProcessor 2015-04-14 23:23:13,402 DEBUG - processing queryspace &lt;gen:0&gt;
org.hibernate.loader.plan.build.spi.LoadPlanTreePrinter 2015-04-14 23:23:13,402 DEBUG - LoadPlan(entity=pojos.Permissions)
    - Returns
       - EntityReturnImpl(entity=pojos.Permissions, querySpaceUid=&lt;gen:0&gt;, path=pojos.Permissions)
          - EntityAttributeFetchImpl(entity=pojos.Roles, querySpaceUid=&lt;gen:1&gt;, path=pojos.Permissions.role)
    - QuerySpaces
       - EntityQuerySpaceImpl(uid=&lt;gen:0&gt;, entity=pojos.Permissions)
          - SQL table alias mapping - permission0_
          - alias suffix - 0_
          - suffixed key columns - {roleId1_2_0_}
          - JOIN (JoinDefinedByMetadata(role)) : &lt;gen:0&gt; -&gt; &lt;gen:1&gt;
             - EntityQuerySpaceImpl(uid=&lt;gen:1&gt;, entity=pojos.Roles)
                - SQL table alias mapping - roles1_
                - alias suffix - 1_
                - suffixed key columns - {roleId1_3_1_}

org.hibernate.loader.entity.plan.EntityLoader 2015-04-14 23:23:13,402 DEBUG - Static select for entity pojos.Permissions [NONE]: select permission0_.roleId as roleId1_2_0_, permission0_.addNews as addNews2_2_0_, permission0_.deleteNews as deleteNe3_2_0_, permission0_.readNews as readNews4_2_0_, permission0_.role as role6_2_0_, permission0_.updateNews as updateNe5_2_0_, roles1_.roleId as roleId1_3_1_, roles1_.roleType as roleType2_3_1_ from Permissions permission0_ left outer join Roles roles1_ on permission0_.role=roles1_.roleId where permission0_.roleId=?
org.hibernate.loader.plan.build.internal.AbstractLoadPlanBuildingAssociationVisitationStrategy 2015-04-14 23:23:13,402 TRACE -  Starting root entity : pojos.Permissions
org.hibernate.loader.plan.build.internal.spaces.QuerySpacesImpl 2015-04-14 23:23:13,402 DEBUG - Adding QuerySpace : uid = &lt;gen:0&gt; -&gt; org.hibernate.loader.plan.build.internal.spaces.EntityQuerySpaceImpl@117e0fe5]
org.hibernate.loader.plan.build.internal.AbstractLoadPlanBuildingAssociationVisitationStrategy 2015-04-14 23:23:13,402 TRACE - Pushing fetch source to stack : org.hibernate.loader.plan.build.internal.returns.EntityReturnImpl@18a3962d
org.hibernate.loader.plan.build.internal.AbstractLoadPlanBuildingAssociationVisitationStrategy 2015-04-14 23:23:13,402 TRACE - .. Registering AssociationKey : AssociationKey(table=Permissions, columns={roleId}) -&gt; org.hibernate.loader.plan.build.internal.returns.EntityReturnImpl@18a3962d
org.hibernate.loader.plan.build.internal.AbstractLoadPlanBuildingAssociationVisitationStrategy 2015-04-14 23:23:13,402 TRACE - &gt;&gt; Starting entity identifier : pojos.Permissions
org.hibernate.persister.walking.spi.MetamodelGraphWalker 2015-04-14 23:23:13,402 DEBUG - Visiting attribute path : addNews
org.hibernate.loader.plan.build.internal.AbstractLoadPlanBuildingAssociationVisitationStrategy 2015-04-14 23:23:13,402 TRACE - &gt;&gt; Starting attribute Attribute(name=addNews, type=boolean [non-identifier])
org.hibernate.loader.plan.build.internal.AbstractLoadPlanBuildingAssociationVisitationStrategy 2015-04-14 23:23:13,402 TRACE - &lt;&lt; Finishing up attribute : Attribute(name=addNews, type=boolean [non-identifier])
org.hibernate.persister.walking.spi.MetamodelGraphWalker 2015-04-14 23:23:13,402 DEBUG - Visiting attribute path : deleteNews
org.hibernate.loader.plan.build.internal.AbstractLoadPlanBuildingAssociationVisitationStrategy 2015-04-14 23:23:13,402 TRACE - &gt;&gt; Starting attribute Attribute(name=deleteNews, type=boolean [non-identifier])
org.hibernate.loader.plan.build.internal.AbstractLoadPlanBuildingAssociationVisitationStrategy 2015-04-14 23:23:13,402 TRACE - &lt;&lt; Finishing up attribute : Attribute(name=deleteNews, type=boolean [non-identifier])
org.hibernate.persister.walking.spi.MetamodelGraphWalker 2015-04-14 23:23:13,402 DEBUG - Visiting attribute path : readNews
org.hibernate.loader.plan.build.internal.AbstractLoadPlanBuildingAssociationVisitationStrategy 2015-04-14 23:23:13,402 TRACE - &gt;&gt; Starting attribute Attribute(name=readNews, type=boolean [non-identifier])
org.hibernate.loader.plan.build.internal.AbstractLoadPlanBuildingAssociationVisitationStrategy 2015-04-14 23:23:13,402 TRACE - &lt;&lt; Finishing up attribute : Attribute(name=readNews, type=boolean [non-identifier])
org.hibernate.persister.walking.spi.MetamodelGraphWalker 2015-04-14 23:23:13,402 DEBUG - Visiting attribute path : role
org.hibernate.loader.plan.build.internal.AbstractLoadPlanBuildingAssociationVisitationStrategy 2015-04-14 23:23:13,402 TRACE - &gt;&gt; Starting attribute Attribute(name=role, type=pojos.Roles [non-identifier,association])
org.hibernate.loader.plan.build.internal.spaces.QuerySpacesImpl 2015-04-14 23:23:13,402 DEBUG - Adding QuerySpace : uid = &lt;gen:1&gt; -&gt; org.hibernate.loader.plan.build.internal.spaces.EntityQuerySpaceImpl@78aea4b9]
org.hibernate.loader.plan.build.internal.AbstractLoadPlanBuildingAssociationVisitationStrategy 2015-04-14 23:23:13,402 TRACE - Pushing fetch source to stack : org.hibernate.loader.plan.build.internal.returns.EntityAttributeFetchImpl@2a65bb85
org.hibernate.loader.plan.build.internal.AbstractLoadPlanBuildingAssociationVisitationStrategy 2015-04-14 23:23:13,402 TRACE - .... Registering AssociationKey : AssociationKey(table=Permissions, columns={role}) -&gt; org.hibernate.loader.plan.build.internal.returns.EntityAttributeFetchImpl@2a65bb85
org.hibernate.loader.plan.build.internal.AbstractLoadPlanBuildingAssociationVisitationStrategy 2015-04-14 23:23:13,402 TRACE - &gt;&gt;&gt;&gt; Starting entity identifier : pojos.Roles
org.hibernate.persister.walking.spi.MetamodelGraphWalker 2015-04-14 23:23:13,402 DEBUG - Visiting attribute path : role.roleType
org.hibernate.loader.plan.build.internal.AbstractLoadPlanBuildingAssociationVisitationStrategy 2015-04-14 23:23:13,402 TRACE - &gt;&gt;&gt;&gt; Starting attribute Attribute(name=roleType, type=string [non-identifier])
org.hibernate.loader.plan.build.internal.AbstractLoadPlanBuildingAssociationVisitationStrategy 2015-04-14 23:23:13,402 TRACE - &lt;&lt;&lt;&lt; Finishing up attribute : Attribute(name=roleType, type=string [non-identifier])
org.hibernate.persister.walking.spi.MetamodelGraphWalker 2015-04-14 23:23:13,412 DEBUG - Visiting attribute path : role.users
org.hibernate.loader.plan.build.internal.AbstractLoadPlanBuildingAssociationVisitationStrategy 2015-04-14 23:23:13,412 TRACE - &gt;&gt;&gt;&gt; Starting attribute Attribute(name=users, type=java.util.Set(pojos.Roles.users) [non-identifier,association])
org.hibernate.loader.plan.build.internal.AbstractLoadPlanBuildingAssociationVisitationStrategy 2015-04-14 23:23:13,412 TRACE - &lt;&lt;&lt;&lt; Finishing up attribute : Attribute(name=users, type=java.util.Set(pojos.Roles.users) [non-identifier,association])
org.hibernate.persister.walking.spi.MetamodelGraphWalker 2015-04-14 23:23:13,412 DEBUG - Visiting attribute path : role.permission
org.hibernate.persister.walking.spi.MetamodelGraphWalker 2015-04-14 23:23:13,412 DEBUG - Property path deemed to be circular : role.permission
org.hibernate.loader.plan.build.internal.AbstractLoadPlanBuildingAssociationVisitationStrategy 2015-04-14 23:23:13,412 TRACE - Popped fetch owner from stack : org.hibernate.loader.plan.build.internal.returns.EntityAttributeFetchImpl@2a65bb85
org.hibernate.loader.plan.build.internal.AbstractLoadPlanBuildingAssociationVisitationStrategy 2015-04-14 23:23:13,412 TRACE - &lt;&lt; Finishing up attribute : Attribute(name=role, type=pojos.Roles [non-identifier,association])
org.hibernate.persister.walking.spi.MetamodelGraphWalker 2015-04-14 23:23:13,412 DEBUG - Visiting attribute path : updateNews
org.hibernate.loader.plan.build.internal.AbstractLoadPlanBuildingAssociationVisitationStrategy 2015-04-14 23:23:13,412 TRACE - &gt;&gt; Starting attribute Attribute(name=updateNews, type=boolean [non-identifier])
org.hibernate.loader.plan.build.internal.AbstractLoadPlanBuildingAssociationVisitationStrategy 2015-04-14 23:23:13,412 TRACE - &lt;&lt; Finishing up attribute : Attribute(name=updateNews, type=boolean [non-identifier])
org.hibernate.loader.plan.build.internal.AbstractLoadPlanBuildingAssociationVisitationStrategy 2015-04-14 23:23:13,412 TRACE - Popped fetch owner from stack : org.hibernate.loader.plan.build.internal.returns.EntityReturnImpl@18a3962d
org.hibernate.loader.plan.build.internal.AbstractLoadPlanBuildingAssociationVisitationStrategy 2015-04-14 23:23:13,412 TRACE -  Finished root entity : pojos.Permissions
org.hibernate.loader.plan.build.internal.FetchStyleLoadPlanBuildingAssociationVisitationStrategy 2015-04-14 23:23:13,412 DEBUG - Building LoadPlan...
org.hibernate.loader.plan.exec.internal.LoadQueryJoinAndFetchProcessor 2015-04-14 23:23:13,412 DEBUG - processing queryspace &lt;gen:0&gt;
org.hibernate.loader.plan.build.spi.LoadPlanTreePrinter 2015-04-14 23:23:13,412 DEBUG - LoadPlan(entity=pojos.Permissions)
    - Returns
       - EntityReturnImpl(entity=pojos.Permissions, querySpaceUid=&lt;gen:0&gt;, path=pojos.Permissions)
          - EntityAttributeFetchImpl(entity=pojos.Roles, querySpaceUid=&lt;gen:1&gt;, path=pojos.Permissions.role)
    - QuerySpaces
       - EntityQuerySpaceImpl(uid=&lt;gen:0&gt;, entity=pojos.Permissions)
          - SQL table alias mapping - permission0_
          - alias suffix - 0_
          - suffixed key columns - {roleId1_2_0_}
          - JOIN (JoinDefinedByMetadata(role)) : &lt;gen:0&gt; -&gt; &lt;gen:1&gt;
             - EntityQuerySpaceImpl(uid=&lt;gen:1&gt;, entity=pojos.Roles)
                - SQL table alias mapping - roles1_
                - alias suffix - 1_
                - suffixed key columns - {roleId1_3_1_}

org.hibernate.loader.entity.plan.EntityLoader 2015-04-14 23:23:13,412 DEBUG - Static select for entity pojos.Permissions [READ]: select permission0_.roleId as roleId1_2_0_, permission0_.addNews as addNews2_2_0_, permission0_.deleteNews as deleteNe3_2_0_, permission0_.readNews as readNews4_2_0_, permission0_.role as role6_2_0_, permission0_.updateNews as updateNe5_2_0_, roles1_.roleId as roleId1_3_1_, roles1_.roleType as roleType2_3_1_ from Permissions permission0_ left outer join Roles roles1_ on permission0_.role=roles1_.roleId where permission0_.roleId=?
org.hibernate.loader.plan.build.internal.AbstractLoadPlanBuildingAssociationVisitationStrategy 2015-04-14 23:23:13,412 TRACE -  Starting root entity : pojos.Permissions
org.hibernate.loader.plan.build.internal.spaces.QuerySpacesImpl 2015-04-14 23:23:13,412 DEBUG - Adding QuerySpace : uid = &lt;gen:0&gt; -&gt; org.hibernate.loader.plan.build.internal.spaces.EntityQuerySpaceImpl@4b85880b]
org.hibernate.loader.plan.build.internal.AbstractLoadPlanBuildingAssociationVisitationStrategy 2015-04-14 23:23:13,412 TRACE - Pushing fetch source to stack : org.hibernate.loader.plan.build.internal.returns.EntityReturnImpl@4f936da8
org.hibernate.loader.plan.build.internal.AbstractLoadPlanBuildingAssociationVisitationStrategy 2015-04-14 23:23:13,412 TRACE - .. Registering AssociationKey : AssociationKey(table=Permissions, columns={roleId}) -&gt; org.hibernate.loader.plan.build.internal.returns.EntityReturnImpl@4f936da8
org.hibernate.loader.plan.build.internal.AbstractLoadPlanBuildingAssociationVisitationStrategy 2015-04-14 23:23:13,412 TRACE - &gt;&gt; Starting entity identifier : pojos.Permissions
org.hibernate.persister.walking.spi.MetamodelGraphWalker 2015-04-14 23:23:13,412 DEBUG - Visiting attribute path : addNews
org.hibernate.loader.plan.build.internal.AbstractLoadPlanBuildingAssociationVisitationStrategy 2015-04-14 23:23:13,412 TRACE - &gt;&gt; Starting attribute Attribute(name=addNews, type=boolean [non-identifier])
org.hibernate.loader.plan.build.internal.AbstractLoadPlanBuildingAssociationVisitationStrategy 2015-04-14 23:23:13,412 TRACE - &lt;&lt; Finishing up attribute : Attribute(name=addNews, type=boolean [non-identifier])
org.hibernate.persister.walking.spi.MetamodelGraphWalker 2015-04-14 23:23:13,412 DEBUG - Visiting attribute path : deleteNews
org.hibernate.loader.plan.build.internal.AbstractLoadPlanBuildingAssociationVisitationStrategy 2015-04-14 23:23:13,412 TRACE - &gt;&gt; Starting attribute Attribute(name=deleteNews, type=boolean [non-identifier])
org.hibernate.loader.plan.build.internal.AbstractLoadPlanBuildingAssociationVisitationStrategy 2015-04-14 23:23:13,412 TRACE - &lt;&lt; Finishing up attribute : Attribute(name=deleteNews, type=boolean [non-identifier])
org.hibernate.persister.walking.spi.MetamodelGraphWalker 2015-04-14 23:23:13,412 DEBUG - Visiting attribute path : readNews
org.hibernate.loader.plan.build.internal.AbstractLoadPlanBuildingAssociationVisitationStrategy 2015-04-14 23:23:13,412 TRACE - &gt;&gt; Starting attribute Attribute(name=readNews, type=boolean [non-identifier])
org.hibernate.loader.plan.build.internal.AbstractLoadPlanBuildingAssociationVisitationStrategy 2015-04-14 23:23:13,412 TRACE - &lt;&lt; Finishing up attribute : Attribute(name=readNews, type=boolean [non-identifier])
org.hibernate.persister.walking.spi.MetamodelGraphWalker 2015-04-14 23:23:13,412 DEBUG - Visiting attribute path : role
org.hibernate.loader.plan.build.internal.AbstractLoadPlanBuildingAssociationVisitationStrategy 2015-04-14 23:23:13,422 TRACE - &gt;&gt; Starting attribute Attribute(name=role, type=pojos.Roles [non-identifier,association])
org.hibernate.loader.plan.build.internal.spaces.QuerySpacesImpl 2015-04-14 23:23:13,422 DEBUG - Adding QuerySpace : uid = &lt;gen:1&gt; -&gt; org.hibernate.loader.plan.build.internal.spaces.EntityQuerySpaceImpl@4215838f]
org.hibernate.loader.plan.build.internal.AbstractLoadPlanBuildingAssociationVisitationStrategy 2015-04-14 23:23:13,422 TRACE - &lt;&lt; Finishing up attribute : Attribute(name=role, type=pojos.Roles [non-identifier,association])
org.hibernate.persister.walking.spi.MetamodelGraphWalker 2015-04-14 23:23:13,422 DEBUG - Visiting attribute path : updateNews
org.hibernate.loader.plan.build.internal.AbstractLoadPlanBuildingAssociationVisitationStrategy 2015-04-14 23:23:13,422 TRACE - &gt;&gt; Starting attribute Attribute(name=updateNews, type=boolean [non-identifier])
org.hibernate.loader.plan.build.internal.AbstractLoadPlanBuildingAssociationVisitationStrategy 2015-04-14 23:23:13,422 TRACE - &lt;&lt; Finishing up attribute : Attribute(name=updateNews, type=boolean [non-identifier])
org.hibernate.loader.plan.build.internal.AbstractLoadPlanBuildingAssociationVisitationStrategy 2015-04-14 23:23:13,422 TRACE - Popped fetch owner from stack : org.hibernate.loader.plan.build.internal.returns.EntityReturnImpl@4f936da8
org.hibernate.loader.plan.build.internal.AbstractLoadPlanBuildingAssociationVisitationStrategy 2015-04-14 23:23:13,422 TRACE -  Finished root entity : pojos.Permissions
org.hibernate.loader.plan.build.internal.FetchStyleLoadPlanBuildingAssociationVisitationStrategy 2015-04-14 23:23:13,422 DEBUG - Building LoadPlan...
org.hibernate.loader.plan.exec.internal.LoadQueryJoinAndFetchProcessor 2015-04-14 23:23:13,422 DEBUG - processing queryspace &lt;gen:0&gt;
org.hibernate.loader.plan.build.spi.LoadPlanTreePrinter 2015-04-14 23:23:13,422 DEBUG - LoadPlan(entity=pojos.Permissions)
    - Returns
       - EntityReturnImpl(entity=pojos.Permissions, querySpaceUid=&lt;gen:0&gt;, path=pojos.Permissions)
          - EntityAttributeFetchImpl(entity=pojos.Roles, querySpaceUid=&lt;gen:1&gt;, path=pojos.Permissions.role)
    - QuerySpaces
       - EntityQuerySpaceImpl(uid=&lt;gen:0&gt;, entity=pojos.Permissions)
          - SQL table alias mapping - permission0_
          - alias suffix - 0_
          - suffixed key columns - {roleId1_2_0_}

org.hibernate.loader.entity.plan.EntityLoader 2015-04-14 23:23:13,422 DEBUG - Static select for entity pojos.Permissions [UPGRADE]: select permission0_.roleId as roleId1_2_0_, permission0_.addNews as addNews2_2_0_, permission0_.deleteNews as deleteNe3_2_0_, permission0_.readNews as readNews4_2_0_, permission0_.role as role6_2_0_, permission0_.updateNews as updateNe5_2_0_ from Permissions permission0_ where permission0_.roleId=? for update
org.hibernate.loader.plan.build.internal.AbstractLoadPlanBuildingAssociationVisitationStrategy 2015-04-14 23:23:13,422 TRACE -  Starting root entity : pojos.Permissions
org.hibernate.loader.plan.build.internal.spaces.QuerySpacesImpl 2015-04-14 23:23:13,422 DEBUG - Adding QuerySpace : uid = &lt;gen:0&gt; -&gt; org.hibernate.loader.plan.build.internal.spaces.EntityQuerySpaceImpl@452ba1db]
org.hibernate.loader.plan.build.internal.AbstractLoadPlanBuildingAssociationVisitationStrategy 2015-04-14 23:23:13,422 TRACE - Pushing fetch source to stack : org.hibernate.loader.plan.build.internal.returns.EntityReturnImpl@2289aca5
org.hibernate.loader.plan.build.internal.AbstractLoadPlanBuildingAssociationVisitationStrategy 2015-04-14 23:23:13,422 TRACE - .. Registering AssociationKey : AssociationKey(table=Permissions, columns={roleId}) -&gt; org.hibernate.loader.plan.build.internal.returns.EntityReturnImpl@2289aca5
org.hibernate.loader.plan.build.internal.AbstractLoadPlanBuildingAssociationVisitationStrategy 2015-04-14 23:23:13,422 TRACE - &gt;&gt; Starting entity identifier : pojos.Permissions
org.hibernate.persister.walking.spi.MetamodelGraphWalker 2015-04-14 23:23:13,422 DEBUG - Visiting attribute path : addNews
org.hibernate.loader.plan.build.internal.AbstractLoadPlanBuildingAssociationVisitationStrategy 2015-04-14 23:23:13,422 TRACE - &gt;&gt; Starting attribute Attribute(name=addNews, type=boolean [non-identifier])
org.hibernate.loader.plan.build.internal.AbstractLoadPlanBuildingAssociationVisitationStrategy 2015-04-14 23:23:13,422 TRACE - &lt;&lt; Finishing up attribute : Attribute(name=addNews, type=boolean [non-identifier])
org.hibernate.persister.walking.spi.MetamodelGraphWalker 2015-04-14 23:23:13,422 DEBUG - Visiting attribute path : deleteNews
org.hibernate.loader.plan.build.internal.AbstractLoadPlanBuildingAssociationVisitationStrategy 2015-04-14 23:23:13,422 TRACE - &gt;&gt; Starting attribute Attribute(name=deleteNews, type=boolean [non-identifier])
org.hibernate.loader.plan.build.internal.AbstractLoadPlanBuildingAssociationVisitationStrategy 2015-04-14 23:23:13,422 TRACE - &lt;&lt; Finishing up attribute : Attribute(name=deleteNews, type=boolean [non-identifier])
org.hibernate.persister.walking.spi.MetamodelGraphWalker 2015-04-14 23:23:13,422 DEBUG - Visiting attribute path : readNews
org.hibernate.loader.plan.build.internal.AbstractLoadPlanBuildingAssociationVisitationStrategy 2015-04-14 23:23:13,422 TRACE - &gt;&gt; Starting attribute Attribute(name=readNews, type=boolean [non-identifier])
org.hibernate.loader.plan.build.internal.AbstractLoadPlanBuildingAssociationVisitationStrategy 2015-04-14 23:23:13,422 TRACE - &lt;&lt; Finishing up attribute : Attribute(name=readNews, type=boolean [non-identifier])
org.hibernate.persister.walking.spi.MetamodelGraphWalker 2015-04-14 23:23:13,422 DEBUG - Visiting attribute path : role
org.hibernate.loader.plan.build.internal.AbstractLoadPlanBuildingAssociationVisitationStrategy 2015-04-14 23:23:13,422 TRACE - &gt;&gt; Starting attribute Attribute(name=role, type=pojos.Roles [non-identifier,association])
org.hibernate.loader.plan.build.internal.spaces.QuerySpacesImpl 2015-04-14 23:23:13,422 DEBUG - Adding QuerySpace : uid = &lt;gen:1&gt; -&gt; org.hibernate.loader.plan.build.internal.spaces.EntityQuerySpaceImpl@76a36b71]
org.hibernate.loader.plan.build.internal.AbstractLoadPlanBuildingAssociationVisitationStrategy 2015-04-14 23:23:13,422 TRACE - &lt;&lt; Finishing up attribute : Attribute(name=role, type=pojos.Roles [non-identifier,association])
org.hibernate.persister.walking.spi.MetamodelGraphWalker 2015-04-14 23:23:13,422 DEBUG - Visiting attribute path : updateNews
org.hibernate.loader.plan.build.internal.AbstractLoadPlanBuildingAssociationVisitationStrategy 2015-04-14 23:23:13,422 TRACE - &gt;&gt; Starting attribute Attribute(name=updateNews, type=boolean [non-identifier])
org.hibernate.loader.plan.build.internal.AbstractLoadPlanBuildingAssociationVisitationStrategy 2015-04-14 23:23:13,422 TRACE - &lt;&lt; Finishing up attribute : Attribute(name=updateNews, type=boolean [non-identifier])
org.hibernate.loader.plan.build.internal.AbstractLoadPlanBuildingAssociationVisitationStrategy 2015-04-14 23:23:13,422 TRACE - Popped fetch owner from stack : org.hibernate.loader.plan.build.internal.returns.EntityReturnImpl@2289aca5
org.hibernate.loader.plan.build.internal.AbstractLoadPlanBuildingAssociationVisitationStrategy 2015-04-14 23:23:13,422 TRACE -  Finished root entity : pojos.Permissions
org.hibernate.loader.plan.build.internal.FetchStyleLoadPlanBuildingAssociationVisitationStrategy 2015-04-14 23:23:13,422 DEBUG - Building LoadPlan...
org.hibernate.loader.plan.exec.internal.LoadQueryJoinAndFetchProcessor 2015-04-14 23:23:13,422 DEBUG - processing queryspace &lt;gen:0&gt;
org.hibernate.loader.plan.build.spi.LoadPlanTreePrinter 2015-04-14 23:23:13,422 DEBUG - LoadPlan(entity=pojos.Permissions)
    - Returns
       - EntityReturnImpl(entity=pojos.Permissions, querySpaceUid=&lt;gen:0&gt;, path=pojos.Permissions)
          - EntityAttributeFetchImpl(entity=pojos.Roles, querySpaceUid=&lt;gen:1&gt;, path=pojos.Permissions.role)
    - QuerySpaces
       - EntityQuerySpaceImpl(uid=&lt;gen:0&gt;, entity=pojos.Permissions)
          - SQL table alias mapping - permission0_
          - alias suffix - 0_
          - suffixed key columns - {roleId1_2_0_}

org.hibernate.loader.entity.plan.EntityLoader 2015-04-14 23:23:13,422 DEBUG - Static select for entity pojos.Permissions [UPGRADE_NOWAIT]: select permission0_.roleId as roleId1_2_0_, permission0_.addNews as addNews2_2_0_, permission0_.deleteNews as deleteNe3_2_0_, permission0_.readNews as readNews4_2_0_, permission0_.role as role6_2_0_, permission0_.updateNews as updateNe5_2_0_ from Permissions permission0_ where permission0_.roleId=? for update
org.hibernate.loader.plan.build.internal.AbstractLoadPlanBuildingAssociationVisitationStrategy 2015-04-14 23:23:13,422 TRACE -  Starting root entity : pojos.Permissions
org.hibernate.loader.plan.build.internal.spaces.QuerySpacesImpl 2015-04-14 23:23:13,422 DEBUG - Adding QuerySpace : uid = &lt;gen:0&gt; -&gt; org.hibernate.loader.plan.build.internal.spaces.EntityQuerySpaceImpl@184497d1]
org.hibernate.loader.plan.build.internal.AbstractLoadPlanBuildingAssociationVisitationStrategy 2015-04-14 23:23:13,422 TRACE - Pushing fetch source to stack : org.hibernate.loader.plan.build.internal.returns.EntityReturnImpl@f9d87b
org.hibernate.loader.plan.build.internal.AbstractLoadPlanBuildingAssociationVisitationStrategy 2015-04-14 23:23:13,422 TRACE - .. Registering AssociationKey : AssociationKey(table=Permissions, columns={roleId}) -&gt; org.hibernate.loader.plan.build.internal.returns.EntityReturnImpl@f9d87b
org.hibernate.loader.plan.build.internal.AbstractLoadPlanBuildingAssociationVisitationStrategy 2015-04-14 23:23:13,422 TRACE - &gt;&gt; Starting entity identifier : pojos.Permissions
org.hibernate.persister.walking.spi.MetamodelGraphWalker 2015-04-14 23:23:13,432 DEBUG - Visiting attribute path : addNews
org.hibernate.loader.plan.build.internal.AbstractLoadPlanBuildingAssociationVisitationStrategy 2015-04-14 23:23:13,432 TRACE - &gt;&gt; Starting attribute Attribute(name=addNews, type=boolean [non-identifier])
org.hibernate.loader.plan.build.internal.AbstractLoadPlanBuildingAssociationVisitationStrategy 2015-04-14 23:23:13,432 TRACE - &lt;&lt; Finishing up attribute : Attribute(name=addNews, type=boolean [non-identifier])
org.hibernate.persister.walking.spi.MetamodelGraphWalker 2015-04-14 23:23:13,432 DEBUG - Visiting attribute path : deleteNews
org.hibernate.loader.plan.build.internal.AbstractLoadPlanBuildingAssociationVisitationStrategy 2015-04-14 23:23:13,432 TRACE - &gt;&gt; Starting attribute Attribute(name=deleteNews, type=boolean [non-identifier])
org.hibernate.loader.plan.build.internal.AbstractLoadPlanBuildingAssociationVisitationStrategy 2015-04-14 23:23:13,432 TRACE - &lt;&lt; Finishing up attribute : Attribute(name=deleteNews, type=boolean [non-identifier])
org.hibernate.persister.walking.spi.MetamodelGraphWalker 2015-04-14 23:23:13,432 DEBUG - Visiting attribute path : readNews
org.hibernate.loader.plan.build.internal.AbstractLoadPlanBuildingAssociationVisitationStrategy 2015-04-14 23:23:13,432 TRACE - &gt;&gt; Starting attribute Attribute(name=readNews, type=boolean [non-identifier])
org.hibernate.loader.plan.build.internal.AbstractLoadPlanBuildingAssociationVisitationStrategy 2015-04-14 23:23:13,432 TRACE - &lt;&lt; Finishing up attribute : Attribute(name=readNews, type=boolean [non-identifier])
org.hibernate.persister.walking.spi.MetamodelGraphWalker 2015-04-14 23:23:13,432 DEBUG - Visiting attribute path : role
org.hibernate.loader.plan.build.internal.AbstractLoadPlanBuildingAssociationVisitationStrategy 2015-04-14 23:23:13,432 TRACE - &gt;&gt; Starting attribute Attribute(name=role, type=pojos.Roles [non-identifier,association])
org.hibernate.loader.plan.build.internal.spaces.QuerySpacesImpl 2015-04-14 23:23:13,432 DEBUG - Adding QuerySpace : uid = &lt;gen:1&gt; -&gt; org.hibernate.loader.plan.build.internal.spaces.EntityQuerySpaceImpl@6ffab045]
org.hibernate.loader.plan.build.internal.AbstractLoadPlanBuildingAssociationVisitationStrategy 2015-04-14 23:23:13,432 TRACE - &lt;&lt; Finishing up attribute : Attribute(name=role, type=pojos.Roles [non-identifier,association])
org.hibernate.persister.walking.spi.MetamodelGraphWalker 2015-04-14 23:23:13,432 DEBUG - Visiting attribute path : updateNews
org.hibernate.loader.plan.build.internal.AbstractLoadPlanBuildingAssociationVisitationStrategy 2015-04-14 23:23:13,432 TRACE - &gt;&gt; Starting attribute Attribute(name=updateNews, type=boolean [non-identifier])
org.hibernate.loader.plan.build.internal.AbstractLoadPlanBuildingAssociationVisitationStrategy 2015-04-14 23:23:13,432 TRACE - &lt;&lt; Finishing up attribute : Attribute(name=updateNews, type=boolean [non-identifier])
org.hibernate.loader.plan.build.internal.AbstractLoadPlanBuildingAssociationVisitationStrategy 2015-04-14 23:23:13,432 TRACE - Popped fetch owner from stack : org.hibernate.loader.plan.build.internal.returns.EntityReturnImpl@f9d87b
org.hibernate.loader.plan.build.internal.AbstractLoadPlanBuildingAssociationVisitationStrategy 2015-04-14 23:23:13,432 TRACE -  Finished root entity : pojos.Permissions
org.hibernate.loader.plan.build.internal.FetchStyleLoadPlanBuildingAssociationVisitationStrategy 2015-04-14 23:23:13,432 DEBUG - Building LoadPlan...
org.hibernate.loader.plan.exec.internal.LoadQueryJoinAndFetchProcessor 2015-04-14 23:23:13,432 DEBUG - processing queryspace &lt;gen:0&gt;
org.hibernate.loader.plan.build.spi.LoadPlanTreePrinter 2015-04-14 23:23:13,432 DEBUG - LoadPlan(entity=pojos.Permissions)
    - Returns
       - EntityReturnImpl(entity=pojos.Permissions, querySpaceUid=&lt;gen:0&gt;, path=pojos.Permissions)
          - EntityAttributeFetchImpl(entity=pojos.Roles, querySpaceUid=&lt;gen:1&gt;, path=pojos.Permissions.role)
    - QuerySpaces
       - EntityQuerySpaceImpl(uid=&lt;gen:0&gt;, entity=pojos.Permissions)
          - SQL table alias mapping - permission0_
          - alias suffix - 0_
          - suffixed key columns - {roleId1_2_0_}

org.hibernate.loader.entity.plan.EntityLoader 2015-04-14 23:23:13,432 DEBUG - Static select for entity pojos.Permissions [UPGRADE_SKIPLOCKED]: select permission0_.roleId as roleId1_2_0_, permission0_.addNews as addNews2_2_0_, permission0_.deleteNews as deleteNe3_2_0_, permission0_.readNews as readNews4_2_0_, permission0_.role as role6_2_0_, permission0_.updateNews as updateNe5_2_0_ from Permissions permission0_ where permission0_.roleId=? for update
org.hibernate.loader.plan.build.internal.AbstractLoadPlanBuildingAssociationVisitationStrategy 2015-04-14 23:23:13,432 TRACE -  Starting root entity : pojos.Permissions
org.hibernate.loader.plan.build.internal.spaces.QuerySpacesImpl 2015-04-14 23:23:13,432 DEBUG - Adding QuerySpace : uid = &lt;gen:0&gt; -&gt; org.hibernate.loader.plan.build.internal.spaces.EntityQuerySpaceImpl@26fb628]
org.hibernate.loader.plan.build.internal.AbstractLoadPlanBuildingAssociationVisitationStrategy 2015-04-14 23:23:13,432 TRACE - Pushing fetch source to stack : org.hibernate.loader.plan.build.internal.returns.EntityReturnImpl@3e2943ab
org.hibernate.loader.plan.build.internal.AbstractLoadPlanBuildingAssociationVisitationStrategy 2015-04-14 23:23:13,432 TRACE - .. Registering AssociationKey : AssociationKey(table=Permissions, columns={roleId}) -&gt; org.hibernate.loader.plan.build.internal.returns.EntityReturnImpl@3e2943ab
org.hibernate.loader.plan.build.internal.AbstractLoadPlanBuildingAssociationVisitationStrategy 2015-04-14 23:23:13,432 TRACE - &gt;&gt; Starting entity identifier : pojos.Permissions
org.hibernate.persister.walking.spi.MetamodelGraphWalker 2015-04-14 23:23:13,432 DEBUG - Visiting attribute path : addNews
org.hibernate.loader.plan.build.internal.AbstractLoadPlanBuildingAssociationVisitationStrategy 2015-04-14 23:23:13,432 TRACE - &gt;&gt; Starting attribute Attribute(name=addNews, type=boolean [non-identifier])
org.hibernate.loader.plan.build.internal.AbstractLoadPlanBuildingAssociationVisitationStrategy 2015-04-14 23:23:13,432 TRACE - &lt;&lt; Finishing up attribute : Attribute(name=addNews, type=boolean [non-identifier])
org.hibernate.persister.walking.spi.MetamodelGraphWalker 2015-04-14 23:23:13,432 DEBUG - Visiting attribute path : deleteNews
org.hibernate.loader.plan.build.internal.AbstractLoadPlanBuildingAssociationVisitationStrategy 2015-04-14 23:23:13,432 TRACE - &gt;&gt; Starting attribute Attribute(name=deleteNews, type=boolean [non-identifier])
org.hibernate.loader.plan.build.internal.AbstractLoadPlanBuildingAssociationVisitationStrategy 2015-04-14 23:23:13,432 TRACE - &lt;&lt; Finishing up attribute : Attribute(name=deleteNews, type=boolean [non-identifier])
org.hibernate.persister.walking.spi.MetamodelGraphWalker 2015-04-14 23:23:13,432 DEBUG - Visiting attribute path : readNews
org.hibernate.loader.plan.build.internal.AbstractLoadPlanBuildingAssociationVisitationStrategy 2015-04-14 23:23:13,432 TRACE - &gt;&gt; Starting attribute Attribute(name=readNews, type=boolean [non-identifier])
org.hibernate.loader.plan.build.internal.AbstractLoadPlanBuildingAssociationVisitationStrategy 2015-04-14 23:23:13,432 TRACE - &lt;&lt; Finishing up attribute : Attribute(name=readNews, type=boolean [non-identifier])
org.hibernate.persister.walking.spi.MetamodelGraphWalker 2015-04-14 23:23:13,432 DEBUG - Visiting attribute path : role
org.hibernate.loader.plan.build.internal.AbstractLoadPlanBuildingAssociationVisitationStrategy 2015-04-14 23:23:13,432 TRACE - &gt;&gt; Starting attribute Attribute(name=role, type=pojos.Roles [non-identifier,association])
org.hibernate.loader.plan.build.internal.spaces.QuerySpacesImpl 2015-04-14 23:23:13,432 DEBUG - Adding QuerySpace : uid = &lt;gen:1&gt; -&gt; org.hibernate.loader.plan.build.internal.spaces.EntityQuerySpaceImpl@70dd7e15]
org.hibernate.loader.plan.build.internal.AbstractLoadPlanBuildingAssociationVisitationStrategy 2015-04-14 23:23:13,432 TRACE - &lt;&lt; Finishing up attribute : Attribute(name=role, type=pojos.Roles [non-identifier,association])
org.hibernate.persister.walking.spi.MetamodelGraphWalker 2015-04-14 23:23:13,432 DEBUG - Visiting attribute path : updateNews
org.hibernate.loader.plan.build.internal.AbstractLoadPlanBuildingAssociationVisitationStrategy 2015-04-14 23:23:13,432 TRACE - &gt;&gt; Starting attribute Attribute(name=updateNews, type=boolean [non-identifier])
org.hibernate.loader.plan.build.internal.AbstractLoadPlanBuildingAssociationVisitationStrategy 2015-04-14 23:23:13,432 TRACE - &lt;&lt; Finishing up attribute : Attribute(name=updateNews, type=boolean [non-identifier])
org.hibernate.loader.plan.build.internal.AbstractLoadPlanBuildingAssociationVisitationStrategy 2015-04-14 23:23:13,432 TRACE - Popped fetch owner from stack : org.hibernate.loader.plan.build.internal.returns.EntityReturnImpl@3e2943ab
org.hibernate.loader.plan.build.internal.AbstractLoadPlanBuildingAssociationVisitationStrategy 2015-04-14 23:23:13,432 TRACE -  Finished root entity : pojos.Permissions
org.hibernate.loader.plan.build.internal.FetchStyleLoadPlanBuildingAssociationVisitationStrategy 2015-04-14 23:23:13,442 DEBUG - Building LoadPlan...
org.hibernate.loader.plan.exec.internal.LoadQueryJoinAndFetchProcessor 2015-04-14 23:23:13,442 DEBUG - processing queryspace &lt;gen:0&gt;
org.hibernate.loader.plan.build.spi.LoadPlanTreePrinter 2015-04-14 23:23:13,442 DEBUG - LoadPlan(entity=pojos.Permissions)
    - Returns
       - EntityReturnImpl(entity=pojos.Permissions, querySpaceUid=&lt;gen:0&gt;, path=pojos.Permissions)
          - EntityAttributeFetchImpl(entity=pojos.Roles, querySpaceUid=&lt;gen:1&gt;, path=pojos.Permissions.role)
    - QuerySpaces
       - EntityQuerySpaceImpl(uid=&lt;gen:0&gt;, entity=pojos.Permissions)
          - SQL table alias mapping - permission0_
          - alias suffix - 0_
          - suffixed key columns - {roleId1_2_0_}

org.hibernate.loader.entity.plan.EntityLoader 2015-04-14 23:23:13,442 DEBUG - Static select for entity pojos.Permissions [FORCE]: select permission0_.roleId as roleId1_2_0_, permission0_.addNews as addNews2_2_0_, permission0_.deleteNews as deleteNe3_2_0_, permission0_.readNews as readNews4_2_0_, permission0_.role as role6_2_0_, permission0_.updateNews as updateNe5_2_0_ from Permissions permission0_ where permission0_.roleId=? for update
org.hibernate.loader.plan.build.internal.AbstractLoadPlanBuildingAssociationVisitationStrategy 2015-04-14 23:23:13,442 TRACE -  Starting root entity : pojos.Permissions
org.hibernate.loader.plan.build.internal.spaces.QuerySpacesImpl 2015-04-14 23:23:13,442 DEBUG - Adding QuerySpace : uid = &lt;gen:0&gt; -&gt; org.hibernate.loader.plan.build.internal.spaces.EntityQuerySpaceImpl@4a9f80d3]
org.hibernate.loader.plan.build.internal.AbstractLoadPlanBuildingAssociationVisitationStrategy 2015-04-14 23:23:13,442 TRACE - Pushing fetch source to stack : org.hibernate.loader.plan.build.internal.returns.EntityReturnImpl@35beb15e
org.hibernate.loader.plan.build.internal.AbstractLoadPlanBuildingAssociationVisitationStrategy 2015-04-14 23:23:13,442 TRACE - .. Registering AssociationKey : AssociationKey(table=Permissions, columns={roleId}) -&gt; org.hibernate.loader.plan.build.internal.returns.EntityReturnImpl@35beb15e
org.hibernate.loader.plan.build.internal.AbstractLoadPlanBuildingAssociationVisitationStrategy 2015-04-14 23:23:13,442 TRACE - &gt;&gt; Starting entity identifier : pojos.Permissions
org.hibernate.persister.walking.spi.MetamodelGraphWalker 2015-04-14 23:23:13,442 DEBUG - Visiting attribute path : addNews
org.hibernate.loader.plan.build.internal.AbstractLoadPlanBuildingAssociationVisitationStrategy 2015-04-14 23:23:13,442 TRACE - &gt;&gt; Starting attribute Attribute(name=addNews, type=boolean [non-identifier])
org.hibernate.loader.plan.build.internal.AbstractLoadPlanBuildingAssociationVisitationStrategy 2015-04-14 23:23:13,442 TRACE - &lt;&lt; Finishing up attribute : Attribute(name=addNews, type=boolean [non-identifier])
org.hibernate.persister.walking.spi.MetamodelGraphWalker 2015-04-14 23:23:13,442 DEBUG - Visiting attribute path : deleteNews
org.hibernate.loader.plan.build.internal.AbstractLoadPlanBuildingAssociationVisitationStrategy 2015-04-14 23:23:13,442 TRACE - &gt;&gt; Starting attribute Attribute(name=deleteNews, type=boolean [non-identifier])
org.hibernate.loader.plan.build.internal.AbstractLoadPlanBuildingAssociationVisitationStrategy 2015-04-14 23:23:13,442 TRACE - &lt;&lt; Finishing up attribute : Attribute(name=deleteNews, type=boolean [non-identifier])
org.hibernate.persister.walking.spi.MetamodelGraphWalker 2015-04-14 23:23:13,442 DEBUG - Visiting attribute path : readNews
org.hibernate.loader.plan.build.internal.AbstractLoadPlanBuildingAssociationVisitationStrategy 2015-04-14 23:23:13,442 TRACE - &gt;&gt; Starting attribute Attribute(name=readNews, type=boolean [non-identifier])
org.hibernate.loader.plan.build.internal.AbstractLoadPlanBuildingAssociationVisitationStrategy 2015-04-14 23:23:13,442 TRACE - &lt;&lt; Finishing up attribute : Attribute(name=readNews, type=boolean [non-identifier])
org.hibernate.persister.walking.spi.MetamodelGraphWalker 2015-04-14 23:23:13,442 DEBUG - Visiting attribute path : role
org.hibernate.loader.plan.build.internal.AbstractLoadPlanBuildingAssociationVisitationStrategy 2015-04-14 23:23:13,442 TRACE - &gt;&gt; Starting attribute Attribute(name=role, type=pojos.Roles [non-identifier,association])
org.hibernate.loader.plan.build.internal.spaces.QuerySpacesImpl 2015-04-14 23:23:13,442 DEBUG - Adding QuerySpace : uid = &lt;gen:1&gt; -&gt; org.hibernate.loader.plan.build.internal.spaces.EntityQuerySpaceImpl@41fe9859]
org.hibernate.loader.plan.build.internal.AbstractLoadPlanBuildingAssociationVisitationStrategy 2015-04-14 23:23:13,442 TRACE - &lt;&lt; Finishing up attribute : Attribute(name=role, type=pojos.Roles [non-identifier,association])
org.hibernate.persister.walking.spi.MetamodelGraphWalker 2015-04-14 23:23:13,442 DEBUG - Visiting attribute path : updateNews
org.hibernate.loader.plan.build.internal.AbstractLoadPlanBuildingAssociationVisitationStrategy 2015-04-14 23:23:13,442 TRACE - &gt;&gt; Starting attribute Attribute(name=updateNews, type=boolean [non-identifier])
org.hibernate.loader.plan.build.internal.AbstractLoadPlanBuildingAssociationVisitationStrategy 2015-04-14 23:23:13,442 TRACE - &lt;&lt; Finishing up attribute : Attribute(name=updateNews, type=boolean [non-identifier])
org.hibernate.loader.plan.build.internal.AbstractLoadPlanBuildingAssociationVisitationStrategy 2015-04-14 23:23:13,442 TRACE - Popped fetch owner from stack : org.hibernate.loader.plan.build.internal.returns.EntityReturnImpl@35beb15e
org.hibernate.loader.plan.build.internal.AbstractLoadPlanBuildingAssociationVisitationStrategy 2015-04-14 23:23:13,442 TRACE -  Finished root entity : pojos.Permissions
org.hibernate.loader.plan.build.internal.FetchStyleLoadPlanBuildingAssociationVisitationStrategy 2015-04-14 23:23:13,442 DEBUG - Building LoadPlan...
org.hibernate.loader.plan.exec.internal.LoadQueryJoinAndFetchProcessor 2015-04-14 23:23:13,442 DEBUG - processing queryspace &lt;gen:0&gt;
org.hibernate.loader.plan.build.spi.LoadPlanTreePrinter 2015-04-14 23:23:13,442 DEBUG - LoadPlan(entity=pojos.Permissions)
    - Returns
       - EntityReturnImpl(entity=pojos.Permissions, querySpaceUid=&lt;gen:0&gt;, path=pojos.Permissions)
          - EntityAttributeFetchImpl(entity=pojos.Roles, querySpaceUid=&lt;gen:1&gt;, path=pojos.Permissions.role)
    - QuerySpaces
       - EntityQuerySpaceImpl(uid=&lt;gen:0&gt;, entity=pojos.Permissions)
          - SQL table alias mapping - permission0_
          - alias suffix - 0_
          - suffixed key columns - {roleId1_2_0_}

org.hibernate.loader.entity.plan.EntityLoader 2015-04-14 23:23:13,442 DEBUG - Static select for entity pojos.Permissions [PESSIMISTIC_READ]: select permission0_.roleId as roleId1_2_0_, permission0_.addNews as addNews2_2_0_, permission0_.deleteNews as deleteNe3_2_0_, permission0_.readNews as readNews4_2_0_, permission0_.role as role6_2_0_, permission0_.updateNews as updateNe5_2_0_ from Permissions permission0_ where permission0_.roleId=? lock in share mode
org.hibernate.loader.plan.build.internal.AbstractLoadPlanBuildingAssociationVisitationStrategy 2015-04-14 23:23:13,442 TRACE -  Starting root entity : pojos.Permissions
org.hibernate.loader.plan.build.internal.spaces.QuerySpacesImpl 2015-04-14 23:23:13,442 DEBUG - Adding QuerySpace : uid = &lt;gen:0&gt; -&gt; org.hibernate.loader.plan.build.internal.spaces.EntityQuerySpaceImpl@5ac86ba5]
org.hibernate.loader.plan.build.internal.AbstractLoadPlanBuildingAssociationVisitationStrategy 2015-04-14 23:23:13,442 TRACE - Pushing fetch source to stack : org.hibernate.loader.plan.build.internal.returns.EntityReturnImpl@6c67e137
org.hibernate.loader.plan.build.internal.AbstractLoadPlanBuildingAssociationVisitationStrategy 2015-04-14 23:23:13,442 TRACE - .. Registering AssociationKey : AssociationKey(table=Permissions, columns={roleId}) -&gt; org.hibernate.loader.plan.build.internal.returns.EntityReturnImpl@6c67e137
org.hibernate.loader.plan.build.internal.AbstractLoadPlanBuildingAssociationVisitationStrategy 2015-04-14 23:23:13,442 TRACE - &gt;&gt; Starting entity identifier : pojos.Permissions
org.hibernate.persister.walking.spi.MetamodelGraphWalker 2015-04-14 23:23:13,442 DEBUG - Visiting attribute path : addNews
org.hibernate.loader.plan.build.internal.AbstractLoadPlanBuildingAssociationVisitationStrategy 2015-04-14 23:23:13,442 TRACE - &gt;&gt; Starting attribute Attribute(name=addNews, type=boolean [non-identifier])
org.hibernate.loader.plan.build.internal.AbstractLoadPlanBuildingAssociationVisitationStrategy 2015-04-14 23:23:13,442 TRACE - &lt;&lt; Finishing up attribute : Attribute(name=addNews, type=boolean [non-identifier])
org.hibernate.persister.walking.spi.MetamodelGraphWalker 2015-04-14 23:23:13,442 DEBUG - Visiting attribute path : deleteNews
org.hibernate.loader.plan.build.internal.AbstractLoadPlanBuildingAssociationVisitationStrategy 2015-04-14 23:23:13,442 TRACE - &gt;&gt; Starting attribute Attribute(name=deleteNews, type=boolean [non-identifier])
org.hibernate.loader.plan.build.internal.AbstractLoadPlanBuildingAssociationVisitationStrategy 2015-04-14 23:23:13,442 TRACE - &lt;&lt; Finishing up attribute : Attribute(name=deleteNews, type=boolean [non-identifier])
org.hibernate.persister.walking.spi.MetamodelGraphWalker 2015-04-14 23:23:13,442 DEBUG - Visiting attribute path : readNews
org.hibernate.loader.plan.build.internal.AbstractLoadPlanBuildingAssociationVisitationStrategy 2015-04-14 23:23:13,452 TRACE - &gt;&gt; Starting attribute Attribute(name=readNews, type=boolean [non-identifier])
org.hibernate.loader.plan.build.internal.AbstractLoadPlanBuildingAssociationVisitationStrategy 2015-04-14 23:23:13,452 TRACE - &lt;&lt; Finishing up attribute : Attribute(name=readNews, type=boolean [non-identifier])
org.hibernate.persister.walking.spi.MetamodelGraphWalker 2015-04-14 23:23:13,452 DEBUG - Visiting attribute path : role
org.hibernate.loader.plan.build.internal.AbstractLoadPlanBuildingAssociationVisitationStrategy 2015-04-14 23:23:13,452 TRACE - &gt;&gt; Starting attribute Attribute(name=role, type=pojos.Roles [non-identifier,association])
org.hibernate.loader.plan.build.internal.spaces.QuerySpacesImpl 2015-04-14 23:23:13,452 DEBUG - Adding QuerySpace : uid = &lt;gen:1&gt; -&gt; org.hibernate.loader.plan.build.internal.spaces.EntityQuerySpaceImpl@2c9399a4]
org.hibernate.loader.plan.build.internal.AbstractLoadPlanBuildingAssociationVisitationStrategy 2015-04-14 23:23:13,452 TRACE - &lt;&lt; Finishing up attribute : Attribute(name=role, type=pojos.Roles [non-identifier,association])
org.hibernate.persister.walking.spi.MetamodelGraphWalker 2015-04-14 23:23:13,452 DEBUG - Visiting attribute path : updateNews
org.hibernate.loader.plan.build.internal.AbstractLoadPlanBuildingAssociationVisitationStrategy 2015-04-14 23:23:13,452 TRACE - &gt;&gt; Starting attribute Attribute(name=updateNews, type=boolean [non-identifier])
org.hibernate.loader.plan.build.internal.AbstractLoadPlanBuildingAssociationVisitationStrategy 2015-04-14 23:23:13,452 TRACE - &lt;&lt; Finishing up attribute : Attribute(name=updateNews, type=boolean [non-identifier])
org.hibernate.loader.plan.build.internal.AbstractLoadPlanBuildingAssociationVisitationStrategy 2015-04-14 23:23:13,452 TRACE - Popped fetch owner from stack : org.hibernate.loader.plan.build.internal.returns.EntityReturnImpl@6c67e137
org.hibernate.loader.plan.build.internal.AbstractLoadPlanBuildingAssociationVisitationStrategy 2015-04-14 23:23:13,452 TRACE -  Finished root entity : pojos.Permissions
org.hibernate.loader.plan.build.internal.FetchStyleLoadPlanBuildingAssociationVisitationStrategy 2015-04-14 23:23:13,452 DEBUG - Building LoadPlan...
org.hibernate.loader.plan.exec.internal.LoadQueryJoinAndFetchProcessor 2015-04-14 23:23:13,452 DEBUG - processing queryspace &lt;gen:0&gt;
org.hibernate.loader.plan.build.spi.LoadPlanTreePrinter 2015-04-14 23:23:13,452 DEBUG - LoadPlan(entity=pojos.Permissions)
    - Returns
       - EntityReturnImpl(entity=pojos.Permissions, querySpaceUid=&lt;gen:0&gt;, path=pojos.Permissions)
          - EntityAttributeFetchImpl(entity=pojos.Roles, querySpaceUid=&lt;gen:1&gt;, path=pojos.Permissions.role)
    - QuerySpaces
       - EntityQuerySpaceImpl(uid=&lt;gen:0&gt;, entity=pojos.Permissions)
          - SQL table alias mapping - permission0_
          - alias suffix - 0_
          - suffixed key columns - {roleId1_2_0_}

org.hibernate.loader.entity.plan.EntityLoader 2015-04-14 23:23:13,452 DEBUG - Static select for entity pojos.Permissions [PESSIMISTIC_WRITE]: select permission0_.roleId as roleId1_2_0_, permission0_.addNews as addNews2_2_0_, permission0_.deleteNews as deleteNe3_2_0_, permission0_.readNews as readNews4_2_0_, permission0_.role as role6_2_0_, permission0_.updateNews as updateNe5_2_0_ from Permissions permission0_ where permission0_.roleId=? for update
org.hibernate.loader.plan.build.internal.AbstractLoadPlanBuildingAssociationVisitationStrategy 2015-04-14 23:23:13,452 TRACE -  Starting root entity : pojos.Permissions
org.hibernate.loader.plan.build.internal.spaces.QuerySpacesImpl 2015-04-14 23:23:13,452 DEBUG - Adding QuerySpace : uid = &lt;gen:0&gt; -&gt; org.hibernate.loader.plan.build.internal.spaces.EntityQuerySpaceImpl@191ae03f]
org.hibernate.loader.plan.build.internal.AbstractLoadPlanBuildingAssociationVisitationStrategy 2015-04-14 23:23:13,452 TRACE - Pushing fetch source to stack : org.hibernate.loader.plan.build.internal.returns.EntityReturnImpl@9635fa
org.hibernate.loader.plan.build.internal.AbstractLoadPlanBuildingAssociationVisitationStrategy 2015-04-14 23:23:13,452 TRACE - .. Registering AssociationKey : AssociationKey(table=Permissions, columns={roleId}) -&gt; org.hibernate.loader.plan.build.internal.returns.EntityReturnImpl@9635fa
org.hibernate.loader.plan.build.internal.AbstractLoadPlanBuildingAssociationVisitationStrategy 2015-04-14 23:23:13,452 TRACE - &gt;&gt; Starting entity identifier : pojos.Permissions
org.hibernate.persister.walking.spi.MetamodelGraphWalker 2015-04-14 23:23:13,452 DEBUG - Visiting attribute path : addNews
org.hibernate.loader.plan.build.internal.AbstractLoadPlanBuildingAssociationVisitationStrategy 2015-04-14 23:23:13,452 TRACE - &gt;&gt; Starting attribute Attribute(name=addNews, type=boolean [non-identifier])
org.hibernate.loader.plan.build.internal.AbstractLoadPlanBuildingAssociationVisitationStrategy 2015-04-14 23:23:13,452 TRACE - &lt;&lt; Finishing up attribute : Attribute(name=addNews, type=boolean [non-identifier])
org.hibernate.persister.walking.spi.MetamodelGraphWalker 2015-04-14 23:23:13,452 DEBUG - Visiting attribute path : deleteNews
org.hibernate.loader.plan.build.internal.AbstractLoadPlanBuildingAssociationVisitationStrategy 2015-04-14 23:23:13,452 TRACE - &gt;&gt; Starting attribute Attribute(name=deleteNews, type=boolean [non-identifier])
org.hibernate.loader.plan.build.internal.AbstractLoadPlanBuildingAssociationVisitationStrategy 2015-04-14 23:23:13,452 TRACE - &lt;&lt; Finishing up attribute : Attribute(name=deleteNews, type=boolean [non-identifier])
org.hibernate.persister.walking.spi.MetamodelGraphWalker 2015-04-14 23:23:13,452 DEBUG - Visiting attribute path : readNews
org.hibernate.loader.plan.build.internal.AbstractLoadPlanBuildingAssociationVisitationStrategy 2015-04-14 23:23:13,452 TRACE - &gt;&gt; Starting attribute Attribute(name=readNews, type=boolean [non-identifier])
org.hibernate.loader.plan.build.internal.AbstractLoadPlanBuildingAssociationVisitationStrategy 2015-04-14 23:23:13,452 TRACE - &lt;&lt; Finishing up attribute : Attribute(name=readNews, type=boolean [non-identifier])
org.hibernate.persister.walking.spi.MetamodelGraphWalker 2015-04-14 23:23:13,452 DEBUG - Visiting attribute path : role
org.hibernate.loader.plan.build.internal.AbstractLoadPlanBuildingAssociationVisitationStrategy 2015-04-14 23:23:13,452 TRACE - &gt;&gt; Starting attribute Attribute(name=role, type=pojos.Roles [non-identifier,association])
org.hibernate.loader.plan.build.internal.spaces.QuerySpacesImpl 2015-04-14 23:23:13,452 DEBUG - Adding QuerySpace : uid = &lt;gen:1&gt; -&gt; org.hibernate.loader.plan.build.internal.spaces.EntityQuerySpaceImpl@53ab0286]
org.hibernate.loader.plan.build.internal.AbstractLoadPlanBuildingAssociationVisitationStrategy 2015-04-14 23:23:13,452 TRACE - &lt;&lt; Finishing up attribute : Attribute(name=role, type=pojos.Roles [non-identifier,association])
org.hibernate.persister.walking.spi.MetamodelGraphWalker 2015-04-14 23:23:13,452 DEBUG - Visiting attribute path : updateNews
org.hibernate.loader.plan.build.internal.AbstractLoadPlanBuildingAssociationVisitationStrategy 2015-04-14 23:23:13,452 TRACE - &gt;&gt; Starting attribute Attribute(name=updateNews, type=boolean [non-identifier])
org.hibernate.loader.plan.build.internal.AbstractLoadPlanBuildingAssociationVisitationStrategy 2015-04-14 23:23:13,452 TRACE - &lt;&lt; Finishing up attribute : Attribute(name=updateNews, type=boolean [non-identifier])
org.hibernate.loader.plan.build.internal.AbstractLoadPlanBuildingAssociationVisitationStrategy 2015-04-14 23:23:13,452 TRACE - Popped fetch owner from stack : org.hibernate.loader.plan.build.internal.returns.EntityReturnImpl@9635fa
org.hibernate.loader.plan.build.internal.AbstractLoadPlanBuildingAssociationVisitationStrategy 2015-04-14 23:23:13,452 TRACE -  Finished root entity : pojos.Permissions
org.hibernate.loader.plan.build.internal.FetchStyleLoadPlanBuildingAssociationVisitationStrategy 2015-04-14 23:23:13,452 DEBUG - Building LoadPlan...
org.hibernate.loader.plan.exec.internal.LoadQueryJoinAndFetchProcessor 2015-04-14 23:23:13,452 DEBUG - processing queryspace &lt;gen:0&gt;
org.hibernate.loader.plan.build.spi.LoadPlanTreePrinter 2015-04-14 23:23:13,452 DEBUG - LoadPlan(entity=pojos.Permissions)
    - Returns
       - EntityReturnImpl(entity=pojos.Permissions, querySpaceUid=&lt;gen:0&gt;, path=pojos.Permissions)
          - EntityAttributeFetchImpl(entity=pojos.Roles, querySpaceUid=&lt;gen:1&gt;, path=pojos.Permissions.role)
    - QuerySpaces
       - EntityQuerySpaceImpl(uid=&lt;gen:0&gt;, entity=pojos.Permissions)
          - SQL table alias mapping - permission0_
          - alias suffix - 0_
          - suffixed key columns - {roleId1_2_0_}

org.hibernate.loader.entity.plan.EntityLoader 2015-04-14 23:23:13,452 DEBUG - Static select for entity pojos.Permissions [PESSIMISTIC_FORCE_INCREMENT]: select permission0_.roleId as roleId1_2_0_, permission0_.addNews as addNews2_2_0_, permission0_.deleteNews as deleteNe3_2_0_, permission0_.readNews as readNews4_2_0_, permission0_.role as role6_2_0_, permission0_.updateNews as updateNe5_2_0_ from Permissions permission0_ where permission0_.roleId=? for update
org.hibernate.loader.plan.build.internal.AbstractLoadPlanBuildingAssociationVisitationStrategy 2015-04-14 23:23:13,452 TRACE -  Starting root entity : pojos.Permissions
org.hibernate.loader.plan.build.internal.spaces.QuerySpacesImpl 2015-04-14 23:23:13,452 DEBUG - Adding QuerySpace : uid = &lt;gen:0&gt; -&gt; org.hibernate.loader.plan.build.internal.spaces.EntityQuerySpaceImpl@63c5efee]
org.hibernate.loader.plan.build.internal.AbstractLoadPlanBuildingAssociationVisitationStrategy 2015-04-14 23:23:13,452 TRACE - Pushing fetch source to stack : org.hibernate.loader.plan.build.internal.returns.EntityReturnImpl@2d10e0b1
org.hibernate.loader.plan.build.internal.AbstractLoadPlanBuildingAssociationVisitationStrategy 2015-04-14 23:23:13,452 TRACE - .. Registering AssociationKey : AssociationKey(table=Permissions, columns={roleId}) -&gt; org.hibernate.loader.plan.build.internal.returns.EntityReturnImpl@2d10e0b1
org.hibernate.loader.plan.build.internal.AbstractLoadPlanBuildingAssociationVisitationStrategy 2015-04-14 23:23:13,462 TRACE - &gt;&gt; Starting entity identifier : pojos.Permissions
org.hibernate.persister.walking.spi.MetamodelGraphWalker 2015-04-14 23:23:13,462 DEBUG - Visiting attribute path : addNews
org.hibernate.loader.plan.build.internal.AbstractLoadPlanBuildingAssociationVisitationStrategy 2015-04-14 23:23:13,462 TRACE - &gt;&gt; Starting attribute Attribute(name=addNews, type=boolean [non-identifier])
org.hibernate.loader.plan.build.internal.AbstractLoadPlanBuildingAssociationVisitationStrategy 2015-04-14 23:23:13,462 TRACE - &lt;&lt; Finishing up attribute : Attribute(name=addNews, type=boolean [non-identifier])
org.hibernate.persister.walking.spi.MetamodelGraphWalker 2015-04-14 23:23:13,462 DEBUG - Visiting attribute path : deleteNews
org.hibernate.loader.plan.build.internal.AbstractLoadPlanBuildingAssociationVisitationStrategy 2015-04-14 23:23:13,462 TRACE - &gt;&gt; Starting attribute Attribute(name=deleteNews, type=boolean [non-identifier])
org.hibernate.loader.plan.build.internal.AbstractLoadPlanBuildingAssociationVisitationStrategy 2015-04-14 23:23:13,462 TRACE - &lt;&lt; Finishing up attribute : Attribute(name=deleteNews, type=boolean [non-identifier])
org.hibernate.persister.walking.spi.MetamodelGraphWalker 2015-04-14 23:23:13,462 DEBUG - Visiting attribute path : readNews
org.hibernate.loader.plan.build.internal.AbstractLoadPlanBuildingAssociationVisitationStrategy 2015-04-14 23:23:13,462 TRACE - &gt;&gt; Starting attribute Attribute(name=readNews, type=boolean [non-identifier])
org.hibernate.loader.plan.build.internal.AbstractLoadPlanBuildingAssociationVisitationStrategy 2015-04-14 23:23:13,462 TRACE - &lt;&lt; Finishing up attribute : Attribute(name=readNews, type=boolean [non-identifier])
org.hibernate.persister.walking.spi.MetamodelGraphWalker 2015-04-14 23:23:13,462 DEBUG - Visiting attribute path : role
org.hibernate.loader.plan.build.internal.AbstractLoadPlanBuildingAssociationVisitationStrategy 2015-04-14 23:23:13,462 TRACE - &gt;&gt; Starting attribute Attribute(name=role, type=pojos.Roles [non-identifier,association])
org.hibernate.loader.plan.build.internal.spaces.QuerySpacesImpl 2015-04-14 23:23:13,462 DEBUG - Adding QuerySpace : uid = &lt;gen:1&gt; -&gt; org.hibernate.loader.plan.build.internal.spaces.EntityQuerySpaceImpl@1c98290c]
org.hibernate.loader.plan.build.internal.AbstractLoadPlanBuildingAssociationVisitationStrategy 2015-04-14 23:23:13,462 TRACE - &lt;&lt; Finishing up attribute : Attribute(name=role, type=pojos.Roles [non-identifier,association])
org.hibernate.persister.walking.spi.MetamodelGraphWalker 2015-04-14 23:23:13,462 DEBUG - Visiting attribute path : updateNews
org.hibernate.loader.plan.build.internal.AbstractLoadPlanBuildingAssociationVisitationStrategy 2015-04-14 23:23:13,462 TRACE - &gt;&gt; Starting attribute Attribute(name=updateNews, type=boolean [non-identifier])
org.hibernate.loader.plan.build.internal.AbstractLoadPlanBuildingAssociationVisitationStrategy 2015-04-14 23:23:13,462 TRACE - &lt;&lt; Finishing up attribute : Attribute(name=updateNews, type=boolean [non-identifier])
org.hibernate.loader.plan.build.internal.AbstractLoadPlanBuildingAssociationVisitationStrategy 2015-04-14 23:23:13,462 TRACE - Popped fetch owner from stack : org.hibernate.loader.plan.build.internal.returns.EntityReturnImpl@2d10e0b1
org.hibernate.loader.plan.build.internal.AbstractLoadPlanBuildingAssociationVisitationStrategy 2015-04-14 23:23:13,462 TRACE -  Finished root entity : pojos.Permissions
org.hibernate.loader.plan.build.internal.FetchStyleLoadPlanBuildingAssociationVisitationStrategy 2015-04-14 23:23:13,462 DEBUG - Building LoadPlan...
org.hibernate.loader.plan.exec.internal.LoadQueryJoinAndFetchProcessor 2015-04-14 23:23:13,462 DEBUG - processing queryspace &lt;gen:0&gt;
org.hibernate.loader.plan.build.spi.LoadPlanTreePrinter 2015-04-14 23:23:13,462 DEBUG - LoadPlan(entity=pojos.Permissions)
    - Returns
       - EntityReturnImpl(entity=pojos.Permissions, querySpaceUid=&lt;gen:0&gt;, path=pojos.Permissions)
          - EntityAttributeFetchImpl(entity=pojos.Roles, querySpaceUid=&lt;gen:1&gt;, path=pojos.Permissions.role)
    - QuerySpaces
       - EntityQuerySpaceImpl(uid=&lt;gen:0&gt;, entity=pojos.Permissions)
          - SQL table alias mapping - permission0_
          - alias suffix - 0_
          - suffixed key columns - {roleId1_2_0_}

org.hibernate.loader.entity.plan.EntityLoader 2015-04-14 23:23:13,462 DEBUG - Static select for entity pojos.Permissions [OPTIMISTIC]: select permission0_.roleId as roleId1_2_0_, permission0_.addNews as addNews2_2_0_, permission0_.deleteNews as deleteNe3_2_0_, permission0_.readNews as readNews4_2_0_, permission0_.role as role6_2_0_, permission0_.updateNews as updateNe5_2_0_ from Permissions permission0_ where permission0_.roleId=?
org.hibernate.loader.plan.build.internal.AbstractLoadPlanBuildingAssociationVisitationStrategy 2015-04-14 23:23:13,462 TRACE -  Starting root entity : pojos.Permissions
org.hibernate.loader.plan.build.internal.spaces.QuerySpacesImpl 2015-04-14 23:23:13,462 DEBUG - Adding QuerySpace : uid = &lt;gen:0&gt; -&gt; org.hibernate.loader.plan.build.internal.spaces.EntityQuerySpaceImpl@172ca72b]
org.hibernate.loader.plan.build.internal.AbstractLoadPlanBuildingAssociationVisitationStrategy 2015-04-14 23:23:13,462 TRACE - Pushing fetch source to stack : org.hibernate.loader.plan.build.internal.returns.EntityReturnImpl@5bda80bf
org.hibernate.loader.plan.build.internal.AbstractLoadPlanBuildingAssociationVisitationStrategy 2015-04-14 23:23:13,462 TRACE - .. Registering AssociationKey : AssociationKey(table=Permissions, columns={roleId}) -&gt; org.hibernate.loader.plan.build.internal.returns.EntityReturnImpl@5bda80bf
org.hibernate.loader.plan.build.internal.AbstractLoadPlanBuildingAssociationVisitationStrategy 2015-04-14 23:23:13,462 TRACE - &gt;&gt; Starting entity identifier : pojos.Permissions
org.hibernate.persister.walking.spi.MetamodelGraphWalker 2015-04-14 23:23:13,462 DEBUG - Visiting attribute path : addNews
org.hibernate.loader.plan.build.internal.AbstractLoadPlanBuildingAssociationVisitationStrategy 2015-04-14 23:23:13,462 TRACE - &gt;&gt; Starting attribute Attribute(name=addNews, type=boolean [non-identifier])
org.hibernate.loader.plan.build.internal.AbstractLoadPlanBuildingAssociationVisitationStrategy 2015-04-14 23:23:13,462 TRACE - &lt;&lt; Finishing up attribute : Attribute(name=addNews, type=boolean [non-identifier])
org.hibernate.persister.walking.spi.MetamodelGraphWalker 2015-04-14 23:23:13,462 DEBUG - Visiting attribute path : deleteNews
org.hibernate.loader.plan.build.internal.AbstractLoadPlanBuildingAssociationVisitationStrategy 2015-04-14 23:23:13,462 TRACE - &gt;&gt; Starting attribute Attribute(name=deleteNews, type=boolean [non-identifier])
org.hibernate.loader.plan.build.internal.AbstractLoadPlanBuildingAssociationVisitationStrategy 2015-04-14 23:23:13,462 TRACE - &lt;&lt; Finishing up attribute : Attribute(name=deleteNews, type=boolean [non-identifier])
org.hibernate.persister.walking.spi.MetamodelGraphWalker 2015-04-14 23:23:13,462 DEBUG - Visiting attribute path : readNews
org.hibernate.loader.plan.build.internal.AbstractLoadPlanBuildingAssociationVisitationStrategy 2015-04-14 23:23:13,462 TRACE - &gt;&gt; Starting attribute Attribute(name=readNews, type=boolean [non-identifier])
org.hibernate.loader.plan.build.internal.AbstractLoadPlanBuildingAssociationVisitationStrategy 2015-04-14 23:23:13,462 TRACE - &lt;&lt; Finishing up attribute : Attribute(name=readNews, type=boolean [non-identifier])
org.hibernate.persister.walking.spi.MetamodelGraphWalker 2015-04-14 23:23:13,462 DEBUG - Visiting attribute path : role
org.hibernate.loader.plan.build.internal.AbstractLoadPlanBuildingAssociationVisitationStrategy 2015-04-14 23:23:13,462 TRACE - &gt;&gt; Starting attribute Attribute(name=role, type=pojos.Roles [non-identifier,association])
org.hibernate.loader.plan.build.internal.spaces.QuerySpacesImpl 2015-04-14 23:23:13,462 DEBUG - Adding QuerySpace : uid = &lt;gen:1&gt; -&gt; org.hibernate.loader.plan.build.internal.spaces.EntityQuerySpaceImpl@71e5f61d]
org.hibernate.loader.plan.build.internal.AbstractLoadPlanBuildingAssociationVisitationStrategy 2015-04-14 23:23:13,462 TRACE - &lt;&lt; Finishing up attribute : Attribute(name=role, type=pojos.Roles [non-identifier,association])
org.hibernate.persister.walking.spi.MetamodelGraphWalker 2015-04-14 23:23:13,462 DEBUG - Visiting attribute path : updateNews
org.hibernate.loader.plan.build.internal.AbstractLoadPlanBuildingAssociationVisitationStrategy 2015-04-14 23:23:13,462 TRACE - &gt;&gt; Starting attribute Attribute(name=updateNews, type=boolean [non-identifier])
org.hibernate.loader.plan.build.internal.AbstractLoadPlanBuildingAssociationVisitationStrategy 2015-04-14 23:23:13,462 TRACE - &lt;&lt; Finishing up attribute : Attribute(name=updateNews, type=boolean [non-identifier])
org.hibernate.loader.plan.build.internal.AbstractLoadPlanBuildingAssociationVisitationStrategy 2015-04-14 23:23:13,462 TRACE - Popped fetch owner from stack : org.hibernate.loader.plan.build.internal.returns.EntityReturnImpl@5bda80bf
org.hibernate.loader.plan.build.internal.AbstractLoadPlanBuildingAssociationVisitationStrategy 2015-04-14 23:23:13,462 TRACE -  Finished root entity : pojos.Permissions
org.hibernate.loader.plan.build.internal.FetchStyleLoadPlanBuildingAssociationVisitationStrategy 2015-04-14 23:23:13,462 DEBUG - Building LoadPlan...
org.hibernate.loader.plan.exec.internal.LoadQueryJoinAndFetchProcessor 2015-04-14 23:23:13,462 DEBUG - processing queryspace &lt;gen:0&gt;
org.hibernate.loader.plan.build.spi.LoadPlanTreePrinter 2015-04-14 23:23:13,462 DEBUG - LoadPlan(entity=pojos.Permissions)
    - Returns
       - EntityReturnImpl(entity=pojos.Permissions, querySpaceUid=&lt;gen:0&gt;, path=pojos.Permissions)
          - EntityAttributeFetchImpl(entity=pojos.Roles, querySpaceUid=&lt;gen:1&gt;, path=pojos.Permissions.role)
    - QuerySpaces
       - EntityQuerySpaceImpl(uid=&lt;gen:0&gt;, entity=pojos.Permissions)
          - SQL table alias mapping - permission0_
          - alias suffix - 0_
          - suffixed key columns - {roleId1_2_0_}

org.hibernate.loader.entity.plan.EntityLoader 2015-04-14 23:23:13,462 DEBUG - Static select for entity pojos.Permissions [OPTIMISTIC_FORCE_INCREMENT]: select permission0_.roleId as roleId1_2_0_, permission0_.addNews as addNews2_2_0_, permission0_.deleteNews as deleteNe3_2_0_, permission0_.readNews as readNews4_2_0_, permission0_.role as role6_2_0_, permission0_.updateNews as updateNe5_2_0_ from Permissions permission0_ where permission0_.roleId=?
org.hibernate.loader.entity.CascadeEntityLoader 2015-04-14 23:23:13,472 DEBUG - Static select for action ACTION_MERGE on entity pojos.Permissions: select permission0_.roleId as roleId1_2_0_, permission0_.addNews as addNews2_2_0_, permission0_.deleteNews as deleteNe3_2_0_, permission0_.readNews as readNews4_2_0_, permission0_.role as role6_2_0_, permission0_.updateNews as updateNe5_2_0_ from Permissions permission0_ where permission0_.roleId=?
org.hibernate.loader.entity.CascadeEntityLoader 2015-04-14 23:23:13,472 DEBUG - Static select for action ACTION_REFRESH on entity pojos.Permissions: select permission0_.roleId as roleId1_2_0_, permission0_.addNews as addNews2_2_0_, permission0_.deleteNews as deleteNe3_2_0_, permission0_.readNews as readNews4_2_0_, permission0_.role as role6_2_0_, permission0_.updateNews as updateNe5_2_0_ from Permissions permission0_ where permission0_.roleId=?
org.hibernate.loader.entity.EntityLoader 2015-04-14 23:23:13,472 DEBUG - Static select for entity pojos.Permissions [NONE]: select permission0_.roleId as roleId1_2_1_, permission0_.addNews as addNews2_2_1_, permission0_.deleteNews as deleteNe3_2_1_, permission0_.readNews as readNews4_2_1_, permission0_.role as role6_2_1_, permission0_.updateNews as updateNe5_2_1_, roles1_.roleId as roleId1_3_0_, roles1_.roleType as roleType2_3_0_ from Permissions permission0_ left outer join Roles roles1_ on permission0_.role=roles1_.roleId where permission0_.role=?
org.hibernate.persister.entity.AbstractEntityPersister 2015-04-14 23:23:13,472 DEBUG - Static SQL for entity: pojos.Roles
org.hibernate.persister.entity.AbstractEntityPersister 2015-04-14 23:23:13,472 DEBUG -  Version select: select roleId from Roles where roleId =?
org.hibernate.persister.entity.AbstractEntityPersister 2015-04-14 23:23:13,472 DEBUG -  Snapshot select: select roles_.roleId, roles_.roleType as roleType2_3_ from Roles roles_ where roles_.roleId=?
org.hibernate.persister.entity.AbstractEntityPersister 2015-04-14 23:23:13,472 DEBUG -  Insert 0: insert into Roles (roleType, roleId) values (?, ?)
org.hibernate.persister.entity.AbstractEntityPersister 2015-04-14 23:23:13,472 DEBUG -  Update 0: update Roles set roleType=? where roleId=?
org.hibernate.persister.entity.AbstractEntityPersister 2015-04-14 23:23:13,472 DEBUG -  Delete 0: delete from Roles where roleId=?
org.hibernate.persister.entity.AbstractEntityPersister 2015-04-14 23:23:13,472 DEBUG -  Identity insert: insert into Roles (roleType) values (?)
org.hibernate.loader.plan.build.internal.AbstractLoadPlanBuildingAssociationVisitationStrategy 2015-04-14 23:23:13,472 TRACE -  Starting root entity : pojos.Roles
org.hibernate.loader.plan.build.internal.spaces.QuerySpacesImpl 2015-04-14 23:23:13,472 DEBUG - Adding QuerySpace : uid = &lt;gen:0&gt; -&gt; org.hibernate.loader.plan.build.internal.spaces.EntityQuerySpaceImpl@60fa3495]
org.hibernate.loader.plan.build.internal.AbstractLoadPlanBuildingAssociationVisitationStrategy 2015-04-14 23:23:13,472 TRACE - Pushing fetch source to stack : org.hibernate.loader.plan.build.internal.returns.EntityReturnImpl@3e2822
org.hibernate.loader.plan.build.internal.AbstractLoadPlanBuildingAssociationVisitationStrategy 2015-04-14 23:23:13,472 TRACE - .. Registering AssociationKey : AssociationKey(table=Roles, columns={roleId}) -&gt; org.hibernate.loader.plan.build.internal.returns.EntityReturnImpl@3e2822
org.hibernate.loader.plan.build.internal.AbstractLoadPlanBuildingAssociationVisitationStrategy 2015-04-14 23:23:13,472 TRACE - &gt;&gt; Starting entity identifier : pojos.Roles
org.hibernate.persister.walking.spi.MetamodelGraphWalker 2015-04-14 23:23:13,472 DEBUG - Visiting attribute path : roleType
org.hibernate.loader.plan.build.internal.AbstractLoadPlanBuildingAssociationVisitationStrategy 2015-04-14 23:23:13,472 TRACE - &gt;&gt; Starting attribute Attribute(name=roleType, type=string [non-identifier])
org.hibernate.loader.plan.build.internal.AbstractLoadPlanBuildingAssociationVisitationStrategy 2015-04-14 23:23:13,472 TRACE - &lt;&lt; Finishing up attribute : Attribute(name=roleType, type=string [non-identifier])
org.hibernate.persister.walking.spi.MetamodelGraphWalker 2015-04-14 23:23:13,472 DEBUG - Visiting attribute path : users
org.hibernate.loader.plan.build.internal.AbstractLoadPlanBuildingAssociationVisitationStrategy 2015-04-14 23:23:13,472 TRACE - &gt;&gt; Starting attribute Attribute(name=users, type=java.util.Set(pojos.Roles.users) [non-identifier,association])
org.hibernate.loader.plan.build.internal.AbstractLoadPlanBuildingAssociationVisitationStrategy 2015-04-14 23:23:13,472 TRACE - &lt;&lt; Finishing up attribute : Attribute(name=users, type=java.util.Set(pojos.Roles.users) [non-identifier,association])
org.hibernate.persister.walking.spi.MetamodelGraphWalker 2015-04-14 23:23:13,472 DEBUG - Visiting attribute path : permission
org.hibernate.loader.plan.build.internal.AbstractLoadPlanBuildingAssociationVisitationStrategy 2015-04-14 23:23:13,472 TRACE - &gt;&gt; Starting attribute Attribute(name=permission, type=pojos.Permissions [non-identifier,association])
org.hibernate.loader.plan.build.internal.spaces.QuerySpacesImpl 2015-04-14 23:23:13,472 DEBUG - Adding QuerySpace : uid = &lt;gen:1&gt; -&gt; org.hibernate.loader.plan.build.internal.spaces.EntityQuerySpaceImpl@79e18e38]
org.hibernate.loader.plan.build.internal.AbstractLoadPlanBuildingAssociationVisitationStrategy 2015-04-14 23:23:13,472 TRACE - Pushing fetch source to stack : org.hibernate.loader.plan.build.internal.returns.EntityAttributeFetchImpl@29a60c27
org.hibernate.loader.plan.build.internal.AbstractLoadPlanBuildingAssociationVisitationStrategy 2015-04-14 23:23:13,472 TRACE - .... Registering AssociationKey : AssociationKey(table=Permissions, columns={role}) -&gt; org.hibernate.loader.plan.build.internal.returns.EntityAttributeFetchImpl@29a60c27
org.hibernate.loader.plan.build.internal.AbstractLoadPlanBuildingAssociationVisitationStrategy 2015-04-14 23:23:13,472 TRACE - &gt;&gt;&gt;&gt; Starting entity identifier : pojos.Permissions
org.hibernate.persister.walking.spi.MetamodelGraphWalker 2015-04-14 23:23:13,472 DEBUG - Visiting attribute path : permission.addNews
org.hibernate.loader.plan.build.internal.AbstractLoadPlanBuildingAssociationVisitationStrategy 2015-04-14 23:23:13,472 TRACE - &gt;&gt;&gt;&gt; Starting attribute Attribute(name=addNews, type=boolean [non-identifier])
org.hibernate.loader.plan.build.internal.AbstractLoadPlanBuildingAssociationVisitationStrategy 2015-04-14 23:23:13,472 TRACE - &lt;&lt;&lt;&lt; Finishing up attribute : Attribute(name=addNews, type=boolean [non-identifier])
org.hibernate.persister.walking.spi.MetamodelGraphWalker 2015-04-14 23:23:13,472 DEBUG - Visiting attribute path : permission.deleteNews
org.hibernate.loader.plan.build.internal.AbstractLoadPlanBuildingAssociationVisitationStrategy 2015-04-14 23:23:13,472 TRACE - &gt;&gt;&gt;&gt; Starting attribute Attribute(name=deleteNews, type=boolean [non-identifier])
org.hibernate.loader.plan.build.internal.AbstractLoadPlanBuildingAssociationVisitationStrategy 2015-04-14 23:23:13,472 TRACE - &lt;&lt;&lt;&lt; Finishing up attribute : Attribute(name=deleteNews, type=boolean [non-identifier])
org.hibernate.persister.walking.spi.MetamodelGraphWalker 2015-04-14 23:23:13,472 DEBUG - Visiting attribute path : permission.readNews
org.hibernate.loader.plan.build.internal.AbstractLoadPlanBuildingAssociationVisitationStrategy 2015-04-14 23:23:13,472 TRACE - &gt;&gt;&gt;&gt; Starting attribute Attribute(name=readNews, type=boolean [non-identifier])
org.hibernate.loader.plan.build.internal.AbstractLoadPlanBuildingAssociationVisitationStrategy 2015-04-14 23:23:13,472 TRACE - &lt;&lt;&lt;&lt; Finishing up attribute : Attribute(name=readNews, type=boolean [non-identifier])
org.hibernate.persister.walking.spi.MetamodelGraphWalker 2015-04-14 23:23:13,472 DEBUG - Visiting attribute path : permission.role
org.hibernate.persister.walking.spi.MetamodelGraphWalker 2015-04-14 23:23:13,472 DEBUG - Property path deemed to be circular : permission.role
org.hibernate.persister.walking.spi.MetamodelGraphWalker 2015-04-14 23:23:13,482 DEBUG - Visiting attribute path : permission.updateNews
org.hibernate.loader.plan.build.internal.AbstractLoadPlanBuildingAssociationVisitationStrategy 2015-04-14 23:23:13,482 TRACE - &gt;&gt;&gt;&gt; Starting attribute Attribute(name=updateNews, type=boolean [non-identifier])
org.hibernate.loader.plan.build.internal.AbstractLoadPlanBuildingAssociationVisitationStrategy 2015-04-14 23:23:13,482 TRACE - &lt;&lt;&lt;&lt; Finishing up attribute : Attribute(name=updateNews, type=boolean [non-identifier])
org.hibernate.loader.plan.build.internal.AbstractLoadPlanBuildingAssociationVisitationStrategy 2015-04-14 23:23:13,482 TRACE - Popped fetch owner from stack : org.hibernate.loader.plan.build.internal.returns.EntityAttributeFetchImpl@29a60c27
org.hibernate.loader.plan.build.internal.AbstractLoadPlanBuildingAssociationVisitationStrategy 2015-04-14 23:23:13,482 TRACE - &lt;&lt; Finishing up attribute : Attribute(name=permission, type=pojos.Permissions [non-identifier,association])
org.hibernate.loader.plan.build.internal.AbstractLoadPlanBuildingAssociationVisitationStrategy 2015-04-14 23:23:13,482 TRACE - Popped fetch owner from stack : org.hibernate.loader.plan.build.internal.returns.EntityReturnImpl@3e2822
org.hibernate.loader.plan.build.internal.AbstractLoadPlanBuildingAssociationVisitationStrategy 2015-04-14 23:23:13,482 TRACE -  Finished root entity : pojos.Roles
org.hibernate.loader.plan.build.internal.FetchStyleLoadPlanBuildingAssociationVisitationStrategy 2015-04-14 23:23:13,482 DEBUG - Building LoadPlan...
org.hibernate.loader.plan.exec.internal.LoadQueryJoinAndFetchProcessor 2015-04-14 23:23:13,482 DEBUG - processing queryspace &lt;gen:0&gt;
org.hibernate.loader.plan.build.spi.LoadPlanTreePrinter 2015-04-14 23:23:13,482 DEBUG - LoadPlan(entity=pojos.Roles)
    - Returns
       - EntityReturnImpl(entity=pojos.Roles, querySpaceUid=&lt;gen:0&gt;, path=pojos.Roles)
          - EntityAttributeFetchImpl(entity=pojos.Permissions, querySpaceUid=&lt;gen:1&gt;, path=pojos.Roles.permission)
    - QuerySpaces
       - EntityQuerySpaceImpl(uid=&lt;gen:0&gt;, entity=pojos.Roles)
          - SQL table alias mapping - roles0_
          - alias suffix - 0_
          - suffixed key columns - {roleId1_3_0_}
          - JOIN (JoinDefinedByMetadata(permission)) : &lt;gen:0&gt; -&gt; &lt;gen:1&gt;
             - EntityQuerySpaceImpl(uid=&lt;gen:1&gt;, entity=pojos.Permissions)
                - SQL table alias mapping - permission1_
                - alias suffix - 1_
                - suffixed key columns - {roleId1_2_1_}

org.hibernate.loader.entity.plan.EntityLoader 2015-04-14 23:23:13,482 DEBUG - Static select for entity pojos.Roles [NONE]: select roles0_.roleId as roleId1_3_0_, roles0_.roleType as roleType2_3_0_, permission1_.roleId as roleId1_2_1_, permission1_.addNews as addNews2_2_1_, permission1_.deleteNews as deleteNe3_2_1_, permission1_.readNews as readNews4_2_1_, permission1_.role as role6_2_1_, permission1_.updateNews as updateNe5_2_1_ from Roles roles0_ left outer join Permissions permission1_ on roles0_.roleId=permission1_.role where roles0_.roleId=?
org.hibernate.loader.plan.build.internal.AbstractLoadPlanBuildingAssociationVisitationStrategy 2015-04-14 23:23:13,482 TRACE -  Starting root entity : pojos.Roles
org.hibernate.loader.plan.build.internal.spaces.QuerySpacesImpl 2015-04-14 23:23:13,482 DEBUG - Adding QuerySpace : uid = &lt;gen:0&gt; -&gt; org.hibernate.loader.plan.build.internal.spaces.EntityQuerySpaceImpl@1849db1a]
org.hibernate.loader.plan.build.internal.AbstractLoadPlanBuildingAssociationVisitationStrategy 2015-04-14 23:23:13,482 TRACE - Pushing fetch source to stack : org.hibernate.loader.plan.build.internal.returns.EntityReturnImpl@69c79f09
org.hibernate.loader.plan.build.internal.AbstractLoadPlanBuildingAssociationVisitationStrategy 2015-04-14 23:23:13,482 TRACE - .. Registering AssociationKey : AssociationKey(table=Roles, columns={roleId}) -&gt; org.hibernate.loader.plan.build.internal.returns.EntityReturnImpl@69c79f09
org.hibernate.loader.plan.build.internal.AbstractLoadPlanBuildingAssociationVisitationStrategy 2015-04-14 23:23:13,482 TRACE - &gt;&gt; Starting entity identifier : pojos.Roles
org.hibernate.persister.walking.spi.MetamodelGraphWalker 2015-04-14 23:23:13,482 DEBUG - Visiting attribute path : roleType
org.hibernate.loader.plan.build.internal.AbstractLoadPlanBuildingAssociationVisitationStrategy 2015-04-14 23:23:13,482 TRACE - &gt;&gt; Starting attribute Attribute(name=roleType, type=string [non-identifier])
org.hibernate.loader.plan.build.internal.AbstractLoadPlanBuildingAssociationVisitationStrategy 2015-04-14 23:23:13,482 TRACE - &lt;&lt; Finishing up attribute : Attribute(name=roleType, type=string [non-identifier])
org.hibernate.persister.walking.spi.MetamodelGraphWalker 2015-04-14 23:23:13,482 DEBUG - Visiting attribute path : users
org.hibernate.loader.plan.build.internal.AbstractLoadPlanBuildingAssociationVisitationStrategy 2015-04-14 23:23:13,482 TRACE - &gt;&gt; Starting attribute Attribute(name=users, type=java.util.Set(pojos.Roles.users) [non-identifier,association])
org.hibernate.loader.plan.build.internal.AbstractLoadPlanBuildingAssociationVisitationStrategy 2015-04-14 23:23:13,482 TRACE - &lt;&lt; Finishing up attribute : Attribute(name=users, type=java.util.Set(pojos.Roles.users) [non-identifier,association])
org.hibernate.persister.walking.spi.MetamodelGraphWalker 2015-04-14 23:23:13,482 DEBUG - Visiting attribute path : permission
org.hibernate.loader.plan.build.internal.AbstractLoadPlanBuildingAssociationVisitationStrategy 2015-04-14 23:23:13,482 TRACE - &gt;&gt; Starting attribute Attribute(name=permission, type=pojos.Permissions [non-identifier,association])
org.hibernate.loader.plan.build.internal.spaces.QuerySpacesImpl 2015-04-14 23:23:13,482 DEBUG - Adding QuerySpace : uid = &lt;gen:1&gt; -&gt; org.hibernate.loader.plan.build.internal.spaces.EntityQuerySpaceImpl@1ca25c47]
org.hibernate.loader.plan.build.internal.AbstractLoadPlanBuildingAssociationVisitationStrategy 2015-04-14 23:23:13,482 TRACE - Pushing fetch source to stack : org.hibernate.loader.plan.build.internal.returns.EntityAttributeFetchImpl@5fcacc0
org.hibernate.loader.plan.build.internal.AbstractLoadPlanBuildingAssociationVisitationStrategy 2015-04-14 23:23:13,482 TRACE - .... Registering AssociationKey : AssociationKey(table=Permissions, columns={role}) -&gt; org.hibernate.loader.plan.build.internal.returns.EntityAttributeFetchImpl@5fcacc0
org.hibernate.loader.plan.build.internal.AbstractLoadPlanBuildingAssociationVisitationStrategy 2015-04-14 23:23:13,482 TRACE - &gt;&gt;&gt;&gt; Starting entity identifier : pojos.Permissions
org.hibernate.persister.walking.spi.MetamodelGraphWalker 2015-04-14 23:23:13,482 DEBUG - Visiting attribute path : permission.addNews
org.hibernate.loader.plan.build.internal.AbstractLoadPlanBuildingAssociationVisitationStrategy 2015-04-14 23:23:13,482 TRACE - &gt;&gt;&gt;&gt; Starting attribute Attribute(name=addNews, type=boolean [non-identifier])
org.hibernate.loader.plan.build.internal.AbstractLoadPlanBuildingAssociationVisitationStrategy 2015-04-14 23:23:13,482 TRACE - &lt;&lt;&lt;&lt; Finishing up attribute : Attribute(name=addNews, type=boolean [non-identifier])
org.hibernate.persister.walking.spi.MetamodelGraphWalker 2015-04-14 23:23:13,482 DEBUG - Visiting attribute path : permission.deleteNews
org.hibernate.loader.plan.build.internal.AbstractLoadPlanBuildingAssociationVisitationStrategy 2015-04-14 23:23:13,482 TRACE - &gt;&gt;&gt;&gt; Starting attribute Attribute(name=deleteNews, type=boolean [non-identifier])
org.hibernate.loader.plan.build.internal.AbstractLoadPlanBuildingAssociationVisitationStrategy 2015-04-14 23:23:13,482 TRACE - &lt;&lt;&lt;&lt; Finishing up attribute : Attribute(name=deleteNews, type=boolean [non-identifier])
org.hibernate.persister.walking.spi.MetamodelGraphWalker 2015-04-14 23:23:13,482 DEBUG - Visiting attribute path : permission.readNews
org.hibernate.loader.plan.build.internal.AbstractLoadPlanBuildingAssociationVisitationStrategy 2015-04-14 23:23:13,482 TRACE - &gt;&gt;&gt;&gt; Starting attribute Attribute(name=readNews, type=boolean [non-identifier])
org.hibernate.loader.plan.build.internal.AbstractLoadPlanBuildingAssociationVisitationStrategy 2015-04-14 23:23:13,482 TRACE - &lt;&lt;&lt;&lt; Finishing up attribute : Attribute(name=readNews, type=boolean [non-identifier])
org.hibernate.persister.walking.spi.MetamodelGraphWalker 2015-04-14 23:23:13,482 DEBUG - Visiting attribute path : permission.role
org.hibernate.persister.walking.spi.MetamodelGraphWalker 2015-04-14 23:23:13,482 DEBUG - Property path deemed to be circular : permission.role
org.hibernate.persister.walking.spi.MetamodelGraphWalker 2015-04-14 23:23:13,482 DEBUG - Visiting attribute path : permission.updateNews
org.hibernate.loader.plan.build.internal.AbstractLoadPlanBuildingAssociationVisitationStrategy 2015-04-14 23:23:13,482 TRACE - &gt;&gt;&gt;&gt; Starting attribute Attribute(name=updateNews, type=boolean [non-identifier])
org.hibernate.loader.plan.build.internal.AbstractLoadPlanBuildingAssociationVisitationStrategy 2015-04-14 23:23:13,482 TRACE - &lt;&lt;&lt;&lt; Finishing up attribute : Attribute(name=updateNews, type=boolean [non-identifier])
org.hibernate.loader.plan.build.internal.AbstractLoadPlanBuildingAssociationVisitationStrategy 2015-04-14 23:23:13,482 TRACE - Popped fetch owner from stack : org.hibernate.loader.plan.build.internal.returns.EntityAttributeFetchImpl@5fcacc0
org.hibernate.loader.plan.build.internal.AbstractLoadPlanBuildingAssociationVisitationStrategy 2015-04-14 23:23:13,482 TRACE - &lt;&lt; Finishing up attribute : Attribute(name=permission, type=pojos.Permissions [non-identifier,association])
org.hibernate.loader.plan.build.internal.AbstractLoadPlanBuildingAssociationVisitationStrategy 2015-04-14 23:23:13,482 TRACE - Popped fetch owner from stack : org.hibernate.loader.plan.build.internal.returns.EntityReturnImpl@69c79f09
org.hibernate.loader.plan.build.internal.AbstractLoadPlanBuildingAssociationVisitationStrategy 2015-04-14 23:23:13,482 TRACE -  Finished root entity : pojos.Roles
org.hibernate.loader.plan.build.internal.FetchStyleLoadPlanBuildingAssociationVisitationStrategy 2015-04-14 23:23:13,482 DEBUG - Building LoadPlan...
org.hibernate.loader.plan.exec.internal.LoadQueryJoinAndFetchProcessor 2015-04-14 23:23:13,482 DEBUG - processing queryspace &lt;gen:0&gt;
org.hibernate.loader.plan.build.spi.LoadPlanTreePrinter 2015-04-14 23:23:13,482 DEBUG - LoadPlan(entity=pojos.Roles)
    - Returns
       - EntityReturnImpl(entity=pojos.Roles, querySpaceUid=&lt;gen:0&gt;, path=pojos.Roles)
          - EntityAttributeFetchImpl(entity=pojos.Permissions, querySpaceUid=&lt;gen:1&gt;, path=pojos.Roles.permission)
    - QuerySpaces
       - EntityQuerySpaceImpl(uid=&lt;gen:0&gt;, entity=pojos.Roles)
          - SQL table alias mapping - roles0_
          - alias suffix - 0_
          - suffixed key columns - {roleId1_3_0_}
          - JOIN (JoinDefinedByMetadata(permission)) : &lt;gen:0&gt; -&gt; &lt;gen:1&gt;
             - EntityQuerySpaceImpl(uid=&lt;gen:1&gt;, entity=pojos.Permissions)
                - SQL table alias mapping - permission1_
                - alias suffix - 1_
                - suffixed key columns - {roleId1_2_1_}

org.hibernate.loader.entity.plan.EntityLoader 2015-04-14 23:23:13,482 DEBUG - Static select for entity pojos.Roles [READ]: select roles0_.roleId as roleId1_3_0_, roles0_.roleType as roleType2_3_0_, permission1_.roleId as roleId1_2_1_, permission1_.addNews as addNews2_2_1_, permission1_.deleteNews as deleteNe3_2_1_, permission1_.readNews as readNews4_2_1_, permission1_.role as role6_2_1_, permission1_.updateNews as updateNe5_2_1_ from Roles roles0_ left outer join Permissions permission1_ on roles0_.roleId=permission1_.role where roles0_.roleId=?
org.hibernate.loader.plan.build.internal.AbstractLoadPlanBuildingAssociationVisitationStrategy 2015-04-14 23:23:13,492 TRACE -  Starting root entity : pojos.Roles
org.hibernate.loader.plan.build.internal.spaces.QuerySpacesImpl 2015-04-14 23:23:13,492 DEBUG - Adding QuerySpace : uid = &lt;gen:0&gt; -&gt; org.hibernate.loader.plan.build.internal.spaces.EntityQuerySpaceImpl@533b266e]
org.hibernate.loader.plan.build.internal.AbstractLoadPlanBuildingAssociationVisitationStrategy 2015-04-14 23:23:13,492 TRACE - Pushing fetch source to stack : org.hibernate.loader.plan.build.internal.returns.EntityReturnImpl@6d1d4d7
org.hibernate.loader.plan.build.internal.AbstractLoadPlanBuildingAssociationVisitationStrategy 2015-04-14 23:23:13,492 TRACE - .. Registering AssociationKey : AssociationKey(table=Roles, columns={roleId}) -&gt; org.hibernate.loader.plan.build.internal.returns.EntityReturnImpl@6d1d4d7
org.hibernate.loader.plan.build.internal.AbstractLoadPlanBuildingAssociationVisitationStrategy 2015-04-14 23:23:13,492 TRACE - &gt;&gt; Starting entity identifier : pojos.Roles
org.hibernate.persister.walking.spi.MetamodelGraphWalker 2015-04-14 23:23:13,492 DEBUG - Visiting attribute path : roleType
org.hibernate.loader.plan.build.internal.AbstractLoadPlanBuildingAssociationVisitationStrategy 2015-04-14 23:23:13,492 TRACE - &gt;&gt; Starting attribute Attribute(name=roleType, type=string [non-identifier])
org.hibernate.loader.plan.build.internal.AbstractLoadPlanBuildingAssociationVisitationStrategy 2015-04-14 23:23:13,492 TRACE - &lt;&lt; Finishing up attribute : Attribute(name=roleType, type=string [non-identifier])
org.hibernate.persister.walking.spi.MetamodelGraphWalker 2015-04-14 23:23:13,492 DEBUG - Visiting attribute path : users
org.hibernate.loader.plan.build.internal.AbstractLoadPlanBuildingAssociationVisitationStrategy 2015-04-14 23:23:13,492 TRACE - &gt;&gt; Starting attribute Attribute(name=users, type=java.util.Set(pojos.Roles.users) [non-identifier,association])
org.hibernate.loader.plan.build.internal.AbstractLoadPlanBuildingAssociationVisitationStrategy 2015-04-14 23:23:13,492 TRACE - &lt;&lt; Finishing up attribute : Attribute(name=users, type=java.util.Set(pojos.Roles.users) [non-identifier,association])
org.hibernate.persister.walking.spi.MetamodelGraphWalker 2015-04-14 23:23:13,492 DEBUG - Visiting attribute path : permission
org.hibernate.loader.plan.build.internal.AbstractLoadPlanBuildingAssociationVisitationStrategy 2015-04-14 23:23:13,492 TRACE - &gt;&gt; Starting attribute Attribute(name=permission, type=pojos.Permissions [non-identifier,association])
org.hibernate.loader.plan.build.internal.spaces.QuerySpacesImpl 2015-04-14 23:23:13,492 DEBUG - Adding QuerySpace : uid = &lt;gen:1&gt; -&gt; org.hibernate.loader.plan.build.internal.spaces.EntityQuerySpaceImpl@89ff02e]
org.hibernate.loader.plan.build.internal.AbstractLoadPlanBuildingAssociationVisitationStrategy 2015-04-14 23:23:13,492 TRACE - &lt;&lt; Finishing up attribute : Attribute(name=permission, type=pojos.Permissions [non-identifier,association])
org.hibernate.loader.plan.build.internal.AbstractLoadPlanBuildingAssociationVisitationStrategy 2015-04-14 23:23:13,492 TRACE - Popped fetch owner from stack : org.hibernate.loader.plan.build.internal.returns.EntityReturnImpl@6d1d4d7
org.hibernate.loader.plan.build.internal.AbstractLoadPlanBuildingAssociationVisitationStrategy 2015-04-14 23:23:13,492 TRACE -  Finished root entity : pojos.Roles
org.hibernate.loader.plan.build.internal.FetchStyleLoadPlanBuildingAssociationVisitationStrategy 2015-04-14 23:23:13,492 DEBUG - Building LoadPlan...
org.hibernate.loader.plan.exec.internal.LoadQueryJoinAndFetchProcessor 2015-04-14 23:23:13,492 DEBUG - processing queryspace &lt;gen:0&gt;
org.hibernate.loader.plan.build.spi.LoadPlanTreePrinter 2015-04-14 23:23:13,492 DEBUG - LoadPlan(entity=pojos.Roles)
    - Returns
       - EntityReturnImpl(entity=pojos.Roles, querySpaceUid=&lt;gen:0&gt;, path=pojos.Roles)
          - EntityAttributeFetchImpl(entity=pojos.Permissions, querySpaceUid=&lt;gen:1&gt;, path=pojos.Roles.permission)
    - QuerySpaces
       - EntityQuerySpaceImpl(uid=&lt;gen:0&gt;, entity=pojos.Roles)
          - SQL table alias mapping - roles0_
          - alias suffix - 0_
          - suffixed key columns - {roleId1_3_0_}

org.hibernate.loader.entity.plan.EntityLoader 2015-04-14 23:23:13,522 DEBUG - Static select for entity pojos.Roles [UPGRADE]: select roles0_.roleId as roleId1_3_0_, roles0_.roleType as roleType2_3_0_ from Roles roles0_ where roles0_.roleId=? for update
org.hibernate.loader.plan.build.internal.AbstractLoadPlanBuildingAssociationVisitationStrategy 2015-04-14 23:23:13,522 TRACE -  Starting root entity : pojos.Roles
org.hibernate.loader.plan.build.internal.spaces.QuerySpacesImpl 2015-04-14 23:23:13,522 DEBUG - Adding QuerySpace : uid = &lt;gen:0&gt; -&gt; org.hibernate.loader.plan.build.internal.spaces.EntityQuerySpaceImpl@6865c751]
org.hibernate.loader.plan.build.internal.AbstractLoadPlanBuildingAssociationVisitationStrategy 2015-04-14 23:23:13,522 TRACE - Pushing fetch source to stack : org.hibernate.loader.plan.build.internal.returns.EntityReturnImpl@62679465
org.hibernate.loader.plan.build.internal.AbstractLoadPlanBuildingAssociationVisitationStrategy 2015-04-14 23:23:13,522 TRACE - .. Registering AssociationKey : AssociationKey(table=Roles, columns={roleId}) -&gt; org.hibernate.loader.plan.build.internal.returns.EntityReturnImpl@62679465
org.hibernate.loader.plan.build.internal.AbstractLoadPlanBuildingAssociationVisitationStrategy 2015-04-14 23:23:13,522 TRACE - &gt;&gt; Starting entity identifier : pojos.Roles
org.hibernate.persister.walking.spi.MetamodelGraphWalker 2015-04-14 23:23:13,522 DEBUG - Visiting attribute path : roleType
org.hibernate.loader.plan.build.internal.AbstractLoadPlanBuildingAssociationVisitationStrategy 2015-04-14 23:23:13,522 TRACE - &gt;&gt; Starting attribute Attribute(name=roleType, type=string [non-identifier])
org.hibernate.loader.plan.build.internal.AbstractLoadPlanBuildingAssociationVisitationStrategy 2015-04-14 23:23:13,522 TRACE - &lt;&lt; Finishing up attribute : Attribute(name=roleType, type=string [non-identifier])
org.hibernate.persister.walking.spi.MetamodelGraphWalker 2015-04-14 23:23:13,522 DEBUG - Visiting attribute path : users
org.hibernate.loader.plan.build.internal.AbstractLoadPlanBuildingAssociationVisitationStrategy 2015-04-14 23:23:13,522 TRACE - &gt;&gt; Starting attribute Attribute(name=users, type=java.util.Set(pojos.Roles.users) [non-identifier,association])
org.hibernate.loader.plan.build.internal.AbstractLoadPlanBuildingAssociationVisitationStrategy 2015-04-14 23:23:13,522 TRACE - &lt;&lt; Finishing up attribute : Attribute(name=users, type=java.util.Set(pojos.Roles.users) [non-identifier,association])
org.hibernate.persister.walking.spi.MetamodelGraphWalker 2015-04-14 23:23:13,522 DEBUG - Visiting attribute path : permission
org.hibernate.loader.plan.build.internal.AbstractLoadPlanBuildingAssociationVisitationStrategy 2015-04-14 23:23:13,522 TRACE - &gt;&gt; Starting attribute Attribute(name=permission, type=pojos.Permissions [non-identifier,association])
org.hibernate.loader.plan.build.internal.spaces.QuerySpacesImpl 2015-04-14 23:23:13,522 DEBUG - Adding QuerySpace : uid = &lt;gen:1&gt; -&gt; org.hibernate.loader.plan.build.internal.spaces.EntityQuerySpaceImpl@6a988392]
org.hibernate.loader.plan.build.internal.AbstractLoadPlanBuildingAssociationVisitationStrategy 2015-04-14 23:23:13,532 TRACE - &lt;&lt; Finishing up attribute : Attribute(name=permission, type=pojos.Permissions [non-identifier,association])
org.hibernate.loader.plan.build.internal.AbstractLoadPlanBuildingAssociationVisitationStrategy 2015-04-14 23:23:13,532 TRACE - Popped fetch owner from stack : org.hibernate.loader.plan.build.internal.returns.EntityReturnImpl@62679465
org.hibernate.loader.plan.build.internal.AbstractLoadPlanBuildingAssociationVisitationStrategy 2015-04-14 23:23:13,532 TRACE -  Finished root entity : pojos.Roles
org.hibernate.loader.plan.build.internal.FetchStyleLoadPlanBuildingAssociationVisitationStrategy 2015-04-14 23:23:13,532 DEBUG - Building LoadPlan...
org.hibernate.loader.plan.exec.internal.LoadQueryJoinAndFetchProcessor 2015-04-14 23:23:13,532 DEBUG - processing queryspace &lt;gen:0&gt;
org.hibernate.loader.plan.build.spi.LoadPlanTreePrinter 2015-04-14 23:23:13,532 DEBUG - LoadPlan(entity=pojos.Roles)
    - Returns
       - EntityReturnImpl(entity=pojos.Roles, querySpaceUid=&lt;gen:0&gt;, path=pojos.Roles)
          - EntityAttributeFetchImpl(entity=pojos.Permissions, querySpaceUid=&lt;gen:1&gt;, path=pojos.Roles.permission)
    - QuerySpaces
       - EntityQuerySpaceImpl(uid=&lt;gen:0&gt;, entity=pojos.Roles)
          - SQL table alias mapping - roles0_
          - alias suffix - 0_
          - suffixed key columns - {roleId1_3_0_}

org.hibernate.loader.entity.plan.EntityLoader 2015-04-14 23:23:13,532 DEBUG - Static select for entity pojos.Roles [UPGRADE_NOWAIT]: select roles0_.roleId as roleId1_3_0_, roles0_.roleType as roleType2_3_0_ from Roles roles0_ where roles0_.roleId=? for update
org.hibernate.loader.plan.build.internal.AbstractLoadPlanBuildingAssociationVisitationStrategy 2015-04-14 23:23:13,532 TRACE -  Starting root entity : pojos.Roles
org.hibernate.loader.plan.build.internal.spaces.QuerySpacesImpl 2015-04-14 23:23:13,532 DEBUG - Adding QuerySpace : uid = &lt;gen:0&gt; -&gt; org.hibernate.loader.plan.build.internal.spaces.EntityQuerySpaceImpl@1d71006f]
org.hibernate.loader.plan.build.internal.AbstractLoadPlanBuildingAssociationVisitationStrategy 2015-04-14 23:23:13,532 TRACE - Pushing fetch source to stack : org.hibernate.loader.plan.build.internal.returns.EntityReturnImpl@5b6813df
org.hibernate.loader.plan.build.internal.AbstractLoadPlanBuildingAssociationVisitationStrategy 2015-04-14 23:23:13,532 TRACE - .. Registering AssociationKey : AssociationKey(table=Roles, columns={roleId}) -&gt; org.hibernate.loader.plan.build.internal.returns.EntityReturnImpl@5b6813df
org.hibernate.loader.plan.build.internal.AbstractLoadPlanBuildingAssociationVisitationStrategy 2015-04-14 23:23:13,532 TRACE - &gt;&gt; Starting entity identifier : pojos.Roles
org.hibernate.persister.walking.spi.MetamodelGraphWalker 2015-04-14 23:23:13,532 DEBUG - Visiting attribute path : roleType
org.hibernate.loader.plan.build.internal.AbstractLoadPlanBuildingAssociationVisitationStrategy 2015-04-14 23:23:13,532 TRACE - &gt;&gt; Starting attribute Attribute(name=roleType, type=string [non-identifier])
org.hibernate.loader.plan.build.internal.AbstractLoadPlanBuildingAssociationVisitationStrategy 2015-04-14 23:23:13,532 TRACE - &lt;&lt; Finishing up attribute : Attribute(name=roleType, type=string [non-identifier])
org.hibernate.persister.walking.spi.MetamodelGraphWalker 2015-04-14 23:23:13,532 DEBUG - Visiting attribute path : users
org.hibernate.loader.plan.build.internal.AbstractLoadPlanBuildingAssociationVisitationStrategy 2015-04-14 23:23:13,532 TRACE - &gt;&gt; Starting attribute Attribute(name=users, type=java.util.Set(pojos.Roles.users) [non-identifier,association])
org.hibernate.loader.plan.build.internal.AbstractLoadPlanBuildingAssociationVisitationStrategy 2015-04-14 23:23:13,532 TRACE - &lt;&lt; Finishing up attribute : Attribute(name=users, type=java.util.Set(pojos.Roles.users) [non-identifier,association])
org.hibernate.persister.walking.spi.MetamodelGraphWalker 2015-04-14 23:23:13,532 DEBUG - Visiting attribute path : permission
org.hibernate.loader.plan.build.internal.AbstractLoadPlanBuildingAssociationVisitationStrategy 2015-04-14 23:23:13,532 TRACE - &gt;&gt; Starting attribute Attribute(name=permission, type=pojos.Permissions [non-identifier,association])
org.hibernate.loader.plan.build.internal.spaces.QuerySpacesImpl 2015-04-14 23:23:13,532 DEBUG - Adding QuerySpace : uid = &lt;gen:1&gt; -&gt; org.hibernate.loader.plan.build.internal.spaces.EntityQuerySpaceImpl@5f2606b]
org.hibernate.loader.plan.build.internal.AbstractLoadPlanBuildingAssociationVisitationStrategy 2015-04-14 23:23:13,532 TRACE - &lt;&lt; Finishing up attribute : Attribute(name=permission, type=pojos.Permissions [non-identifier,association])
org.hibernate.loader.plan.build.internal.AbstractLoadPlanBuildingAssociationVisitationStrategy 2015-04-14 23:23:13,542 TRACE - Popped fetch owner from stack : org.hibernate.loader.plan.build.internal.returns.EntityReturnImpl@5b6813df
org.hibernate.loader.plan.build.internal.AbstractLoadPlanBuildingAssociationVisitationStrategy 2015-04-14 23:23:13,542 TRACE -  Finished root entity : pojos.Roles
org.hibernate.loader.plan.build.internal.FetchStyleLoadPlanBuildingAssociationVisitationStrategy 2015-04-14 23:23:13,542 DEBUG - Building LoadPlan...
org.hibernate.loader.plan.exec.internal.LoadQueryJoinAndFetchProcessor 2015-04-14 23:23:13,542 DEBUG - processing queryspace &lt;gen:0&gt;
org.hibernate.loader.plan.build.spi.LoadPlanTreePrinter 2015-04-14 23:23:13,542 DEBUG - LoadPlan(entity=pojos.Roles)
    - Returns
       - EntityReturnImpl(entity=pojos.Roles, querySpaceUid=&lt;gen:0&gt;, path=pojos.Roles)
          - EntityAttributeFetchImpl(entity=pojos.Permissions, querySpaceUid=&lt;gen:1&gt;, path=pojos.Roles.permission)
    - QuerySpaces
       - EntityQuerySpaceImpl(uid=&lt;gen:0&gt;, entity=pojos.Roles)
          - SQL table alias mapping - roles0_
          - alias suffix - 0_
          - suffixed key columns - {roleId1_3_0_}

org.hibernate.loader.entity.plan.EntityLoader 2015-04-14 23:23:13,542 DEBUG - Static select for entity pojos.Roles [UPGRADE_SKIPLOCKED]: select roles0_.roleId as roleId1_3_0_, roles0_.roleType as roleType2_3_0_ from Roles roles0_ where roles0_.roleId=? for update
org.hibernate.loader.plan.build.internal.AbstractLoadPlanBuildingAssociationVisitationStrategy 2015-04-14 23:23:13,542 TRACE -  Starting root entity : pojos.Roles
org.hibernate.loader.plan.build.internal.spaces.QuerySpacesImpl 2015-04-14 23:23:13,542 DEBUG - Adding QuerySpace : uid = &lt;gen:0&gt; -&gt; org.hibernate.loader.plan.build.internal.spaces.EntityQuerySpaceImpl@2b58f754]
org.hibernate.loader.plan.build.internal.AbstractLoadPlanBuildingAssociationVisitationStrategy 2015-04-14 23:23:13,542 TRACE - Pushing fetch source to stack : org.hibernate.loader.plan.build.internal.returns.EntityReturnImpl@3ebff828
org.hibernate.loader.plan.build.internal.AbstractLoadPlanBuildingAssociationVisitationStrategy 2015-04-14 23:23:13,542 TRACE - .. Registering AssociationKey : AssociationKey(table=Roles, columns={roleId}) -&gt; org.hibernate.loader.plan.build.internal.returns.EntityReturnImpl@3ebff828
org.hibernate.loader.plan.build.internal.AbstractLoadPlanBuildingAssociationVisitationStrategy 2015-04-14 23:23:13,542 TRACE - &gt;&gt; Starting entity identifier : pojos.Roles
org.hibernate.persister.walking.spi.MetamodelGraphWalker 2015-04-14 23:23:13,542 DEBUG - Visiting attribute path : roleType
org.hibernate.loader.plan.build.internal.AbstractLoadPlanBuildingAssociationVisitationStrategy 2015-04-14 23:23:13,542 TRACE - &gt;&gt; Starting attribute Attribute(name=roleType, type=string [non-identifier])
org.hibernate.loader.plan.build.internal.AbstractLoadPlanBuildingAssociationVisitationStrategy 2015-04-14 23:23:13,542 TRACE - &lt;&lt; Finishing up attribute : Attribute(name=roleType, type=string [non-identifier])
org.hibernate.persister.walking.spi.MetamodelGraphWalker 2015-04-14 23:23:13,542 DEBUG - Visiting attribute path : users
org.hibernate.loader.plan.build.internal.AbstractLoadPlanBuildingAssociationVisitationStrategy 2015-04-14 23:23:13,542 TRACE - &gt;&gt; Starting attribute Attribute(name=users, type=java.util.Set(pojos.Roles.users) [non-identifier,association])
org.hibernate.loader.plan.build.internal.AbstractLoadPlanBuildingAssociationVisitationStrategy 2015-04-14 23:23:13,542 TRACE - &lt;&lt; Finishing up attribute : Attribute(name=users, type=java.util.Set(pojos.Roles.users) [non-identifier,association])
org.hibernate.persister.walking.spi.MetamodelGraphWalker 2015-04-14 23:23:13,542 DEBUG - Visiting attribute path : permission
org.hibernate.loader.plan.build.internal.AbstractLoadPlanBuildingAssociationVisitationStrategy 2015-04-14 23:23:13,542 TRACE - &gt;&gt; Starting attribute Attribute(name=permission, type=pojos.Permissions [non-identifier,association])
org.hibernate.loader.plan.build.internal.spaces.QuerySpacesImpl 2015-04-14 23:23:13,542 DEBUG - Adding QuerySpace : uid = &lt;gen:1&gt; -&gt; org.hibernate.loader.plan.build.internal.spaces.EntityQuerySpaceImpl@2552f2cb]
org.hibernate.loader.plan.build.internal.AbstractLoadPlanBuildingAssociationVisitationStrategy 2015-04-14 23:23:13,542 TRACE - &lt;&lt; Finishing up attribute : Attribute(name=permission, type=pojos.Permissions [non-identifier,association])
org.hibernate.loader.plan.build.internal.AbstractLoadPlanBuildingAssociationVisitationStrategy 2015-04-14 23:23:13,542 TRACE - Popped fetch owner from stack : org.hibernate.loader.plan.build.internal.returns.EntityReturnImpl@3ebff828
org.hibernate.loader.plan.build.internal.AbstractLoadPlanBuildingAssociationVisitationStrategy 2015-04-14 23:23:13,542 TRACE -  Finished root entity : pojos.Roles
org.hibernate.loader.plan.build.internal.FetchStyleLoadPlanBuildingAssociationVisitationStrategy 2015-04-14 23:23:13,542 DEBUG - Building LoadPlan...
org.hibernate.loader.plan.exec.internal.LoadQueryJoinAndFetchProcessor 2015-04-14 23:23:13,542 DEBUG - processing queryspace &lt;gen:0&gt;
org.hibernate.loader.plan.build.spi.LoadPlanTreePrinter 2015-04-14 23:23:13,542 DEBUG - LoadPlan(entity=pojos.Roles)
    - Returns
       - EntityReturnImpl(entity=pojos.Roles, querySpaceUid=&lt;gen:0&gt;, path=pojos.Roles)
          - EntityAttributeFetchImpl(entity=pojos.Permissions, querySpaceUid=&lt;gen:1&gt;, path=pojos.Roles.permission)
    - QuerySpaces
       - EntityQuerySpaceImpl(uid=&lt;gen:0&gt;, entity=pojos.Roles)
          - SQL table alias mapping - roles0_
          - alias suffix - 0_
          - suffixed key columns - {roleId1_3_0_}

org.hibernate.loader.entity.plan.EntityLoader 2015-04-14 23:23:13,542 DEBUG - Static select for entity pojos.Roles [FORCE]: select roles0_.roleId as roleId1_3_0_, roles0_.roleType as roleType2_3_0_ from Roles roles0_ where roles0_.roleId=? for update
org.hibernate.loader.plan.build.internal.AbstractLoadPlanBuildingAssociationVisitationStrategy 2015-04-14 23:23:13,542 TRACE -  Starting root entity : pojos.Roles
org.hibernate.loader.plan.build.internal.spaces.QuerySpacesImpl 2015-04-14 23:23:13,542 DEBUG - Adding QuerySpace : uid = &lt;gen:0&gt; -&gt; org.hibernate.loader.plan.build.internal.spaces.EntityQuerySpaceImpl@33352f32]
org.hibernate.loader.plan.build.internal.AbstractLoadPlanBuildingAssociationVisitationStrategy 2015-04-14 23:23:13,542 TRACE - Pushing fetch source to stack : org.hibernate.loader.plan.build.internal.returns.EntityReturnImpl@5f3b9c57
org.hibernate.loader.plan.build.internal.AbstractLoadPlanBuildingAssociationVisitationStrategy 2015-04-14 23:23:13,542 TRACE - .. Registering AssociationKey : AssociationKey(table=Roles, columns={roleId}) -&gt; org.hibernate.loader.plan.build.internal.returns.EntityReturnImpl@5f3b9c57
org.hibernate.loader.plan.build.internal.AbstractLoadPlanBuildingAssociationVisitationStrategy 2015-04-14 23:23:13,542 TRACE - &gt;&gt; Starting entity identifier : pojos.Roles
org.hibernate.persister.walking.spi.MetamodelGraphWalker 2015-04-14 23:23:13,542 DEBUG - Visiting attribute path : roleType
org.hibernate.loader.plan.build.internal.AbstractLoadPlanBuildingAssociationVisitationStrategy 2015-04-14 23:23:13,542 TRACE - &gt;&gt; Starting attribute Attribute(name=roleType, type=string [non-identifier])
org.hibernate.loader.plan.build.internal.AbstractLoadPlanBuildingAssociationVisitationStrategy 2015-04-14 23:23:13,542 TRACE - &lt;&lt; Finishing up attribute : Attribute(name=roleType, type=string [non-identifier])
org.hibernate.persister.walking.spi.MetamodelGraphWalker 2015-04-14 23:23:13,542 DEBUG - Visiting attribute path : users
org.hibernate.loader.plan.build.internal.AbstractLoadPlanBuildingAssociationVisitationStrategy 2015-04-14 23:23:13,542 TRACE - &gt;&gt; Starting attribute Attribute(name=users, type=java.util.Set(pojos.Roles.users) [non-identifier,association])
org.hibernate.loader.plan.build.internal.AbstractLoadPlanBuildingAssociationVisitationStrategy 2015-04-14 23:23:13,542 TRACE - &lt;&lt; Finishing up attribute : Attribute(name=users, type=java.util.Set(pojos.Roles.users) [non-identifier,association])
org.hibernate.persister.walking.spi.MetamodelGraphWalker 2015-04-14 23:23:13,542 DEBUG - Visiting attribute path : permission
org.hibernate.loader.plan.build.internal.AbstractLoadPlanBuildingAssociationVisitationStrategy 2015-04-14 23:23:13,542 TRACE - &gt;&gt; Starting attribute Attribute(name=permission, type=pojos.Permissions [non-identifier,association])
org.hibernate.loader.plan.build.internal.spaces.QuerySpacesImpl 2015-04-14 23:23:13,542 DEBUG - Adding QuerySpace : uid = &lt;gen:1&gt; -&gt; org.hibernate.loader.plan.build.internal.spaces.EntityQuerySpaceImpl@1e044120]
org.hibernate.loader.plan.build.internal.AbstractLoadPlanBuildingAssociationVisitationStrategy 2015-04-14 23:23:13,542 TRACE - &lt;&lt; Finishing up attribute : Attribute(name=permission, type=pojos.Permissions [non-identifier,association])
org.hibernate.loader.plan.build.internal.AbstractLoadPlanBuildingAssociationVisitationStrategy 2015-04-14 23:23:13,542 TRACE - Popped fetch owner from stack : org.hibernate.loader.plan.build.internal.returns.EntityReturnImpl@5f3b9c57
org.hibernate.loader.plan.build.internal.AbstractLoadPlanBuildingAssociationVisitationStrategy 2015-04-14 23:23:13,542 TRACE -  Finished root entity : pojos.Roles
org.hibernate.loader.plan.build.internal.FetchStyleLoadPlanBuildingAssociationVisitationStrategy 2015-04-14 23:23:13,552 DEBUG - Building LoadPlan...
org.hibernate.loader.plan.exec.internal.LoadQueryJoinAndFetchProcessor 2015-04-14 23:23:13,552 DEBUG - processing queryspace &lt;gen:0&gt;
org.hibernate.loader.plan.build.spi.LoadPlanTreePrinter 2015-04-14 23:23:13,552 DEBUG - LoadPlan(entity=pojos.Roles)
    - Returns
       - EntityReturnImpl(entity=pojos.Roles, querySpaceUid=&lt;gen:0&gt;, path=pojos.Roles)
          - EntityAttributeFetchImpl(entity=pojos.Permissions, querySpaceUid=&lt;gen:1&gt;, path=pojos.Roles.permission)
    - QuerySpaces
       - EntityQuerySpaceImpl(uid=&lt;gen:0&gt;, entity=pojos.Roles)
          - SQL table alias mapping - roles0_
          - alias suffix - 0_
          - suffixed key columns - {roleId1_3_0_}

org.hibernate.loader.entity.plan.EntityLoader 2015-04-14 23:23:13,552 DEBUG - Static select for entity pojos.Roles [PESSIMISTIC_READ]: select roles0_.roleId as roleId1_3_0_, roles0_.roleType as roleType2_3_0_ from Roles roles0_ where roles0_.roleId=? lock in share mode
org.hibernate.loader.plan.build.internal.AbstractLoadPlanBuildingAssociationVisitationStrategy 2015-04-14 23:23:13,552 TRACE -  Starting root entity : pojos.Roles
org.hibernate.loader.plan.build.internal.spaces.QuerySpacesImpl 2015-04-14 23:23:13,552 DEBUG - Adding QuerySpace : uid = &lt;gen:0&gt; -&gt; org.hibernate.loader.plan.build.internal.spaces.EntityQuerySpaceImpl@2cf23c81]
org.hibernate.loader.plan.build.internal.AbstractLoadPlanBuildingAssociationVisitationStrategy 2015-04-14 23:23:13,552 TRACE - Pushing fetch source to stack : org.hibernate.loader.plan.build.internal.returns.EntityReturnImpl@3624da92
org.hibernate.loader.plan.build.internal.AbstractLoadPlanBuildingAssociationVisitationStrategy 2015-04-14 23:23:13,552 TRACE - .. Registering AssociationKey : AssociationKey(table=Roles, columns={roleId}) -&gt; org.hibernate.loader.plan.build.internal.returns.EntityReturnImpl@3624da92
org.hibernate.loader.plan.build.internal.AbstractLoadPlanBuildingAssociationVisitationStrategy 2015-04-14 23:23:13,552 TRACE - &gt;&gt; Starting entity identifier : pojos.Roles
org.hibernate.persister.walking.spi.MetamodelGraphWalker 2015-04-14 23:23:13,552 DEBUG - Visiting attribute path : roleType
org.hibernate.loader.plan.build.internal.AbstractLoadPlanBuildingAssociationVisitationStrategy 2015-04-14 23:23:13,552 TRACE - &gt;&gt; Starting attribute Attribute(name=roleType, type=string [non-identifier])
org.hibernate.loader.plan.build.internal.AbstractLoadPlanBuildingAssociationVisitationStrategy 2015-04-14 23:23:13,552 TRACE - &lt;&lt; Finishing up attribute : Attribute(name=roleType, type=string [non-identifier])
org.hibernate.persister.walking.spi.MetamodelGraphWalker 2015-04-14 23:23:13,552 DEBUG - Visiting attribute path : users
org.hibernate.loader.plan.build.internal.AbstractLoadPlanBuildingAssociationVisitationStrategy 2015-04-14 23:23:13,552 TRACE - &gt;&gt; Starting attribute Attribute(name=users, type=java.util.Set(pojos.Roles.users) [non-identifier,association])
org.hibernate.loader.plan.build.internal.AbstractLoadPlanBuildingAssociationVisitationStrategy 2015-04-14 23:23:13,552 TRACE - &lt;&lt; Finishing up attribute : Attribute(name=users, type=java.util.Set(pojos.Roles.users) [non-identifier,association])
org.hibernate.persister.walking.spi.MetamodelGraphWalker 2015-04-14 23:23:13,552 DEBUG - Visiting attribute path : permission
org.hibernate.loader.plan.build.internal.AbstractLoadPlanBuildingAssociationVisitationStrategy 2015-04-14 23:23:13,552 TRACE - &gt;&gt; Starting attribute Attribute(name=permission, type=pojos.Permissions [non-identifier,association])
org.hibernate.loader.plan.build.internal.spaces.QuerySpacesImpl 2015-04-14 23:23:13,552 DEBUG - Adding QuerySpace : uid = &lt;gen:1&gt; -&gt; org.hibernate.loader.plan.build.internal.spaces.EntityQuerySpaceImpl@35fe2125]
org.hibernate.loader.plan.build.internal.AbstractLoadPlanBuildingAssociationVisitationStrategy 2015-04-14 23:23:13,552 TRACE - &lt;&lt; Finishing up attribute : Attribute(name=permission, type=pojos.Permissions [non-identifier,association])
org.hibernate.loader.plan.build.internal.AbstractLoadPlanBuildingAssociationVisitationStrategy 2015-04-14 23:23:13,552 TRACE - Popped fetch owner from stack : org.hibernate.loader.plan.build.internal.returns.EntityReturnImpl@3624da92
org.hibernate.loader.plan.build.internal.AbstractLoadPlanBuildingAssociationVisitationStrategy 2015-04-14 23:23:13,552 TRACE -  Finished root entity : pojos.Roles
org.hibernate.loader.plan.build.internal.FetchStyleLoadPlanBuildingAssociationVisitationStrategy 2015-04-14 23:23:13,552 DEBUG - Building LoadPlan...
org.hibernate.loader.plan.exec.internal.LoadQueryJoinAndFetchProcessor 2015-04-14 23:23:13,552 DEBUG - processing queryspace &lt;gen:0&gt;
org.hibernate.loader.plan.build.spi.LoadPlanTreePrinter 2015-04-14 23:23:13,552 DEBUG - LoadPlan(entity=pojos.Roles)
    - Returns
       - EntityReturnImpl(entity=pojos.Roles, querySpaceUid=&lt;gen:0&gt;, path=pojos.Roles)
          - EntityAttributeFetchImpl(entity=pojos.Permissions, querySpaceUid=&lt;gen:1&gt;, path=pojos.Roles.permission)
    - QuerySpaces
       - EntityQuerySpaceImpl(uid=&lt;gen:0&gt;, entity=pojos.Roles)
          - SQL table alias mapping - roles0_
          - alias suffix - 0_
          - suffixed key columns - {roleId1_3_0_}

org.hibernate.loader.entity.plan.EntityLoader 2015-04-14 23:23:13,552 DEBUG - Static select for entity pojos.Roles [PESSIMISTIC_WRITE]: select roles0_.roleId as roleId1_3_0_, roles0_.roleType as roleType2_3_0_ from Roles roles0_ where roles0_.roleId=? for update
org.hibernate.loader.plan.build.internal.AbstractLoadPlanBuildingAssociationVisitationStrategy 2015-04-14 23:23:13,552 TRACE -  Starting root entity : pojos.Roles
org.hibernate.loader.plan.build.internal.spaces.QuerySpacesImpl 2015-04-14 23:23:13,552 DEBUG - Adding QuerySpace : uid = &lt;gen:0&gt; -&gt; org.hibernate.loader.plan.build.internal.spaces.EntityQuerySpaceImpl@94f6bfb]
org.hibernate.loader.plan.build.internal.AbstractLoadPlanBuildingAssociationVisitationStrategy 2015-04-14 23:23:13,552 TRACE - Pushing fetch source to stack : org.hibernate.loader.plan.build.internal.returns.EntityReturnImpl@34645867
org.hibernate.loader.plan.build.internal.AbstractLoadPlanBuildingAssociationVisitationStrategy 2015-04-14 23:23:13,552 TRACE - .. Registering AssociationKey : AssociationKey(table=Roles, columns={roleId}) -&gt; org.hibernate.loader.plan.build.internal.returns.EntityReturnImpl@34645867
org.hibernate.loader.plan.build.internal.AbstractLoadPlanBuildingAssociationVisitationStrategy 2015-04-14 23:23:13,552 TRACE - &gt;&gt; Starting entity identifier : pojos.Roles
org.hibernate.persister.walking.spi.MetamodelGraphWalker 2015-04-14 23:23:13,552 DEBUG - Visiting attribute path : roleType
org.hibernate.loader.plan.build.internal.AbstractLoadPlanBuildingAssociationVisitationStrategy 2015-04-14 23:23:13,552 TRACE - &gt;&gt; Starting attribute Attribute(name=roleType, type=string [non-identifier])
org.hibernate.loader.plan.build.internal.AbstractLoadPlanBuildingAssociationVisitationStrategy 2015-04-14 23:23:13,552 TRACE - &lt;&lt; Finishing up attribute : Attribute(name=roleType, type=string [non-identifier])
org.hibernate.persister.walking.spi.MetamodelGraphWalker 2015-04-14 23:23:13,552 DEBUG - Visiting attribute path : users
org.hibernate.loader.plan.build.internal.AbstractLoadPlanBuildingAssociationVisitationStrategy 2015-04-14 23:23:13,552 TRACE - &gt;&gt; Starting attribute Attribute(name=users, type=java.util.Set(pojos.Roles.users) [non-identifier,association])
org.hibernate.loader.plan.build.internal.AbstractLoadPlanBuildingAssociationVisitationStrategy 2015-04-14 23:23:13,552 TRACE - &lt;&lt; Finishing up attribute : Attribute(name=users, type=java.util.Set(pojos.Roles.users) [non-identifier,association])
org.hibernate.persister.walking.spi.MetamodelGraphWalker 2015-04-14 23:23:13,552 DEBUG - Visiting attribute path : permission
org.hibernate.loader.plan.build.internal.AbstractLoadPlanBuildingAssociationVisitationStrategy 2015-04-14 23:23:13,552 TRACE - &gt;&gt; Starting attribute Attribute(name=permission, type=pojos.Permissions [non-identifier,association])
org.hibernate.loader.plan.build.internal.spaces.QuerySpacesImpl 2015-04-14 23:23:13,552 DEBUG - Adding QuerySpace : uid = &lt;gen:1&gt; -&gt; org.hibernate.loader.plan.build.internal.spaces.EntityQuerySpaceImpl@2484f433]
org.hibernate.loader.plan.build.internal.AbstractLoadPlanBuildingAssociationVisitationStrategy 2015-04-14 23:23:13,552 TRACE - &lt;&lt; Finishing up attribute : Attribute(name=permission, type=pojos.Permissions [non-identifier,association])
org.hibernate.loader.plan.build.internal.AbstractLoadPlanBuildingAssociationVisitationStrategy 2015-04-14 23:23:13,552 TRACE - Popped fetch owner from stack : org.hibernate.loader.plan.build.internal.returns.EntityReturnImpl@34645867
org.hibernate.loader.plan.build.internal.AbstractLoadPlanBuildingAssociationVisitationStrategy 2015-04-14 23:23:13,552 TRACE -  Finished root entity : pojos.Roles
org.hibernate.loader.plan.build.internal.FetchStyleLoadPlanBuildingAssociationVisitationStrategy 2015-04-14 23:23:13,552 DEBUG - Building LoadPlan...
org.hibernate.loader.plan.exec.internal.LoadQueryJoinAndFetchProcessor 2015-04-14 23:23:13,552 DEBUG - processing queryspace &lt;gen:0&gt;
org.hibernate.loader.plan.build.spi.LoadPlanTreePrinter 2015-04-14 23:23:13,552 DEBUG - LoadPlan(entity=pojos.Roles)
    - Returns
       - EntityReturnImpl(entity=pojos.Roles, querySpaceUid=&lt;gen:0&gt;, path=pojos.Roles)
          - EntityAttributeFetchImpl(entity=pojos.Permissions, querySpaceUid=&lt;gen:1&gt;, path=pojos.Roles.permission)
    - QuerySpaces
       - EntityQuerySpaceImpl(uid=&lt;gen:0&gt;, entity=pojos.Roles)
          - SQL table alias mapping - roles0_
          - alias suffix - 0_
          - suffixed key columns - {roleId1_3_0_}

org.hibernate.loader.entity.plan.EntityLoader 2015-04-14 23:23:13,552 DEBUG - Static select for entity pojos.Roles [PESSIMISTIC_FORCE_INCREMENT]: select roles0_.roleId as roleId1_3_0_, roles0_.roleType as roleType2_3_0_ from Roles roles0_ where roles0_.roleId=? for update
org.hibernate.loader.plan.build.internal.AbstractLoadPlanBuildingAssociationVisitationStrategy 2015-04-14 23:23:13,552 TRACE -  Starting root entity : pojos.Roles
org.hibernate.loader.plan.build.internal.spaces.QuerySpacesImpl 2015-04-14 23:23:13,552 DEBUG - Adding QuerySpace : uid = &lt;gen:0&gt; -&gt; org.hibernate.loader.plan.build.internal.spaces.EntityQuerySpaceImpl@60b71e8f]
org.hibernate.loader.plan.build.internal.AbstractLoadPlanBuildingAssociationVisitationStrategy 2015-04-14 23:23:13,552 TRACE - Pushing fetch source to stack : org.hibernate.loader.plan.build.internal.returns.EntityReturnImpl@1255b1d1
org.hibernate.loader.plan.build.internal.AbstractLoadPlanBuildingAssociationVisitationStrategy 2015-04-14 23:23:13,552 TRACE - .. Registering AssociationKey : AssociationKey(table=Roles, columns={roleId}) -&gt; org.hibernate.loader.plan.build.internal.returns.EntityReturnImpl@1255b1d1
org.hibernate.loader.plan.build.internal.AbstractLoadPlanBuildingAssociationVisitationStrategy 2015-04-14 23:23:13,552 TRACE - &gt;&gt; Starting entity identifier : pojos.Roles
org.hibernate.persister.walking.spi.MetamodelGraphWalker 2015-04-14 23:23:13,552 DEBUG - Visiting attribute path : roleType
org.hibernate.loader.plan.build.internal.AbstractLoadPlanBuildingAssociationVisitationStrategy 2015-04-14 23:23:13,552 TRACE - &gt;&gt; Starting attribute Attribute(name=roleType, type=string [non-identifier])
org.hibernate.loader.plan.build.internal.AbstractLoadPlanBuildingAssociationVisitationStrategy 2015-04-14 23:23:13,562 TRACE - &lt;&lt; Finishing up attribute : Attribute(name=roleType, type=string [non-identifier])
org.hibernate.persister.walking.spi.MetamodelGraphWalker 2015-04-14 23:23:13,562 DEBUG - Visiting attribute path : users
org.hibernate.loader.plan.build.internal.AbstractLoadPlanBuildingAssociationVisitationStrategy 2015-04-14 23:23:13,562 TRACE - &gt;&gt; Starting attribute Attribute(name=users, type=java.util.Set(pojos.Roles.users) [non-identifier,association])
org.hibernate.loader.plan.build.internal.AbstractLoadPlanBuildingAssociationVisitationStrategy 2015-04-14 23:23:13,562 TRACE - &lt;&lt; Finishing up attribute : Attribute(name=users, type=java.util.Set(pojos.Roles.users) [non-identifier,association])
org.hibernate.persister.walking.spi.MetamodelGraphWalker 2015-04-14 23:23:13,562 DEBUG - Visiting attribute path : permission
org.hibernate.loader.plan.build.internal.AbstractLoadPlanBuildingAssociationVisitationStrategy 2015-04-14 23:23:13,562 TRACE - &gt;&gt; Starting attribute Attribute(name=permission, type=pojos.Permissions [non-identifier,association])
org.hibernate.loader.plan.build.internal.spaces.QuerySpacesImpl 2015-04-14 23:23:13,562 DEBUG - Adding QuerySpace : uid = &lt;gen:1&gt; -&gt; org.hibernate.loader.plan.build.internal.spaces.EntityQuerySpaceImpl@464649c]
org.hibernate.loader.plan.build.internal.AbstractLoadPlanBuildingAssociationVisitationStrategy 2015-04-14 23:23:13,562 TRACE - &lt;&lt; Finishing up attribute : Attribute(name=permission, type=pojos.Permissions [non-identifier,association])
org.hibernate.loader.plan.build.internal.AbstractLoadPlanBuildingAssociationVisitationStrategy 2015-04-14 23:23:13,562 TRACE - Popped fetch owner from stack : org.hibernate.loader.plan.build.internal.returns.EntityReturnImpl@1255b1d1
org.hibernate.loader.plan.build.internal.AbstractLoadPlanBuildingAssociationVisitationStrategy 2015-04-14 23:23:13,562 TRACE -  Finished root entity : pojos.Roles
org.hibernate.loader.plan.build.internal.FetchStyleLoadPlanBuildingAssociationVisitationStrategy 2015-04-14 23:23:13,562 DEBUG - Building LoadPlan...
org.hibernate.loader.plan.exec.internal.LoadQueryJoinAndFetchProcessor 2015-04-14 23:23:13,562 DEBUG - processing queryspace &lt;gen:0&gt;
org.hibernate.loader.plan.build.spi.LoadPlanTreePrinter 2015-04-14 23:23:13,562 DEBUG - LoadPlan(entity=pojos.Roles)
    - Returns
       - EntityReturnImpl(entity=pojos.Roles, querySpaceUid=&lt;gen:0&gt;, path=pojos.Roles)
          - EntityAttributeFetchImpl(entity=pojos.Permissions, querySpaceUid=&lt;gen:1&gt;, path=pojos.Roles.permission)
    - QuerySpaces
       - EntityQuerySpaceImpl(uid=&lt;gen:0&gt;, entity=pojos.Roles)
          - SQL table alias mapping - roles0_
          - alias suffix - 0_
          - suffixed key columns - {roleId1_3_0_}

org.hibernate.loader.entity.plan.EntityLoader 2015-04-14 23:23:13,562 DEBUG - Static select for entity pojos.Roles [OPTIMISTIC]: select roles0_.roleId as roleId1_3_0_, roles0_.roleType as roleType2_3_0_ from Roles roles0_ where roles0_.roleId=?
org.hibernate.loader.plan.build.internal.AbstractLoadPlanBuildingAssociationVisitationStrategy 2015-04-14 23:23:13,562 TRACE -  Starting root entity : pojos.Roles
org.hibernate.loader.plan.build.internal.spaces.QuerySpacesImpl 2015-04-14 23:23:13,562 DEBUG - Adding QuerySpace : uid = &lt;gen:0&gt; -&gt; org.hibernate.loader.plan.build.internal.spaces.EntityQuerySpaceImpl@7c22d4f]
org.hibernate.loader.plan.build.internal.AbstractLoadPlanBuildingAssociationVisitationStrategy 2015-04-14 23:23:13,562 TRACE - Pushing fetch source to stack : org.hibernate.loader.plan.build.internal.returns.EntityReturnImpl@5f59185e
org.hibernate.loader.plan.build.internal.AbstractLoadPlanBuildingAssociationVisitationStrategy 2015-04-14 23:23:13,562 TRACE - .. Registering AssociationKey : AssociationKey(table=Roles, columns={roleId}) -&gt; org.hibernate.loader.plan.build.internal.returns.EntityReturnImpl@5f59185e
org.hibernate.loader.plan.build.internal.AbstractLoadPlanBuildingAssociationVisitationStrategy 2015-04-14 23:23:13,562 TRACE - &gt;&gt; Starting entity identifier : pojos.Roles
org.hibernate.persister.walking.spi.MetamodelGraphWalker 2015-04-14 23:23:13,562 DEBUG - Visiting attribute path : roleType
org.hibernate.loader.plan.build.internal.AbstractLoadPlanBuildingAssociationVisitationStrategy 2015-04-14 23:23:13,562 TRACE - &gt;&gt; Starting attribute Attribute(name=roleType, type=string [non-identifier])
org.hibernate.loader.plan.build.internal.AbstractLoadPlanBuildingAssociationVisitationStrategy 2015-04-14 23:23:13,562 TRACE - &lt;&lt; Finishing up attribute : Attribute(name=roleType, type=string [non-identifier])
org.hibernate.persister.walking.spi.MetamodelGraphWalker 2015-04-14 23:23:13,562 DEBUG - Visiting attribute path : users
org.hibernate.loader.plan.build.internal.AbstractLoadPlanBuildingAssociationVisitationStrategy 2015-04-14 23:23:13,562 TRACE - &gt;&gt; Starting attribute Attribute(name=users, type=java.util.Set(pojos.Roles.users) [non-identifier,association])
org.hibernate.loader.plan.build.internal.AbstractLoadPlanBuildingAssociationVisitationStrategy 2015-04-14 23:23:13,562 TRACE - &lt;&lt; Finishing up attribute : Attribute(name=users, type=java.util.Set(pojos.Roles.users) [non-identifier,association])
org.hibernate.persister.walking.spi.MetamodelGraphWalker 2015-04-14 23:23:13,562 DEBUG - Visiting attribute path : permission
org.hibernate.loader.plan.build.internal.AbstractLoadPlanBuildingAssociationVisitationStrategy 2015-04-14 23:23:13,562 TRACE - &gt;&gt; Starting attribute Attribute(name=permission, type=pojos.Permissions [non-identifier,association])
org.hibernate.loader.plan.build.internal.spaces.QuerySpacesImpl 2015-04-14 23:23:13,562 DEBUG - Adding QuerySpace : uid = &lt;gen:1&gt; -&gt; org.hibernate.loader.plan.build.internal.spaces.EntityQuerySpaceImpl@60bdf15d]
org.hibernate.loader.plan.build.internal.AbstractLoadPlanBuildingAssociationVisitationStrategy 2015-04-14 23:23:13,562 TRACE - &lt;&lt; Finishing up attribute : Attribute(name=permission, type=pojos.Permissions [non-identifier,association])
org.hibernate.loader.plan.build.internal.AbstractLoadPlanBuildingAssociationVisitationStrategy 2015-04-14 23:23:13,562 TRACE - Popped fetch owner from stack : org.hibernate.loader.plan.build.internal.returns.EntityReturnImpl@5f59185e
org.hibernate.loader.plan.build.internal.AbstractLoadPlanBuildingAssociationVisitationStrategy 2015-04-14 23:23:13,562 TRACE -  Finished root entity : pojos.Roles
org.hibernate.loader.plan.build.internal.FetchStyleLoadPlanBuildingAssociationVisitationStrategy 2015-04-14 23:23:13,562 DEBUG - Building LoadPlan...
org.hibernate.loader.plan.exec.internal.LoadQueryJoinAndFetchProcessor 2015-04-14 23:23:13,562 DEBUG - processing queryspace &lt;gen:0&gt;
org.hibernate.loader.plan.build.spi.LoadPlanTreePrinter 2015-04-14 23:23:13,562 DEBUG - LoadPlan(entity=pojos.Roles)
    - Returns
       - EntityReturnImpl(entity=pojos.Roles, querySpaceUid=&lt;gen:0&gt;, path=pojos.Roles)
          - EntityAttributeFetchImpl(entity=pojos.Permissions, querySpaceUid=&lt;gen:1&gt;, path=pojos.Roles.permission)
    - QuerySpaces
       - EntityQuerySpaceImpl(uid=&lt;gen:0&gt;, entity=pojos.Roles)
          - SQL table alias mapping - roles0_
          - alias suffix - 0_
          - suffixed key columns - {roleId1_3_0_}

org.hibernate.loader.entity.plan.EntityLoader 2015-04-14 23:23:13,562 DEBUG - Static select for entity pojos.Roles [OPTIMISTIC_FORCE_INCREMENT]: select roles0_.roleId as roleId1_3_0_, roles0_.roleType as roleType2_3_0_ from Roles roles0_ where roles0_.roleId=?
org.hibernate.loader.entity.CascadeEntityLoader 2015-04-14 23:23:13,562 DEBUG - Static select for action ACTION_MERGE on entity pojos.Roles: select roles0_.roleId as roleId1_3_0_, roles0_.roleType as roleType2_3_0_ from Roles roles0_ where roles0_.roleId=?
org.hibernate.loader.entity.CascadeEntityLoader 2015-04-14 23:23:13,562 DEBUG - Static select for action ACTION_REFRESH on entity pojos.Roles: select roles0_.roleId as roleId1_3_0_, roles0_.roleType as roleType2_3_0_ from Roles roles0_ where roles0_.roleId=?
org.hibernate.loader.plan.build.internal.AbstractLoadPlanBuildingAssociationVisitationStrategy 2015-04-14 23:23:13,572 TRACE -  Starting root collection : pojos.Roles.users
org.hibernate.loader.plan.build.internal.spaces.QuerySpacesImpl 2015-04-14 23:23:13,572 DEBUG - Adding QuerySpace : uid = &lt;gen:0&gt; -&gt; org.hibernate.loader.plan.build.internal.spaces.CollectionQuerySpaceImpl@25bcd0c7]
org.hibernate.loader.plan.build.internal.spaces.QuerySpacesImpl 2015-04-14 23:23:13,572 DEBUG - Adding QuerySpace : uid = &lt;gen:1&gt; -&gt; org.hibernate.loader.plan.build.internal.spaces.EntityQuerySpaceImpl@32cb636e]
org.hibernate.loader.plan.build.internal.AbstractLoadPlanBuildingAssociationVisitationStrategy 2015-04-14 23:23:13,572 TRACE - Pushing collection reference to stack : org.hibernate.loader.plan.build.internal.returns.CollectionReturnImpl@3a4e343
org.hibernate.loader.plan.build.internal.AbstractLoadPlanBuildingAssociationVisitationStrategy 2015-04-14 23:23:13,572 TRACE -  Registering AssociationKey : AssociationKey(table=T_Roles_Users, columns={roleId}) -&gt; null
org.hibernate.loader.plan.build.internal.AbstractLoadPlanBuildingAssociationVisitationStrategy 2015-04-14 23:23:13,582 TRACE -  Starting collection element graph : pojos.Roles.users
org.hibernate.loader.plan.build.internal.AbstractLoadPlanBuildingAssociationVisitationStrategy 2015-04-14 23:23:13,582 TRACE - Pushing fetch source to stack : org.hibernate.loader.plan.build.internal.returns.CollectionFetchableElementEntityGraph@6c6357f9
org.hibernate.loader.plan.build.internal.AbstractLoadPlanBuildingAssociationVisitationStrategy 2015-04-14 23:23:13,582 TRACE - .. Registering AssociationKey : AssociationKey(table=T_Roles_Users, columns={userId}) -&gt; org.hibernate.loader.plan.build.internal.returns.CollectionFetchableElementEntityGraph@6c6357f9
org.hibernate.loader.plan.build.internal.AbstractLoadPlanBuildingAssociationVisitationStrategy 2015-04-14 23:23:13,582 TRACE - &gt;&gt; Starting entity identifier : pojos.Users
org.hibernate.persister.walking.spi.MetamodelGraphWalker 2015-04-14 23:23:13,582 DEBUG - Visiting attribute path : email
org.hibernate.loader.plan.build.internal.AbstractLoadPlanBuildingAssociationVisitationStrategy 2015-04-14 23:23:13,582 TRACE - &gt;&gt; Starting attribute Attribute(name=email, type=string [non-identifier])
org.hibernate.loader.plan.build.internal.AbstractLoadPlanBuildingAssociationVisitationStrategy 2015-04-14 23:23:13,582 TRACE - &lt;&lt; Finishing up attribute : Attribute(name=email, type=string [non-identifier])
org.hibernate.persister.walking.spi.MetamodelGraphWalker 2015-04-14 23:23:13,582 DEBUG - Visiting attribute path : name
org.hibernate.loader.plan.build.internal.AbstractLoadPlanBuildingAssociationVisitationStrategy 2015-04-14 23:23:13,582 TRACE - &gt;&gt; Starting attribute Attribute(name=name, type=string [non-identifier])
org.hibernate.loader.plan.build.internal.AbstractLoadPlanBuildingAssociationVisitationStrategy 2015-04-14 23:23:13,582 TRACE - &lt;&lt; Finishing up attribute : Attribute(name=name, type=string [non-identifier])
org.hibernate.persister.walking.spi.MetamodelGraphWalker 2015-04-14 23:23:13,582 DEBUG - Visiting attribute path : news
org.hibernate.loader.plan.build.internal.AbstractLoadPlanBuildingAssociationVisitationStrategy 2015-04-14 23:23:13,582 TRACE - &gt;&gt; Starting attribute Attribute(name=news, type=java.util.Set(pojos.Users.news) [non-identifier,association])
org.hibernate.loader.plan.build.internal.AbstractLoadPlanBuildingAssociationVisitationStrategy 2015-04-14 23:23:13,582 TRACE - &lt;&lt; Finishing up attribute : Attribute(name=news, type=java.util.Set(pojos.Users.news) [non-identifier,association])
org.hibernate.persister.walking.spi.MetamodelGraphWalker 2015-04-14 23:23:13,582 DEBUG - Visiting attribute path : pass
org.hibernate.loader.plan.build.internal.AbstractLoadPlanBuildingAssociationVisitationStrategy 2015-04-14 23:23:13,582 TRACE - &gt;&gt; Starting attribute Attribute(name=pass, type=string [non-identifier])
org.hibernate.loader.plan.build.internal.AbstractLoadPlanBuildingAssociationVisitationStrategy 2015-04-14 23:23:13,582 TRACE - &lt;&lt; Finishing up attribute : Attribute(name=pass, type=string [non-identifier])
org.hibernate.persister.walking.spi.MetamodelGraphWalker 2015-04-14 23:23:13,582 DEBUG - Visiting attribute path : roles
org.hibernate.persister.walking.spi.MetamodelGraphWalker 2015-04-14 23:23:13,582 DEBUG - Property path deemed to be circular : roles
org.hibernate.persister.walking.spi.MetamodelGraphWalker 2015-04-14 23:23:13,582 DEBUG - Visiting attribute path : surname
org.hibernate.loader.plan.build.internal.AbstractLoadPlanBuildingAssociationVisitationStrategy 2015-04-14 23:23:13,582 TRACE - &gt;&gt; Starting attribute Attribute(name=surname, type=string [non-identifier])
org.hibernate.loader.plan.build.internal.AbstractLoadPlanBuildingAssociationVisitationStrategy 2015-04-14 23:23:13,582 TRACE - &lt;&lt; Finishing up attribute : Attribute(name=surname, type=string [non-identifier])
org.hibernate.loader.plan.build.internal.AbstractLoadPlanBuildingAssociationVisitationStrategy 2015-04-14 23:23:13,582 TRACE - Popped fetch owner from stack : org.hibernate.loader.plan.build.internal.returns.CollectionFetchableElementEntityGraph@6c6357f9
org.hibernate.loader.plan.build.internal.AbstractLoadPlanBuildingAssociationVisitationStrategy 2015-04-14 23:23:13,582 TRACE -  Finished collection element graph : pojos.Roles.users
org.hibernate.loader.plan.build.internal.AbstractLoadPlanBuildingAssociationVisitationStrategy 2015-04-14 23:23:13,582 TRACE - Popped collection reference from stack : org.hibernate.loader.plan.build.internal.returns.CollectionReturnImpl@3a4e343
org.hibernate.loader.plan.build.internal.AbstractLoadPlanBuildingAssociationVisitationStrategy 2015-04-14 23:23:13,582 TRACE -  Finished root collection : pojos.Roles.users
org.hibernate.loader.plan.build.internal.FetchStyleLoadPlanBuildingAssociationVisitationStrategy 2015-04-14 23:23:13,582 DEBUG - Building LoadPlan...
org.hibernate.loader.plan.exec.internal.LoadQueryJoinAndFetchProcessor 2015-04-14 23:23:13,592 DEBUG - processing queryspace &lt;gen:0&gt;
org.hibernate.loader.plan.build.spi.LoadPlanTreePrinter 2015-04-14 23:23:13,592 DEBUG - LoadPlan(collection=pojos.Roles.users)
    - Returns
       - CollectionReturnImpl(collection=pojos.Roles.users, querySpaceUid=&lt;gen:0&gt;, path=[pojos.Roles.users])
          - (collection element) CollectionFetchableElementEntityGraph(entity=pojos.Users, querySpaceUid=&lt;gen:1&gt;, path=[pojos.Roles.users].&lt;elements&gt;)
    - QuerySpaces
       - CollectionQuerySpaceImpl(uid=&lt;gen:0&gt;, collection=pojos.Roles.users)
          - SQL table alias mapping - users0_
          - alias suffix - 0_
          - suffixed key columns - {roleId1_3_0_}
          - entity-element alias suffix - 1_
          - 1_entity-element suffixed key columns - userId1_5_1_
          - JOIN (JoinDefinedByMetadata(elements)) : &lt;gen:0&gt; -&gt; &lt;gen:1&gt;
             - EntityQuerySpaceImpl(uid=&lt;gen:1&gt;, entity=pojos.Users)
                - SQL table alias mapping - users1_
                - alias suffix - 1_
                - suffixed key columns - {userId1_5_1_}

org.hibernate.loader.collection.plan.CollectionLoader 2015-04-14 23:23:13,592 DEBUG - Static select for collection pojos.Roles.users: select users0_.roleId as roleId1_3_0_, users0_.userId as userId2_4_0_, users1_.userId as userId1_5_1_, users1_.email as email2_5_1_, users1_.name as name3_5_1_, users1_.pass as pass4_5_1_, users1_.surname as surname5_5_1_ from T_Roles_Users users0_ inner join Users users1_ on users0_.userId=users1_.userId where users0_.roleId=?
org.hibernate.loader.plan.build.internal.AbstractLoadPlanBuildingAssociationVisitationStrategy 2015-04-14 23:23:13,592 TRACE -  Starting root collection : pojos.Category.news
org.hibernate.loader.plan.build.internal.spaces.QuerySpacesImpl 2015-04-14 23:23:13,592 DEBUG - Adding QuerySpace : uid = &lt;gen:0&gt; -&gt; org.hibernate.loader.plan.build.internal.spaces.CollectionQuerySpaceImpl@7f69d591]
org.hibernate.loader.plan.build.internal.spaces.QuerySpacesImpl 2015-04-14 23:23:13,592 DEBUG - Adding QuerySpace : uid = &lt;gen:1&gt; -&gt; org.hibernate.loader.plan.build.internal.spaces.EntityQuerySpaceImpl@61078690]
org.hibernate.loader.plan.build.internal.AbstractLoadPlanBuildingAssociationVisitationStrategy 2015-04-14 23:23:13,592 TRACE - Pushing collection reference to stack : org.hibernate.loader.plan.build.internal.returns.CollectionReturnImpl@1cb3ec38
org.hibernate.loader.plan.build.internal.AbstractLoadPlanBuildingAssociationVisitationStrategy 2015-04-14 23:23:13,592 TRACE -  Registering AssociationKey : AssociationKey(table=News, columns={category}) -&gt; null
org.hibernate.loader.plan.build.internal.AbstractLoadPlanBuildingAssociationVisitationStrategy 2015-04-14 23:23:13,592 TRACE -  Starting collection element graph : pojos.Category.news
org.hibernate.loader.plan.build.internal.AbstractLoadPlanBuildingAssociationVisitationStrategy 2015-04-14 23:23:13,592 TRACE - Pushing fetch source to stack : org.hibernate.loader.plan.build.internal.returns.CollectionFetchableElementEntityGraph@403132fc
org.hibernate.loader.plan.build.internal.AbstractLoadPlanBuildingAssociationVisitationStrategy 2015-04-14 23:23:13,592 TRACE - &gt;&gt; Starting entity identifier : pojos.News
org.hibernate.persister.walking.spi.MetamodelGraphWalker 2015-04-14 23:23:13,592 DEBUG - Visiting attribute path : author
org.hibernate.loader.plan.build.internal.AbstractLoadPlanBuildingAssociationVisitationStrategy 2015-04-14 23:23:13,592 TRACE - &gt;&gt; Starting attribute Attribute(name=author, type=string [non-identifier])
org.hibernate.loader.plan.build.internal.AbstractLoadPlanBuildingAssociationVisitationStrategy 2015-04-14 23:23:13,592 TRACE - &lt;&lt; Finishing up attribute : Attribute(name=author, type=string [non-identifier])
org.hibernate.persister.walking.spi.MetamodelGraphWalker 2015-04-14 23:23:13,592 DEBUG - Visiting attribute path : category
org.hibernate.persister.walking.spi.MetamodelGraphWalker 2015-04-14 23:23:13,592 DEBUG - Property path deemed to be circular : category
org.hibernate.persister.walking.spi.MetamodelGraphWalker 2015-04-14 23:23:13,592 DEBUG - Visiting attribute path : mainText
org.hibernate.loader.plan.build.internal.AbstractLoadPlanBuildingAssociationVisitationStrategy 2015-04-14 23:23:13,592 TRACE - &gt;&gt; Starting attribute Attribute(name=mainText, type=text [non-identifier])
org.hibernate.loader.plan.build.internal.AbstractLoadPlanBuildingAssociationVisitationStrategy 2015-04-14 23:23:13,592 TRACE - &lt;&lt; Finishing up attribute : Attribute(name=mainText, type=text [non-identifier])
org.hibernate.persister.walking.spi.MetamodelGraphWalker 2015-04-14 23:23:13,592 DEBUG - Visiting attribute path : postDay
org.hibernate.loader.plan.build.internal.AbstractLoadPlanBuildingAssociationVisitationStrategy 2015-04-14 23:23:13,592 TRACE - &gt;&gt; Starting attribute Attribute(name=postDay, type=string [non-identifier])
org.hibernate.loader.plan.build.internal.AbstractLoadPlanBuildingAssociationVisitationStrategy 2015-04-14 23:23:13,592 TRACE - &lt;&lt; Finishing up attribute : Attribute(name=postDay, type=string [non-identifier])
org.hibernate.persister.walking.spi.MetamodelGraphWalker 2015-04-14 23:23:13,592 DEBUG - Visiting attribute path : title
org.hibernate.loader.plan.build.internal.AbstractLoadPlanBuildingAssociationVisitationStrategy 2015-04-14 23:23:13,592 TRACE - &gt;&gt; Starting attribute Attribute(name=title, type=string [non-identifier])
org.hibernate.loader.plan.build.internal.AbstractLoadPlanBuildingAssociationVisitationStrategy 2015-04-14 23:23:13,592 TRACE - &lt;&lt; Finishing up attribute : Attribute(name=title, type=string [non-identifier])
org.hibernate.persister.walking.spi.MetamodelGraphWalker 2015-04-14 23:23:13,592 DEBUG - Visiting attribute path : title4ann
org.hibernate.loader.plan.build.internal.AbstractLoadPlanBuildingAssociationVisitationStrategy 2015-04-14 23:23:13,602 TRACE - &gt;&gt; Starting attribute Attribute(name=title4ann, type=string [non-identifier])
org.hibernate.loader.plan.build.internal.AbstractLoadPlanBuildingAssociationVisitationStrategy 2015-04-14 23:23:13,602 TRACE - &lt;&lt; Finishing up attribute : Attribute(name=title4ann, type=string [non-identifier])
org.hibernate.persister.walking.spi.MetamodelGraphWalker 2015-04-14 23:23:13,602 DEBUG - Visiting attribute path : user
org.hibernate.loader.plan.build.internal.AbstractLoadPlanBuildingAssociationVisitationStrategy 2015-04-14 23:23:13,602 TRACE - &gt;&gt; Starting attribute Attribute(name=user, type=pojos.Users [non-identifier,association])
org.hibernate.loader.plan.build.internal.spaces.QuerySpacesImpl 2015-04-14 23:23:13,602 DEBUG - Adding QuerySpace : uid = &lt;gen:2&gt; -&gt; org.hibernate.loader.plan.build.internal.spaces.EntityQuerySpaceImpl@71c5b236]
org.hibernate.loader.plan.build.internal.AbstractLoadPlanBuildingAssociationVisitationStrategy 2015-04-14 23:23:13,602 TRACE - Pushing fetch source to stack : org.hibernate.loader.plan.build.internal.returns.EntityAttributeFetchImpl@2cab9998
org.hibernate.loader.plan.build.internal.AbstractLoadPlanBuildingAssociationVisitationStrategy 2015-04-14 23:23:13,602 TRACE - .... Registering AssociationKey : AssociationKey(table=News, columns={user}) -&gt; org.hibernate.loader.plan.build.internal.returns.EntityAttributeFetchImpl@2cab9998
org.hibernate.loader.plan.build.internal.AbstractLoadPlanBuildingAssociationVisitationStrategy 2015-04-14 23:23:13,602 TRACE - &gt;&gt;&gt;&gt; Starting entity identifier : pojos.Users
org.hibernate.persister.walking.spi.MetamodelGraphWalker 2015-04-14 23:23:13,602 DEBUG - Visiting attribute path : user.email
org.hibernate.loader.plan.build.internal.AbstractLoadPlanBuildingAssociationVisitationStrategy 2015-04-14 23:23:13,602 TRACE - &gt;&gt;&gt;&gt; Starting attribute Attribute(name=email, type=string [non-identifier])
org.hibernate.loader.plan.build.internal.AbstractLoadPlanBuildingAssociationVisitationStrategy 2015-04-14 23:23:13,602 TRACE - &lt;&lt;&lt;&lt; Finishing up attribute : Attribute(name=email, type=string [non-identifier])
org.hibernate.persister.walking.spi.MetamodelGraphWalker 2015-04-14 23:23:13,602 DEBUG - Visiting attribute path : user.name
org.hibernate.loader.plan.build.internal.AbstractLoadPlanBuildingAssociationVisitationStrategy 2015-04-14 23:23:13,602 TRACE - &gt;&gt;&gt;&gt; Starting attribute Attribute(name=name, type=string [non-identifier])
org.hibernate.loader.plan.build.internal.AbstractLoadPlanBuildingAssociationVisitationStrategy 2015-04-14 23:23:13,602 TRACE - &lt;&lt;&lt;&lt; Finishing up attribute : Attribute(name=name, type=string [non-identifier])
org.hibernate.persister.walking.spi.MetamodelGraphWalker 2015-04-14 23:23:13,612 DEBUG - Visiting attribute path : user.news
org.hibernate.persister.walking.spi.MetamodelGraphWalker 2015-04-14 23:23:13,612 DEBUG - Property path deemed to be circular : user.news
org.hibernate.persister.walking.spi.MetamodelGraphWalker 2015-04-14 23:23:13,612 DEBUG - Visiting attribute path : user.pass
org.hibernate.loader.plan.build.internal.AbstractLoadPlanBuildingAssociationVisitationStrategy 2015-04-14 23:23:13,612 TRACE - &gt;&gt;&gt;&gt; Starting attribute Attribute(name=pass, type=string [non-identifier])
org.hibernate.loader.plan.build.internal.AbstractLoadPlanBuildingAssociationVisitationStrategy 2015-04-14 23:23:13,612 TRACE - &lt;&lt;&lt;&lt; Finishing up attribute : Attribute(name=pass, type=string [non-identifier])
org.hibernate.persister.walking.spi.MetamodelGraphWalker 2015-04-14 23:23:13,612 DEBUG - Visiting attribute path : user.roles
org.hibernate.loader.plan.build.internal.AbstractLoadPlanBuildingAssociationVisitationStrategy 2015-04-14 23:23:13,612 TRACE - &gt;&gt;&gt;&gt; Starting attribute Attribute(name=roles, type=java.util.Set(pojos.Users.roles) [non-identifier,association])
org.hibernate.loader.plan.build.internal.AbstractLoadPlanBuildingAssociationVisitationStrategy 2015-04-14 23:23:13,612 TRACE - &lt;&lt;&lt;&lt; Finishing up attribute : Attribute(name=roles, type=java.util.Set(pojos.Users.roles) [non-identifier,association])
org.hibernate.persister.walking.spi.MetamodelGraphWalker 2015-04-14 23:23:13,612 DEBUG - Visiting attribute path : user.surname
org.hibernate.loader.plan.build.internal.AbstractLoadPlanBuildingAssociationVisitationStrategy 2015-04-14 23:23:13,612 TRACE - &gt;&gt;&gt;&gt; Starting attribute Attribute(name=surname, type=string [non-identifier])
org.hibernate.loader.plan.build.internal.AbstractLoadPlanBuildingAssociationVisitationStrategy 2015-04-14 23:23:13,612 TRACE - &lt;&lt;&lt;&lt; Finishing up attribute : Attribute(name=surname, type=string [non-identifier])
org.hibernate.loader.plan.build.internal.AbstractLoadPlanBuildingAssociationVisitationStrategy 2015-04-14 23:23:13,612 TRACE - Popped fetch owner from stack : org.hibernate.loader.plan.build.internal.returns.EntityAttributeFetchImpl@2cab9998
org.hibernate.loader.plan.build.internal.AbstractLoadPlanBuildingAssociationVisitationStrategy 2015-04-14 23:23:13,612 TRACE - &lt;&lt; Finishing up attribute : Attribute(name=user, type=pojos.Users [non-identifier,association])
org.hibernate.loader.plan.build.internal.AbstractLoadPlanBuildingAssociationVisitationStrategy 2015-04-14 23:23:13,612 TRACE - Popped fetch owner from stack : org.hibernate.loader.plan.build.internal.returns.CollectionFetchableElementEntityGraph@403132fc
org.hibernate.loader.plan.build.internal.AbstractLoadPlanBuildingAssociationVisitationStrategy 2015-04-14 23:23:13,612 TRACE -  Finished collection element graph : pojos.Category.news
org.hibernate.loader.plan.build.internal.AbstractLoadPlanBuildingAssociationVisitationStrategy 2015-04-14 23:23:13,612 TRACE - Popped collection reference from stack : org.hibernate.loader.plan.build.internal.returns.CollectionReturnImpl@1cb3ec38
org.hibernate.loader.plan.build.internal.AbstractLoadPlanBuildingAssociationVisitationStrategy 2015-04-14 23:23:13,612 TRACE -  Finished root collection : pojos.Category.news
org.hibernate.loader.plan.build.internal.FetchStyleLoadPlanBuildingAssociationVisitationStrategy 2015-04-14 23:23:13,612 DEBUG - Building LoadPlan...
org.hibernate.loader.plan.exec.internal.LoadQueryJoinAndFetchProcessor 2015-04-14 23:23:13,612 DEBUG - processing queryspace &lt;gen:0&gt;
org.hibernate.loader.plan.build.spi.LoadPlanTreePrinter 2015-04-14 23:23:13,612 DEBUG - LoadPlan(collection=pojos.Category.news)
    - Returns
       - CollectionReturnImpl(collection=pojos.Category.news, querySpaceUid=&lt;gen:0&gt;, path=[pojos.Category.news])
          - (collection element) CollectionFetchableElementEntityGraph(entity=pojos.News, querySpaceUid=&lt;gen:1&gt;, path=[pojos.Category.news].&lt;elements&gt;)
             - EntityAttributeFetchImpl(entity=pojos.Users, querySpaceUid=&lt;gen:2&gt;, path=[pojos.Category.news].&lt;elements&gt;.user)
    - QuerySpaces
       - CollectionQuerySpaceImpl(uid=&lt;gen:0&gt;, collection=pojos.Category.news)
          - SQL table alias mapping - news0_
          - alias suffix - 0_
          - suffixed key columns - {category7_0_0_}
          - entity-element alias suffix - 1_
          - 1_entity-element suffixed key columns - newsId1_1_1_
          - JOIN (JoinDefinedByMetadata(elements)) : &lt;gen:0&gt; -&gt; &lt;gen:1&gt;
             - EntityQuerySpaceImpl(uid=&lt;gen:1&gt;, entity=pojos.News)
                - SQL table alias mapping - news0_
                - alias suffix - 1_
                - suffixed key columns - {newsId1_1_1_}
                - JOIN (JoinDefinedByMetadata(user)) : &lt;gen:1&gt; -&gt; &lt;gen:2&gt;
                   - EntityQuerySpaceImpl(uid=&lt;gen:2&gt;, entity=pojos.Users)
                      - SQL table alias mapping - users1_
                      - alias suffix - 2_
                      - suffixed key columns - {userId1_5_2_}

org.hibernate.loader.collection.plan.CollectionLoader 2015-04-14 23:23:13,612 DEBUG - Static select for collection pojos.Category.news: select news0_.category as category7_0_0_, news0_.newsId as newsId1_1_0_, news0_.newsId as newsId1_1_1_, news0_.author as author2_1_1_, news0_.category as category7_1_1_, news0_.mainText as mainText3_1_1_, news0_.postDay as postDay4_1_1_, news0_.title as title5_1_1_, news0_.title4ann as title6_1_1_, news0_.user as user8_1_1_, users1_.userId as userId1_5_2_, users1_.email as email2_5_2_, users1_.name as name3_5_2_, users1_.pass as pass4_5_2_, users1_.surname as surname5_5_2_ from News news0_ left outer join Users users1_ on news0_.user=users1_.userId where news0_.category=?
org.hibernate.loader.plan.build.internal.AbstractLoadPlanBuildingAssociationVisitationStrategy 2015-04-14 23:23:13,612 TRACE -  Starting root collection : pojos.Users.news
org.hibernate.loader.plan.build.internal.spaces.QuerySpacesImpl 2015-04-14 23:23:13,612 DEBUG - Adding QuerySpace : uid = &lt;gen:0&gt; -&gt; org.hibernate.loader.plan.build.internal.spaces.CollectionQuerySpaceImpl@2f7a7219]
org.hibernate.loader.plan.build.internal.spaces.QuerySpacesImpl 2015-04-14 23:23:13,612 DEBUG - Adding QuerySpace : uid = &lt;gen:1&gt; -&gt; org.hibernate.loader.plan.build.internal.spaces.EntityQuerySpaceImpl@669513d8]
org.hibernate.loader.plan.build.internal.AbstractLoadPlanBuildingAssociationVisitationStrategy 2015-04-14 23:23:13,612 TRACE - Pushing collection reference to stack : org.hibernate.loader.plan.build.internal.returns.CollectionReturnImpl@3a1d593e
org.hibernate.loader.plan.build.internal.AbstractLoadPlanBuildingAssociationVisitationStrategy 2015-04-14 23:23:13,612 TRACE -  Registering AssociationKey : AssociationKey(table=News, columns={user}) -&gt; null
org.hibernate.loader.plan.build.internal.AbstractLoadPlanBuildingAssociationVisitationStrategy 2015-04-14 23:23:13,612 TRACE -  Starting collection element graph : pojos.Users.news
org.hibernate.loader.plan.build.internal.AbstractLoadPlanBuildingAssociationVisitationStrategy 2015-04-14 23:23:13,612 TRACE - Pushing fetch source to stack : org.hibernate.loader.plan.build.internal.returns.CollectionFetchableElementEntityGraph@4a8a60bc
org.hibernate.loader.plan.build.internal.AbstractLoadPlanBuildingAssociationVisitationStrategy 2015-04-14 23:23:13,612 TRACE - &gt;&gt; Starting entity identifier : pojos.News
org.hibernate.persister.walking.spi.MetamodelGraphWalker 2015-04-14 23:23:13,612 DEBUG - Visiting attribute path : author
org.hibernate.loader.plan.build.internal.AbstractLoadPlanBuildingAssociationVisitationStrategy 2015-04-14 23:23:13,612 TRACE - &gt;&gt; Starting attribute Attribute(name=author, type=string [non-identifier])
org.hibernate.loader.plan.build.internal.AbstractLoadPlanBuildingAssociationVisitationStrategy 2015-04-14 23:23:13,612 TRACE - &lt;&lt; Finishing up attribute : Attribute(name=author, type=string [non-identifier])
org.hibernate.persister.walking.spi.MetamodelGraphWalker 2015-04-14 23:23:13,612 DEBUG - Visiting attribute path : category
org.hibernate.loader.plan.build.internal.AbstractLoadPlanBuildingAssociationVisitationStrategy 2015-04-14 23:23:13,612 TRACE - &gt;&gt; Starting attribute Attribute(name=category, type=pojos.Category [non-identifier,association])
org.hibernate.loader.plan.build.internal.spaces.QuerySpacesImpl 2015-04-14 23:23:13,622 DEBUG - Adding QuerySpace : uid = &lt;gen:2&gt; -&gt; org.hibernate.loader.plan.build.internal.spaces.EntityQuerySpaceImpl@361c294e]
org.hibernate.loader.plan.build.internal.AbstractLoadPlanBuildingAssociationVisitationStrategy 2015-04-14 23:23:13,622 TRACE - Pushing fetch source to stack : org.hibernate.loader.plan.build.internal.returns.EntityAttributeFetchImpl@7859e786
org.hibernate.loader.plan.build.internal.AbstractLoadPlanBuildingAssociationVisitationStrategy 2015-04-14 23:23:13,622 TRACE - .... Registering AssociationKey : AssociationKey(table=News, columns={category}) -&gt; org.hibernate.loader.plan.build.internal.returns.EntityAttributeFetchImpl@7859e786
org.hibernate.loader.plan.build.internal.AbstractLoadPlanBuildingAssociationVisitationStrategy 2015-04-14 23:23:13,622 TRACE - &gt;&gt;&gt;&gt; Starting entity identifier : pojos.Category
org.hibernate.persister.walking.spi.MetamodelGraphWalker 2015-04-14 23:23:13,622 DEBUG - Visiting attribute path : category.categoryName
org.hibernate.loader.plan.build.internal.AbstractLoadPlanBuildingAssociationVisitationStrategy 2015-04-14 23:23:13,622 TRACE - &gt;&gt;&gt;&gt; Starting attribute Attribute(name=categoryName, type=string [non-identifier])
org.hibernate.loader.plan.build.internal.AbstractLoadPlanBuildingAssociationVisitationStrategy 2015-04-14 23:23:13,622 TRACE - &lt;&lt;&lt;&lt; Finishing up attribute : Attribute(name=categoryName, type=string [non-identifier])
org.hibernate.persister.walking.spi.MetamodelGraphWalker 2015-04-14 23:23:13,622 DEBUG - Visiting attribute path : category.news
org.hibernate.persister.walking.spi.MetamodelGraphWalker 2015-04-14 23:23:13,622 DEBUG - Property path deemed to be circular : category.news
org.hibernate.loader.plan.build.internal.AbstractLoadPlanBuildingAssociationVisitationStrategy 2015-04-14 23:23:13,622 TRACE - Popped fetch owner from stack : org.hibernate.loader.plan.build.internal.returns.EntityAttributeFetchImpl@7859e786
org.hibernate.loader.plan.build.internal.AbstractLoadPlanBuildingAssociationVisitationStrategy 2015-04-14 23:23:13,622 TRACE - &lt;&lt; Finishing up attribute : Attribute(name=category, type=pojos.Category [non-identifier,association])
org.hibernate.persister.walking.spi.MetamodelGraphWalker 2015-04-14 23:23:13,622 DEBUG - Visiting attribute path : mainText
org.hibernate.loader.plan.build.internal.AbstractLoadPlanBuildingAssociationVisitationStrategy 2015-04-14 23:23:13,622 TRACE - &gt;&gt; Starting attribute Attribute(name=mainText, type=text [non-identifier])
org.hibernate.loader.plan.build.internal.AbstractLoadPlanBuildingAssociationVisitationStrategy 2015-04-14 23:23:13,622 TRACE - &lt;&lt; Finishing up attribute : Attribute(name=mainText, type=text [non-identifier])
org.hibernate.persister.walking.spi.MetamodelGraphWalker 2015-04-14 23:23:13,622 DEBUG - Visiting attribute path : postDay
org.hibernate.loader.plan.build.internal.AbstractLoadPlanBuildingAssociationVisitationStrategy 2015-04-14 23:23:13,622 TRACE - &gt;&gt; Starting attribute Attribute(name=postDay, type=string [non-identifier])
org.hibernate.loader.plan.build.internal.AbstractLoadPlanBuildingAssociationVisitationStrategy 2015-04-14 23:23:13,622 TRACE - &lt;&lt; Finishing up attribute : Attribute(name=postDay, type=string [non-identifier])
org.hibernate.persister.walking.spi.MetamodelGraphWalker 2015-04-14 23:23:13,622 DEBUG - Visiting attribute path : title
org.hibernate.loader.plan.build.internal.AbstractLoadPlanBuildingAssociationVisitationStrategy 2015-04-14 23:23:13,622 TRACE - &gt;&gt; Starting attribute Attribute(name=title, type=string [non-identifier])
org.hibernate.loader.plan.build.internal.AbstractLoadPlanBuildingAssociationVisitationStrategy 2015-04-14 23:23:13,622 TRACE - &lt;&lt; Finishing up attribute : Attribute(name=title, type=string [non-identifier])
org.hibernate.persister.walking.spi.MetamodelGraphWalker 2015-04-14 23:23:13,622 DEBUG - Visiting attribute path : title4ann
org.hibernate.loader.plan.build.internal.AbstractLoadPlanBuildingAssociationVisitationStrategy 2015-04-14 23:23:13,622 TRACE - &gt;&gt; Starting attribute Attribute(name=title4ann, type=string [non-identifier])
org.hibernate.loader.plan.build.internal.AbstractLoadPlanBuildingAssociationVisitationStrategy 2015-04-14 23:23:13,622 TRACE - &lt;&lt; Finishing up attribute : Attribute(name=title4ann, type=string [non-identifier])
org.hibernate.persister.walking.spi.MetamodelGraphWalker 2015-04-14 23:23:13,622 DEBUG - Visiting attribute path : user
org.hibernate.persister.walking.spi.MetamodelGraphWalker 2015-04-14 23:23:13,622 DEBUG - Property path deemed to be circular : user
org.hibernate.loader.plan.build.internal.AbstractLoadPlanBuildingAssociationVisitationStrategy 2015-04-14 23:23:13,622 TRACE - Popped fetch owner from stack : org.hibernate.loader.plan.build.internal.returns.CollectionFetchableElementEntityGraph@4a8a60bc
org.hibernate.loader.plan.build.internal.AbstractLoadPlanBuildingAssociationVisitationStrategy 2015-04-14 23:23:13,622 TRACE -  Finished collection element graph : pojos.Users.news
org.hibernate.loader.plan.build.internal.AbstractLoadPlanBuildingAssociationVisitationStrategy 2015-04-14 23:23:13,622 TRACE - Popped collection reference from stack : org.hibernate.loader.plan.build.internal.returns.CollectionReturnImpl@3a1d593e
org.hibernate.loader.plan.build.internal.AbstractLoadPlanBuildingAssociationVisitationStrategy 2015-04-14 23:23:13,622 TRACE -  Finished root collection : pojos.Users.news
org.hibernate.loader.plan.build.internal.FetchStyleLoadPlanBuildingAssociationVisitationStrategy 2015-04-14 23:23:13,622 DEBUG - Building LoadPlan...
org.hibernate.loader.plan.exec.internal.LoadQueryJoinAndFetchProcessor 2015-04-14 23:23:13,622 DEBUG - processing queryspace &lt;gen:0&gt;
org.hibernate.loader.plan.build.spi.LoadPlanTreePrinter 2015-04-14 23:23:13,632 DEBUG - LoadPlan(collection=pojos.Users.news)
    - Returns
       - CollectionReturnImpl(collection=pojos.Users.news, querySpaceUid=&lt;gen:0&gt;, path=[pojos.Users.news])
          - (collection element) CollectionFetchableElementEntityGraph(entity=pojos.News, querySpaceUid=&lt;gen:1&gt;, path=[pojos.Users.news].&lt;elements&gt;)
             - EntityAttributeFetchImpl(entity=pojos.Category, querySpaceUid=&lt;gen:2&gt;, path=[pojos.Users.news].&lt;elements&gt;.category)
    - QuerySpaces
       - CollectionQuerySpaceImpl(uid=&lt;gen:0&gt;, collection=pojos.Users.news)
          - SQL table alias mapping - news0_
          - alias suffix - 0_
          - suffixed key columns - {user8_5_0_}
          - entity-element alias suffix - 1_
          - 1_entity-element suffixed key columns - newsId1_1_1_
          - JOIN (JoinDefinedByMetadata(elements)) : &lt;gen:0&gt; -&gt; &lt;gen:1&gt;
             - EntityQuerySpaceImpl(uid=&lt;gen:1&gt;, entity=pojos.News)
                - SQL table alias mapping - news0_
                - alias suffix - 1_
                - suffixed key columns - {newsId1_1_1_}
                - JOIN (JoinDefinedByMetadata(category)) : &lt;gen:1&gt; -&gt; &lt;gen:2&gt;
                   - EntityQuerySpaceImpl(uid=&lt;gen:2&gt;, entity=pojos.Category)
                      - SQL table alias mapping - category1_
                      - alias suffix - 2_
                      - suffixed key columns - {category1_0_2_}

org.hibernate.loader.collection.plan.CollectionLoader 2015-04-14 23:23:13,632 DEBUG - Static select for collection pojos.Users.news: select news0_.user as user8_5_0_, news0_.newsId as newsId1_1_0_, news0_.newsId as newsId1_1_1_, news0_.author as author2_1_1_, news0_.category as category7_1_1_, news0_.mainText as mainText3_1_1_, news0_.postDay as postDay4_1_1_, news0_.title as title5_1_1_, news0_.title4ann as title6_1_1_, news0_.user as user8_1_1_, category1_.categoryId as category1_0_2_, category1_.categoryName as category2_0_2_ from News news0_ left outer join Category category1_ on news0_.category=category1_.categoryId where news0_.user=?
org.hibernate.loader.plan.build.internal.AbstractLoadPlanBuildingAssociationVisitationStrategy 2015-04-14 23:23:13,632 TRACE -  Starting root collection : pojos.Users.roles
org.hibernate.loader.plan.build.internal.spaces.QuerySpacesImpl 2015-04-14 23:23:13,632 DEBUG - Adding QuerySpace : uid = &lt;gen:0&gt; -&gt; org.hibernate.loader.plan.build.internal.spaces.CollectionQuerySpaceImpl@285d851a]
org.hibernate.loader.plan.build.internal.spaces.QuerySpacesImpl 2015-04-14 23:23:13,632 DEBUG - Adding QuerySpace : uid = &lt;gen:1&gt; -&gt; org.hibernate.loader.plan.build.internal.spaces.EntityQuerySpaceImpl@314b8f2d]
org.hibernate.loader.plan.build.internal.AbstractLoadPlanBuildingAssociationVisitationStrategy 2015-04-14 23:23:13,632 TRACE - Pushing collection reference to stack : org.hibernate.loader.plan.build.internal.returns.CollectionReturnImpl@664a9613
org.hibernate.loader.plan.build.internal.AbstractLoadPlanBuildingAssociationVisitationStrategy 2015-04-14 23:23:13,632 TRACE -  Registering AssociationKey : AssociationKey(table=T_Roles_Users, columns={userId}) -&gt; null
org.hibernate.loader.plan.build.internal.AbstractLoadPlanBuildingAssociationVisitationStrategy 2015-04-14 23:23:13,632 TRACE -  Starting collection element graph : pojos.Users.roles
org.hibernate.loader.plan.build.internal.AbstractLoadPlanBuildingAssociationVisitationStrategy 2015-04-14 23:23:13,632 TRACE - Pushing fetch source to stack : org.hibernate.loader.plan.build.internal.returns.CollectionFetchableElementEntityGraph@5118388b
org.hibernate.loader.plan.build.internal.AbstractLoadPlanBuildingAssociationVisitationStrategy 2015-04-14 23:23:13,632 TRACE - .. Registering AssociationKey : AssociationKey(table=T_Roles_Users, columns={roleId}) -&gt; org.hibernate.loader.plan.build.internal.returns.CollectionFetchableElementEntityGraph@5118388b
org.hibernate.loader.plan.build.internal.AbstractLoadPlanBuildingAssociationVisitationStrategy 2015-04-14 23:23:13,632 TRACE - &gt;&gt; Starting entity identifier : pojos.Roles
org.hibernate.persister.walking.spi.MetamodelGraphWalker 2015-04-14 23:23:13,632 DEBUG - Visiting attribute path : roleType
org.hibernate.loader.plan.build.internal.AbstractLoadPlanBuildingAssociationVisitationStrategy 2015-04-14 23:23:13,632 TRACE - &gt;&gt; Starting attribute Attribute(name=roleType, type=string [non-identifier])
org.hibernate.loader.plan.build.internal.AbstractLoadPlanBuildingAssociationVisitationStrategy 2015-04-14 23:23:13,632 TRACE - &lt;&lt; Finishing up attribute : Attribute(name=roleType, type=string [non-identifier])
org.hibernate.persister.walking.spi.MetamodelGraphWalker 2015-04-14 23:23:13,632 DEBUG - Visiting attribute path : users
org.hibernate.persister.walking.spi.MetamodelGraphWalker 2015-04-14 23:23:13,632 DEBUG - Property path deemed to be circular : users
org.hibernate.persister.walking.spi.MetamodelGraphWalker 2015-04-14 23:23:13,632 DEBUG - Visiting attribute path : permission
org.hibernate.loader.plan.build.internal.AbstractLoadPlanBuildingAssociationVisitationStrategy 2015-04-14 23:23:13,632 TRACE - &gt;&gt; Starting attribute Attribute(name=permission, type=pojos.Permissions [non-identifier,association])
org.hibernate.loader.plan.build.internal.spaces.QuerySpacesImpl 2015-04-14 23:23:13,632 DEBUG - Adding QuerySpace : uid = &lt;gen:2&gt; -&gt; org.hibernate.loader.plan.build.internal.spaces.EntityQuerySpaceImpl@15a902e7]
org.hibernate.loader.plan.build.internal.AbstractLoadPlanBuildingAssociationVisitationStrategy 2015-04-14 23:23:13,632 TRACE - Pushing fetch source to stack : org.hibernate.loader.plan.build.internal.returns.EntityAttributeFetchImpl@7876d598
org.hibernate.loader.plan.build.internal.AbstractLoadPlanBuildingAssociationVisitationStrategy 2015-04-14 23:23:13,632 TRACE - .... Registering AssociationKey : AssociationKey(table=Permissions, columns={role}) -&gt; org.hibernate.loader.plan.build.internal.returns.EntityAttributeFetchImpl@7876d598
org.hibernate.loader.plan.build.internal.AbstractLoadPlanBuildingAssociationVisitationStrategy 2015-04-14 23:23:13,632 TRACE - &gt;&gt;&gt;&gt; Starting entity identifier : pojos.Permissions
org.hibernate.persister.walking.spi.MetamodelGraphWalker 2015-04-14 23:23:13,632 DEBUG - Visiting attribute path : permission.addNews
org.hibernate.loader.plan.build.internal.AbstractLoadPlanBuildingAssociationVisitationStrategy 2015-04-14 23:23:13,632 TRACE - &gt;&gt;&gt;&gt; Starting attribute Attribute(name=addNews, type=boolean [non-identifier])
org.hibernate.loader.plan.build.internal.AbstractLoadPlanBuildingAssociationVisitationStrategy 2015-04-14 23:23:13,632 TRACE - &lt;&lt;&lt;&lt; Finishing up attribute : Attribute(name=addNews, type=boolean [non-identifier])
org.hibernate.persister.walking.spi.MetamodelGraphWalker 2015-04-14 23:23:13,632 DEBUG - Visiting attribute path : permission.deleteNews
org.hibernate.loader.plan.build.internal.AbstractLoadPlanBuildingAssociationVisitationStrategy 2015-04-14 23:23:13,632 TRACE - &gt;&gt;&gt;&gt; Starting attribute Attribute(name=deleteNews, type=boolean [non-identifier])
org.hibernate.loader.plan.build.internal.AbstractLoadPlanBuildingAssociationVisitationStrategy 2015-04-14 23:23:13,642 TRACE - &lt;&lt;&lt;&lt; Finishing up attribute : Attribute(name=deleteNews, type=boolean [non-identifier])
org.hibernate.persister.walking.spi.MetamodelGraphWalker 2015-04-14 23:23:13,642 DEBUG - Visiting attribute path : permission.readNews
org.hibernate.loader.plan.build.internal.AbstractLoadPlanBuildingAssociationVisitationStrategy 2015-04-14 23:23:13,642 TRACE - &gt;&gt;&gt;&gt; Starting attribute Attribute(name=readNews, type=boolean [non-identifier])
org.hibernate.loader.plan.build.internal.AbstractLoadPlanBuildingAssociationVisitationStrategy 2015-04-14 23:23:13,642 TRACE - &lt;&lt;&lt;&lt; Finishing up attribute : Attribute(name=readNews, type=boolean [non-identifier])
org.hibernate.persister.walking.spi.MetamodelGraphWalker 2015-04-14 23:23:13,642 DEBUG - Visiting attribute path : permission.role
org.hibernate.persister.walking.spi.MetamodelGraphWalker 2015-04-14 23:23:13,642 DEBUG - Property path deemed to be circular : permission.role
org.hibernate.persister.walking.spi.MetamodelGraphWalker 2015-04-14 23:23:13,642 DEBUG - Visiting attribute path : permission.updateNews
org.hibernate.loader.plan.build.internal.AbstractLoadPlanBuildingAssociationVisitationStrategy 2015-04-14 23:23:13,642 TRACE - &gt;&gt;&gt;&gt; Starting attribute Attribute(name=updateNews, type=boolean [non-identifier])
org.hibernate.loader.plan.build.internal.AbstractLoadPlanBuildingAssociationVisitationStrategy 2015-04-14 23:23:13,642 TRACE - &lt;&lt;&lt;&lt; Finishing up attribute : Attribute(name=updateNews, type=boolean [non-identifier])
org.hibernate.loader.plan.build.internal.AbstractLoadPlanBuildingAssociationVisitationStrategy 2015-04-14 23:23:13,642 TRACE - Popped fetch owner from stack : org.hibernate.loader.plan.build.internal.returns.EntityAttributeFetchImpl@7876d598
org.hibernate.loader.plan.build.internal.AbstractLoadPlanBuildingAssociationVisitationStrategy 2015-04-14 23:23:13,642 TRACE - &lt;&lt; Finishing up attribute : Attribute(name=permission, type=pojos.Permissions [non-identifier,association])
org.hibernate.loader.plan.build.internal.AbstractLoadPlanBuildingAssociationVisitationStrategy 2015-04-14 23:23:13,642 TRACE - Popped fetch owner from stack : org.hibernate.loader.plan.build.internal.returns.CollectionFetchableElementEntityGraph@5118388b
org.hibernate.loader.plan.build.internal.AbstractLoadPlanBuildingAssociationVisitationStrategy 2015-04-14 23:23:13,642 TRACE -  Finished collection element graph : pojos.Users.roles
org.hibernate.loader.plan.build.internal.AbstractLoadPlanBuildingAssociationVisitationStrategy 2015-04-14 23:23:13,652 TRACE - Popped collection reference from stack : org.hibernate.loader.plan.build.internal.returns.CollectionReturnImpl@664a9613
org.hibernate.loader.plan.build.internal.AbstractLoadPlanBuildingAssociationVisitationStrategy 2015-04-14 23:23:13,652 TRACE -  Finished root collection : pojos.Users.roles
org.hibernate.loader.plan.build.internal.FetchStyleLoadPlanBuildingAssociationVisitationStrategy 2015-04-14 23:23:13,652 DEBUG - Building LoadPlan...
org.hibernate.loader.plan.exec.internal.LoadQueryJoinAndFetchProcessor 2015-04-14 23:23:13,652 DEBUG - processing queryspace &lt;gen:0&gt;
org.hibernate.loader.plan.build.spi.LoadPlanTreePrinter 2015-04-14 23:23:13,652 DEBUG - LoadPlan(collection=pojos.Users.roles)
    - Returns
       - CollectionReturnImpl(collection=pojos.Users.roles, querySpaceUid=&lt;gen:0&gt;, path=[pojos.Users.roles])
          - (collection element) CollectionFetchableElementEntityGraph(entity=pojos.Roles, querySpaceUid=&lt;gen:1&gt;, path=[pojos.Users.roles].&lt;elements&gt;)
             - EntityAttributeFetchImpl(entity=pojos.Permissions, querySpaceUid=&lt;gen:2&gt;, path=[pojos.Users.roles].&lt;elements&gt;.permission)
    - QuerySpaces
       - CollectionQuerySpaceImpl(uid=&lt;gen:0&gt;, collection=pojos.Users.roles)
          - SQL table alias mapping - roles0_
          - alias suffix - 0_
          - suffixed key columns - {userId2_5_0_}
          - entity-element alias suffix - 1_
          - 1_entity-element suffixed key columns - roleId1_3_1_
          - JOIN (JoinDefinedByMetadata(elements)) : &lt;gen:0&gt; -&gt; &lt;gen:1&gt;
             - EntityQuerySpaceImpl(uid=&lt;gen:1&gt;, entity=pojos.Roles)
                - SQL table alias mapping - roles1_
                - alias suffix - 1_
                - suffixed key columns - {roleId1_3_1_}
                - JOIN (JoinDefinedByMetadata(permission)) : &lt;gen:1&gt; -&gt; &lt;gen:2&gt;
                   - EntityQuerySpaceImpl(uid=&lt;gen:2&gt;, entity=pojos.Permissions)
                      - SQL table alias mapping - permission2_
                      - alias suffix - 2_
                      - suffixed key columns - {roleId1_2_2_}

org.hibernate.loader.collection.plan.CollectionLoader 2015-04-14 23:23:13,652 DEBUG - Static select for collection pojos.Users.roles: select roles0_.userId as userId2_5_0_, roles0_.roleId as roleId1_4_0_, roles1_.roleId as roleId1_3_1_, roles1_.roleType as roleType2_3_1_, permission2_.roleId as roleId1_2_2_, permission2_.addNews as addNews2_2_2_, permission2_.deleteNews as deleteNe3_2_2_, permission2_.readNews as readNews4_2_2_, permission2_.role as role6_2_2_, permission2_.updateNews as updateNe5_2_2_ from T_Roles_Users roles0_ inner join Roles roles1_ on roles0_.roleId=roles1_.roleId left outer join Permissions permission2_ on roles1_.roleId=permission2_.role where roles0_.userId=?
org.hibernate.internal.SessionFactoryRegistry 2015-04-14 23:23:13,804 DEBUG - Initializing SessionFactoryRegistry : org.hibernate.internal.SessionFactoryRegistry@4f8969b0
org.hibernate.internal.SessionFactoryRegistry 2015-04-14 23:23:13,824 DEBUG - Registering SessionFactory: 955d74ca-9b9a-4028-aea0-427331ec2638 (&lt;unnamed&gt;)
org.hibernate.internal.SessionFactoryRegistry 2015-04-14 23:23:13,824 DEBUG - Not binding SessionFactory to JNDI, no JNDI name configured
org.hibernate.internal.SessionFactoryImpl 2015-04-14 23:23:13,824 DEBUG - Instantiated session factory
org.hibernate.tool.hbm2ddl.SchemaValidator 2015-04-14 23:23:13,834 INFO  - HHH000229: Running schema validator
org.hibernate.tool.hbm2ddl.SchemaValidator 2015-04-14 23:23:13,834 INFO  - HHH000102: Fetching database metadata
org.hibernate.cfg.Configuration 2015-04-14 23:23:13,834 TRACE - Starting secondPassCompile() processing
org.hibernate.cfg.Configuration$MetadataSourceQueue 2015-04-14 23:23:13,834 DEBUG - Processing hbm.xml files
org.hibernate.cfg.Configuration$MetadataSourceQueue 2015-04-14 23:23:13,834 DEBUG - Process annotated classes
org.hibernate.cfg.Configuration 2015-04-14 23:23:13,834 DEBUG - Processing fk mappings (*ToOne and JoinedSubclass)
org.hibernate.cfg.Configuration 2015-04-14 23:23:13,834 DEBUG - Processing extends queue
org.hibernate.cfg.Configuration 2015-04-14 23:23:13,834 DEBUG - Processing extends queue
org.hibernate.cfg.Configuration 2015-04-14 23:23:13,834 DEBUG - Processing collection mappings
org.hibernate.cfg.Configuration 2015-04-14 23:23:13,834 DEBUG - Processing native query and ResultSetMapping mappings
org.hibernate.cfg.Configuration 2015-04-14 23:23:13,834 DEBUG - Processing association property references
org.hibernate.cfg.Configuration 2015-04-14 23:23:13,834 DEBUG - Creating tables&apos; unique integer identifiers
org.hibernate.cfg.Configuration 2015-04-14 23:23:13,834 DEBUG - Processing foreign key constraints
org.hibernate.cfg.Configuration 2015-04-14 23:23:13,834 DEBUG - Resolving reference to class: pojos.Category
org.hibernate.cfg.Configuration 2015-04-14 23:23:13,834 DEBUG - Resolving reference to class: pojos.Users
org.hibernate.cfg.Configuration 2015-04-14 23:23:13,834 DEBUG - Resolving reference to class: pojos.Roles
org.hibernate.cfg.Configuration 2015-04-14 23:23:13,834 DEBUG - Resolving reference to class: pojos.Users
org.hibernate.cfg.Configuration 2015-04-14 23:23:13,834 DEBUG - Resolving reference to class: pojos.Roles
org.hibernate.tool.hbm2ddl.TableMetadata 2015-04-14 23:23:13,964 INFO  - HHH000261: Table found: newspaperhibtest.category
org.hibernate.tool.hbm2ddl.TableMetadata 2015-04-14 23:23:13,964 INFO  - HHH000037: Columns: [categoryname, categoryid]
org.hibernate.tool.hbm2ddl.TableMetadata 2015-04-14 23:23:14,014 INFO  - HHH000261: Table found: newspaperhibtest.news
org.hibernate.tool.hbm2ddl.TableMetadata 2015-04-14 23:23:14,014 INFO  - HHH000037: Columns: [title4ann, newsid, postday, author, maintext, title, category, user]
org.hibernate.tool.hbm2ddl.TableMetadata 2015-04-14 23:23:14,024 INFO  - HHH000261: Table found: newspaperhibtest.permissions
org.hibernate.tool.hbm2ddl.TableMetadata 2015-04-14 23:23:14,024 INFO  - HHH000037: Columns: [addnews, role, updatenews, roleid, deletenews, readnews]
org.hibernate.tool.hbm2ddl.TableMetadata 2015-04-14 23:23:14,034 INFO  - HHH000261: Table found: newspaperhibtest.roles
org.hibernate.tool.hbm2ddl.TableMetadata 2015-04-14 23:23:14,034 INFO  - HHH000037: Columns: [roleid, roletype]
org.hibernate.tool.hbm2ddl.TableMetadata 2015-04-14 23:23:14,044 INFO  - HHH000261: Table found: newspaperhibtest.t_roles_users
org.hibernate.tool.hbm2ddl.TableMetadata 2015-04-14 23:23:14,044 INFO  - HHH000037: Columns: [roleid, userid]
org.hibernate.tool.hbm2ddl.TableMetadata 2015-04-14 23:23:14,054 INFO  - HHH000261: Table found: newspaperhibtest.users
org.hibernate.tool.hbm2ddl.TableMetadata 2015-04-14 23:23:14,054 INFO  - HHH000037: Columns: [pass, surname, name, userid, email]
org.hibernate.id.factory.internal.DefaultIdentifierGeneratorFactory 2015-04-14 23:23:14,054 DEBUG - Setting dialect [org.hibernate.dialect.MySQLDialect]
org.hibernate.id.factory.internal.DefaultIdentifierGeneratorFactory 2015-04-14 23:23:14,054 DEBUG - Setting dialect [org.hibernate.dialect.MySQLDialect]
org.hibernate.id.factory.internal.DefaultIdentifierGeneratorFactory 2015-04-14 23:23:14,054 DEBUG - Setting dialect [org.hibernate.dialect.MySQLDialect]
org.hibernate.id.factory.internal.DefaultIdentifierGeneratorFactory 2015-04-14 23:23:14,064 DEBUG - Setting dialect [org.hibernate.dialect.MySQLDialect]
org.hibernate.id.factory.internal.DefaultIdentifierGeneratorFactory 2015-04-14 23:23:14,064 DEBUG - Setting dialect [org.hibernate.dialect.MySQLDialect]
org.hibernate.internal.NamedQueryRepository 2015-04-14 23:23:14,064 DEBUG - Checking 0 named HQL queries
org.hibernate.internal.NamedQueryRepository 2015-04-14 23:23:14,064 DEBUG - Checking 0 named SQL queries
org.hibernate.service.internal.AbstractServiceRegistryImpl 2015-04-14 23:23:14,064 TRACE - Initializing service [role=org.hibernate.engine.config.spi.ConfigurationService]
org.hibernate.service.internal.AbstractServiceRegistryImpl 2015-04-14 23:23:14,064 TRACE - Initializing service [role=org.hibernate.stat.spi.StatisticsImplementor]
org.hibernate.stat.internal.StatisticsInitiator 2015-04-14 23:23:14,074 DEBUG - Statistics initialized [enabled=false]
org.springframework.beans.factory.support.AbstractBeanFactory 2015-04-14 23:23:14,074 DEBUG - Returning cached instance of singleton bean &apos;org.springframework.transaction.config.internalTransactionAdvisor&apos;
org.springframework.beans.factory.support.AbstractAutowireCapableBeanFactory 2015-04-14 23:23:14,074 DEBUG - Finished creating instance of bean &apos;sessionFactory&apos;
org.springframework.beans.factory.support.DefaultSingletonBeanRegistry 2015-04-14 23:23:14,074 DEBUG - Creating shared instance of singleton bean &apos;newsDao&apos;
org.springframework.beans.factory.support.AbstractAutowireCapableBeanFactory 2015-04-14 23:23:14,074 DEBUG - Creating instance of bean &apos;newsDao&apos;
org.springframework.beans.factory.support.AbstractBeanFactory 2015-04-14 23:23:14,074 DEBUG - Returning cached instance of singleton bean &apos;sessionFactory&apos;
org.springframework.beans.factory.support.AbstractBeanFactory 2015-04-14 23:23:14,074 DEBUG - Returning cached instance of singleton bean &apos;org.springframework.transaction.config.internalTransactionAdvisor&apos;
org.springframework.beans.factory.support.AbstractAutowireCapableBeanFactory 2015-04-14 23:23:14,094 DEBUG - Eagerly caching bean &apos;newsDao&apos; to allow for resolving potential circular references
org.springframework.beans.CachedIntrospectionResults 2015-04-14 23:23:14,094 TRACE - Getting BeanInfo for class [db.NewsDao]
org.springframework.beans.CachedIntrospectionResults 2015-04-14 23:23:14,094 TRACE - Caching PropertyDescriptors for class [db.NewsDao]
org.springframework.beans.CachedIntrospectionResults 2015-04-14 23:23:14,094 TRACE - Found bean property &apos;allNews&apos; of type [java.util.List]
org.springframework.beans.CachedIntrospectionResults 2015-04-14 23:23:14,094 TRACE - Found bean property &apos;class&apos; of type [java.lang.Class]
org.springframework.beans.factory.support.AbstractBeanFactory 2015-04-14 23:23:14,094 DEBUG - Returning cached instance of singleton bean &apos;org.springframework.transaction.config.internalTransactionAdvisor&apos;
org.springframework.beans.factory.support.AbstractAutowireCapableBeanFactory 2015-04-14 23:23:14,094 DEBUG - Finished creating instance of bean &apos;newsDao&apos;
org.springframework.beans.factory.support.DefaultSingletonBeanRegistry 2015-04-14 23:23:14,094 DEBUG - Creating shared instance of singleton bean &apos;transactionManager&apos;
org.springframework.beans.factory.support.AbstractAutowireCapableBeanFactory 2015-04-14 23:23:14,094 DEBUG - Creating instance of bean &apos;transactionManager&apos;
org.springframework.beans.factory.support.AbstractAutowireCapableBeanFactory 2015-04-14 23:23:14,114 DEBUG - Eagerly caching bean &apos;transactionManager&apos; to allow for resolving potential circular references
org.springframework.beans.CachedIntrospectionResults 2015-04-14 23:23:14,114 TRACE - Getting BeanInfo for class [org.springframework.orm.hibernate4.HibernateTransactionManager]
org.springframework.beans.CachedIntrospectionResults 2015-04-14 23:23:14,114 TRACE - Caching PropertyDescriptors for class [org.springframework.orm.hibernate4.HibernateTransactionManager]
org.springframework.beans.CachedIntrospectionResults 2015-04-14 23:23:14,114 TRACE - Found bean property &apos;allowResultAccessAfterCompletion&apos; of type [boolean]
org.springframework.beans.CachedIntrospectionResults 2015-04-14 23:23:14,124 TRACE - Found bean property &apos;autodetectDataSource&apos; of type [boolean]
org.springframework.beans.CachedIntrospectionResults 2015-04-14 23:23:14,124 TRACE - Found bean property &apos;beanFactory&apos; of type [org.springframework.beans.factory.BeanFactory]
org.springframework.beans.CachedIntrospectionResults 2015-04-14 23:23:14,124 TRACE - Found bean property &apos;class&apos; of type [java.lang.Class]
org.springframework.beans.CachedIntrospectionResults 2015-04-14 23:23:14,124 TRACE - Found bean property &apos;dataSource&apos; of type [javax.sql.DataSource]
org.springframework.beans.CachedIntrospectionResults 2015-04-14 23:23:14,124 TRACE - Found bean property &apos;defaultTimeout&apos; of type [int]
org.springframework.beans.CachedIntrospectionResults 2015-04-14 23:23:14,124 TRACE - Found bean property &apos;entityInterceptor&apos; of type [org.hibernate.Interceptor]
org.springframework.beans.CachedIntrospectionResults 2015-04-14 23:23:14,124 TRACE - Found bean property &apos;entityInterceptorBeanName&apos; of type [java.lang.String]
org.springframework.beans.CachedIntrospectionResults 2015-04-14 23:23:14,124 TRACE - Found bean property &apos;failEarlyOnGlobalRollbackOnly&apos; of type [boolean]
org.springframework.beans.CachedIntrospectionResults 2015-04-14 23:23:14,124 TRACE - Found bean property &apos;globalRollbackOnParticipationFailure&apos; of type [boolean]
org.springframework.beans.CachedIntrospectionResults 2015-04-14 23:23:14,124 TRACE - Found bean property &apos;hibernateManagedSession&apos; of type [boolean]
org.springframework.beans.CachedIntrospectionResults 2015-04-14 23:23:14,124 TRACE - Found bean property &apos;nestedTransactionAllowed&apos; of type [boolean]
org.springframework.beans.CachedIntrospectionResults 2015-04-14 23:23:14,124 TRACE - Found bean property &apos;prepareConnection&apos; of type [boolean]
org.springframework.beans.CachedIntrospectionResults 2015-04-14 23:23:14,124 TRACE - Found bean property &apos;resourceFactory&apos; of type [java.lang.Object]
org.springframework.beans.CachedIntrospectionResults 2015-04-14 23:23:14,124 TRACE - Found bean property &apos;rollbackOnCommitFailure&apos; of type [boolean]
org.springframework.beans.CachedIntrospectionResults 2015-04-14 23:23:14,124 TRACE - Found bean property &apos;sessionFactory&apos; of type [org.hibernate.SessionFactory]
org.springframework.beans.CachedIntrospectionResults 2015-04-14 23:23:14,124 TRACE - Found bean property &apos;transactionSynchronization&apos; of type [int]
org.springframework.beans.CachedIntrospectionResults 2015-04-14 23:23:14,124 TRACE - Found bean property &apos;transactionSynchronizationName&apos; of type [java.lang.String]
org.springframework.beans.CachedIntrospectionResults 2015-04-14 23:23:14,124 TRACE - Found bean property &apos;validateExistingTransaction&apos; of type [boolean]
org.springframework.beans.factory.support.AbstractBeanFactory 2015-04-14 23:23:14,124 DEBUG - Returning cached instance of singleton bean &apos;sessionFactory&apos;
org.springframework.beans.factory.support.AbstractAutowireCapableBeanFactory 2015-04-14 23:23:14,124 DEBUG - Invoking afterPropertiesSet() on bean with name &apos;transactionManager&apos;
org.springframework.orm.hibernate4.HibernateTransactionManager 2015-04-14 23:23:14,134 INFO  - Using DataSource [org.apache.commons.dbcp.BasicDataSource@53d102a2] of Hibernate SessionFactory for HibernateTransactionManager
org.springframework.beans.factory.support.AbstractBeanFactory 2015-04-14 23:23:14,144 DEBUG - Returning cached instance of singleton bean &apos;org.springframework.transaction.config.internalTransactionAdvisor&apos;
org.springframework.beans.factory.support.AbstractAutowireCapableBeanFactory 2015-04-14 23:23:14,144 DEBUG - Finished creating instance of bean &apos;transactionManager&apos;
org.springframework.beans.factory.support.AbstractBeanFactory 2015-04-14 23:23:14,144 DEBUG - Returning cached instance of singleton bean &apos;org.springframework.aop.config.internalAutoProxyCreator&apos;
org.springframework.beans.factory.support.AbstractBeanFactory 2015-04-14 23:23:14,144 DEBUG - Returning cached instance of singleton bean &apos;org.springframework.transaction.annotation.AnnotationTransactionAttributeSource#0&apos;
org.springframework.beans.factory.support.DefaultSingletonBeanRegistry 2015-04-14 23:23:14,144 DEBUG - Creating shared instance of singleton bean &apos;org.springframework.transaction.interceptor.TransactionInterceptor#0&apos;
org.springframework.beans.factory.support.AbstractAutowireCapableBeanFactory 2015-04-14 23:23:14,144 DEBUG - Creating instance of bean &apos;org.springframework.transaction.interceptor.TransactionInterceptor#0&apos;
org.springframework.aop.framework.autoproxy.AbstractAutoProxyCreator 2015-04-14 23:23:14,144 TRACE - Did not attempt to auto-proxy infrastructure class [org.springframework.transaction.interceptor.TransactionInterceptor]
org.springframework.beans.factory.support.AbstractAutowireCapableBeanFactory 2015-04-14 23:23:14,144 DEBUG - Eagerly caching bean &apos;org.springframework.transaction.interceptor.TransactionInterceptor#0&apos; to allow for resolving potential circular references
org.springframework.beans.CachedIntrospectionResults 2015-04-14 23:23:14,144 TRACE - Getting BeanInfo for class [org.springframework.transaction.interceptor.TransactionInterceptor]
org.springframework.beans.CachedIntrospectionResults 2015-04-14 23:23:14,144 TRACE - Caching PropertyDescriptors for class [org.springframework.transaction.interceptor.TransactionInterceptor]
org.springframework.beans.CachedIntrospectionResults 2015-04-14 23:23:14,154 TRACE - Found bean property &apos;beanFactory&apos; of type [org.springframework.beans.factory.BeanFactory]
org.springframework.beans.CachedIntrospectionResults 2015-04-14 23:23:14,154 TRACE - Found bean property &apos;class&apos; of type [java.lang.Class]
org.springframework.beans.CachedIntrospectionResults 2015-04-14 23:23:14,154 TRACE - Found bean property &apos;transactionAttributeSource&apos; of type [org.springframework.transaction.interceptor.TransactionAttributeSource]
org.springframework.beans.CachedIntrospectionResults 2015-04-14 23:23:14,154 TRACE - Found bean property &apos;transactionAttributeSources&apos; of type [[Lorg.springframework.transaction.interceptor.TransactionAttributeSource;]
org.springframework.beans.CachedIntrospectionResults 2015-04-14 23:23:14,154 TRACE - Found bean property &apos;transactionAttributes&apos; of type [java.util.Properties]
org.springframework.beans.CachedIntrospectionResults 2015-04-14 23:23:14,154 TRACE - Found bean property &apos;transactionManager&apos; of type [org.springframework.transaction.PlatformTransactionManager]
org.springframework.beans.CachedIntrospectionResults 2015-04-14 23:23:14,154 TRACE - Found bean property &apos;transactionManagerBeanName&apos; of type [java.lang.String]
org.springframework.beans.factory.support.AbstractBeanFactory 2015-04-14 23:23:14,154 DEBUG - Returning cached instance of singleton bean &apos;org.springframework.transaction.annotation.AnnotationTransactionAttributeSource#0&apos;
org.springframework.beans.factory.support.AbstractAutowireCapableBeanFactory 2015-04-14 23:23:14,154 DEBUG - Invoking afterPropertiesSet() on bean with name &apos;org.springframework.transaction.interceptor.TransactionInterceptor#0&apos;
org.springframework.beans.factory.support.AbstractAutowireCapableBeanFactory 2015-04-14 23:23:14,154 DEBUG - Finished creating instance of bean &apos;org.springframework.transaction.interceptor.TransactionInterceptor#0&apos;
org.springframework.beans.factory.support.AbstractBeanFactory 2015-04-14 23:23:14,154 DEBUG - Returning cached instance of singleton bean &apos;org.springframework.transaction.config.internalTransactionAdvisor&apos;
org.springframework.beans.factory.support.AbstractBeanFactory 2015-04-14 23:23:14,154 DEBUG - Returning cached instance of singleton bean &apos;org.springframework.context.annotation.ConfigurationClassPostProcessor.importAwareProcessor&apos;
org.springframework.beans.factory.support.AbstractBeanFactory 2015-04-14 23:23:14,154 DEBUG - Returning cached instance of singleton bean &apos;org.springframework.context.annotation.ConfigurationClassPostProcessor.enhancedConfigurationProcessor&apos;
org.springframework.context.support.AbstractApplicationContext 2015-04-14 23:23:14,154 DEBUG - Unable to locate LifecycleProcessor with name &apos;lifecycleProcessor&apos;: using default [org.springframework.context.support.DefaultLifecycleProcessor@514eedd8]
org.springframework.beans.factory.support.AbstractBeanFactory 2015-04-14 23:23:14,154 DEBUG - Returning cached instance of singleton bean &apos;lifecycleProcessor&apos;
org.springframework.context.support.AbstractApplicationContext 2015-04-14 23:23:14,154 TRACE - Publishing event in org.springframework.context.support.GenericApplicationContext@1ed4004b: org.springframework.context.event.ContextRefreshedEvent[source=org.springframework.context.support.GenericApplicationContext@1ed4004b: startup date [Tue Apr 14 23:23:10 FET 2015]; root of context hierarchy]
org.springframework.core.env.PropertySourcesPropertyResolver 2015-04-14 23:23:14,164 TRACE - getProperty(&quot;spring.liveBeansView.mbeanDomain&quot;, String)
org.springframework.core.env.PropertySourcesPropertyResolver 2015-04-14 23:23:14,164 DEBUG - Searching for key &apos;spring.liveBeansView.mbeanDomain&apos; in [systemProperties]
org.springframework.core.env.PropertySourcesPropertyResolver 2015-04-14 23:23:14,164 DEBUG - Searching for key &apos;spring.liveBeansView.mbeanDomain&apos; in [systemEnvironment]
org.springframework.core.env.PropertySourcesPropertyResolver 2015-04-14 23:23:14,164 DEBUG - Could not find key &apos;spring.liveBeansView.mbeanDomain&apos; in any property source. Returning [null]
org.springframework.test.context.DefaultCacheAwareContextLoaderDelegate 2015-04-14 23:23:14,164 DEBUG - Storing ApplicationContext in cache under key [[MergedContextConfiguration@548e7350 testClass = NewsDaoTest, locations = &apos;{classpath:/entities-hib-test.xml}&apos;, classes = &apos;{}&apos;, contextInitializerClasses = &apos;[]&apos;, activeProfiles = &apos;{}&apos;, propertySourceLocations = &apos;{}&apos;, propertySourceProperties = &apos;{}&apos;, contextLoader = &apos;org.springframework.test.context.support.DelegatingSmartContextLoader&apos;, parent = [null]]]
org.springframework.test.context.DefaultCacheAwareContextLoaderDelegate 2015-04-14 23:23:14,164 DEBUG - Spring test ApplicationContext cache statistics: [ContextCache@7e1a1da6 size = 1, hitCount = 0, missCount = 1, parentContextCount = 0]
org.springframework.beans.CachedIntrospectionResults 2015-04-14 23:23:14,164 TRACE - Getting BeanInfo for class [NewsDaoTest]
org.springframework.beans.CachedIntrospectionResults 2015-04-14 23:23:14,164 TRACE - Caching PropertyDescriptors for class [NewsDaoTest]
org.springframework.beans.CachedIntrospectionResults 2015-04-14 23:23:14,164 TRACE - Found bean property &apos;class&apos; of type [java.lang.Class]
org.springframework.beans.factory.annotation.InjectionMetadata 2015-04-14 23:23:14,164 DEBUG - Processing injected element of bean &apos;NewsDaoTest&apos;: AutowiredFieldElement for private db.NewsDao NewsDaoTest.newsDao
org.springframework.beans.factory.support.AbstractBeanFactory 2015-04-14 23:23:14,174 DEBUG - Returning cached instance of singleton bean &apos;newsDao&apos;
org.springframework.beans.factory.annotation.AutowiredAnnotationBeanPostProcessor 2015-04-14 23:23:14,174 DEBUG - Autowiring by type from bean name &apos;NewsDaoTest&apos; to bean named &apos;newsDao&apos;
org.springframework.beans.factory.support.AbstractBeanFactory 2015-04-14 23:23:14,174 DEBUG - Returning cached instance of singleton bean &apos;org.springframework.transaction.config.internalTransactionAdvisor&apos;
org.springframework.transaction.interceptor.AbstractFallbackTransactionAttributeSource 2015-04-14 23:23:14,174 DEBUG - Adding transactional method &apos;NewsDaoTest.deleteNews&apos; with attribute: PROPAGATION_REQUIRED,ISOLATION_DEFAULT; &apos;&apos;
org.springframework.aop.framework.autoproxy.AbstractAutoProxyCreator 2015-04-14 23:23:14,184 DEBUG - Creating implicit proxy for bean &apos;NewsDaoTest&apos; with 0 common interceptors and 1 specific interceptors
org.springframework.aop.framework.CglibAopProxy 2015-04-14 23:23:14,184 DEBUG - Creating CGLIB proxy: target source is SingletonTargetSource for target object [NewsDaoTest@53b32d7]
org.springframework.beans.factory.support.AbstractBeanFactory 2015-04-14 23:23:14,265 DEBUG - Returning cached instance of singleton bean &apos;org.springframework.transaction.interceptor.TransactionInterceptor#0&apos;
org.springframework.aop.framework.CglibAopProxy$ProxyCallbackFilter 2015-04-14 23:23:14,265 DEBUG - Unable to apply any optimisations to advised method: public void NewsDaoTest.deleteNews()
org.springframework.transaction.interceptor.AbstractFallbackTransactionAttributeSource 2015-04-14 23:23:14,265 DEBUG - Adding transactional method &apos;NewsDaoTest.saveOrUpdateAndGetNews&apos; with attribute: PROPAGATION_REQUIRED,ISOLATION_DEFAULT; &apos;&apos;
org.springframework.aop.framework.CglibAopProxy$ProxyCallbackFilter 2015-04-14 23:23:14,265 DEBUG - Unable to apply any optimisations to advised method: public void NewsDaoTest.saveOrUpdateAndGetNews()
org.springframework.aop.framework.CglibAopProxy$ProxyCallbackFilter 2015-04-14 23:23:14,265 DEBUG - Found finalize() method - using NO_OVERRIDE
org.springframework.aop.framework.CglibAopProxy$ProxyCallbackFilter 2015-04-14 23:23:14,265 DEBUG - Found &apos;equals&apos; method: public boolean java.lang.Object.equals(java.lang.Object)
org.springframework.aop.framework.CglibAopProxy$ProxyCallbackFilter 2015-04-14 23:23:14,265 DEBUG - Unable to apply any optimisations to advised method: public java.lang.String java.lang.Object.toString()
org.springframework.aop.framework.CglibAopProxy$ProxyCallbackFilter 2015-04-14 23:23:14,265 DEBUG - Found &apos;hashCode&apos; method: public native int java.lang.Object.hashCode()
org.springframework.aop.framework.CglibAopProxy$ProxyCallbackFilter 2015-04-14 23:23:14,265 DEBUG - Unable to apply any optimisations to advised method: protected native java.lang.Object java.lang.Object.clone() throws java.lang.CloneNotSupportedException
org.springframework.aop.framework.CglibAopProxy$ProxyCallbackFilter 2015-04-14 23:23:14,265 DEBUG - Method is declared on Advised interface: public abstract int org.springframework.aop.framework.Advised.indexOf(org.springframework.aop.Advisor)
org.springframework.aop.framework.CglibAopProxy$ProxyCallbackFilter 2015-04-14 23:23:14,265 DEBUG - Method is declared on Advised interface: public abstract int org.springframework.aop.framework.Advised.indexOf(org.aopalliance.aop.Advice)
org.springframework.aop.framework.CglibAopProxy$ProxyCallbackFilter 2015-04-14 23:23:14,265 DEBUG - Method is declared on Advised interface: public abstract boolean org.springframework.aop.framework.Advised.isFrozen()
org.springframework.aop.framework.CglibAopProxy$ProxyCallbackFilter 2015-04-14 23:23:14,265 DEBUG - Method is declared on Advised interface: public abstract void org.springframework.aop.framework.Advised.setTargetSource(org.springframework.aop.TargetSource)
org.springframework.aop.framework.CglibAopProxy$ProxyCallbackFilter 2015-04-14 23:23:14,265 DEBUG - Method is declared on Advised interface: public abstract boolean org.springframework.aop.framework.Advised.isProxyTargetClass()
org.springframework.aop.framework.CglibAopProxy$ProxyCallbackFilter 2015-04-14 23:23:14,265 DEBUG - Method is declared on Advised interface: public abstract org.springframework.aop.TargetSource org.springframework.aop.framework.Advised.getTargetSource()
org.springframework.aop.framework.CglibAopProxy$ProxyCallbackFilter 2015-04-14 23:23:14,265 DEBUG - Method is declared on Advised interface: public abstract void org.springframework.aop.framework.Advised.addAdvisor(org.springframework.aop.Advisor) throws org.springframework.aop.framework.AopConfigException
org.springframework.aop.framework.CglibAopProxy$ProxyCallbackFilter 2015-04-14 23:23:14,265 DEBUG - Method is declared on Advised interface: public abstract void org.springframework.aop.framework.Advised.addAdvisor(int,org.springframework.aop.Advisor) throws org.springframework.aop.framework.AopConfigException
org.springframework.aop.framework.CglibAopProxy$ProxyCallbackFilter 2015-04-14 23:23:14,265 DEBUG - Method is declared on Advised interface: public abstract void org.springframework.aop.framework.Advised.setPreFiltered(boolean)
org.springframework.aop.framework.CglibAopProxy$ProxyCallbackFilter 2015-04-14 23:23:14,265 DEBUG - Method is declared on Advised interface: public abstract void org.springframework.aop.framework.Advised.setExposeProxy(boolean)
org.springframework.aop.framework.CglibAopProxy$ProxyCallbackFilter 2015-04-14 23:23:14,265 DEBUG - Method is declared on Advised interface: public abstract boolean org.springframework.aop.framework.Advised.isExposeProxy()
org.springframework.aop.framework.CglibAopProxy$ProxyCallbackFilter 2015-04-14 23:23:14,265 DEBUG - Method is declared on Advised interface: public abstract void org.springframework.aop.framework.Advised.addAdvice(org.aopalliance.aop.Advice) throws org.springframework.aop.framework.AopConfigException
org.springframework.aop.framework.CglibAopProxy$ProxyCallbackFilter 2015-04-14 23:23:14,265 DEBUG - Method is declared on Advised interface: public abstract void org.springframework.aop.framework.Advised.addAdvice(int,org.aopalliance.aop.Advice) throws org.springframework.aop.framework.AopConfigException
org.springframework.aop.framework.CglibAopProxy$ProxyCallbackFilter 2015-04-14 23:23:14,265 DEBUG - Method is declared on Advised interface: public abstract boolean org.springframework.aop.framework.Advised.isPreFiltered()
org.springframework.aop.framework.CglibAopProxy$ProxyCallbackFilter 2015-04-14 23:23:14,265 DEBUG - Method is declared on Advised interface: public abstract org.springframework.aop.Advisor[] org.springframework.aop.framework.Advised.getAdvisors()
org.springframework.aop.framework.CglibAopProxy$ProxyCallbackFilter 2015-04-14 23:23:14,265 DEBUG - Method is declared on Advised interface: public abstract void org.springframework.aop.framework.Advised.removeAdvisor(int) throws org.springframework.aop.framework.AopConfigException
org.springframework.aop.framework.CglibAopProxy$ProxyCallbackFilter 2015-04-14 23:23:14,265 DEBUG - Method is declared on Advised interface: public abstract boolean org.springframework.aop.framework.Advised.removeAdvisor(org.springframework.aop.Advisor)
org.springframework.aop.framework.CglibAopProxy$ProxyCallbackFilter 2015-04-14 23:23:14,265 DEBUG - Method is declared on Advised interface: public abstract boolean org.springframework.aop.framework.Advised.replaceAdvisor(org.springframework.aop.Advisor,org.springframework.aop.Advisor) throws org.springframework.aop.framework.AopConfigException
org.springframework.aop.framework.CglibAopProxy$ProxyCallbackFilter 2015-04-14 23:23:14,265 DEBUG - Method is declared on Advised interface: public abstract boolean org.springframework.aop.framework.Advised.removeAdvice(org.aopalliance.aop.Advice)
org.springframework.aop.framework.CglibAopProxy$ProxyCallbackFilter 2015-04-14 23:23:14,275 DEBUG - Method is declared on Advised interface: public abstract java.lang.Class[] org.springframework.aop.framework.Advised.getProxiedInterfaces()
org.springframework.aop.framework.CglibAopProxy$ProxyCallbackFilter 2015-04-14 23:23:14,275 DEBUG - Method is declared on Advised interface: public abstract boolean org.springframework.aop.framework.Advised.isInterfaceProxied(java.lang.Class)
org.springframework.aop.framework.CglibAopProxy$ProxyCallbackFilter 2015-04-14 23:23:14,275 DEBUG - Method is declared on Advised interface: public abstract java.lang.String org.springframework.aop.framework.Advised.toProxyConfigString()
org.springframework.aop.framework.CglibAopProxy$ProxyCallbackFilter 2015-04-14 23:23:14,275 DEBUG - Method is declared on Advised interface: public abstract java.lang.Class org.springframework.aop.TargetClassAware.getTargetClass()
org.springframework.test.context.TestContextManager 2015-04-14 23:23:14,295 TRACE - beforeTestMethod(): instance [NewsDaoTest@53b32d7], method [public void NewsDaoTest.deleteNews()]
org.springframework.transaction.interceptor.AbstractFallbackTransactionAttributeSource 2015-04-14 23:23:14,295 DEBUG - Adding transactional method &apos;NewsDaoTest.deleteNews&apos; with attribute: PROPAGATION_REQUIRED,ISOLATION_DEFAULT; &apos;&apos;
org.springframework.test.context.transaction.TransactionalTestExecutionListener 2015-04-14 23:23:14,305 DEBUG - Explicit transaction definition [PROPAGATION_REQUIRED,ISOLATION_DEFAULT; &apos;&apos;] found for test context [DefaultTestContext@5442a311 testClass = NewsDaoTest, testInstance = NewsDaoTest@53b32d7, testMethod = deleteNews@NewsDaoTest, testException = [null], mergedContextConfiguration = [MergedContextConfiguration@548e7350 testClass = NewsDaoTest, locations = &apos;{classpath:/entities-hib-test.xml}&apos;, classes = &apos;{}&apos;, contextInitializerClasses = &apos;[]&apos;, activeProfiles = &apos;{}&apos;, propertySourceLocations = &apos;{}&apos;, propertySourceProperties = &apos;{}&apos;, contextLoader = &apos;org.springframework.test.context.support.DelegatingSmartContextLoader&apos;, parent = [null]]]
org.springframework.test.context.transaction.TransactionalTestExecutionListener 2015-04-14 23:23:14,305 DEBUG - Retrieved @TransactionConfiguration attributes [{defaultRollback=false, transactionManager=transactionManager}] for test class [class NewsDaoTest].
org.springframework.test.context.transaction.TransactionalTestExecutionListener 2015-04-14 23:23:14,305 DEBUG - Retrieved TransactionConfigurationAttributes [TransactionConfigurationAttributes@68ed96ca transactionManagerName = &apos;transactionManager&apos;, defaultRollback = false] for class [class NewsDaoTest].
org.springframework.test.context.DefaultCacheAwareContextLoaderDelegate 2015-04-14 23:23:14,305 DEBUG - Retrieved ApplicationContext from cache with key [[MergedContextConfiguration@548e7350 testClass = NewsDaoTest, locations = &apos;{classpath:/entities-hib-test.xml}&apos;, classes = &apos;{}&apos;, contextInitializerClasses = &apos;[]&apos;, activeProfiles = &apos;{}&apos;, propertySourceLocations = &apos;{}&apos;, propertySourceProperties = &apos;{}&apos;, contextLoader = &apos;org.springframework.test.context.support.DelegatingSmartContextLoader&apos;, parent = [null]]]
org.springframework.test.context.DefaultCacheAwareContextLoaderDelegate 2015-04-14 23:23:14,305 DEBUG - Spring test ApplicationContext cache statistics: [ContextCache@7e1a1da6 size = 1, hitCount = 1, missCount = 1, parentContextCount = 0]
org.springframework.beans.factory.support.AbstractBeanFactory 2015-04-14 23:23:14,305 DEBUG - Returning cached instance of singleton bean &apos;transactionManager&apos;
org.springframework.test.context.transaction.TransactionalTestExecutionListener 2015-04-14 23:23:14,305 DEBUG - No method-level @Rollback override: using default rollback [false] for test context [DefaultTestContext@5442a311 testClass = NewsDaoTest, testInstance = NewsDaoTest@53b32d7, testMethod = deleteNews@NewsDaoTest, testException = [null], mergedContextConfiguration = [MergedContextConfiguration@548e7350 testClass = NewsDaoTest, locations = &apos;{classpath:/entities-hib-test.xml}&apos;, classes = &apos;{}&apos;, contextInitializerClasses = &apos;[]&apos;, activeProfiles = &apos;{}&apos;, propertySourceLocations = &apos;{}&apos;, propertySourceProperties = &apos;{}&apos;, contextLoader = &apos;org.springframework.test.context.support.DelegatingSmartContextLoader&apos;, parent = [null]]].
org.springframework.transaction.support.AbstractPlatformTransactionManager 2015-04-14 23:23:14,315 DEBUG - Creating new transaction with name [NewsDaoTest.deleteNews]: PROPAGATION_REQUIRED,ISOLATION_DEFAULT; &apos;&apos;
org.hibernate.internal.SessionFactoryImpl$SessionBuilderImpl 2015-04-14 23:23:14,315 TRACE - Opening Hibernate Session.  tenant=null, owner=null
org.hibernate.internal.SessionImpl 2015-04-14 23:23:14,365 TRACE - Opened session at timestamp: 14290429943
org.springframework.orm.hibernate4.HibernateTransactionManager 2015-04-14 23:23:14,365 DEBUG - Opened new Session [SessionImpl(PersistenceContext[entityKeys=[],collectionKeys=[]];ActionQueue[insertions=org.hibernate.engine.spi.ExecutableList@772485dd updates=org.hibernate.engine.spi.ExecutableList@5a12c728 deletions=org.hibernate.engine.spi.ExecutableList@79ab3a71 orphanRemovals=org.hibernate.engine.spi.ExecutableList@6e5bfdfc collectionCreations=org.hibernate.engine.spi.ExecutableList@3d829787 collectionRemovals=org.hibernate.engine.spi.ExecutableList@71652c98 collectionUpdates=org.hibernate.engine.spi.ExecutableList@51bde877 collectionQueuedOps=org.hibernate.engine.spi.ExecutableList@60b85ba1 unresolvedInsertDependencies=UnresolvedEntityInsertActions[]])] for Hibernate transaction
org.springframework.orm.hibernate4.HibernateTransactionManager 2015-04-14 23:23:14,365 DEBUG - Preparing JDBC Connection of Hibernate Session [SessionImpl(PersistenceContext[entityKeys=[],collectionKeys=[]];ActionQueue[insertions=org.hibernate.engine.spi.ExecutableList@772485dd updates=org.hibernate.engine.spi.ExecutableList@5a12c728 deletions=org.hibernate.engine.spi.ExecutableList@79ab3a71 orphanRemovals=org.hibernate.engine.spi.ExecutableList@6e5bfdfc collectionCreations=org.hibernate.engine.spi.ExecutableList@3d829787 collectionRemovals=org.hibernate.engine.spi.ExecutableList@71652c98 collectionUpdates=org.hibernate.engine.spi.ExecutableList@51bde877 collectionQueuedOps=org.hibernate.engine.spi.ExecutableList@60b85ba1 unresolvedInsertDependencies=UnresolvedEntityInsertActions[]])]
org.hibernate.engine.jdbc.internal.LogicalConnectionImpl 2015-04-14 23:23:14,375 DEBUG - Obtaining JDBC connection
org.hibernate.engine.jdbc.internal.LogicalConnectionImpl 2015-04-14 23:23:14,375 DEBUG - Obtained JDBC connection
org.hibernate.engine.transaction.spi.AbstractTransactionImpl 2015-04-14 23:23:14,375 DEBUG - begin
org.hibernate.engine.transaction.internal.jdbc.JdbcTransaction 2015-04-14 23:23:14,375 DEBUG - initial autocommit status: true
org.hibernate.engine.transaction.internal.jdbc.JdbcTransaction 2015-04-14 23:23:14,375 DEBUG - disabling autocommit
org.springframework.orm.hibernate4.HibernateTransactionManager 2015-04-14 23:23:14,375 DEBUG - Exposing Hibernate transaction as JDBC transaction [jdbc:mysql://localhost:3306/newspaperhibtest, UserName=root@localhost, MySQL Connector Java]
org.springframework.transaction.support.TransactionSynchronizationManager 2015-04-14 23:23:14,375 TRACE - Bound value [org.springframework.jdbc.datasource.ConnectionHolder@c0b41d6] for key [org.apache.commons.dbcp.BasicDataSource@53d102a2] to thread [main]
org.springframework.transaction.support.TransactionSynchronizationManager 2015-04-14 23:23:14,375 TRACE - Bound value [org.springframework.orm.hibernate4.SessionHolder@4837595f] for key [org.hibernate.internal.SessionFactoryImpl@3b00856b] to thread [main]
org.springframework.transaction.support.TransactionSynchronizationManager 2015-04-14 23:23:14,375 TRACE - Initializing transaction synchronization
org.springframework.test.context.transaction.TransactionContext 2015-04-14 23:23:14,375 INFO  - Began transaction (1) for test context [DefaultTestContext@5442a311 testClass = NewsDaoTest, testInstance = NewsDaoTest@53b32d7, testMethod = deleteNews@NewsDaoTest, testException = [null], mergedContextConfiguration = [MergedContextConfiguration@548e7350 testClass = NewsDaoTest, locations = &apos;{classpath:/entities-hib-test.xml}&apos;, classes = &apos;{}&apos;, contextInitializerClasses = &apos;[]&apos;, activeProfiles = &apos;{}&apos;, propertySourceLocations = &apos;{}&apos;, propertySourceProperties = &apos;{}&apos;, contextLoader = &apos;org.springframework.test.context.support.DelegatingSmartContextLoader&apos;, parent = [null]]]; transaction manager [org.springframework.orm.hibernate4.HibernateTransactionManager@2bffa76d]; rollback [false]
org.springframework.transaction.support.TransactionSynchronizationManager 2015-04-14 23:23:14,385 TRACE - Retrieved value [org.springframework.orm.hibernate4.SessionHolder@4837595f] for key [org.hibernate.internal.SessionFactoryImpl@3b00856b] bound to thread [main]
org.hibernate.engine.query.spi.QueryPlanCache 2015-04-14 23:23:14,395 TRACE - Unable to locate HQL query plan in cache; generating (FROM News)
org.hibernate.hql.internal.ast.QueryTranslatorImpl 2015-04-14 23:23:14,435 DEBUG - parse() - HQL: FROM pojos.News
org.hibernate.hql.internal.ast.QueryTranslatorImpl 2015-04-14 23:23:14,445 DEBUG - --- HQL AST ---
 \-[QUERY] Node: &apos;query&apos;
    \-[SELECT_FROM] Node: &apos;SELECT_FROM&apos;
       \-[FROM] Node: &apos;FROM&apos;
          \-[RANGE] Node: &apos;RANGE&apos;
             \-[DOT] Node: &apos;.&apos;
                +-[IDENT] Node: &apos;pojos&apos;
                \-[IDENT] Node: &apos;News&apos;

org.hibernate.hql.internal.ast.ErrorCounter 2015-04-14 23:23:14,445 DEBUG - throwQueryException() : no errors
org.hibernate.hql.internal.antlr.HqlSqlBaseWalker 2015-04-14 23:23:14,475 DEBUG - select &lt;&lt; begin [level=1, statement=select]
org.hibernate.hql.internal.ast.tree.FromElement 2015-04-14 23:23:14,485 DEBUG - FromClause{level=1} : pojos.News (&lt;no alias&gt;) -&gt; news0_
org.hibernate.hql.internal.antlr.HqlSqlBaseWalker 2015-04-14 23:23:14,485 DEBUG - select : finishing up [level=1, statement=select]
org.hibernate.hql.internal.ast.HqlSqlWalker 2015-04-14 23:23:14,485 DEBUG - processQuery() :  ( SELECT ( FromClause{level=1} News news0_ ) )
org.hibernate.hql.internal.ast.HqlSqlWalker 2015-04-14 23:23:14,495 DEBUG - Derived SELECT clause created.
org.hibernate.hql.internal.ast.util.JoinProcessor 2015-04-14 23:23:14,495 DEBUG - Using FROM fragment [News news0_]
org.hibernate.hql.internal.antlr.HqlSqlBaseWalker 2015-04-14 23:23:14,495 DEBUG - select &gt;&gt; end [level=1, statement=select]
org.hibernate.hql.internal.ast.QueryTranslatorImpl 2015-04-14 23:23:14,505 DEBUG - --- SQL AST ---
 \-[SELECT] QueryNode: &apos;SELECT&apos;  querySpaces (News)
    +-[SELECT_CLAUSE] SelectClause: &apos;{derived select clause}&apos;
    |  +-[SELECT_EXPR] SelectExpressionImpl: &apos;news0_.newsId as newsId1_1_&apos; {FromElement{explicit,not a collection join,not a fetch join,fetch non-lazy properties,classAlias=null,role=null,tableName=News,tableAlias=news0_,origin=null,columns={,className=pojos.News}}}
    |  \-[SQL_TOKEN] SqlFragment: &apos;news0_.author as author2_1_, news0_.category as category7_1_, news0_.mainText as mainText3_1_, news0_.postDay as postDay4_1_, news0_.title as title5_1_, news0_.title4ann as title6_1_, news0_.user as user8_1_&apos;
    \-[FROM] FromClause: &apos;FROM&apos; FromClause{level=1, fromElementCounter=1, fromElements=1, fromElementByClassAlias=[], fromElementByTableAlias=[news0_], fromElementsByPath=[], collectionJoinFromElementsByPath=[], impliedElements=[]}
       \-[FROM_FRAGMENT] FromElement: &apos;News news0_&apos; FromElement{explicit,not a collection join,not a fetch join,fetch non-lazy properties,classAlias=null,role=null,tableName=News,tableAlias=news0_,origin=null,columns={,className=pojos.News}}

org.hibernate.hql.internal.ast.ErrorCounter 2015-04-14 23:23:14,505 DEBUG - throwQueryException() : no errors
org.hibernate.hql.internal.ast.QueryTranslatorImpl 2015-04-14 23:23:14,505 DEBUG - HQL: FROM pojos.News
org.hibernate.hql.internal.ast.QueryTranslatorImpl 2015-04-14 23:23:14,505 DEBUG - SQL: select news0_.newsId as newsId1_1_, news0_.author as author2_1_, news0_.category as category7_1_, news0_.mainText as mainText3_1_, news0_.postDay as postDay4_1_, news0_.title as title5_1_, news0_.title4ann as title6_1_, news0_.user as user8_1_ from News news0_
org.hibernate.hql.internal.ast.ErrorCounter 2015-04-14 23:23:14,505 DEBUG - throwQueryException() : no errors
org.hibernate.engine.query.spi.HQLQueryPlan 2015-04-14 23:23:14,525 TRACE - HQL param location recognition took 1 168 815 nanoseconds (FROM News)
org.hibernate.engine.query.spi.QueryPlanCache 2015-04-14 23:23:14,535 TRACE - Located HQL query plan in cache (FROM News)
org.hibernate.service.internal.AbstractServiceRegistryImpl 2015-04-14 23:23:14,545 TRACE - Initializing service [role=org.hibernate.event.service.spi.EventListenerRegistry]
org.hibernate.engine.query.spi.HQLQueryPlan 2015-04-14 23:23:14,575 TRACE - Find: FROM News
org.hibernate.engine.spi.QueryParameters 2015-04-14 23:23:14,585 TRACE - Named parameters: {}
org.hibernate.engine.jdbc.spi.SqlStatementLogger 2015-04-14 23:23:14,585 DEBUG - select news0_.newsId as newsId1_1_, news0_.author as author2_1_, news0_.category as category7_1_, news0_.mainText as mainText3_1_, news0_.postDay as postDay4_1_, news0_.title as title5_1_, news0_.title4ann as title6_1_, news0_.user as user8_1_ from News news0_
org.hibernate.engine.jdbc.internal.JdbcCoordinatorImpl 2015-04-14 23:23:14,605 TRACE - Registering statement [com.mysql.jdbc.JDBC4PreparedStatement@1f86099a: select news0_.newsId as newsId1_1_, news0_.author as author2_1_, news0_.category as category7_1_, news0_.mainText as mainText3_1_, news0_.postDay as postDay4_1_, news0_.title as title5_1_, news0_.title4ann as title6_1_, news0_.user as user8_1_ from News news0_]
org.hibernate.engine.jdbc.internal.JdbcCoordinatorImpl 2015-04-14 23:23:14,605 TRACE - Registering last query statement [com.mysql.jdbc.JDBC4PreparedStatement@1f86099a: select news0_.newsId as newsId1_1_, news0_.author as author2_1_, news0_.category as category7_1_, news0_.mainText as mainText3_1_, news0_.postDay as postDay4_1_, news0_.title as title5_1_, news0_.title4ann as title6_1_, news0_.user as user8_1_ from News news0_]
org.hibernate.loader.Loader 2015-04-14 23:23:14,605 TRACE - Bound [1] parameters total
org.hibernate.engine.jdbc.internal.JdbcCoordinatorImpl 2015-04-14 23:23:14,605 TRACE - Registering result set [org.apache.commons.dbcp.DelegatingResultSet@54534abf]
org.hibernate.loader.Loader 2015-04-14 23:23:14,605 TRACE - Processing result set
org.hibernate.loader.Loader 2015-04-14 23:23:14,605 DEBUG - Result set row: 0
org.hibernate.type.descriptor.sql.BasicExtractor 2015-04-14 23:23:14,616 TRACE - extracted value ([newsId1_1_] : [INTEGER]) - [20]
org.hibernate.loader.Loader 2015-04-14 23:23:14,616 DEBUG - Result row: EntityKey[pojos.News#20]
org.hibernate.loader.Loader 2015-04-14 23:23:14,616 TRACE - Initializing object from ResultSet: [pojos.News#20]
org.hibernate.persister.entity.AbstractEntityPersister 2015-04-14 23:23:14,616 TRACE - Hydrating entity: [pojos.News#20]
org.hibernate.type.descriptor.sql.BasicExtractor 2015-04-14 23:23:14,616 TRACE - extracted value ([author2_1_] : [VARCHAR]) - [Newsru]
org.hibernate.type.descriptor.sql.BasicExtractor 2015-04-14 23:23:14,626 TRACE - extracted value ([category7_1_] : [INTEGER]) - [15]
org.hibernate.type.descriptor.sql.BasicExtractor 2015-04-14 23:23:14,626 TRACE - extracted value ([mainText3_1_] : [LONGVARCHAR]) - [??????? ??????? ?????? ????? ??????? ???? ??????? YouTube, ????????? ???????? ? ??????: ?? ??? ??????? ???????? ???? ????, ?????? ????????? ????? ??????? ?????, ??????????????? ??? ????, ????? ???????????? ????? ???? ??? ??????? ?? ???????.????? ???????. ????: Reuters????? ???????. ????: Reuters???????? ???????????? ????????? ?? ???????????? ???????? ?? ????? ?????????? ????????? ??????????? ???????????? ? ???????????? ??????????? ???, ???????? NewsBalt. ?????? ?? ???????, ??????? ??????? ??????? ????????? ????????, ?? ?????? ???? ???? ????? ????????????? ????? ? ???????? ?? ???? ????? ? ?????.?????? ??? ?????????? ?? ?????? ???????????? ???????????? TVN24. ???????? ?? ????????? ????????? ?????????, ??????? ?? ???????? ? ??????????? ???????? ????? ???????????, ?? ???? ?? ??????????.??????????? ????? ?? ??? ????? ????????? ?????????? ????????? ?????? ??? ??? ????? ????????? ????? ? ???????????? ?? ?? ??????????.?????? ?????????:  http://news.tut.by/kaleidoscope/439674.html]
org.hibernate.type.descriptor.sql.BasicExtractor 2015-04-14 23:23:14,626 TRACE - extracted value ([postDay4_1_] : [VARCHAR]) - [2015-03-14]
org.hibernate.type.descriptor.sql.BasicExtractor 2015-04-14 23:23:14,626 TRACE - extracted value ([title5_1_] : [VARCHAR]) - [??????]
org.hibernate.type.descriptor.sql.BasicExtractor 2015-04-14 23:23:14,626 TRACE - extracted value ([title6_1_] : [VARCHAR]) - [??????? ??????? ?????? ?????? ????????? ???????? ? ??????]
org.hibernate.type.descriptor.sql.BasicExtractor 2015-04-14 23:23:14,626 TRACE - extracted value ([user8_1_] : [INTEGER]) - [null]
org.hibernate.loader.Loader 2015-04-14 23:23:14,636 DEBUG - Result set row: 1
org.hibernate.type.descriptor.sql.BasicExtractor 2015-04-14 23:23:14,636 TRACE - extracted value ([newsId1_1_] : [INTEGER]) - [38]
org.hibernate.loader.Loader 2015-04-14 23:23:14,636 DEBUG - Result row: EntityKey[pojos.News#38]
org.hibernate.loader.Loader 2015-04-14 23:23:14,636 TRACE - Initializing object from ResultSet: [pojos.News#38]
org.hibernate.persister.entity.AbstractEntityPersister 2015-04-14 23:23:14,636 TRACE - Hydrating entity: [pojos.News#38]
org.hibernate.type.descriptor.sql.BasicExtractor 2015-04-14 23:23:14,636 TRACE - extracted value ([author2_1_] : [VARCHAR]) - [??????]
org.hibernate.type.descriptor.sql.BasicExtractor 2015-04-14 23:23:14,636 TRACE - extracted value ([category7_1_] : [INTEGER]) - [34]
org.hibernate.type.descriptor.sql.BasicExtractor 2015-04-14 23:23:14,636 TRACE - extracted value ([mainText3_1_] : [LONGVARCHAR]) - [??????]
org.hibernate.type.descriptor.sql.BasicExtractor 2015-04-14 23:23:14,636 TRACE - extracted value ([postDay4_1_] : [VARCHAR]) - [2015-03-04]
org.hibernate.type.descriptor.sql.BasicExtractor 2015-04-14 23:23:14,636 TRACE - extracted value ([title5_1_] : [VARCHAR]) - [??????]
org.hibernate.type.descriptor.sql.BasicExtractor 2015-04-14 23:23:14,636 TRACE - extracted value ([title6_1_] : [VARCHAR]) - [?????? - ? ??? ??? ?????? ??? ?? ??????]
org.hibernate.type.descriptor.sql.BasicExtractor 2015-04-14 23:23:14,636 TRACE - extracted value ([user8_1_] : [INTEGER]) - [null]
org.hibernate.loader.Loader 2015-04-14 23:23:14,636 DEBUG - Result set row: 2
org.hibernate.type.descriptor.sql.BasicExtractor 2015-04-14 23:23:14,636 TRACE - extracted value ([newsId1_1_] : [INTEGER]) - [40]
org.hibernate.loader.Loader 2015-04-14 23:23:14,636 DEBUG - Result row: EntityKey[pojos.News#40]
org.hibernate.loader.Loader 2015-04-14 23:23:14,636 TRACE - Initializing object from ResultSet: [pojos.News#40]
org.hibernate.persister.entity.AbstractEntityPersister 2015-04-14 23:23:14,636 TRACE - Hydrating entity: [pojos.News#40]
org.hibernate.type.descriptor.sql.BasicExtractor 2015-04-14 23:23:14,636 TRACE - extracted value ([author2_1_] : [VARCHAR]) - [???-???]
org.hibernate.type.descriptor.sql.BasicExtractor 2015-04-14 23:23:14,636 TRACE - extracted value ([category7_1_] : [INTEGER]) - [36]
org.hibernate.type.descriptor.sql.BasicExtractor 2015-04-14 23:23:14,636 TRACE - extracted value ([mainText3_1_] : [LONGVARCHAR]) - [???-???]
org.hibernate.type.descriptor.sql.BasicExtractor 2015-04-14 23:23:14,636 TRACE - extracted value ([postDay4_1_] : [VARCHAR]) - [2015-03-04]
org.hibernate.type.descriptor.sql.BasicExtractor 2015-04-14 23:23:14,636 TRACE - extracted value ([title5_1_] : [VARCHAR]) - [???-???]
org.hibernate.type.descriptor.sql.BasicExtractor 2015-04-14 23:23:14,636 TRACE - extracted value ([title6_1_] : [VARCHAR]) - [???-???]
org.hibernate.type.descriptor.sql.BasicExtractor 2015-04-14 23:23:14,636 TRACE - extracted value ([user8_1_] : [INTEGER]) - [null]
org.hibernate.loader.Loader 2015-04-14 23:23:14,636 DEBUG - Result set row: 3
org.hibernate.type.descriptor.sql.BasicExtractor 2015-04-14 23:23:14,636 TRACE - extracted value ([newsId1_1_] : [INTEGER]) - [52]
org.hibernate.loader.Loader 2015-04-14 23:23:14,636 DEBUG - Result row: EntityKey[pojos.News#52]
org.hibernate.loader.Loader 2015-04-14 23:23:14,636 TRACE - Initializing object from ResultSet: [pojos.News#52]
org.hibernate.persister.entity.AbstractEntityPersister 2015-04-14 23:23:14,636 TRACE - Hydrating entity: [pojos.News#52]
org.hibernate.type.descriptor.sql.BasicExtractor 2015-04-14 23:23:14,636 TRACE - extracted value ([author2_1_] : [VARCHAR]) - [???????? ?????]
org.hibernate.type.descriptor.sql.BasicExtractor 2015-04-14 23:23:14,636 TRACE - extracted value ([category7_1_] : [INTEGER]) - [null]
org.hibernate.type.descriptor.sql.BasicExtractor 2015-04-14 23:23:14,636 TRACE - extracted value ([mainText3_1_] : [LONGVARCHAR]) - [???????? ????? ???????]
org.hibernate.type.descriptor.sql.BasicExtractor 2015-04-14 23:23:14,636 TRACE - extracted value ([postDay4_1_] : [VARCHAR]) - [3915-05-03]
org.hibernate.type.descriptor.sql.BasicExtractor 2015-04-14 23:23:14,636 TRACE - extracted value ([title5_1_] : [VARCHAR]) - [???????? ????????]
org.hibernate.type.descriptor.sql.BasicExtractor 2015-04-14 23:23:14,636 TRACE - extracted value ([title6_1_] : [VARCHAR]) - [???????? ?????????]
org.hibernate.type.descriptor.sql.BasicExtractor 2015-04-14 23:23:14,636 TRACE - extracted value ([user8_1_] : [INTEGER]) - [null]
org.hibernate.loader.Loader 2015-04-14 23:23:14,636 DEBUG - Result set row: 4
org.hibernate.type.descriptor.sql.BasicExtractor 2015-04-14 23:23:14,636 TRACE - extracted value ([newsId1_1_] : [INTEGER]) - [53]
org.hibernate.loader.Loader 2015-04-14 23:23:14,636 DEBUG - Result row: EntityKey[pojos.News#53]
org.hibernate.loader.Loader 2015-04-14 23:23:14,636 TRACE - Initializing object from ResultSet: [pojos.News#53]
org.hibernate.persister.entity.AbstractEntityPersister 2015-04-14 23:23:14,636 TRACE - Hydrating entity: [pojos.News#53]
org.hibernate.type.descriptor.sql.BasicExtractor 2015-04-14 23:23:14,636 TRACE - extracted value ([author2_1_] : [VARCHAR]) - [???????? ?????]
org.hibernate.type.descriptor.sql.BasicExtractor 2015-04-14 23:23:14,636 TRACE - extracted value ([category7_1_] : [INTEGER]) - [null]
org.hibernate.type.descriptor.sql.BasicExtractor 2015-04-14 23:23:14,636 TRACE - extracted value ([mainText3_1_] : [LONGVARCHAR]) - [???????? ????? ???????]
org.hibernate.type.descriptor.sql.BasicExtractor 2015-04-14 23:23:14,636 TRACE - extracted value ([postDay4_1_] : [VARCHAR]) - [1970-01-17]
org.hibernate.type.descriptor.sql.BasicExtractor 2015-04-14 23:23:14,636 TRACE - extracted value ([title5_1_] : [VARCHAR]) - [???????? ????????]
org.hibernate.type.descriptor.sql.BasicExtractor 2015-04-14 23:23:14,646 TRACE - extracted value ([title6_1_] : [VARCHAR]) - [???????? ?????????]
org.hibernate.type.descriptor.sql.BasicExtractor 2015-04-14 23:23:14,646 TRACE - extracted value ([user8_1_] : [INTEGER]) - [null]
org.hibernate.loader.Loader 2015-04-14 23:23:14,646 DEBUG - Result set row: 5
org.hibernate.type.descriptor.sql.BasicExtractor 2015-04-14 23:23:14,646 TRACE - extracted value ([newsId1_1_] : [INTEGER]) - [54]
org.hibernate.loader.Loader 2015-04-14 23:23:14,646 DEBUG - Result row: EntityKey[pojos.News#54]
org.hibernate.loader.Loader 2015-04-14 23:23:14,646 TRACE - Initializing object from ResultSet: [pojos.News#54]
org.hibernate.persister.entity.AbstractEntityPersister 2015-04-14 23:23:14,647 TRACE - Hydrating entity: [pojos.News#54]
org.hibernate.type.descriptor.sql.BasicExtractor 2015-04-14 23:23:14,647 TRACE - extracted value ([author2_1_] : [VARCHAR]) - [???????? ?????]
org.hibernate.type.descriptor.sql.BasicExtractor 2015-04-14 23:23:14,647 TRACE - extracted value ([category7_1_] : [INTEGER]) - [null]
org.hibernate.type.descriptor.sql.BasicExtractor 2015-04-14 23:23:14,647 TRACE - extracted value ([mainText3_1_] : [LONGVARCHAR]) - [???????? ????? ???????]
org.hibernate.type.descriptor.sql.BasicExtractor 2015-04-14 23:23:14,647 TRACE - extracted value ([postDay4_1_] : [VARCHAR]) - [1970-01-17]
org.hibernate.type.descriptor.sql.BasicExtractor 2015-04-14 23:23:14,647 TRACE - extracted value ([title5_1_] : [VARCHAR]) - [???????? ????????]
org.hibernate.type.descriptor.sql.BasicExtractor 2015-04-14 23:23:14,648 TRACE - extracted value ([title6_1_] : [VARCHAR]) - [???????? ?????????]
org.hibernate.type.descriptor.sql.BasicExtractor 2015-04-14 23:23:14,648 TRACE - extracted value ([user8_1_] : [INTEGER]) - [null]
org.hibernate.loader.Loader 2015-04-14 23:23:14,648 DEBUG - Result set row: 6
org.hibernate.type.descriptor.sql.BasicExtractor 2015-04-14 23:23:14,648 TRACE - extracted value ([newsId1_1_] : [INTEGER]) - [55]
org.hibernate.loader.Loader 2015-04-14 23:23:14,648 DEBUG - Result row: EntityKey[pojos.News#55]
org.hibernate.loader.Loader 2015-04-14 23:23:14,649 TRACE - Initializing object from ResultSet: [pojos.News#55]
org.hibernate.persister.entity.AbstractEntityPersister 2015-04-14 23:23:14,649 TRACE - Hydrating entity: [pojos.News#55]
org.hibernate.type.descriptor.sql.BasicExtractor 2015-04-14 23:23:14,649 TRACE - extracted value ([author2_1_] : [VARCHAR]) - [???????? ?????]
org.hibernate.type.descriptor.sql.BasicExtractor 2015-04-14 23:23:14,649 TRACE - extracted value ([category7_1_] : [INTEGER]) - [null]
org.hibernate.type.descriptor.sql.BasicExtractor 2015-04-14 23:23:14,649 TRACE - extracted value ([mainText3_1_] : [LONGVARCHAR]) - [???????? ????? ???????]
org.hibernate.type.descriptor.sql.BasicExtractor 2015-04-14 23:23:14,649 TRACE - extracted value ([postDay4_1_] : [VARCHAR]) - [1970-01-17]
org.hibernate.type.descriptor.sql.BasicExtractor 2015-04-14 23:23:14,650 TRACE - extracted value ([title5_1_] : [VARCHAR]) - [???????? ????????]
org.hibernate.type.descriptor.sql.BasicExtractor 2015-04-14 23:23:14,650 TRACE - extracted value ([title6_1_] : [VARCHAR]) - [???????? ?????????]
org.hibernate.type.descriptor.sql.BasicExtractor 2015-04-14 23:23:14,650 TRACE - extracted value ([user8_1_] : [INTEGER]) - [null]
org.hibernate.loader.Loader 2015-04-14 23:23:14,650 DEBUG - Result set row: 7
org.hibernate.type.descriptor.sql.BasicExtractor 2015-04-14 23:23:14,650 TRACE - extracted value ([newsId1_1_] : [INTEGER]) - [56]
org.hibernate.loader.Loader 2015-04-14 23:23:14,650 DEBUG - Result row: EntityKey[pojos.News#56]
org.hibernate.loader.Loader 2015-04-14 23:23:14,651 TRACE - Initializing object from ResultSet: [pojos.News#56]
org.hibernate.persister.entity.AbstractEntityPersister 2015-04-14 23:23:14,651 TRACE - Hydrating entity: [pojos.News#56]
org.hibernate.type.descriptor.sql.BasicExtractor 2015-04-14 23:23:14,651 TRACE - extracted value ([author2_1_] : [VARCHAR]) - [???????? ?????]
org.hibernate.type.descriptor.sql.BasicExtractor 2015-04-14 23:23:14,651 TRACE - extracted value ([category7_1_] : [INTEGER]) - [null]
org.hibernate.type.descriptor.sql.BasicExtractor 2015-04-14 23:23:14,651 TRACE - extracted value ([mainText3_1_] : [LONGVARCHAR]) - [???????? ????? ???????]
org.hibernate.type.descriptor.sql.BasicExtractor 2015-04-14 23:23:14,651 TRACE - extracted value ([postDay4_1_] : [VARCHAR]) - [1970-01-17]
org.hibernate.type.descriptor.sql.BasicExtractor 2015-04-14 23:23:14,653 TRACE - extracted value ([title5_1_] : [VARCHAR]) - [???????? ????????]
org.hibernate.type.descriptor.sql.BasicExtractor 2015-04-14 23:23:14,653 TRACE - extracted value ([title6_1_] : [VARCHAR]) - [???????? ?????????]
org.hibernate.type.descriptor.sql.BasicExtractor 2015-04-14 23:23:14,653 TRACE - extracted value ([user8_1_] : [INTEGER]) - [null]
org.hibernate.loader.Loader 2015-04-14 23:23:14,654 DEBUG - Result set row: 8
org.hibernate.type.descriptor.sql.BasicExtractor 2015-04-14 23:23:14,654 TRACE - extracted value ([newsId1_1_] : [INTEGER]) - [57]
org.hibernate.loader.Loader 2015-04-14 23:23:14,654 DEBUG - Result row: EntityKey[pojos.News#57]
org.hibernate.loader.Loader 2015-04-14 23:23:14,654 TRACE - Initializing object from ResultSet: [pojos.News#57]
org.hibernate.persister.entity.AbstractEntityPersister 2015-04-14 23:23:14,655 TRACE - Hydrating entity: [pojos.News#57]
org.hibernate.type.descriptor.sql.BasicExtractor 2015-04-14 23:23:14,655 TRACE - extracted value ([author2_1_] : [VARCHAR]) - [???????? ?????]
org.hibernate.type.descriptor.sql.BasicExtractor 2015-04-14 23:23:14,655 TRACE - extracted value ([category7_1_] : [INTEGER]) - [null]
org.hibernate.type.descriptor.sql.BasicExtractor 2015-04-14 23:23:14,656 TRACE - extracted value ([mainText3_1_] : [LONGVARCHAR]) - [???????? ????? ???????]
org.hibernate.type.descriptor.sql.BasicExtractor 2015-04-14 23:23:14,656 TRACE - extracted value ([postDay4_1_] : [VARCHAR]) - [1970-01-17]
org.hibernate.type.descriptor.sql.BasicExtractor 2015-04-14 23:23:14,656 TRACE - extracted value ([title5_1_] : [VARCHAR]) - [???????? ????????]
org.hibernate.type.descriptor.sql.BasicExtractor 2015-04-14 23:23:14,657 TRACE - extracted value ([title6_1_] : [VARCHAR]) - [???????? ?????????]
org.hibernate.type.descriptor.sql.BasicExtractor 2015-04-14 23:23:14,657 TRACE - extracted value ([user8_1_] : [INTEGER]) - [null]
org.hibernate.loader.Loader 2015-04-14 23:23:14,657 DEBUG - Result set row: 9
org.hibernate.type.descriptor.sql.BasicExtractor 2015-04-14 23:23:14,657 TRACE - extracted value ([newsId1_1_] : [INTEGER]) - [58]
org.hibernate.loader.Loader 2015-04-14 23:23:14,658 DEBUG - Result row: EntityKey[pojos.News#58]
org.hibernate.loader.Loader 2015-04-14 23:23:14,658 TRACE - Initializing object from ResultSet: [pojos.News#58]
org.hibernate.persister.entity.AbstractEntityPersister 2015-04-14 23:23:14,658 TRACE - Hydrating entity: [pojos.News#58]
org.hibernate.type.descriptor.sql.BasicExtractor 2015-04-14 23:23:14,658 TRACE - extracted value ([author2_1_] : [VARCHAR]) - [???????? ?????]
org.hibernate.type.descriptor.sql.BasicExtractor 2015-04-14 23:23:14,659 TRACE - extracted value ([category7_1_] : [INTEGER]) - [null]
org.hibernate.type.descriptor.sql.BasicExtractor 2015-04-14 23:23:14,659 TRACE - extracted value ([mainText3_1_] : [LONGVARCHAR]) - [???????? ????? ???????]
org.hibernate.type.descriptor.sql.BasicExtractor 2015-04-14 23:23:14,659 TRACE - extracted value ([postDay4_1_] : [VARCHAR]) - [1970-01-17]
org.hibernate.type.descriptor.sql.BasicExtractor 2015-04-14 23:23:14,659 TRACE - extracted value ([title5_1_] : [VARCHAR]) - [???????? ????????]
org.hibernate.type.descriptor.sql.BasicExtractor 2015-04-14 23:23:14,659 TRACE - extracted value ([title6_1_] : [VARCHAR]) - [???????? ?????????]
org.hibernate.type.descriptor.sql.BasicExtractor 2015-04-14 23:23:14,660 TRACE - extracted value ([user8_1_] : [INTEGER]) - [null]
org.hibernate.loader.Loader 2015-04-14 23:23:14,660 DEBUG - Result set row: 10
org.hibernate.type.descriptor.sql.BasicExtractor 2015-04-14 23:23:14,660 TRACE - extracted value ([newsId1_1_] : [INTEGER]) - [59]
org.hibernate.loader.Loader 2015-04-14 23:23:14,660 DEBUG - Result row: EntityKey[pojos.News#59]
org.hibernate.loader.Loader 2015-04-14 23:23:14,660 TRACE - Initializing object from ResultSet: [pojos.News#59]
org.hibernate.persister.entity.AbstractEntityPersister 2015-04-14 23:23:14,660 TRACE - Hydrating entity: [pojos.News#59]
org.hibernate.type.descriptor.sql.BasicExtractor 2015-04-14 23:23:14,661 TRACE - extracted value ([author2_1_] : [VARCHAR]) - [???????? ?????]
org.hibernate.type.descriptor.sql.BasicExtractor 2015-04-14 23:23:14,661 TRACE - extracted value ([category7_1_] : [INTEGER]) - [null]
org.hibernate.type.descriptor.sql.BasicExtractor 2015-04-14 23:23:14,661 TRACE - extracted value ([mainText3_1_] : [LONGVARCHAR]) - [???????? ????? ???????]
org.hibernate.type.descriptor.sql.BasicExtractor 2015-04-14 23:23:14,661 TRACE - extracted value ([postDay4_1_] : [VARCHAR]) - [1970-01-17]
org.hibernate.type.descriptor.sql.BasicExtractor 2015-04-14 23:23:14,661 TRACE - extracted value ([title5_1_] : [VARCHAR]) - [???????? ????????]
org.hibernate.type.descriptor.sql.BasicExtractor 2015-04-14 23:23:14,662 TRACE - extracted value ([title6_1_] : [VARCHAR]) - [???????? ?????????]
org.hibernate.type.descriptor.sql.BasicExtractor 2015-04-14 23:23:14,662 TRACE - extracted value ([user8_1_] : [INTEGER]) - [null]
org.hibernate.loader.Loader 2015-04-14 23:23:14,662 DEBUG - Result set row: 11
org.hibernate.type.descriptor.sql.BasicExtractor 2015-04-14 23:23:14,662 TRACE - extracted value ([newsId1_1_] : [INTEGER]) - [60]
org.hibernate.loader.Loader 2015-04-14 23:23:14,662 DEBUG - Result row: EntityKey[pojos.News#60]
org.hibernate.loader.Loader 2015-04-14 23:23:14,663 TRACE - Initializing object from ResultSet: [pojos.News#60]
org.hibernate.persister.entity.AbstractEntityPersister 2015-04-14 23:23:14,663 TRACE - Hydrating entity: [pojos.News#60]
org.hibernate.type.descriptor.sql.BasicExtractor 2015-04-14 23:23:14,663 TRACE - extracted value ([author2_1_] : [VARCHAR]) - [???????? ?????]
org.hibernate.type.descriptor.sql.BasicExtractor 2015-04-14 23:23:14,663 TRACE - extracted value ([category7_1_] : [INTEGER]) - [null]
org.hibernate.type.descriptor.sql.BasicExtractor 2015-04-14 23:23:14,663 TRACE - extracted value ([mainText3_1_] : [LONGVARCHAR]) - [???????? ????? ???????]
org.hibernate.type.descriptor.sql.BasicExtractor 2015-04-14 23:23:14,663 TRACE - extracted value ([postDay4_1_] : [VARCHAR]) - [1970-01-17]
org.hibernate.type.descriptor.sql.BasicExtractor 2015-04-14 23:23:14,664 TRACE - extracted value ([title5_1_] : [VARCHAR]) - [???????? ????????]
org.hibernate.type.descriptor.sql.BasicExtractor 2015-04-14 23:23:14,664 TRACE - extracted value ([title6_1_] : [VARCHAR]) - [???????? ?????????]
org.hibernate.type.descriptor.sql.BasicExtractor 2015-04-14 23:23:14,664 TRACE - extracted value ([user8_1_] : [INTEGER]) - [null]
org.hibernate.loader.Loader 2015-04-14 23:23:14,664 DEBUG - Result set row: 12
org.hibernate.type.descriptor.sql.BasicExtractor 2015-04-14 23:23:14,664 TRACE - extracted value ([newsId1_1_] : [INTEGER]) - [61]
org.hibernate.loader.Loader 2015-04-14 23:23:14,664 DEBUG - Result row: EntityKey[pojos.News#61]
org.hibernate.loader.Loader 2015-04-14 23:23:14,664 TRACE - Initializing object from ResultSet: [pojos.News#61]
org.hibernate.persister.entity.AbstractEntityPersister 2015-04-14 23:23:14,664 TRACE - Hydrating entity: [pojos.News#61]
org.hibernate.type.descriptor.sql.BasicExtractor 2015-04-14 23:23:14,664 TRACE - extracted value ([author2_1_] : [VARCHAR]) - [???????? ?????]
org.hibernate.type.descriptor.sql.BasicExtractor 2015-04-14 23:23:14,664 TRACE - extracted value ([category7_1_] : [INTEGER]) - [null]
org.hibernate.type.descriptor.sql.BasicExtractor 2015-04-14 23:23:14,664 TRACE - extracted value ([mainText3_1_] : [LONGVARCHAR]) - [???????? ????? ???????]
org.hibernate.type.descriptor.sql.BasicExtractor 2015-04-14 23:23:14,664 TRACE - extracted value ([postDay4_1_] : [VARCHAR]) - [2015-04-03]
org.hibernate.type.descriptor.sql.BasicExtractor 2015-04-14 23:23:14,664 TRACE - extracted value ([title5_1_] : [VARCHAR]) - [???????? ????????]
org.hibernate.type.descriptor.sql.BasicExtractor 2015-04-14 23:23:14,664 TRACE - extracted value ([title6_1_] : [VARCHAR]) - [???????? ?????????]
org.hibernate.type.descriptor.sql.BasicExtractor 2015-04-14 23:23:14,664 TRACE - extracted value ([user8_1_] : [INTEGER]) - [null]
org.hibernate.loader.Loader 2015-04-14 23:23:14,664 DEBUG - Result set row: 13
org.hibernate.type.descriptor.sql.BasicExtractor 2015-04-14 23:23:14,664 TRACE - extracted value ([newsId1_1_] : [INTEGER]) - [62]
org.hibernate.loader.Loader 2015-04-14 23:23:14,664 DEBUG - Result row: EntityKey[pojos.News#62]
org.hibernate.loader.Loader 2015-04-14 23:23:14,664 TRACE - Initializing object from ResultSet: [pojos.News#62]
org.hibernate.persister.entity.AbstractEntityPersister 2015-04-14 23:23:14,664 TRACE - Hydrating entity: [pojos.News#62]
org.hibernate.type.descriptor.sql.BasicExtractor 2015-04-14 23:23:14,664 TRACE - extracted value ([author2_1_] : [VARCHAR]) - [???????? ?????]
org.hibernate.type.descriptor.sql.BasicExtractor 2015-04-14 23:23:14,664 TRACE - extracted value ([category7_1_] : [INTEGER]) - [null]
org.hibernate.type.descriptor.sql.BasicExtractor 2015-04-14 23:23:14,664 TRACE - extracted value ([mainText3_1_] : [LONGVARCHAR]) - [???????? ????? ???????]
org.hibernate.type.descriptor.sql.BasicExtractor 2015-04-14 23:23:14,664 TRACE - extracted value ([postDay4_1_] : [VARCHAR]) - [2015-04-03]
org.hibernate.type.descriptor.sql.BasicExtractor 2015-04-14 23:23:14,664 TRACE - extracted value ([title5_1_] : [VARCHAR]) - [???????? ????????]
org.hibernate.type.descriptor.sql.BasicExtractor 2015-04-14 23:23:14,664 TRACE - extracted value ([title6_1_] : [VARCHAR]) - [???????? ?????????]
org.hibernate.type.descriptor.sql.BasicExtractor 2015-04-14 23:23:14,664 TRACE - extracted value ([user8_1_] : [INTEGER]) - [null]
org.hibernate.loader.Loader 2015-04-14 23:23:14,664 DEBUG - Result set row: 14
org.hibernate.type.descriptor.sql.BasicExtractor 2015-04-14 23:23:14,664 TRACE - extracted value ([newsId1_1_] : [INTEGER]) - [63]
org.hibernate.loader.Loader 2015-04-14 23:23:14,664 DEBUG - Result row: EntityKey[pojos.News#63]
org.hibernate.loader.Loader 2015-04-14 23:23:14,664 TRACE - Initializing object from ResultSet: [pojos.News#63]
org.hibernate.persister.entity.AbstractEntityPersister 2015-04-14 23:23:14,664 TRACE - Hydrating entity: [pojos.News#63]
org.hibernate.type.descriptor.sql.BasicExtractor 2015-04-14 23:23:14,664 TRACE - extracted value ([author2_1_] : [VARCHAR]) - [???????? ?????]
org.hibernate.type.descriptor.sql.BasicExtractor 2015-04-14 23:23:14,664 TRACE - extracted value ([category7_1_] : [INTEGER]) - [null]
org.hibernate.type.descriptor.sql.BasicExtractor 2015-04-14 23:23:14,664 TRACE - extracted value ([mainText3_1_] : [LONGVARCHAR]) - [???????? ????? ???????]
org.hibernate.type.descriptor.sql.BasicExtractor 2015-04-14 23:23:14,664 TRACE - extracted value ([postDay4_1_] : [VARCHAR]) - [2015-04-03]
org.hibernate.type.descriptor.sql.BasicExtractor 2015-04-14 23:23:14,674 TRACE - extracted value ([title5_1_] : [VARCHAR]) - [???????? ????????]
org.hibernate.type.descriptor.sql.BasicExtractor 2015-04-14 23:23:14,674 TRACE - extracted value ([title6_1_] : [VARCHAR]) - [???????? ?????????]
org.hibernate.type.descriptor.sql.BasicExtractor 2015-04-14 23:23:14,674 TRACE - extracted value ([user8_1_] : [INTEGER]) - [null]
org.hibernate.loader.Loader 2015-04-14 23:23:14,674 DEBUG - Result set row: 15
org.hibernate.type.descriptor.sql.BasicExtractor 2015-04-14 23:23:14,674 TRACE - extracted value ([newsId1_1_] : [INTEGER]) - [64]
org.hibernate.loader.Loader 2015-04-14 23:23:14,674 DEBUG - Result row: EntityKey[pojos.News#64]
org.hibernate.loader.Loader 2015-04-14 23:23:14,674 TRACE - Initializing object from ResultSet: [pojos.News#64]
org.hibernate.persister.entity.AbstractEntityPersister 2015-04-14 23:23:14,674 TRACE - Hydrating entity: [pojos.News#64]
org.hibernate.type.descriptor.sql.BasicExtractor 2015-04-14 23:23:14,674 TRACE - extracted value ([author2_1_] : [VARCHAR]) - [???????? ?????]
org.hibernate.type.descriptor.sql.BasicExtractor 2015-04-14 23:23:14,674 TRACE - extracted value ([category7_1_] : [INTEGER]) - [null]
org.hibernate.type.descriptor.sql.BasicExtractor 2015-04-14 23:23:14,674 TRACE - extracted value ([mainText3_1_] : [LONGVARCHAR]) - [???????? ????? ???????]
org.hibernate.type.descriptor.sql.BasicExtractor 2015-04-14 23:23:14,674 TRACE - extracted value ([postDay4_1_] : [VARCHAR]) - [2015-04-03]
org.hibernate.type.descriptor.sql.BasicExtractor 2015-04-14 23:23:14,694 TRACE - extracted value ([title5_1_] : [VARCHAR]) - [???????? ????????]
org.hibernate.type.descriptor.sql.BasicExtractor 2015-04-14 23:23:14,694 TRACE - extracted value ([title6_1_] : [VARCHAR]) - [???????? ?????????]
org.hibernate.type.descriptor.sql.BasicExtractor 2015-04-14 23:23:14,694 TRACE - extracted value ([user8_1_] : [INTEGER]) - [null]
org.hibernate.loader.Loader 2015-04-14 23:23:14,694 DEBUG - Result set row: 16
org.hibernate.type.descriptor.sql.BasicExtractor 2015-04-14 23:23:14,694 TRACE - extracted value ([newsId1_1_] : [INTEGER]) - [65]
org.hibernate.loader.Loader 2015-04-14 23:23:14,694 DEBUG - Result row: EntityKey[pojos.News#65]
org.hibernate.loader.Loader 2015-04-14 23:23:14,694 TRACE - Initializing object from ResultSet: [pojos.News#65]
org.hibernate.persister.entity.AbstractEntityPersister 2015-04-14 23:23:14,694 TRACE - Hydrating entity: [pojos.News#65]
org.hibernate.type.descriptor.sql.BasicExtractor 2015-04-14 23:23:14,694 TRACE - extracted value ([author2_1_] : [VARCHAR]) - [???????? ?????]
org.hibernate.type.descriptor.sql.BasicExtractor 2015-04-14 23:23:14,694 TRACE - extracted value ([category7_1_] : [INTEGER]) - [null]
org.hibernate.type.descriptor.sql.BasicExtractor 2015-04-14 23:23:14,694 TRACE - extracted value ([mainText3_1_] : [LONGVARCHAR]) - [???????? ????? ???????]
org.hibernate.type.descriptor.sql.BasicExtractor 2015-04-14 23:23:14,694 TRACE - extracted value ([postDay4_1_] : [VARCHAR]) - [2015-04-03]
org.hibernate.type.descriptor.sql.BasicExtractor 2015-04-14 23:23:14,694 TRACE - extracted value ([title5_1_] : [VARCHAR]) - [???????? ????????]
org.hibernate.type.descriptor.sql.BasicExtractor 2015-04-14 23:23:14,694 TRACE - extracted value ([title6_1_] : [VARCHAR]) - [???????? ?????????]
org.hibernate.type.descriptor.sql.BasicExtractor 2015-04-14 23:23:14,694 TRACE - extracted value ([user8_1_] : [INTEGER]) - [null]
org.hibernate.loader.Loader 2015-04-14 23:23:14,694 DEBUG - Result set row: 17
org.hibernate.type.descriptor.sql.BasicExtractor 2015-04-14 23:23:14,694 TRACE - extracted value ([newsId1_1_] : [INTEGER]) - [66]
org.hibernate.loader.Loader 2015-04-14 23:23:14,694 DEBUG - Result row: EntityKey[pojos.News#66]
org.hibernate.loader.Loader 2015-04-14 23:23:14,694 TRACE - Initializing object from ResultSet: [pojos.News#66]
org.hibernate.persister.entity.AbstractEntityPersister 2015-04-14 23:23:14,694 TRACE - Hydrating entity: [pojos.News#66]
org.hibernate.type.descriptor.sql.BasicExtractor 2015-04-14 23:23:14,694 TRACE - extracted value ([author2_1_] : [VARCHAR]) - [???????? ?????]
org.hibernate.type.descriptor.sql.BasicExtractor 2015-04-14 23:23:14,694 TRACE - extracted value ([category7_1_] : [INTEGER]) - [null]
org.hibernate.type.descriptor.sql.BasicExtractor 2015-04-14 23:23:14,694 TRACE - extracted value ([mainText3_1_] : [LONGVARCHAR]) - [???????? ????? ???????]
org.hibernate.type.descriptor.sql.BasicExtractor 2015-04-14 23:23:14,694 TRACE - extracted value ([postDay4_1_] : [VARCHAR]) - [2015-04-03]
org.hibernate.type.descriptor.sql.BasicExtractor 2015-04-14 23:23:14,694 TRACE - extracted value ([title5_1_] : [VARCHAR]) - [???????? ????????]
org.hibernate.type.descriptor.sql.BasicExtractor 2015-04-14 23:23:14,694 TRACE - extracted value ([title6_1_] : [VARCHAR]) - [???????? ?????????]
org.hibernate.type.descriptor.sql.BasicExtractor 2015-04-14 23:23:14,694 TRACE - extracted value ([user8_1_] : [INTEGER]) - [null]
org.hibernate.loader.Loader 2015-04-14 23:23:14,694 TRACE - Done processing result set (18 rows)
org.hibernate.loader.Loader 2015-04-14 23:23:14,694 TRACE - Total objects hydrated: 18
org.hibernate.engine.internal.TwoPhaseLoad 2015-04-14 23:23:14,694 DEBUG - Resolving associations for [pojos.News#20]
org.hibernate.event.internal.DefaultLoadEventListener 2015-04-14 23:23:14,704 TRACE - Loading entity: [pojos.Category#15]
org.hibernate.event.internal.DefaultLoadEventListener 2015-04-14 23:23:14,704 TRACE - Attempting to resolve: [pojos.Category#15]
org.hibernate.event.internal.DefaultLoadEventListener 2015-04-14 23:23:14,704 TRACE - Object not resolved in any cache: [pojos.Category#15]
org.hibernate.persister.entity.AbstractEntityPersister 2015-04-14 23:23:14,704 TRACE - Fetching entity: [pojos.Category#15]
org.hibernate.engine.jdbc.spi.SqlStatementLogger 2015-04-14 23:23:14,704 DEBUG - select category0_.categoryId as category1_0_0_, category0_.categoryName as category2_0_0_ from Category category0_ where category0_.categoryId=?
org.hibernate.engine.jdbc.internal.JdbcCoordinatorImpl 2015-04-14 23:23:14,704 TRACE - Registering statement [com.mysql.jdbc.JDBC4PreparedStatement@23eee4b8: select category0_.categoryId as category1_0_0_, category0_.categoryName as category2_0_0_ from Category category0_ where category0_.categoryId=** NOT SPECIFIED **]
org.hibernate.engine.jdbc.internal.JdbcCoordinatorImpl 2015-04-14 23:23:14,704 TRACE - Registering last query statement [com.mysql.jdbc.JDBC4PreparedStatement@23eee4b8: select category0_.categoryId as category1_0_0_, category0_.categoryName as category2_0_0_ from Category category0_ where category0_.categoryId=** NOT SPECIFIED **]
org.hibernate.type.descriptor.sql.BasicBinder 2015-04-14 23:23:14,704 TRACE - binding parameter [1] as [INTEGER] - [15]
org.hibernate.loader.plan.exec.internal.AbstractLoadPlanBasedLoader 2015-04-14 23:23:14,704 TRACE - Bound [2] parameters total
org.hibernate.engine.jdbc.internal.JdbcCoordinatorImpl 2015-04-14 23:23:14,704 TRACE - Registering result set [org.apache.commons.dbcp.DelegatingResultSet@4159e81b]
org.hibernate.loader.plan.exec.process.internal.ResultSetProcessorImpl 2015-04-14 23:23:14,714 TRACE - Processing result set
org.hibernate.loader.plan.exec.process.internal.ResultSetProcessorImpl 2015-04-14 23:23:14,714 DEBUG - Starting ResultSet row #0
org.hibernate.loader.plan.exec.process.internal.EntityReferenceInitializerImpl 2015-04-14 23:23:14,714 DEBUG - On call to EntityIdentifierReaderImpl#resolve, EntityKey was already known; should only happen on root returns with an optional identifier specified
org.hibernate.loader.plan.exec.process.internal.EntityReferenceInitializerImpl 2015-04-14 23:23:14,714 TRACE - hydrating entity state
org.hibernate.loader.plan.exec.process.internal.EntityReferenceInitializerImpl 2015-04-14 23:23:14,714 TRACE - Initializing object from ResultSet: [pojos.Category#15]
org.hibernate.persister.entity.AbstractEntityPersister 2015-04-14 23:23:14,714 TRACE - Hydrating entity: [pojos.Category#15]
org.hibernate.type.descriptor.sql.BasicExtractor 2015-04-14 23:23:14,714 TRACE - extracted value ([category2_0_0_] : [VARCHAR]) - [????????]
org.hibernate.loader.plan.exec.process.internal.ResultSetProcessorImpl 2015-04-14 23:23:14,714 TRACE - Done processing result set (1 rows)
org.hibernate.loader.plan.exec.process.internal.AbstractRowReader 2015-04-14 23:23:14,714 TRACE - Total objects hydrated: 1
org.hibernate.engine.internal.TwoPhaseLoad 2015-04-14 23:23:14,714 DEBUG - Resolving associations for [pojos.Category#15]
org.hibernate.type.CollectionType 2015-04-14 23:23:14,724 TRACE - Created collection wrapper: [pojos.Category.news#15]
org.hibernate.engine.internal.TwoPhaseLoad 2015-04-14 23:23:14,724 DEBUG - Done materializing entity [pojos.Category#15]
org.hibernate.engine.jdbc.internal.JdbcCoordinatorImpl 2015-04-14 23:23:14,724 TRACE - Releasing result set [org.apache.commons.dbcp.DelegatingResultSet@4159e81b]
org.hibernate.engine.jdbc.internal.JdbcCoordinatorImpl 2015-04-14 23:23:14,724 TRACE - Closing result set [org.apache.commons.dbcp.DelegatingResultSet@4159e81b]
org.hibernate.engine.jdbc.internal.JdbcCoordinatorImpl 2015-04-14 23:23:14,724 TRACE - Releasing statement [com.mysql.jdbc.JDBC4PreparedStatement@23eee4b8: select category0_.categoryId as category1_0_0_, category0_.categoryName as category2_0_0_ from Category category0_ where category0_.categoryId=15]
org.hibernate.engine.jdbc.internal.JdbcCoordinatorImpl 2015-04-14 23:23:14,724 TRACE - Closing prepared statement [com.mysql.jdbc.JDBC4PreparedStatement@23eee4b8: select category0_.categoryId as category1_0_0_, category0_.categoryName as category2_0_0_ from Category category0_ where category0_.categoryId=15]
org.hibernate.engine.jdbc.internal.JdbcCoordinatorImpl 2015-04-14 23:23:14,734 TRACE - Starting after statement execution processing [ON_CLOSE]
org.hibernate.loader.entity.plan.AbstractLoadPlanBasedEntityLoader 2015-04-14 23:23:14,734 DEBUG - Done entity load : pojos.Category#15
org.hibernate.engine.internal.TwoPhaseLoad 2015-04-14 23:23:14,734 DEBUG - Done materializing entity [pojos.News#20]
org.hibernate.engine.internal.TwoPhaseLoad 2015-04-14 23:23:14,734 DEBUG - Resolving associations for [pojos.News#38]
org.hibernate.event.internal.DefaultLoadEventListener 2015-04-14 23:23:14,734 TRACE - Loading entity: [pojos.Category#34]
org.hibernate.event.internal.DefaultLoadEventListener 2015-04-14 23:23:14,734 TRACE - Attempting to resolve: [pojos.Category#34]
org.hibernate.event.internal.DefaultLoadEventListener 2015-04-14 23:23:14,734 TRACE - Object not resolved in any cache: [pojos.Category#34]
org.hibernate.persister.entity.AbstractEntityPersister 2015-04-14 23:23:14,734 TRACE - Fetching entity: [pojos.Category#34]
org.hibernate.engine.jdbc.spi.SqlStatementLogger 2015-04-14 23:23:14,734 DEBUG - select category0_.categoryId as category1_0_0_, category0_.categoryName as category2_0_0_ from Category category0_ where category0_.categoryId=?
org.hibernate.engine.jdbc.internal.JdbcCoordinatorImpl 2015-04-14 23:23:14,734 TRACE - Registering statement [com.mysql.jdbc.JDBC4PreparedStatement@4e558728: select category0_.categoryId as category1_0_0_, category0_.categoryName as category2_0_0_ from Category category0_ where category0_.categoryId=** NOT SPECIFIED **]
org.hibernate.engine.jdbc.internal.JdbcCoordinatorImpl 2015-04-14 23:23:14,734 TRACE - Registering last query statement [com.mysql.jdbc.JDBC4PreparedStatement@4e558728: select category0_.categoryId as category1_0_0_, category0_.categoryName as category2_0_0_ from Category category0_ where category0_.categoryId=** NOT SPECIFIED **]
org.hibernate.type.descriptor.sql.BasicBinder 2015-04-14 23:23:14,734 TRACE - binding parameter [1] as [INTEGER] - [34]
org.hibernate.loader.plan.exec.internal.AbstractLoadPlanBasedLoader 2015-04-14 23:23:14,734 TRACE - Bound [2] parameters total
org.hibernate.engine.jdbc.internal.JdbcCoordinatorImpl 2015-04-14 23:23:14,734 TRACE - Registering result set [org.apache.commons.dbcp.DelegatingResultSet@5eccd3b9]
org.hibernate.loader.plan.exec.process.internal.ResultSetProcessorImpl 2015-04-14 23:23:14,734 TRACE - Processing result set
org.hibernate.loader.plan.exec.process.internal.ResultSetProcessorImpl 2015-04-14 23:23:14,734 DEBUG - Starting ResultSet row #0
org.hibernate.loader.plan.exec.process.internal.EntityReferenceInitializerImpl 2015-04-14 23:23:14,734 DEBUG - On call to EntityIdentifierReaderImpl#resolve, EntityKey was already known; should only happen on root returns with an optional identifier specified
org.hibernate.loader.plan.exec.process.internal.EntityReferenceInitializerImpl 2015-04-14 23:23:14,734 TRACE - hydrating entity state
org.hibernate.loader.plan.exec.process.internal.EntityReferenceInitializerImpl 2015-04-14 23:23:14,734 TRACE - Initializing object from ResultSet: [pojos.Category#34]
org.hibernate.persister.entity.AbstractEntityPersister 2015-04-14 23:23:14,734 TRACE - Hydrating entity: [pojos.Category#34]
org.hibernate.type.descriptor.sql.BasicExtractor 2015-04-14 23:23:14,744 TRACE - extracted value ([category2_0_0_] : [VARCHAR]) - [??????]
org.hibernate.loader.plan.exec.process.internal.ResultSetProcessorImpl 2015-04-14 23:23:14,744 TRACE - Done processing result set (1 rows)
org.hibernate.loader.plan.exec.process.internal.AbstractRowReader 2015-04-14 23:23:14,744 TRACE - Total objects hydrated: 1
org.hibernate.engine.internal.TwoPhaseLoad 2015-04-14 23:23:14,744 DEBUG - Resolving associations for [pojos.Category#34]
org.hibernate.type.CollectionType 2015-04-14 23:23:14,744 TRACE - Created collection wrapper: [pojos.Category.news#34]
org.hibernate.engine.internal.TwoPhaseLoad 2015-04-14 23:23:14,744 DEBUG - Done materializing entity [pojos.Category#34]
org.hibernate.engine.jdbc.internal.JdbcCoordinatorImpl 2015-04-14 23:23:14,744 TRACE - Releasing result set [org.apache.commons.dbcp.DelegatingResultSet@5eccd3b9]
org.hibernate.engine.jdbc.internal.JdbcCoordinatorImpl 2015-04-14 23:23:14,744 TRACE - Closing result set [org.apache.commons.dbcp.DelegatingResultSet@5eccd3b9]
org.hibernate.engine.jdbc.internal.JdbcCoordinatorImpl 2015-04-14 23:23:14,744 TRACE - Releasing statement [com.mysql.jdbc.JDBC4PreparedStatement@4e558728: select category0_.categoryId as category1_0_0_, category0_.categoryName as category2_0_0_ from Category category0_ where category0_.categoryId=34]
org.hibernate.engine.jdbc.internal.JdbcCoordinatorImpl 2015-04-14 23:23:14,744 TRACE - Closing prepared statement [com.mysql.jdbc.JDBC4PreparedStatement@4e558728: select category0_.categoryId as category1_0_0_, category0_.categoryName as category2_0_0_ from Category category0_ where category0_.categoryId=34]
org.hibernate.engine.jdbc.internal.JdbcCoordinatorImpl 2015-04-14 23:23:14,744 TRACE - Starting after statement execution processing [ON_CLOSE]
org.hibernate.loader.entity.plan.AbstractLoadPlanBasedEntityLoader 2015-04-14 23:23:14,744 DEBUG - Done entity load : pojos.Category#34
org.hibernate.engine.internal.TwoPhaseLoad 2015-04-14 23:23:14,744 DEBUG - Done materializing entity [pojos.News#38]
org.hibernate.engine.internal.TwoPhaseLoad 2015-04-14 23:23:14,744 DEBUG - Resolving associations for [pojos.News#40]
org.hibernate.event.internal.DefaultLoadEventListener 2015-04-14 23:23:14,744 TRACE - Loading entity: [pojos.Category#36]
org.hibernate.event.internal.DefaultLoadEventListener 2015-04-14 23:23:14,744 TRACE - Attempting to resolve: [pojos.Category#36]
org.hibernate.event.internal.DefaultLoadEventListener 2015-04-14 23:23:14,744 TRACE - Object not resolved in any cache: [pojos.Category#36]
org.hibernate.persister.entity.AbstractEntityPersister 2015-04-14 23:23:14,744 TRACE - Fetching entity: [pojos.Category#36]
org.hibernate.engine.jdbc.spi.SqlStatementLogger 2015-04-14 23:23:14,744 DEBUG - select category0_.categoryId as category1_0_0_, category0_.categoryName as category2_0_0_ from Category category0_ where category0_.categoryId=?
org.hibernate.engine.jdbc.internal.JdbcCoordinatorImpl 2015-04-14 23:23:14,744 TRACE - Registering statement [com.mysql.jdbc.JDBC4PreparedStatement@6999cd39: select category0_.categoryId as category1_0_0_, category0_.categoryName as category2_0_0_ from Category category0_ where category0_.categoryId=** NOT SPECIFIED **]
org.hibernate.engine.jdbc.internal.JdbcCoordinatorImpl 2015-04-14 23:23:14,744 TRACE - Registering last query statement [com.mysql.jdbc.JDBC4PreparedStatement@6999cd39: select category0_.categoryId as category1_0_0_, category0_.categoryName as category2_0_0_ from Category category0_ where category0_.categoryId=** NOT SPECIFIED **]
org.hibernate.type.descriptor.sql.BasicBinder 2015-04-14 23:23:14,744 TRACE - binding parameter [1] as [INTEGER] - [36]
org.hibernate.loader.plan.exec.internal.AbstractLoadPlanBasedLoader 2015-04-14 23:23:14,744 TRACE - Bound [2] parameters total
org.hibernate.engine.jdbc.internal.JdbcCoordinatorImpl 2015-04-14 23:23:14,744 TRACE - Registering result set [org.apache.commons.dbcp.DelegatingResultSet@14bae047]
org.hibernate.loader.plan.exec.process.internal.ResultSetProcessorImpl 2015-04-14 23:23:14,744 TRACE - Processing result set
org.hibernate.loader.plan.exec.process.internal.ResultSetProcessorImpl 2015-04-14 23:23:14,744 DEBUG - Starting ResultSet row #0
org.hibernate.loader.plan.exec.process.internal.EntityReferenceInitializerImpl 2015-04-14 23:23:14,744 DEBUG - On call to EntityIdentifierReaderImpl#resolve, EntityKey was already known; should only happen on root returns with an optional identifier specified
org.hibernate.loader.plan.exec.process.internal.EntityReferenceInitializerImpl 2015-04-14 23:23:14,744 TRACE - hydrating entity state
org.hibernate.loader.plan.exec.process.internal.EntityReferenceInitializerImpl 2015-04-14 23:23:14,744 TRACE - Initializing object from ResultSet: [pojos.Category#36]
org.hibernate.persister.entity.AbstractEntityPersister 2015-04-14 23:23:14,744 TRACE - Hydrating entity: [pojos.Category#36]
org.hibernate.type.descriptor.sql.BasicExtractor 2015-04-14 23:23:14,744 TRACE - extracted value ([category2_0_0_] : [VARCHAR]) - [???-???]
org.hibernate.loader.plan.exec.process.internal.ResultSetProcessorImpl 2015-04-14 23:23:14,744 TRACE - Done processing result set (1 rows)
org.hibernate.loader.plan.exec.process.internal.AbstractRowReader 2015-04-14 23:23:14,744 TRACE - Total objects hydrated: 1
org.hibernate.engine.internal.TwoPhaseLoad 2015-04-14 23:23:14,744 DEBUG - Resolving associations for [pojos.Category#36]
org.hibernate.type.CollectionType 2015-04-14 23:23:14,744 TRACE - Created collection wrapper: [pojos.Category.news#36]
org.hibernate.engine.internal.TwoPhaseLoad 2015-04-14 23:23:14,744 DEBUG - Done materializing entity [pojos.Category#36]
org.hibernate.engine.jdbc.internal.JdbcCoordinatorImpl 2015-04-14 23:23:14,744 TRACE - Releasing result set [org.apache.commons.dbcp.DelegatingResultSet@14bae047]
org.hibernate.engine.jdbc.internal.JdbcCoordinatorImpl 2015-04-14 23:23:14,744 TRACE - Closing result set [org.apache.commons.dbcp.DelegatingResultSet@14bae047]
org.hibernate.engine.jdbc.internal.JdbcCoordinatorImpl 2015-04-14 23:23:14,744 TRACE - Releasing statement [com.mysql.jdbc.JDBC4PreparedStatement@6999cd39: select category0_.categoryId as category1_0_0_, category0_.categoryName as category2_0_0_ from Category category0_ where category0_.categoryId=36]
org.hibernate.engine.jdbc.internal.JdbcCoordinatorImpl 2015-04-14 23:23:14,744 TRACE - Closing prepared statement [com.mysql.jdbc.JDBC4PreparedStatement@6999cd39: select category0_.categoryId as category1_0_0_, category0_.categoryName as category2_0_0_ from Category category0_ where category0_.categoryId=36]
org.hibernate.engine.jdbc.internal.JdbcCoordinatorImpl 2015-04-14 23:23:14,754 TRACE - Starting after statement execution processing [ON_CLOSE]
org.hibernate.loader.entity.plan.AbstractLoadPlanBasedEntityLoader 2015-04-14 23:23:14,754 DEBUG - Done entity load : pojos.Category#36
org.hibernate.engine.internal.TwoPhaseLoad 2015-04-14 23:23:14,754 DEBUG - Done materializing entity [pojos.News#40]
org.hibernate.engine.internal.TwoPhaseLoad 2015-04-14 23:23:14,754 DEBUG - Resolving associations for [pojos.News#52]
org.hibernate.engine.internal.TwoPhaseLoad 2015-04-14 23:23:14,754 DEBUG - Done materializing entity [pojos.News#52]
org.hibernate.engine.internal.TwoPhaseLoad 2015-04-14 23:23:14,754 DEBUG - Resolving associations for [pojos.News#53]
org.hibernate.engine.internal.TwoPhaseLoad 2015-04-14 23:23:14,754 DEBUG - Done materializing entity [pojos.News#53]
org.hibernate.engine.internal.TwoPhaseLoad 2015-04-14 23:23:14,754 DEBUG - Resolving associations for [pojos.News#54]
org.hibernate.engine.internal.TwoPhaseLoad 2015-04-14 23:23:14,754 DEBUG - Done materializing entity [pojos.News#54]
org.hibernate.engine.internal.TwoPhaseLoad 2015-04-14 23:23:14,754 DEBUG - Resolving associations for [pojos.News#55]
org.hibernate.engine.internal.TwoPhaseLoad 2015-04-14 23:23:14,754 DEBUG - Done materializing entity [pojos.News#55]
org.hibernate.engine.internal.TwoPhaseLoad 2015-04-14 23:23:14,754 DEBUG - Resolving associations for [pojos.News#56]
org.hibernate.engine.internal.TwoPhaseLoad 2015-04-14 23:23:14,754 DEBUG - Done materializing entity [pojos.News#56]
org.hibernate.engine.internal.TwoPhaseLoad 2015-04-14 23:23:14,754 DEBUG - Resolving associations for [pojos.News#57]
org.hibernate.engine.internal.TwoPhaseLoad 2015-04-14 23:23:14,754 DEBUG - Done materializing entity [pojos.News#57]
org.hibernate.engine.internal.TwoPhaseLoad 2015-04-14 23:23:14,754 DEBUG - Resolving associations for [pojos.News#58]
org.hibernate.engine.internal.TwoPhaseLoad 2015-04-14 23:23:14,754 DEBUG - Done materializing entity [pojos.News#58]
org.hibernate.engine.internal.TwoPhaseLoad 2015-04-14 23:23:14,754 DEBUG - Resolving associations for [pojos.News#59]
org.hibernate.engine.internal.TwoPhaseLoad 2015-04-14 23:23:14,754 DEBUG - Done materializing entity [pojos.News#59]
org.hibernate.engine.internal.TwoPhaseLoad 2015-04-14 23:23:14,754 DEBUG - Resolving associations for [pojos.News#60]
org.hibernate.engine.internal.TwoPhaseLoad 2015-04-14 23:23:14,754 DEBUG - Done materializing entity [pojos.News#60]
org.hibernate.engine.internal.TwoPhaseLoad 2015-04-14 23:23:14,754 DEBUG - Resolving associations for [pojos.News#61]
org.hibernate.engine.internal.TwoPhaseLoad 2015-04-14 23:23:14,754 DEBUG - Done materializing entity [pojos.News#61]
org.hibernate.engine.internal.TwoPhaseLoad 2015-04-14 23:23:14,754 DEBUG - Resolving associations for [pojos.News#62]
org.hibernate.engine.internal.TwoPhaseLoad 2015-04-14 23:23:14,754 DEBUG - Done materializing entity [pojos.News#62]
org.hibernate.engine.internal.TwoPhaseLoad 2015-04-14 23:23:14,754 DEBUG - Resolving associations for [pojos.News#63]
org.hibernate.engine.internal.TwoPhaseLoad 2015-04-14 23:23:14,754 DEBUG - Done materializing entity [pojos.News#63]
org.hibernate.engine.internal.TwoPhaseLoad 2015-04-14 23:23:14,754 DEBUG - Resolving associations for [pojos.News#64]
org.hibernate.engine.internal.TwoPhaseLoad 2015-04-14 23:23:14,754 DEBUG - Done materializing entity [pojos.News#64]
org.hibernate.engine.internal.TwoPhaseLoad 2015-04-14 23:23:14,754 DEBUG - Resolving associations for [pojos.News#65]
org.hibernate.engine.internal.TwoPhaseLoad 2015-04-14 23:23:14,754 DEBUG - Done materializing entity [pojos.News#65]
org.hibernate.engine.internal.TwoPhaseLoad 2015-04-14 23:23:14,754 DEBUG - Resolving associations for [pojos.News#66]
org.hibernate.engine.internal.TwoPhaseLoad 2015-04-14 23:23:14,754 DEBUG - Done materializing entity [pojos.News#66]
org.hibernate.engine.jdbc.internal.JdbcCoordinatorImpl 2015-04-14 23:23:14,754 TRACE - Releasing statement [com.mysql.jdbc.JDBC4PreparedStatement@1f86099a: select news0_.newsId as newsId1_1_, news0_.author as author2_1_, news0_.category as category7_1_, news0_.mainText as mainText3_1_, news0_.postDay as postDay4_1_, news0_.title as title5_1_, news0_.title4ann as title6_1_, news0_.user as user8_1_ from News news0_]
org.hibernate.engine.jdbc.internal.JdbcCoordinatorImpl 2015-04-14 23:23:14,754 TRACE - Closing result set [org.apache.commons.dbcp.DelegatingResultSet@54534abf]
org.hibernate.engine.jdbc.internal.JdbcCoordinatorImpl 2015-04-14 23:23:14,754 TRACE - Closing prepared statement [com.mysql.jdbc.JDBC4PreparedStatement@1f86099a: select news0_.newsId as newsId1_1_, news0_.author as author2_1_, news0_.category as category7_1_, news0_.mainText as mainText3_1_, news0_.postDay as postDay4_1_, news0_.title as title5_1_, news0_.title4ann as title6_1_, news0_.user as user8_1_ from News news0_]
org.hibernate.engine.jdbc.internal.JdbcCoordinatorImpl 2015-04-14 23:23:14,754 TRACE - Starting after statement execution processing [ON_CLOSE]
org.hibernate.engine.internal.StatefulPersistenceContext 2015-04-14 23:23:14,754 TRACE - Initializing non-lazy collections
org.springframework.test.context.TestContextManager 2015-04-14 23:23:14,754 TRACE - afterTestMethod(): instance [NewsDaoTest@53b32d7], method [public void NewsDaoTest.deleteNews()], exception [java.lang.Error: Unresolved compilation problem: 
	The method delete(T) of type BaseDao&lt;T&gt; must override a superclass method
]
org.springframework.test.context.transaction.TransactionContext 2015-04-14 23:23:14,754 TRACE - Ending transaction for test context [DefaultTestContext@5442a311 testClass = NewsDaoTest, testInstance = NewsDaoTest@53b32d7, testMethod = deleteNews@NewsDaoTest, testException = java.lang.Error: Unresolved compilation problem: 
	The method delete(T) of type BaseDao&lt;T&gt; must override a superclass method
, mergedContextConfiguration = [MergedContextConfiguration@548e7350 testClass = NewsDaoTest, locations = &apos;{classpath:/entities-hib-test.xml}&apos;, classes = &apos;{}&apos;, contextInitializerClasses = &apos;[]&apos;, activeProfiles = &apos;{}&apos;, propertySourceLocations = &apos;{}&apos;, propertySourceProperties = &apos;{}&apos;, contextLoader = &apos;org.springframework.test.context.support.DelegatingSmartContextLoader&apos;, parent = [null]]]; transaction status [org.springframework.transaction.support.DefaultTransactionStatus@6fe46b62]; rollback [false]
org.springframework.transaction.support.AbstractPlatformTransactionManager 2015-04-14 23:23:14,754 TRACE - Triggering beforeCommit synchronization
org.springframework.transaction.support.AbstractPlatformTransactionManager 2015-04-14 23:23:14,754 TRACE - Triggering beforeCompletion synchronization
org.springframework.transaction.support.AbstractPlatformTransactionManager 2015-04-14 23:23:14,754 DEBUG - Initiating transaction commit
org.springframework.orm.hibernate4.HibernateTransactionManager 2015-04-14 23:23:14,754 DEBUG - Committing Hibernate transaction on Session [SessionImpl(PersistenceContext[entityKeys=[EntityKey[pojos.Category#15], EntityKey[pojos.News#20], EntityKey[pojos.News#52], EntityKey[pojos.News#53], EntityKey[pojos.News#54], EntityKey[pojos.News#55], EntityKey[pojos.News#56], EntityKey[pojos.News#57], EntityKey[pojos.News#58], EntityKey[pojos.News#59], EntityKey[pojos.News#60], EntityKey[pojos.News#61], EntityKey[pojos.News#62], EntityKey[pojos.News#63], EntityKey[pojos.News#64], EntityKey[pojos.News#65], EntityKey[pojos.News#66], EntityKey[pojos.Category#34], EntityKey[pojos.Category#36], EntityKey[pojos.News#38], EntityKey[pojos.News#40]],collectionKeys=[CollectionKey[pojos.Category.news#15], CollectionKey[pojos.Category.news#34], CollectionKey[pojos.Category.news#36]]];ActionQueue[insertions=org.hibernate.engine.spi.ExecutableList@772485dd updates=org.hibernate.engine.spi.ExecutableList@5a12c728 deletions=org.hibernate.engine.spi.ExecutableList@79ab3a71 orphanRemovals=org.hibernate.engine.spi.ExecutableList@6e5bfdfc collectionCreations=org.hibernate.engine.spi.ExecutableList@3d829787 collectionRemovals=org.hibernate.engine.spi.ExecutableList@71652c98 collectionUpdates=org.hibernate.engine.spi.ExecutableList@51bde877 collectionQueuedOps=org.hibernate.engine.spi.ExecutableList@60b85ba1 unresolvedInsertDependencies=UnresolvedEntityInsertActions[]])]
org.hibernate.engine.transaction.spi.AbstractTransactionImpl 2015-04-14 23:23:14,754 DEBUG - committing
org.hibernate.internal.SessionImpl 2015-04-14 23:23:14,754 TRACE - Automatically flushing session
org.hibernate.event.internal.AbstractFlushingEventListener 2015-04-14 23:23:14,754 TRACE - Flushing session
org.hibernate.event.internal.AbstractFlushingEventListener 2015-04-14 23:23:14,764 DEBUG - Processing flush-time cascades
org.hibernate.engine.internal.Cascade 2015-04-14 23:23:14,764 TRACE - Processing cascade ACTION_SAVE_UPDATE for: pojos.News
org.hibernate.engine.spi.CascadingActions$5 2015-04-14 23:23:14,764 TRACE - Cascading to save or update: pojos.Category
org.hibernate.event.internal.AbstractSaveEventListener 2015-04-14 23:23:14,764 TRACE - Persistent instance of: pojos.Category
org.hibernate.event.internal.DefaultSaveOrUpdateEventListener 2015-04-14 23:23:14,764 TRACE - Ignoring persistent instance
org.hibernate.event.internal.DefaultSaveOrUpdateEventListener 2015-04-14 23:23:14,764 TRACE - Object already associated with session: [pojos.Category#15]
org.hibernate.engine.internal.Cascade 2015-04-14 23:23:14,764 TRACE - Done processing cascade ACTION_SAVE_UPDATE for: pojos.News
org.hibernate.engine.internal.Cascade 2015-04-14 23:23:14,764 TRACE - Processing cascade ACTION_SAVE_UPDATE for: pojos.News
org.hibernate.engine.spi.CascadingActions$5 2015-04-14 23:23:14,764 TRACE - Cascading to save or update: pojos.Category
org.hibernate.event.internal.AbstractSaveEventListener 2015-04-14 23:23:14,764 TRACE - Persistent instance of: pojos.Category
org.hibernate.event.internal.DefaultSaveOrUpdateEventListener 2015-04-14 23:23:14,764 TRACE - Ignoring persistent instance
org.hibernate.event.internal.DefaultSaveOrUpdateEventListener 2015-04-14 23:23:14,764 TRACE - Object already associated with session: [pojos.Category#34]
org.hibernate.engine.internal.Cascade 2015-04-14 23:23:14,764 TRACE - Done processing cascade ACTION_SAVE_UPDATE for: pojos.News
org.hibernate.engine.internal.Cascade 2015-04-14 23:23:14,764 TRACE - Processing cascade ACTION_SAVE_UPDATE for: pojos.News
org.hibernate.engine.spi.CascadingActions$5 2015-04-14 23:23:14,764 TRACE - Cascading to save or update: pojos.Category
org.hibernate.event.internal.AbstractSaveEventListener 2015-04-14 23:23:14,764 TRACE - Persistent instance of: pojos.Category
org.hibernate.event.internal.DefaultSaveOrUpdateEventListener 2015-04-14 23:23:14,764 TRACE - Ignoring persistent instance
org.hibernate.event.internal.DefaultSaveOrUpdateEventListener 2015-04-14 23:23:14,764 TRACE - Object already associated with session: [pojos.Category#36]
org.hibernate.engine.internal.Cascade 2015-04-14 23:23:14,764 TRACE - Done processing cascade ACTION_SAVE_UPDATE for: pojos.News
org.hibernate.engine.internal.Cascade 2015-04-14 23:23:14,764 TRACE - Processing cascade ACTION_SAVE_UPDATE for: pojos.News
org.hibernate.engine.internal.Cascade 2015-04-14 23:23:14,764 TRACE - Done processing cascade ACTION_SAVE_UPDATE for: pojos.News
org.hibernate.engine.internal.Cascade 2015-04-14 23:23:14,764 TRACE - Processing cascade ACTION_SAVE_UPDATE for: pojos.News
org.hibernate.engine.internal.Cascade 2015-04-14 23:23:14,764 TRACE - Done processing cascade ACTION_SAVE_UPDATE for: pojos.News
org.hibernate.engine.internal.Cascade 2015-04-14 23:23:14,764 TRACE - Processing cascade ACTION_SAVE_UPDATE for: pojos.News
org.hibernate.engine.internal.Cascade 2015-04-14 23:23:14,764 TRACE - Done processing cascade ACTION_SAVE_UPDATE for: pojos.News
org.hibernate.engine.internal.Cascade 2015-04-14 23:23:14,764 TRACE - Processing cascade ACTION_SAVE_UPDATE for: pojos.News
org.hibernate.engine.internal.Cascade 2015-04-14 23:23:14,764 TRACE - Done processing cascade ACTION_SAVE_UPDATE for: pojos.News
org.hibernate.engine.internal.Cascade 2015-04-14 23:23:14,764 TRACE - Processing cascade ACTION_SAVE_UPDATE for: pojos.News
org.hibernate.engine.internal.Cascade 2015-04-14 23:23:14,764 TRACE - Done processing cascade ACTION_SAVE_UPDATE for: pojos.News
org.hibernate.engine.internal.Cascade 2015-04-14 23:23:14,764 TRACE - Processing cascade ACTION_SAVE_UPDATE for: pojos.News
org.hibernate.engine.internal.Cascade 2015-04-14 23:23:14,764 TRACE - Done processing cascade ACTION_SAVE_UPDATE for: pojos.News
org.hibernate.engine.internal.Cascade 2015-04-14 23:23:14,764 TRACE - Processing cascade ACTION_SAVE_UPDATE for: pojos.News
org.hibernate.engine.internal.Cascade 2015-04-14 23:23:14,764 TRACE - Done processing cascade ACTION_SAVE_UPDATE for: pojos.News
org.hibernate.engine.internal.Cascade 2015-04-14 23:23:14,764 TRACE - Processing cascade ACTION_SAVE_UPDATE for: pojos.News
org.hibernate.engine.internal.Cascade 2015-04-14 23:23:14,764 TRACE - Done processing cascade ACTION_SAVE_UPDATE for: pojos.News
org.hibernate.engine.internal.Cascade 2015-04-14 23:23:14,764 TRACE - Processing cascade ACTION_SAVE_UPDATE for: pojos.News
org.hibernate.engine.internal.Cascade 2015-04-14 23:23:14,774 TRACE - Done processing cascade ACTION_SAVE_UPDATE for: pojos.News
org.hibernate.engine.internal.Cascade 2015-04-14 23:23:14,774 TRACE - Processing cascade ACTION_SAVE_UPDATE for: pojos.News
org.hibernate.engine.internal.Cascade 2015-04-14 23:23:14,774 TRACE - Done processing cascade ACTION_SAVE_UPDATE for: pojos.News
org.hibernate.engine.internal.Cascade 2015-04-14 23:23:14,774 TRACE - Processing cascade ACTION_SAVE_UPDATE for: pojos.News
org.hibernate.engine.internal.Cascade 2015-04-14 23:23:14,774 TRACE - Done processing cascade ACTION_SAVE_UPDATE for: pojos.News
org.hibernate.engine.internal.Cascade 2015-04-14 23:23:14,774 TRACE - Processing cascade ACTION_SAVE_UPDATE for: pojos.News
org.hibernate.engine.internal.Cascade 2015-04-14 23:23:14,774 TRACE - Done processing cascade ACTION_SAVE_UPDATE for: pojos.News
org.hibernate.engine.internal.Cascade 2015-04-14 23:23:14,774 TRACE - Processing cascade ACTION_SAVE_UPDATE for: pojos.News
org.hibernate.engine.internal.Cascade 2015-04-14 23:23:14,774 TRACE - Done processing cascade ACTION_SAVE_UPDATE for: pojos.News
org.hibernate.engine.internal.Cascade 2015-04-14 23:23:14,774 TRACE - Processing cascade ACTION_SAVE_UPDATE for: pojos.News
org.hibernate.engine.internal.Cascade 2015-04-14 23:23:14,774 TRACE - Done processing cascade ACTION_SAVE_UPDATE for: pojos.News
org.hibernate.engine.internal.Cascade 2015-04-14 23:23:14,774 TRACE - Processing cascade ACTION_SAVE_UPDATE for: pojos.News
org.hibernate.engine.internal.Cascade 2015-04-14 23:23:14,774 TRACE - Done processing cascade ACTION_SAVE_UPDATE for: pojos.News
org.hibernate.event.internal.AbstractFlushingEventListener 2015-04-14 23:23:14,774 DEBUG - Dirty checking collections
org.hibernate.event.internal.AbstractFlushingEventListener 2015-04-14 23:23:14,774 TRACE - Flushing entities and processing referenced collections
org.hibernate.engine.internal.Collections 2015-04-14 23:23:14,784 DEBUG - Collection found: [pojos.Category.news#15], was: [pojos.Category.news#15] (uninitialized)
org.hibernate.engine.internal.Collections 2015-04-14 23:23:14,784 DEBUG - Collection found: [pojos.Category.news#34], was: [pojos.Category.news#34] (uninitialized)
org.hibernate.engine.internal.Collections 2015-04-14 23:23:14,784 DEBUG - Collection found: [pojos.Category.news#36], was: [pojos.Category.news#36] (uninitialized)
org.hibernate.event.internal.AbstractFlushingEventListener 2015-04-14 23:23:14,784 TRACE - Processing unreferenced collections
org.hibernate.event.internal.AbstractFlushingEventListener 2015-04-14 23:23:14,784 TRACE - Scheduling collection removes/(re)creates/updates
org.hibernate.event.internal.AbstractFlushingEventListener 2015-04-14 23:23:14,784 DEBUG - Flushed: 0 insertions, 0 updates, 0 deletions to 21 objects
org.hibernate.event.internal.AbstractFlushingEventListener 2015-04-14 23:23:14,784 DEBUG - Flushed: 0 (re)creations, 0 updates, 0 removals to 3 collections
org.hibernate.internal.util.EntityPrinter 2015-04-14 23:23:14,784 DEBUG - Listing entities:
org.hibernate.internal.util.EntityPrinter 2015-04-14 23:23:14,784 DEBUG - pojos.Category{news=&lt;uninitialized&gt;, categoryName=????????, categoryId=15}
org.hibernate.internal.util.EntityPrinter 2015-04-14 23:23:14,784 DEBUG - pojos.News{title4ann=??????? ??????? ?????? ?????? ????????? ???????? ? ??????, newsId=20, postDay=2015-03-14, author=Newsru, mainText=??????? ??????? ?????? ????? ??????? ???? ??????? YouTube, ????????? ???????? ? ??????: ?? ??? ??????? ???????? ???? ????, ?????? ????????? ????? ??????? ?????, ??????????????? ??? ????, ????? ???????????? ????? ???? ??? ??????? ?? ???????.????? ???????. ????: Reuters????? ???????. ????: Reuters???????? ???????????? ????????? ?? ???????????? ???????? ?? ????? ?????????? ????????? ??????????? ???????????? ? ???????????? ??????????? ???, ???????? NewsBalt. ?????? ?? ???????, ??????? ??????? ??????? ????????? ????????, ?? ?????? ???? ???? ????? ????????????? ????? ? ???????? ?? ???? ????? ? ?????.?????? ??? ?????????? ?? ?????? ???????????? ???????????? TVN24. ???????? ?? ????????? ????????? ?????????, ??????? ?? ???????? ? ??????????? ???????? ????? ???????????, ?? ???? ?? ??????????.??????????? ????? ?? ??? ????? ????????? ?????????? ????????? ?????? ??? ??? ????? ????????? ????? ? ???????????? ?? ?? ??????????.?????? ?????????:  http://news.tut.by/kaleidoscope/439674.html, category=pojos.Category#15, title=??????, user=null}
org.hibernate.internal.util.EntityPrinter 2015-04-14 23:23:14,784 DEBUG - pojos.News{title4ann=???????? ?????????, newsId=52, postDay=3915-05-03, author=???????? ?????, mainText=???????? ????? ???????, category=null, title=???????? ????????, user=null}
org.hibernate.internal.util.EntityPrinter 2015-04-14 23:23:14,784 DEBUG - pojos.News{title4ann=???????? ?????????, newsId=53, postDay=1970-01-17, author=???????? ?????, mainText=???????? ????? ???????, category=null, title=???????? ????????, user=null}
org.hibernate.internal.util.EntityPrinter 2015-04-14 23:23:14,784 DEBUG - pojos.News{title4ann=???????? ?????????, newsId=54, postDay=1970-01-17, author=???????? ?????, mainText=???????? ????? ???????, category=null, title=???????? ????????, user=null}
org.hibernate.internal.util.EntityPrinter 2015-04-14 23:23:14,784 DEBUG - pojos.News{title4ann=???????? ?????????, newsId=55, postDay=1970-01-17, author=???????? ?????, mainText=???????? ????? ???????, category=null, title=???????? ????????, user=null}
org.hibernate.internal.util.EntityPrinter 2015-04-14 23:23:14,784 DEBUG - pojos.News{title4ann=???????? ?????????, newsId=56, postDay=1970-01-17, author=???????? ?????, mainText=???????? ????? ???????, category=null, title=???????? ????????, user=null}
org.hibernate.internal.util.EntityPrinter 2015-04-14 23:23:14,784 DEBUG - pojos.News{title4ann=???????? ?????????, newsId=57, postDay=1970-01-17, author=???????? ?????, mainText=???????? ????? ???????, category=null, title=???????? ????????, user=null}
org.hibernate.internal.util.EntityPrinter 2015-04-14 23:23:14,784 DEBUG - pojos.News{title4ann=???????? ?????????, newsId=58, postDay=1970-01-17, author=???????? ?????, mainText=???????? ????? ???????, category=null, title=???????? ????????, user=null}
org.hibernate.internal.util.EntityPrinter 2015-04-14 23:23:14,784 DEBUG - pojos.News{title4ann=???????? ?????????, newsId=59, postDay=1970-01-17, author=???????? ?????, mainText=???????? ????? ???????, category=null, title=???????? ????????, user=null}
org.hibernate.internal.util.EntityPrinter 2015-04-14 23:23:14,784 DEBUG - pojos.News{title4ann=???????? ?????????, newsId=60, postDay=1970-01-17, author=???????? ?????, mainText=???????? ????? ???????, category=null, title=???????? ????????, user=null}
org.hibernate.internal.util.EntityPrinter 2015-04-14 23:23:14,784 DEBUG - pojos.News{title4ann=???????? ?????????, newsId=61, postDay=2015-04-03, author=???????? ?????, mainText=???????? ????? ???????, category=null, title=???????? ????????, user=null}
org.hibernate.internal.util.EntityPrinter 2015-04-14 23:23:14,784 DEBUG - pojos.News{title4ann=???????? ?????????, newsId=62, postDay=2015-04-03, author=???????? ?????, mainText=???????? ????? ???????, category=null, title=???????? ????????, user=null}
org.hibernate.internal.util.EntityPrinter 2015-04-14 23:23:14,784 DEBUG - pojos.News{title4ann=???????? ?????????, newsId=63, postDay=2015-04-03, author=???????? ?????, mainText=???????? ????? ???????, category=null, title=???????? ????????, user=null}
org.hibernate.internal.util.EntityPrinter 2015-04-14 23:23:14,784 DEBUG - pojos.News{title4ann=???????? ?????????, newsId=64, postDay=2015-04-03, author=???????? ?????, mainText=???????? ????? ???????, category=null, title=???????? ????????, user=null}
org.hibernate.internal.util.EntityPrinter 2015-04-14 23:23:14,784 DEBUG - pojos.News{title4ann=???????? ?????????, newsId=65, postDay=2015-04-03, author=???????? ?????, mainText=???????? ????? ???????, category=null, title=???????? ????????, user=null}
org.hibernate.internal.util.EntityPrinter 2015-04-14 23:23:14,784 DEBUG - pojos.News{title4ann=???????? ?????????, newsId=66, postDay=2015-04-03, author=???????? ?????, mainText=???????? ????? ???????, category=null, title=???????? ????????, user=null}
org.hibernate.internal.util.EntityPrinter 2015-04-14 23:23:14,784 DEBUG - pojos.Category{news=&lt;uninitialized&gt;, categoryName=??????, categoryId=34}
org.hibernate.internal.util.EntityPrinter 2015-04-14 23:23:14,784 DEBUG - pojos.Category{news=&lt;uninitialized&gt;, categoryName=???-???, categoryId=36}
org.hibernate.internal.util.EntityPrinter 2015-04-14 23:23:14,784 DEBUG - pojos.News{title4ann=?????? - ? ??? ??? ?????? ??? ?? ??????, newsId=38, postDay=2015-03-04, author=??????, mainText=??????, category=pojos.Category#34, title=??????, user=null}
org.hibernate.internal.util.EntityPrinter 2015-04-14 23:23:14,784 DEBUG - pojos.News{title4ann=???-???, newsId=40, postDay=2015-03-04, author=???-???, mainText=???-???, category=pojos.Category#36, title=???-???, user=null}
org.hibernate.event.internal.AbstractFlushingEventListener 2015-04-14 23:23:14,784 TRACE - Executing flush
org.hibernate.engine.jdbc.internal.JdbcCoordinatorImpl 2015-04-14 23:23:14,784 TRACE - Starting after statement execution processing [ON_CLOSE]
org.hibernate.event.internal.AbstractFlushingEventListener 2015-04-14 23:23:14,784 TRACE - Post flush
org.hibernate.internal.SessionImpl 2015-04-14 23:23:14,794 TRACE - before transaction completion
org.hibernate.engine.transaction.internal.jdbc.JdbcTransaction 2015-04-14 23:23:14,794 DEBUG - committed JDBC Connection
org.hibernate.engine.transaction.internal.jdbc.JdbcTransaction 2015-04-14 23:23:14,794 DEBUG - re-enabling autocommit
org.hibernate.engine.transaction.internal.TransactionCoordinatorImpl 2015-04-14 23:23:14,794 TRACE - after transaction completion
org.hibernate.internal.SessionImpl 2015-04-14 23:23:14,794 TRACE - after transaction completion
org.springframework.transaction.support.AbstractPlatformTransactionManager 2015-04-14 23:23:14,794 TRACE - Triggering afterCommit synchronization
org.springframework.transaction.support.AbstractPlatformTransactionManager 2015-04-14 23:23:14,794 TRACE - Triggering afterCompletion synchronization
org.springframework.transaction.support.TransactionSynchronizationManager 2015-04-14 23:23:14,794 TRACE - Clearing transaction synchronization
org.springframework.transaction.support.TransactionSynchronizationManager 2015-04-14 23:23:14,794 TRACE - Removed value [org.springframework.orm.hibernate4.SessionHolder@4837595f] for key [org.hibernate.internal.SessionFactoryImpl@3b00856b] from thread [main]
org.springframework.transaction.support.TransactionSynchronizationManager 2015-04-14 23:23:14,794 TRACE - Removed value [org.springframework.jdbc.datasource.ConnectionHolder@c0b41d6] for key [org.apache.commons.dbcp.BasicDataSource@53d102a2] from thread [main]
org.springframework.orm.hibernate4.HibernateTransactionManager 2015-04-14 23:23:14,794 DEBUG - Closing Hibernate Session [SessionImpl(PersistenceContext[entityKeys=[EntityKey[pojos.Category#15], EntityKey[pojos.News#20], EntityKey[pojos.News#52], EntityKey[pojos.News#53], EntityKey[pojos.News#54], EntityKey[pojos.News#55], EntityKey[pojos.News#56], EntityKey[pojos.News#57], EntityKey[pojos.News#58], EntityKey[pojos.News#59], EntityKey[pojos.News#60], EntityKey[pojos.News#61], EntityKey[pojos.News#62], EntityKey[pojos.News#63], EntityKey[pojos.News#64], EntityKey[pojos.News#65], EntityKey[pojos.News#66], EntityKey[pojos.Category#34], EntityKey[pojos.Category#36], EntityKey[pojos.News#38], EntityKey[pojos.News#40]],collectionKeys=[CollectionKey[pojos.Category.news#15], CollectionKey[pojos.Category.news#34], CollectionKey[pojos.Category.news#36]]];ActionQueue[insertions=org.hibernate.engine.spi.ExecutableList@772485dd updates=org.hibernate.engine.spi.ExecutableList@5a12c728 deletions=org.hibernate.engine.spi.ExecutableList@79ab3a71 orphanRemovals=org.hibernate.engine.spi.ExecutableList@6e5bfdfc collectionCreations=org.hibernate.engine.spi.ExecutableList@3d829787 collectionRemovals=org.hibernate.engine.spi.ExecutableList@71652c98 collectionUpdates=org.hibernate.engine.spi.ExecutableList@51bde877 collectionQueuedOps=org.hibernate.engine.spi.ExecutableList@60b85ba1 unresolvedInsertDependencies=UnresolvedEntityInsertActions[]])] after transaction
org.hibernate.internal.SessionImpl 2015-04-14 23:23:14,794 TRACE - Closing session
org.hibernate.engine.jdbc.internal.JdbcCoordinatorImpl 2015-04-14 23:23:14,794 TRACE - Closing JDBC container [org.hibernate.engine.jdbc.internal.JdbcCoordinatorImpl@644abb8f]
org.hibernate.engine.jdbc.internal.LogicalConnectionImpl 2015-04-14 23:23:14,794 TRACE - Closing logical connection
org.hibernate.engine.jdbc.internal.LogicalConnectionImpl 2015-04-14 23:23:14,794 DEBUG - Releasing JDBC connection
org.hibernate.engine.jdbc.internal.LogicalConnectionImpl 2015-04-14 23:23:14,794 DEBUG - Released JDBC connection
org.hibernate.engine.jdbc.internal.LogicalConnectionImpl 2015-04-14 23:23:14,794 TRACE - Logical connection closed
org.springframework.test.context.transaction.TransactionContext 2015-04-14 23:23:14,794 INFO  - Committed transaction for test context [DefaultTestContext@5442a311 testClass = NewsDaoTest, testInstance = NewsDaoTest@53b32d7, testMethod = deleteNews@NewsDaoTest, testException = java.lang.Error: Unresolved compilation problem: 
	The method delete(T) of type BaseDao&lt;T&gt; must override a superclass method
, mergedContextConfiguration = [MergedContextConfiguration@548e7350 testClass = NewsDaoTest, locations = &apos;{classpath:/entities-hib-test.xml}&apos;, classes = &apos;{}&apos;, contextInitializerClasses = &apos;[]&apos;, activeProfiles = &apos;{}&apos;, propertySourceLocations = &apos;{}&apos;, propertySourceProperties = &apos;{}&apos;, contextLoader = &apos;org.springframework.test.context.support.DelegatingSmartContextLoader&apos;, parent = [null]]].
org.springframework.test.context.support.DirtiesContextTestExecutionListener 2015-04-14 23:23:14,804 DEBUG - After test method: context [DefaultTestContext@5442a311 testClass = NewsDaoTest, testInstance = NewsDaoTest@53b32d7, testMethod = deleteNews@NewsDaoTest, testException = java.lang.Error: Unresolved compilation problem: 
	The method delete(T) of type BaseDao&lt;T&gt; must override a superclass method
, mergedContextConfiguration = [MergedContextConfiguration@548e7350 testClass = NewsDaoTest, locations = &apos;{classpath:/entities-hib-test.xml}&apos;, classes = &apos;{}&apos;, contextInitializerClasses = &apos;[]&apos;, activeProfiles = &apos;{}&apos;, propertySourceLocations = &apos;{}&apos;, propertySourceProperties = &apos;{}&apos;, contextLoader = &apos;org.springframework.test.context.support.DelegatingSmartContextLoader&apos;, parent = [null]]], class dirties context [false], class mode [null], method dirties context [false].
</system-err>
  </testcase>
  <testcase classname="NewsDaoTest" name="saveOrUpdateAndGetNews" time="0.02">
    <error message="Unresolved compilation problem: 
	The method saveOrUpdate(T) of type BaseDao&lt;T&gt; must override a superclass method
" type="java.lang.Error">java.lang.Error: Unresolved compilation problem: 
	The method saveOrUpdate(T) of type BaseDao&lt;T&gt; must override a superclass method

	at db.BaseDao.saveOrUpdate(BaseDao.java:36)
	at NewsDaoTest.saveOrUpdateAndGetNews(NewsDaoTest.java:38)
	at sun.reflect.NativeMethodAccessorImpl.invoke0(Native Method)
	at sun.reflect.NativeMethodAccessorImpl.invoke(NativeMethodAccessorImpl.java:62)
	at sun.reflect.DelegatingMethodAccessorImpl.invoke(DelegatingMethodAccessorImpl.java:43)
	at java.lang.reflect.Method.invoke(Method.java:483)
	at org.junit.runners.model.FrameworkMethod$1.runReflectiveCall(FrameworkMethod.java:45)
	at org.junit.internal.runners.model.ReflectiveCallable.run(ReflectiveCallable.java:15)
	at org.junit.runners.model.FrameworkMethod.invokeExplosively(FrameworkMethod.java:42)
	at org.junit.internal.runners.statements.InvokeMethod.evaluate(InvokeMethod.java:20)
	at org.springframework.test.context.junit4.statements.RunBeforeTestMethodCallbacks.evaluate(RunBeforeTestMethodCallbacks.java:73)
	at org.springframework.test.context.junit4.statements.RunAfterTestMethodCallbacks.evaluate(RunAfterTestMethodCallbacks.java:82)
	at org.springframework.test.context.junit4.statements.SpringRepeat.evaluate(SpringRepeat.java:73)
	at org.junit.runners.ParentRunner.runLeaf(ParentRunner.java:263)
	at org.springframework.test.context.junit4.SpringJUnit4ClassRunner.runChild(SpringJUnit4ClassRunner.java:224)
	at org.springframework.test.context.junit4.SpringJUnit4ClassRunner.runChild(SpringJUnit4ClassRunner.java:83)
	at org.junit.runners.ParentRunner$3.run(ParentRunner.java:231)
	at org.junit.runners.ParentRunner$1.schedule(ParentRunner.java:60)
	at org.junit.runners.ParentRunner.runChildren(ParentRunner.java:229)
	at org.junit.runners.ParentRunner.access$000(ParentRunner.java:50)
	at org.junit.runners.ParentRunner$2.evaluate(ParentRunner.java:222)
	at org.springframework.test.context.junit4.statements.RunBeforeTestClassCallbacks.evaluate(RunBeforeTestClassCallbacks.java:61)
	at org.springframework.test.context.junit4.statements.RunAfterTestClassCallbacks.evaluate(RunAfterTestClassCallbacks.java:68)
	at org.junit.runners.ParentRunner.run(ParentRunner.java:300)
	at org.springframework.test.context.junit4.SpringJUnit4ClassRunner.run(SpringJUnit4ClassRunner.java:163)
	at org.apache.maven.surefire.junit4.JUnit4Provider.execute(JUnit4Provider.java:252)
	at org.apache.maven.surefire.junit4.JUnit4Provider.executeTestSet(JUnit4Provider.java:141)
	at org.apache.maven.surefire.junit4.JUnit4Provider.invoke(JUnit4Provider.java:112)
	at sun.reflect.NativeMethodAccessorImpl.invoke0(Native Method)
	at sun.reflect.NativeMethodAccessorImpl.invoke(NativeMethodAccessorImpl.java:62)
	at sun.reflect.DelegatingMethodAccessorImpl.invoke(DelegatingMethodAccessorImpl.java:43)
	at java.lang.reflect.Method.invoke(Method.java:483)
	at org.apache.maven.surefire.util.ReflectionUtils.invokeMethodWithArray(ReflectionUtils.java:189)
	at org.apache.maven.surefire.booter.ProviderFactory$ProviderProxy.invoke(ProviderFactory.java:165)
	at org.apache.maven.surefire.booter.ProviderFactory.invokeProvider(ProviderFactory.java:85)
	at org.apache.maven.surefire.booter.ForkedBooter.runSuitesInProcess(ForkedBooter.java:115)
	at org.apache.maven.surefire.booter.ForkedBooter.main(ForkedBooter.java:75)
</error>
    <system-err>org.springframework.test.annotation.ProfileValueUtils 2015-04-14 23:23:14,804 DEBUG - Retrieved @ProfileValueSourceConfiguration [null] for test class [NewsDaoTest]
org.springframework.test.annotation.ProfileValueUtils 2015-04-14 23:23:14,804 DEBUG - Retrieved ProfileValueSource type [class org.springframework.test.annotation.SystemProfileValueSource] for class [NewsDaoTest]
org.springframework.test.context.TestContextManager 2015-04-14 23:23:14,804 TRACE - prepareTestInstance(): instance [NewsDaoTest@45f24169]
org.springframework.test.context.support.DependencyInjectionTestExecutionListener 2015-04-14 23:23:14,804 DEBUG - Performing dependency injection for test context [[DefaultTestContext@5442a311 testClass = NewsDaoTest, testInstance = NewsDaoTest@45f24169, testMethod = [null], testException = [null], mergedContextConfiguration = [MergedContextConfiguration@548e7350 testClass = NewsDaoTest, locations = &apos;{classpath:/entities-hib-test.xml}&apos;, classes = &apos;{}&apos;, contextInitializerClasses = &apos;[]&apos;, activeProfiles = &apos;{}&apos;, propertySourceLocations = &apos;{}&apos;, propertySourceProperties = &apos;{}&apos;, contextLoader = &apos;org.springframework.test.context.support.DelegatingSmartContextLoader&apos;, parent = [null]]]].
org.springframework.test.context.DefaultCacheAwareContextLoaderDelegate 2015-04-14 23:23:14,804 DEBUG - Retrieved ApplicationContext from cache with key [[MergedContextConfiguration@548e7350 testClass = NewsDaoTest, locations = &apos;{classpath:/entities-hib-test.xml}&apos;, classes = &apos;{}&apos;, contextInitializerClasses = &apos;[]&apos;, activeProfiles = &apos;{}&apos;, propertySourceLocations = &apos;{}&apos;, propertySourceProperties = &apos;{}&apos;, contextLoader = &apos;org.springframework.test.context.support.DelegatingSmartContextLoader&apos;, parent = [null]]]
org.springframework.test.context.DefaultCacheAwareContextLoaderDelegate 2015-04-14 23:23:14,804 DEBUG - Spring test ApplicationContext cache statistics: [ContextCache@7e1a1da6 size = 1, hitCount = 2, missCount = 1, parentContextCount = 0]
org.springframework.beans.factory.annotation.InjectionMetadata 2015-04-14 23:23:14,804 DEBUG - Processing injected element of bean &apos;NewsDaoTest&apos;: AutowiredFieldElement for private db.NewsDao NewsDaoTest.newsDao
org.springframework.beans.factory.support.AbstractBeanFactory 2015-04-14 23:23:14,804 DEBUG - Returning cached instance of singleton bean &apos;newsDao&apos;
org.springframework.beans.factory.support.AbstractBeanFactory 2015-04-14 23:23:14,804 DEBUG - Returning cached instance of singleton bean &apos;org.springframework.transaction.config.internalTransactionAdvisor&apos;
org.springframework.aop.framework.autoproxy.AbstractAutoProxyCreator 2015-04-14 23:23:14,804 DEBUG - Creating implicit proxy for bean &apos;NewsDaoTest&apos; with 0 common interceptors and 1 specific interceptors
org.springframework.aop.framework.CglibAopProxy 2015-04-14 23:23:14,804 DEBUG - Creating CGLIB proxy: target source is SingletonTargetSource for target object [NewsDaoTest@45f24169]
org.springframework.test.context.TestContextManager 2015-04-14 23:23:14,804 TRACE - beforeTestMethod(): instance [NewsDaoTest@45f24169], method [public void NewsDaoTest.saveOrUpdateAndGetNews()]
org.springframework.transaction.interceptor.AbstractFallbackTransactionAttributeSource 2015-04-14 23:23:14,804 DEBUG - Adding transactional method &apos;NewsDaoTest.saveOrUpdateAndGetNews&apos; with attribute: PROPAGATION_REQUIRED,ISOLATION_DEFAULT; &apos;&apos;
org.springframework.test.context.transaction.TransactionalTestExecutionListener 2015-04-14 23:23:14,804 DEBUG - Explicit transaction definition [PROPAGATION_REQUIRED,ISOLATION_DEFAULT; &apos;&apos;] found for test context [DefaultTestContext@5442a311 testClass = NewsDaoTest, testInstance = NewsDaoTest@45f24169, testMethod = saveOrUpdateAndGetNews@NewsDaoTest, testException = [null], mergedContextConfiguration = [MergedContextConfiguration@548e7350 testClass = NewsDaoTest, locations = &apos;{classpath:/entities-hib-test.xml}&apos;, classes = &apos;{}&apos;, contextInitializerClasses = &apos;[]&apos;, activeProfiles = &apos;{}&apos;, propertySourceLocations = &apos;{}&apos;, propertySourceProperties = &apos;{}&apos;, contextLoader = &apos;org.springframework.test.context.support.DelegatingSmartContextLoader&apos;, parent = [null]]]
org.springframework.test.context.DefaultCacheAwareContextLoaderDelegate 2015-04-14 23:23:14,834 DEBUG - Retrieved ApplicationContext from cache with key [[MergedContextConfiguration@548e7350 testClass = NewsDaoTest, locations = &apos;{classpath:/entities-hib-test.xml}&apos;, classes = &apos;{}&apos;, contextInitializerClasses = &apos;[]&apos;, activeProfiles = &apos;{}&apos;, propertySourceLocations = &apos;{}&apos;, propertySourceProperties = &apos;{}&apos;, contextLoader = &apos;org.springframework.test.context.support.DelegatingSmartContextLoader&apos;, parent = [null]]]
org.springframework.test.context.DefaultCacheAwareContextLoaderDelegate 2015-04-14 23:23:14,834 DEBUG - Spring test ApplicationContext cache statistics: [ContextCache@7e1a1da6 size = 1, hitCount = 3, missCount = 1, parentContextCount = 0]
org.springframework.beans.factory.support.AbstractBeanFactory 2015-04-14 23:23:14,834 DEBUG - Returning cached instance of singleton bean &apos;transactionManager&apos;
org.springframework.test.context.transaction.TransactionalTestExecutionListener 2015-04-14 23:23:14,834 DEBUG - No method-level @Rollback override: using default rollback [false] for test context [DefaultTestContext@5442a311 testClass = NewsDaoTest, testInstance = NewsDaoTest@45f24169, testMethod = saveOrUpdateAndGetNews@NewsDaoTest, testException = [null], mergedContextConfiguration = [MergedContextConfiguration@548e7350 testClass = NewsDaoTest, locations = &apos;{classpath:/entities-hib-test.xml}&apos;, classes = &apos;{}&apos;, contextInitializerClasses = &apos;[]&apos;, activeProfiles = &apos;{}&apos;, propertySourceLocations = &apos;{}&apos;, propertySourceProperties = &apos;{}&apos;, contextLoader = &apos;org.springframework.test.context.support.DelegatingSmartContextLoader&apos;, parent = [null]]].
org.springframework.transaction.support.AbstractPlatformTransactionManager 2015-04-14 23:23:14,834 DEBUG - Creating new transaction with name [NewsDaoTest.saveOrUpdateAndGetNews]: PROPAGATION_REQUIRED,ISOLATION_DEFAULT; &apos;&apos;
org.hibernate.internal.SessionFactoryImpl$SessionBuilderImpl 2015-04-14 23:23:14,834 TRACE - Opening Hibernate Session.  tenant=null, owner=null
org.hibernate.internal.SessionImpl 2015-04-14 23:23:14,834 TRACE - Opened session at timestamp: 14290429948
org.springframework.orm.hibernate4.HibernateTransactionManager 2015-04-14 23:23:14,834 DEBUG - Opened new Session [SessionImpl(PersistenceContext[entityKeys=[],collectionKeys=[]];ActionQueue[insertions=org.hibernate.engine.spi.ExecutableList@4463d9d3 updates=org.hibernate.engine.spi.ExecutableList@43b0ade deletions=org.hibernate.engine.spi.ExecutableList@5395ea39 orphanRemovals=org.hibernate.engine.spi.ExecutableList@1517f633 collectionCreations=org.hibernate.engine.spi.ExecutableList@4fe01803 collectionRemovals=org.hibernate.engine.spi.ExecutableList@13d186db collectionUpdates=org.hibernate.engine.spi.ExecutableList@6f6962ba collectionQueuedOps=org.hibernate.engine.spi.ExecutableList@4565a70a unresolvedInsertDependencies=UnresolvedEntityInsertActions[]])] for Hibernate transaction
org.springframework.orm.hibernate4.HibernateTransactionManager 2015-04-14 23:23:14,834 DEBUG - Preparing JDBC Connection of Hibernate Session [SessionImpl(PersistenceContext[entityKeys=[],collectionKeys=[]];ActionQueue[insertions=org.hibernate.engine.spi.ExecutableList@4463d9d3 updates=org.hibernate.engine.spi.ExecutableList@43b0ade deletions=org.hibernate.engine.spi.ExecutableList@5395ea39 orphanRemovals=org.hibernate.engine.spi.ExecutableList@1517f633 collectionCreations=org.hibernate.engine.spi.ExecutableList@4fe01803 collectionRemovals=org.hibernate.engine.spi.ExecutableList@13d186db collectionUpdates=org.hibernate.engine.spi.ExecutableList@6f6962ba collectionQueuedOps=org.hibernate.engine.spi.ExecutableList@4565a70a unresolvedInsertDependencies=UnresolvedEntityInsertActions[]])]
org.hibernate.engine.jdbc.internal.LogicalConnectionImpl 2015-04-14 23:23:14,834 DEBUG - Obtaining JDBC connection
org.hibernate.engine.jdbc.internal.LogicalConnectionImpl 2015-04-14 23:23:14,834 DEBUG - Obtained JDBC connection
org.hibernate.engine.transaction.spi.AbstractTransactionImpl 2015-04-14 23:23:14,834 DEBUG - begin
org.hibernate.engine.transaction.internal.jdbc.JdbcTransaction 2015-04-14 23:23:14,834 DEBUG - initial autocommit status: true
org.hibernate.engine.transaction.internal.jdbc.JdbcTransaction 2015-04-14 23:23:14,834 DEBUG - disabling autocommit
org.springframework.orm.hibernate4.HibernateTransactionManager 2015-04-14 23:23:14,834 DEBUG - Exposing Hibernate transaction as JDBC transaction [jdbc:mysql://localhost:3306/newspaperhibtest, UserName=root@localhost, MySQL Connector Java]
org.springframework.transaction.support.TransactionSynchronizationManager 2015-04-14 23:23:14,834 TRACE - Bound value [org.springframework.jdbc.datasource.ConnectionHolder@312afbc7] for key [org.apache.commons.dbcp.BasicDataSource@53d102a2] to thread [main]
org.springframework.transaction.support.TransactionSynchronizationManager 2015-04-14 23:23:14,834 TRACE - Bound value [org.springframework.orm.hibernate4.SessionHolder@599f571f] for key [org.hibernate.internal.SessionFactoryImpl@3b00856b] to thread [main]
org.springframework.transaction.support.TransactionSynchronizationManager 2015-04-14 23:23:14,834 TRACE - Initializing transaction synchronization
org.springframework.test.context.transaction.TransactionContext 2015-04-14 23:23:14,834 INFO  - Began transaction (1) for test context [DefaultTestContext@5442a311 testClass = NewsDaoTest, testInstance = NewsDaoTest@45f24169, testMethod = saveOrUpdateAndGetNews@NewsDaoTest, testException = [null], mergedContextConfiguration = [MergedContextConfiguration@548e7350 testClass = NewsDaoTest, locations = &apos;{classpath:/entities-hib-test.xml}&apos;, classes = &apos;{}&apos;, contextInitializerClasses = &apos;[]&apos;, activeProfiles = &apos;{}&apos;, propertySourceLocations = &apos;{}&apos;, propertySourceProperties = &apos;{}&apos;, contextLoader = &apos;org.springframework.test.context.support.DelegatingSmartContextLoader&apos;, parent = [null]]]; transaction manager [org.springframework.orm.hibernate4.HibernateTransactionManager@2bffa76d]; rollback [false]
org.springframework.test.context.TestContextManager 2015-04-14 23:23:14,834 TRACE - afterTestMethod(): instance [NewsDaoTest@45f24169], method [public void NewsDaoTest.saveOrUpdateAndGetNews()], exception [java.lang.Error: Unresolved compilation problem: 
	The method saveOrUpdate(T) of type BaseDao&lt;T&gt; must override a superclass method
]
org.springframework.test.context.transaction.TransactionContext 2015-04-14 23:23:14,834 TRACE - Ending transaction for test context [DefaultTestContext@5442a311 testClass = NewsDaoTest, testInstance = NewsDaoTest@45f24169, testMethod = saveOrUpdateAndGetNews@NewsDaoTest, testException = java.lang.Error: Unresolved compilation problem: 
	The method saveOrUpdate(T) of type BaseDao&lt;T&gt; must override a superclass method
, mergedContextConfiguration = [MergedContextConfiguration@548e7350 testClass = NewsDaoTest, locations = &apos;{classpath:/entities-hib-test.xml}&apos;, classes = &apos;{}&apos;, contextInitializerClasses = &apos;[]&apos;, activeProfiles = &apos;{}&apos;, propertySourceLocations = &apos;{}&apos;, propertySourceProperties = &apos;{}&apos;, contextLoader = &apos;org.springframework.test.context.support.DelegatingSmartContextLoader&apos;, parent = [null]]]; transaction status [org.springframework.transaction.support.DefaultTransactionStatus@7b60c3e]; rollback [false]
org.springframework.transaction.support.AbstractPlatformTransactionManager 2015-04-14 23:23:14,834 TRACE - Triggering beforeCommit synchronization
org.springframework.transaction.support.AbstractPlatformTransactionManager 2015-04-14 23:23:14,834 TRACE - Triggering beforeCompletion synchronization
org.springframework.transaction.support.AbstractPlatformTransactionManager 2015-04-14 23:23:14,834 DEBUG - Initiating transaction commit
org.springframework.orm.hibernate4.HibernateTransactionManager 2015-04-14 23:23:14,834 DEBUG - Committing Hibernate transaction on Session [SessionImpl(PersistenceContext[entityKeys=[],collectionKeys=[]];ActionQueue[insertions=org.hibernate.engine.spi.ExecutableList@4463d9d3 updates=org.hibernate.engine.spi.ExecutableList@43b0ade deletions=org.hibernate.engine.spi.ExecutableList@5395ea39 orphanRemovals=org.hibernate.engine.spi.ExecutableList@1517f633 collectionCreations=org.hibernate.engine.spi.ExecutableList@4fe01803 collectionRemovals=org.hibernate.engine.spi.ExecutableList@13d186db collectionUpdates=org.hibernate.engine.spi.ExecutableList@6f6962ba collectionQueuedOps=org.hibernate.engine.spi.ExecutableList@4565a70a unresolvedInsertDependencies=UnresolvedEntityInsertActions[]])]
org.hibernate.engine.transaction.spi.AbstractTransactionImpl 2015-04-14 23:23:14,834 DEBUG - committing
org.hibernate.internal.SessionImpl 2015-04-14 23:23:14,834 TRACE - Automatically flushing session
org.hibernate.internal.SessionImpl 2015-04-14 23:23:14,834 TRACE - before transaction completion
org.hibernate.engine.transaction.internal.jdbc.JdbcTransaction 2015-04-14 23:23:14,844 DEBUG - committed JDBC Connection
org.hibernate.engine.transaction.internal.jdbc.JdbcTransaction 2015-04-14 23:23:14,844 DEBUG - re-enabling autocommit
org.hibernate.engine.transaction.internal.TransactionCoordinatorImpl 2015-04-14 23:23:14,844 TRACE - after transaction completion
org.hibernate.internal.SessionImpl 2015-04-14 23:23:14,844 TRACE - after transaction completion
org.springframework.transaction.support.AbstractPlatformTransactionManager 2015-04-14 23:23:14,844 TRACE - Triggering afterCommit synchronization
org.springframework.transaction.support.AbstractPlatformTransactionManager 2015-04-14 23:23:14,844 TRACE - Triggering afterCompletion synchronization
org.springframework.transaction.support.TransactionSynchronizationManager 2015-04-14 23:23:14,844 TRACE - Clearing transaction synchronization
org.springframework.transaction.support.TransactionSynchronizationManager 2015-04-14 23:23:14,844 TRACE - Removed value [org.springframework.orm.hibernate4.SessionHolder@599f571f] for key [org.hibernate.internal.SessionFactoryImpl@3b00856b] from thread [main]
org.springframework.transaction.support.TransactionSynchronizationManager 2015-04-14 23:23:14,844 TRACE - Removed value [org.springframework.jdbc.datasource.ConnectionHolder@312afbc7] for key [org.apache.commons.dbcp.BasicDataSource@53d102a2] from thread [main]
org.springframework.orm.hibernate4.HibernateTransactionManager 2015-04-14 23:23:14,844 DEBUG - Closing Hibernate Session [SessionImpl(PersistenceContext[entityKeys=[],collectionKeys=[]];ActionQueue[insertions=org.hibernate.engine.spi.ExecutableList@4463d9d3 updates=org.hibernate.engine.spi.ExecutableList@43b0ade deletions=org.hibernate.engine.spi.ExecutableList@5395ea39 orphanRemovals=org.hibernate.engine.spi.ExecutableList@1517f633 collectionCreations=org.hibernate.engine.spi.ExecutableList@4fe01803 collectionRemovals=org.hibernate.engine.spi.ExecutableList@13d186db collectionUpdates=org.hibernate.engine.spi.ExecutableList@6f6962ba collectionQueuedOps=org.hibernate.engine.spi.ExecutableList@4565a70a unresolvedInsertDependencies=UnresolvedEntityInsertActions[]])] after transaction
org.hibernate.internal.SessionImpl 2015-04-14 23:23:14,844 TRACE - Closing session
org.hibernate.engine.jdbc.internal.JdbcCoordinatorImpl 2015-04-14 23:23:14,844 TRACE - Closing JDBC container [org.hibernate.engine.jdbc.internal.JdbcCoordinatorImpl@466d49f0]
org.hibernate.engine.jdbc.internal.LogicalConnectionImpl 2015-04-14 23:23:14,844 TRACE - Closing logical connection
org.hibernate.engine.jdbc.internal.LogicalConnectionImpl 2015-04-14 23:23:14,844 DEBUG - Releasing JDBC connection
org.hibernate.engine.jdbc.internal.LogicalConnectionImpl 2015-04-14 23:23:14,844 DEBUG - Released JDBC connection
org.hibernate.engine.jdbc.internal.LogicalConnectionImpl 2015-04-14 23:23:14,844 TRACE - Logical connection closed
org.springframework.test.context.transaction.TransactionContext 2015-04-14 23:23:14,844 INFO  - Committed transaction for test context [DefaultTestContext@5442a311 testClass = NewsDaoTest, testInstance = NewsDaoTest@45f24169, testMethod = saveOrUpdateAndGetNews@NewsDaoTest, testException = java.lang.Error: Unresolved compilation problem: 
	The method saveOrUpdate(T) of type BaseDao&lt;T&gt; must override a superclass method
, mergedContextConfiguration = [MergedContextConfiguration@548e7350 testClass = NewsDaoTest, locations = &apos;{classpath:/entities-hib-test.xml}&apos;, classes = &apos;{}&apos;, contextInitializerClasses = &apos;[]&apos;, activeProfiles = &apos;{}&apos;, propertySourceLocations = &apos;{}&apos;, propertySourceProperties = &apos;{}&apos;, contextLoader = &apos;org.springframework.test.context.support.DelegatingSmartContextLoader&apos;, parent = [null]]].
org.springframework.test.context.support.DirtiesContextTestExecutionListener 2015-04-14 23:23:14,844 DEBUG - After test method: context [DefaultTestContext@5442a311 testClass = NewsDaoTest, testInstance = NewsDaoTest@45f24169, testMethod = saveOrUpdateAndGetNews@NewsDaoTest, testException = java.lang.Error: Unresolved compilation problem: 
	The method saveOrUpdate(T) of type BaseDao&lt;T&gt; must override a superclass method
, mergedContextConfiguration = [MergedContextConfiguration@548e7350 testClass = NewsDaoTest, locations = &apos;{classpath:/entities-hib-test.xml}&apos;, classes = &apos;{}&apos;, contextInitializerClasses = &apos;[]&apos;, activeProfiles = &apos;{}&apos;, propertySourceLocations = &apos;{}&apos;, propertySourceProperties = &apos;{}&apos;, contextLoader = &apos;org.springframework.test.context.support.DelegatingSmartContextLoader&apos;, parent = [null]]], class dirties context [false], class mode [null], method dirties context [false].
</system-err>
  </testcase>
</testsuite>